Running client with REP_PROB_PERCENT: 0
**********************************
DTU - OS Challenge - Client v0.20
**********************************
Total requests: 500
Start: 1
Difficulty: 30000000
Repetition probability (%): 0
Request delay (us): 600000
Priority disabled

[1 6930887 6930887 1] 523900
[1 4636916 4636916 1] 378374
[1 4238336 4238336 1] 323308
[1 29760493 29760493 1] 2333251
[1 19641422 19641422 1] 3288168
[1 490028 490028 1] 2727711
[1 22520060 22520060 1] 3985622
[1 17513927 17513927 1] 4766375
[1 10383427 10383427 1] 5023642
[1 13455737 13455737 1] 5613216
[1 11595369 11595369 1] 5982574
[1 16956430 16956430 1] 6817444
[1 21021531 21021531 1] 8097103
[1 23665124 23665124 1] 9395806
[1 18703136 18703136 1] 10265334
[1 1979803 1979803 1] 9821541
[1 5723059 5723059 1] 9680512
[1 15898168 15898168 1] 10365827
[1 19018457 19018457 1] 11302421
[1 6478043 6478043 1] 11239448
[1 3377374 3377374 1] 10948455
[1 24544920 24544920 1] 12307880
[1 6898538 6898538 1] 12253183
[1 23594325 23594325 1] 13525370
[1 28664371 28664371 1] 15275254
[1 4803527 4803527 1] 15078777
[1 14268981 14268981 1] 15677653
[1 29241874 29241874 1] 17518959
[1 12999171 12999171 1] 18086709
[1 15497282 15497282 1] 18811075
[1 14420926 14420926 1] 19474701
[1 27336328 27336328 1] 21292747
[1 19126506 19126506 1] 22311292
[1 12621730 12621730 1] 22752238
[1 23925858 23925858 1] 24165279
[1 24353896 24353896 1] 26109643
[1 21100546 21100546 1] 27635121
[1 18233368 18233368 1] 28778196
[1 25990365 25990365 1] 30973901
[1 10313751 10313751 1] 31620804
[1 26426809 26426809 1] 34237148
[1 29947179 29947179 1] 37057247
[1 19393585 19393585 1] 38526553
[1 28502652 28502652 1] 40986056
[1 4612400 4612400 1] 40880804
[1 4095061 4095061 1] 40737783
[1 13993369 13993369 1] 41584402
[1 4210013 4210013 1] 41438115
[1 9698587 9698587 1] 41828276
[1 6297540 6297540 1] 41964925
[1 13480571 13480571 1] 42781302
[1 25960379 25960379 1] 44684047
[1 2066602 2066602 1] 44281901
[1 27612903 27612903 1] 46456471
[1 3570493 3570493 1] 46193350
[1 260757 260757 1] 45617342
[1 5560281 5560281 1] 45565840
[1 24544920 24544920 1] 665
[1 23209442 23209442 1] 47124172
[1 24429690 24429690 1] 49036657
[1 27346620 27346620 1] 51742276
[1 744730 744730 1] 51230024
[1 13108118 13108118 1] 52146750
[1 27905772 27905772 1] 54588420
[1 12890676 12890676 1] 55318057
[1 11698928 11698928 1] 55946597
[1 18777857 18777857 1] 57376266
[1 14872354 14872354 1] 58324770
[1 12276966 12276966 1] 59009561
[1 23964684 23964684 1] 60882444
[1 10028625 10028625 1] 61376602
[1 332872 332872 1] 60812128
[1 10048830 10048830 1] 61345218
[1 5530020 5530020 1] 61330950
[1 13363369 13363369 1] 62270926
[1 7486716 7486716 1] 62465872
[1 11518150 11518150 1] 63106385
[1 19700724 19700724 1] 64774776
[1 18002246 18002246 1] 66306085
[1 19493452 19493452 1] 68147255
[1 20243556 20243556 1] 70062170
[1 2597489 2597489 1] 69733406
[1 8888229 8888229 1] 70073193
[1 18792351 18792351 1] 71567959
[1 29441501 29441501 1] 74442711
[1 26087765 26087765 1] 76617061
[1 5324915 5324915 1] 76604871
[1 2275857 2275857 1] 76253197
[1 27346492 27346492 1] 78759469
[1 1148366 1148366 1] 78280102
[1 20281937 20281937 1] 79863096
[1 16452552 16452552 1] 81165953
[1 11899229 11899229 1] 81831096
[1 3975408 3975408 1] 81644298
[1 6276122 6276122 1] 81691230
[1 794396 794396 1] 81175521
[1 24661238 24661238 1] 83149010
[1 573794 573794 1] 82606993
[1 15894429 15894429 1] 83596037
[1 7231012 7231012 1] 83728506
[1 14639530 14639530 1] 84585808
[1 7322405 7322405 1] 84818827
[1 12255764 12255764 1] 85704123
[1 17854539 17854539 1] 86853281
[1 12436841 12436841 1] 87601863
[1 15344819 15344819 1] 88551876
[1 22670689 22670689 1] 90083731
[1 12067918 12067918 1] 90682125
[1 20466997 20466997 1] 92113300
[1 24429690 24429690 1] 132
[1 16987744 16987744 1] 93076543
[1 9512184 9512184 1] 93409389
[1 18295500 18295500 1] 94665126
[1 16206726 16206726 1] 95677156
[1 2755591 2755591 1] 95361358
[1 3268140 3268140 1] 95094369
[1 12469787 12469787 1] 95733423
[1 8338083 8338083 1] 95971762
[1 20388465 20388465 1] 97449497
[1 6939508 6939508 1] 97581982
[1 25228805 25228805 1] 99433798
[1 22278612 22278612 1] 101143359
[1 17127829 17127829 1] 102275842
[1 23665124 23665124 1] 905
[1 24887344 24887344 1] 104067360
[1 2035569 2035569 1] 103650838
[1 27755423 27755423 1] 105630505
[1 24613811 24613811 1] 107847226
[1 19321802 19321802 1] 109447491
[1 6473731 6473731 1] 109544224
[1 26811306 26811306 1] 111861653
[1 15178737 15178737 1] 112857300
[1 14248627 14248627 1] 113711547
[1 503466 503466 1] 113162837
[1 12473417 12473417 1] 113933879
[1 8213259 8213259 1] 114319271
[1 24167638 24167638 1] 116542420
[1 21305625 21305625 1] 117896420
[1 13911900 13911900 1] 117960619
[1 20145551 20145551 1] 119525612
[1 19290072 19290072 1] 121079589
[1 17487132 17487132 1] 122368053
[1 7684931 7684931 1] 122636225
[1 21845895 21845895 1] 124297640
[1 7370164 7370164 1] 124456741
[1 23387982 23387982 1] 126241650
[1 1252997 1252997 1] 125770980
[1 2713774 2713774 1] 125455417
[1 12739669 12739669 1] 126100233
[1 17681096 17681096 1] 127186553
[1 17116467 17116467 1] 128150135
[1 6911341 6911341 1] 128189906
[1 23327685 23327685 1] 129876511
[1 16855543 16855543 1] 130888735
[1 7379108 7379108 1] 130996305
[1 18219757 18219757 1] 132179647
[1 7418419 7418419 1] 132324425
[1 23089413 23089413 1] 134057795
[1 25032173 25032173 1] 135794699
[1 29262010 29262010 1] 137963849
[1 28625211 28625211 1] 141567846
[1 7467588 7467588 1] 141715952
[1 25319302 25319302 1] 143707005
[1 26667373 26667373 1] 146352247
[1 20401256 20401256 1] 148265605
[1 24044600 24044600 1] 151037773
[1 21229905 21229905 1] 153587207
[1 24429690 24429690 1] 252
[1 15939812 15939812 1] 155012286
[1 16915668 16915668 1] 156341049
[1 29346229 29346229 1] 159062694
[1 4829151 4829151 1] 158999264
[1 15996659 15996659 1] 160149866
[1 5789225 5789225 1] 160181680
[1 9867270 9867270 1] 160765104
[1 19054082 19054082 1] 162227477
[1 15740085 15740085 1] 163509528
[1 26811973 26811973 1] 166495729
[1 73851 73851 1] 165908303
[1 15905386 15905386 1] 167388841
[1 7739300 7739300 1] 167703057
[1 23606043 23606043 1] 169879594
[1 26340714 26340714 1] 172389819
[1 15256191 15256191 1] 173611232
[1 6942591 6942591 1] 173771337
[1 10108582 10108582 1] 174292626
[1 21499337 21499337 1] 176034327
[1 6371156 6371156 1] 176127214
[1 22218005 22218005 1] 178028781
[1 11614770 11614770 1] 178700820
[1 12981777 12981777 1] 179476995
[1 6247256 6247256 1] 179556025
[1 18348143 18348143 1] 181041947
[1 4445885 4445885 1] 180924994
[1 20223206 20223206 1] 182846870
[1 27679568 27679568 1] 185315571
[1 21690614 21690614 1] 187127599
[1 12262755 12262755 1] 187866790
[1 1154260 1154260 1] 187384326
[1 12828203 12828203 1] 188104228
[1 24723507 24723507 1] 190164023
[1 26902022 26902022 1] 192435109
[1 20390869 20390869 1] 194025266
[1 6235190 6235190 1] 194145305
[1 27949909 27949909 1] 196877940
[1 27210499 27210499 1] 199333537
[1 18518809 18518809 1] 200722914
[1 4686249 4686249 1] 200624642
[1 19033334 19033334 1] 202152856
[1 20321649 20321649 1] 203749696
[1 11999755 11999755 1] 204630724
[1 2251747 2251747 1] 204308052
[1 4319530 4319530 1] 204192454
[1 573794 573794 1] 203655164
[1 24549798 24549798 1] 205703650
[1 26086991 26086991 1] 207976680
[1 10003034 10003034 1] 208453110
[1 18012498 18012498 1] 209954126
[1 21294893 21294893 1] 211874758
[1 25519126 25519126 1] 214093469
[1 24613997 24613997 1] 216298851
[1 25209189 25209189 1] 218447086
[1 8703730 8703730 1] 218796046
[1 15032461 15032461 1] 219876934
[1 21543922 21543922 1] 221615405
[1 2026305 2026305 1] 221236058
[1 18388028 18388028 1] 222720289
[1 2266749 2266749 1] 222381616
[1 1308903 1308903 1] 221937731
[1 10697698 10697698 1] 222564501
[1 23571044 23571044 1] 224582160
[1 15132003 15132003 1] 225704415
[1 24806404 24806404 1] 227871819
[1 24887344 24887344 1] 230005733
[1 9908539 9908539 1] 230554127
[1 12895152 12895152 1] 231339926
[1 12282135 12282135 1] 232072216
[1 171693 171693 1] 231490601
[1 20516128 20516128 1] 233158389
[1 13755630 13755630 1] 234066410
[1 15590965 15590965 1] 235250952
[1 10636430 10636430 1] 235832019
[1 2576336 2576336 1] 235511816
[1 9202901 9202901 1] 235863690
[1 19407972 19407972 1] 237391904
[1 12260290 12260290 1] 237892654
[1 21717989 21717989 1] 239603498
[1 11585796 11585796 1] 240258461
[1 13053145 13053145 1] 240817282
[1 27658391 27658391 1] 242635641
[1 12655341 12655341 1] 243139649
[1 10000570 10000570 1] 243419974
[1 1174233 1174233 1] 242922975
[1 10956043 10956043 1] 243440636
[1 20409118 20409118 1] 244720029
[1 16266762 16266762 1] 245610515
[1 5526310 5526310 1] 245557041
[1 22495426 22495426 1] 247023746
[1 9806368 9806368 1] 247301935
[1 24504235 24504235 1] 249136597
[1 16631627 16631627 1] 250093759
[1 7226058 7226058 1] 250157092
[1 16673169 16673169 1] 251033236
[1 7390359 7390359 1] 251087849
[1 6947387 6947387 1] 251110410
[1 10634995 10634995 1] 250909052
[1 27056553 27056553 1] 252748218
[1 7893530 7893530 1] 252841551
[1 28532291 28532291 1] 254908812
[1 27756971 27756971 1] 256743369
[1 16819081 16819081 1] 257633983
[1 24218594 24218594 1] 259144287
[1 6418628 6418628 1] 259103485
[1 18561887 18561887 1] 260121197
[1 10788356 10788356 1] 260459061
[1 2720091 2720091 1] 260095779
[1 26059480 26059480 1] 261861381
[1 1858970 1858970 1] 261431983
[1 14152275 14152275 1] 262079139
[1 16047642 16047642 1] 262853901
[1 10925434 10925434 1] 263191154
[1 17077889 17077889 1] 264043755
[1 3524567 3524567 1] 263747139
[1 11027285 11027285 1] 264125404
[1 5790418 5790418 1] 264046334
[1 29372261 29372261 1] 265990932
[1 7100238 7100238 1] 266006149
[1 9473060 9473060 1] 266228924
[1 22648519 22648519 1] 267606059
[1 21990784 21990784 1] 268893319
[1 3228459 3228459 1] 268565856
[1 3967638 3967638 1] 268305549
[1 26620484 26620484 1] 270115512
[1 27770479 27770479 1] 272110527
[1 27149315 27149315 1] 274293031
[1 12645730 12645730 1] 274937571
[1 11089439 11089439 1] 274736225
[1 7211389 7211389 1] 274789112
[1 23631234 23631234 1] 276416835
[1 25933682 25933682 1] 278160646
[1 13160359 13160359 1] 278812333
[1 29110700 29110700 1] 281242019
[1 24101840 24101840 1] 282871941
[1 20668364 20668364 1] 284165924
[1 20228795 20228795 1] 285473436
[1 23319848 23319848 1] 287056999
[1 18217463 18217463 1] 288211369
[1 12539391 12539391 1] 288712456
[1 25745792 25745792 1] 290367674
[1 7355116 7355116 1] 290441825
[1 12796158 12796158 1] 290993346
[1 20631492 20631492 1] 292250174
[1 4462952 4462952 1] 292061816
[1 11035022 11035022 1] 292491903
[1 18393741 18393741 1] 293584563
[1 3614031 3614031 1] 293301649
[1 5035326 5035326 1] 293135762
[1 24187517 24187517 1] 294667217
[1 2033003 2033003 1] 294244636
[1 27746140 27746140 1] 296066422
[1 3785405 3785405 1] 295796657
[1 28974581 28974581 1] 297837345
[1 6039022 6039022 1] 297791067
[1 15539863 15539863 1] 298607487
[1 16235380 16235380 1] 299634757
[1 22692686 22692686 1] 301155839
[1 18299905 18299905 1] 302246322
[1 5433484 5433484 1] 302143397
[1 6199760 6199760 1] 302129057
[1 15889745 15889745 1] 302995084
[1 18469912 18469912 1] 304096580
[1 8663951 8663951 1] 304298522
[1 29777561 29777561 1] 306599167
[1 17675106 17675106 1] 307619901
[1 12740050 12740050 1] 308222599
[1 6588712 6588712 1] 308219645
[1 1519935 1519935 1] 307752827
[1 16077376 16077376 1] 308541310
[1 29593615 29593615 1] 310512283
[1 9343769 9343769 1] 310724114
[1 19544919 19544919 1] 311866443
[1 27376883 27376883 1] 313738673
[1 27876983 27876983 1] 315647183
[1 13124031 13124031 1] 316177965
[1 14311575 14311575 1] 316845528
[1 11186594 11186594 1] 317224196
[1 13550254 13550254 1] 317831834
[1 8803075 8803075 1] 318004812
[1 17734714 17734714 1] 319003534
[1 15138378 15138378 1] 319753447
[1 24415776 24415776 1] 321363550
[1 12032920 12032920 1] 322106566
[1 9806733 9806733 1] 322416830
[1 16011018 16011018 1] 323368476
[1 24760236 24760236 1] 325166459
[1 7745692 7745692 1] 325286567
[1 22423944 22423944 1] 326784600
[1 4666329 4666329 1] 326607115
[1 20449292 20449292 1] 327890642
[1 6894019 6894019 1] 327932021
[1 11836837 11836837 1] 328458176
[1 2575056 2575056 1] 328091266
[1 2963859 2963859 1] 327755643
[1 8714905 8714905 1] 327967215
[1 20372662 20372662 1] 329326146
[1 3689686 3689686 1] 329048433
[1 10613074 10613074 1] 329387493
[1 5756852 5756852 1] 329323901
[1 26349251 26349251 1] 331184598
[1 12336504 12336504 1] 331847677
[1 29639007 29639007 1] 334002635
[1 5414640 5414640 1] 333921848
[1 7721121 7721121 1] 334025885
[1 24880227 24880227 1] 335691746
[1 10387678 10387678 1] 335996545
[1 27963982 27963982 1] 338031043
[1 14887561 14887561 1] 338950510
[1 127956 127956 1] 338367077
[1 24433519 24433519 1] 340009141
[1 21066343 21066343 1] 341272450
[1 10245197 10245197 1] 341612200
[1 24627322 24627322 1] 343367461
[1 22994985 22994985 1] 344816380
[1 23794428 23794428 1] 346310992
[1 22152041 22152041 1] 347730453
[1 22970073 22970073 1] 349266766
[1 21245831 21245831 1] 350719609
[1 26370348 26370348 1] 352715279
[1 20982031 20982031 1] 354232841
[1 9653715 9653715 1] 354564939
[1 18057523 18057523 1] 355767551
[1 18626925 18626925 1] 357159093
[1 3189436 3189436 1] 356914021
[1 15829205 15829205 1] 357918465
[1 22630444 22630444 1] 359646408
[1 24945487 24945487 1] 361476136
[1 26684279 26684279 1] 363536522
[1 6250263 6250263 1] 363575376
[1 14989684 14989684 1] 364469527
[1 21539849 21539849 1] 365877360
[1 1208325 1208325 1] 365389696
[1 11449123 11449123 1] 365860911
[1 7927336 7927336 1] 365987809
[1 3937458 3937458 1] 365746399
[1 24102748 24102748 1] 367273900
[1 25311777 25311777 1] 368867158
[1 3725219 3725219 1] 368588335
[1 27621704 27621704 1] 370471568
[1 15209934 15209934 1] 371193580
[1 17053960 17053960 1] 372058947
[1 2862807 2862807 1] 371704247
[1 5748721 5748721 1] 371606378
[1 9121309 9121309 1] 371833471
[1 1742699 1742699 1] 371390351
[1 7076377 7076377 1] 371437039
[1 1252716 1252716 1] 370960217
[1 2825172 2825172 1] 370634092
[1 25771560 25771560 1] 372462553
[1 15554011 15554011 1] 373362881
[1 22178225 22178225 1] 374703989
[1 25816540 25816540 1] 376481659
[1 13945054 13945054 1] 376574398
[1 1489115 1489115 1] 376104412
[1 15405990 15405990 1] 376846901
[1 2028068 2028068 1] 376423137
[1 25575224 25575224 1] 378112429
[1 332232 332232 1] 377542446
[1 2292123 2292123 1] 377148350
[1 11323876 11323876 1] 377557717
[1 20390180 20390180 1] 378935481
[1 25202255 25202255 1] 380742780
[1 20311132 20311132 1] 381906863
[1 3967858 3967858 1] 381650314
[1 3199182 3199182 1] 381324450
[1 10554604 10554604 1] 381641309
[1 26152434 26152434 1] 383307486
[1 23590182 23590182 1] 384758765
[1 29359416 29359416 1] 386722066
[1 21768826 21768826 1] 388085148
[1 26138723 26138723 1] 389884616
[1 15550552 15550552 1] 390661520
[1 14090033 14090033 1] 391299008
[1 21443182 21443182 1] 392596890
[1 12990416 12990416 1] 393157169
[1 3299709 3299709 1] 392874703
[1 27860000 27860000 1] 394767894
[1 9112298 9112298 1] 394968822
[1 19475777 19475777 1] 396068968
[1 19068978 19068978 1] 397127229
[1 21742588 21742588 1] 398464254
[1 16723383 16723383 1] 399388371
[1 9544267 9544267 1] 399633600
[1 10508861 10508861 1] 399959778
[1 17909212 17909212 1] 400919753
[1 23669087 23669087 1] 402575524
[1 8590931 8590931 1] 402754243
[1 794584 794584 1] 402273935
[1 2651477 2651477 1] 401952082
[1 4095821 4095821 1] 401741867
[1 20037526 20037526 1] 403074009
[1 1538840 1538840 1] 402616508
[1 5897491 5897491 1] 402639607
[1 1101361 1101361 1] 402152099
[1 6247644 6247644 1] 402114056
[1 13080929 13080929 1] 402713221
[1 14826622 14826622 1] 403510714
[1 10917956 10917956 1] 404028803
[1 22634226 22634226 1] 405547781
[1 3274571 3274571 1] 405233017
[1 6220854 6220854 1] 405190421
[1 7107723 7107723 1] 405261655
[1 13712351 13712351 1] 405959483
[1 20009098 20009098 1] 407208615
[1 7689127 7689127 1] 407296675
[1 14522072 14522072 1] 407994254
[1 26533150 26533150 1] 409768987
[1 28140529 28140529 1] 411824104
[1 9228399 9228399 1] 412091295
[1 22836611 22836611 1] 414284533
[1 1928578 1928578 1] 413904625
[1 8498977 8498977 1] 414150411
[1 754553 754553 1] 413621418
[1 11126088 11126088 1] 414247275
[1 23360100 23360100 1] 416054883
[1 16448567 16448567 1] 417053674
[1 6377018 6377018 1] 417054017
[1 14392736 14392736 1] 417802827
[1 26491299 26491299 1] 419798230
[1 6453196 6453196 1] 419812151
[1 6055806 6055806 1] 419830793
[1 14423429 14423429 1] 420670475
[1 19552529 19552529 1] 422016956
[1 5019594 5019594 1] 421977773
[1 24322198 24322198 1] 423846525
[1 9289673 9289673 1] 424195487
[1 28806446 28806446 1] 426472301
[1 12796158 12796158 1] 427022014
[1 2238284 2238284 1] 426644340
[1 5466128 5466128 1] 426710526
[1 3565422 3565422 1] 426534777

Results: 100.00 224983694

Standard Error: 5.82876e+06
Mean Waiting Time: 2.24984e+08
Statistics for REP_PROB_PERCENT: 0

----------------------------------------
Running client with REP_PROB_PERCENT: 20
**********************************
DTU - OS Challenge - Client v0.20
**********************************
Total requests: 500
Start: 1
Difficulty: 30000000
Repetition probability (%): 20
Request delay (us): 600000
Priority disabled

[1 6930887 6930887 1] 630200
[1 4636916 4636916 1] 448433
[1 4238336 4238336 1] 398395
[1 29760493 29760493 1] 2864539
[1 19641422 19641422 1] 4238883
[1 490028 490028 1] 3693681
[1 22520060 22520060 1] 5455982
[1 17513927 17513927 1] 6821715
[1 10383427 10383427 1] 7187067
[1 13455737 13455737 1] 7896237
[1 10383427 10383427 1] 8364984
[1 4636916 4636916 1] 134
[1 16956430 16956430 1] 9431130
[1 21021531 21021531 1] 10861893
[1 23665124 23665124 1] 12744092
[1 4238336 4238336 1] 127
[1 18703136 18703136 1] 14028196
[1 1979803 1979803 1] 13611710
[1 5723059 5723059 1] 13532537
[1 15898168 15898168 1] 14535442
[1 19018457 19018457 1] 15690598
[1 5723059 5723059 1] 15688654
[1 3377374 3377374 1] 15431957
[1 24544920 24544920 1] 17120397
[1 6898538 6898538 1] 17181376
[1 19018457 19018457 1] 130
[1 23594325 23594325 1] 18796327
[1 5723059 5723059 1] 127
[1 19018457 19018457 1] 20112939
[1 14268981 14268981 1] 20730647
[1 29241874 29241874 1] 23049023
[1 12999171 12999171 1] 23691000
[1 16956430 16956430 1] 115
[1 15497282 15497282 1] 24523732
[1 1979803 1979803 1] 24108991
[1 16956430 16956430 1] 120
[1 27336328 27336328 1] 26178643
[1 14268981 14268981 1] 1319
[1 19126506 19126506 1] 27328850
[1 12621730 12621730 1] 27928871
[1 27336328 27336328 1] 29858884
[1 24353896 24353896 1] 31515878
[1 21100546 21100546 1] 33250784
[1 25990365 25990365 1] 34507702
[1 10313751 10313751 1] 34906991
[1 26426809 26426809 1] 36736709
[1 18703136 18703136 1] 168
[1 19641422 19641422 1] 168
[1 4238336 4238336 1] 144
[1 29947179 29947179 1] 38998091
[1 16956430 16956430 1] 128
[1 19393585 19393585 1] 40422215
[1 27336328 27336328 1] 42441127
[1 4612400 4612400 1] 42263016
[1 4095061 4095061 1] 42034185
[1 13993369 13993369 1] 42758464
[1 4210013 4210013 1] 42578918
[1 9698587 9698587 1] 42882815
[1 6297540 6297540 1] 42855613
[1 13480571 13480571 1] 43514969
[1 6898538 6898538 1] 1038
[1 25960379 25960379 1] 45514930
[1 2066602 2066602 1] 45114913
[1 19393585 19393585 1] 132
[1 27612903 27612903 1] 47063195
[1 260757 260757 1] 45887399
[1 24544920 24544920 1] 121
[1 23209442 23209442 1] 46909206
[1 24429690 24429690 1] 48770659
[1 27346620 27346620 1] 50816086
[1 744730 744730 1] 50286031
[1 13108118 13108118 1] 50948596
[1 27905772 27905772 1] 53249489
[1 12890676 12890676 1] 54371498
[1 4210013 4210013 1] 54227358
[1 18777857 18777857 1] 55427461
[1 14872354 14872354 1] 56238704
[1 12276966 12276966 1] 56797939
[1 4612400 4612400 1] 56049091
[1 332872 332872 1] 55481392
[1 10048830 10048830 1] 55807710
[1 13363369 13363369 1] 55890219
[1 27346620 27346620 1] 118
[1 27336328 27336328 1] 142
[1 27346620 27346620 1] 57873921
[1 11518150 11518150 1] 58384370
[1 19700724 19700724 1] 59601788
[1 19493452 19493452 1] 60264749
[1 20243556 20243556 1] 61666649
[1 2597489 2597489 1] 61322138
[1 8888229 8888229 1] 61578714
[1 18792351 18792351 1] 62761587
[1 29441501 29441501 1] 64908687
[1 5723059 5723059 1] 180
[1 26087765 26087765 1] 67079749
[1 5324915 5324915 1] 66984211
[1 2275857 2275857 1] 66613637
[1 27346492 27346492 1] 68544234
[1 1148366 1148366 1] 68054269
[1 20281937 20281937 1] 69370717
[1 16452552 16452552 1] 70334409
[1 11899229 11899229 1] 70883574
[1 3975408 3975408 1] 70706874
[1 6276122 6276122 1] 70719434
[1 794396 794396 1] 70193042
[1 24661238 24661238 1] 71866954
[1 573794 573794 1] 71320736
[1 4210013 4210013 1] 71116994
[1 7231012 7231012 1] 71321222
[1 14639530 14639530 1] 72094185
[1 7322405 7322405 1] 72184544
[1 12255764 12255764 1] 72774960
[1 22670689 22670689 1] 72481026
[1 12067918 12067918 1] 73026520
[1 16987744 16987744 1] 73432661
[1 9512184 9512184 1] 73694305
[1 18295500 18295500 1] 74759113
[1 4210013 4210013 1] 121
[1 16206726 16206726 1] 75596899
[1 2755591 2755591 1] 75237235
[1 4612400 4612400 1] 75050912
[1 12469787 12469787 1] 75589655
[1 8338083 8338083 1] 75753116
[1 20388465 20388465 1] 77022883
[1 6939508 6939508 1] 77079775
[1 25228805 25228805 1] 78902449
[1 22278612 22278612 1] 80391634
[1 17127829 17127829 1] 81531538
[1 10383427 10383427 1] 117
[1 24887344 24887344 1] 83269206
[1 25990365 25990365 1] 115
[1 2035569 2035569 1] 82860392
[1 24429690 24429690 1] 129
[1 2597489 2597489 1] 146
[1 27755423 27755423 1] 84918533
[1 25960379 25960379 1] 86159287
[1 6473731 6473731 1] 86239490
[1 27336328 27336328 1] 149
[1 29441501 29441501 1] 114
[1 26811306 26811306 1] 88221095
[1 6939508 6939508 1] 111
[1 2755591 2755591 1] 87880994
[1 14248627 14248627 1] 88643818
[1 503466 503466 1] 88089454
[1 8213259 8213259 1] 87625092
[1 24167638 24167638 1] 89317174
[1 21305625 21305625 1] 90729688
[1 10383427 10383427 1] 160
[1 13911900 13911900 1] 90825368
[1 20145551 20145551 1] 92111884
[1 19290072 19290072 1] 93348083
[1 23665124 23665124 1] 160
[1 17487132 17487132 1] 94333527
[1 7684931 7684931 1] 94454017
[1 21845895 21845895 1] 95990943
[1 4612400 4612400 1] 191
[1 7370164 7370164 1] 96100035
[1 23387982 23387982 1] 97692138
[1 1252997 1252997 1] 97203325
[1 2713774 2713774 1] 96852666
[1 6473731 6473731 1] 96864778
[1 17681096 17681096 1] 98044562
[1 17116467 17116467 1] 99039310
[1 6911341 6911341 1] 99071073
[1 21305625 21305625 1] 122
[1 23327685 23327685 1] 100741611
[1 16855543 16855543 1] 101695211
[1 7379108 7379108 1] 101813885
[1 4612400 4612400 1] 126
[1 18219757 18219757 1] 102933316
[1 7418419 7418419 1] 103074501
[1 23089413 23089413 1] 104751590
[1 25032173 25032173 1] 106487318
[1 4238336 4238336 1] 121
[1 29262010 29262010 1] 108704395
[1 6898538 6898538 1] 118
[1 8888229 8888229 1] 111
[1 28625211 28625211 1] 110924275
[1 7467588 7467588 1] 111118692
[1 12255764 12255764 1] 111667714
[1 6473731 6473731 1] 111657046
[1 20401256 20401256 1] 112947067
[1 10048830 10048830 1] 148
[1 7370164 7370164 1] 113050553
[1 21229905 21229905 1] 114456046
[1 15939812 15939812 1] 115380508
[1 4238336 4238336 1] 120
[1 16915668 16915668 1] 116395722
[1 4829151 4829151 1] 115657418
[1 15996659 15996659 1] 116606006
[1 9867270 9867270 1] 116388472
[1 8338083 8338083 1] 198
[1 12276966 12276966 1] 118
[1 19054082 19054082 1] 117558382
[1 15740085 15740085 1] 118486561
[1 26811973 26811973 1] 120645435
[1 73851 73851 1] 120052734
[1 15905386 15905386 1] 121047353
[1 7739300 7739300 1] 121227111
[1 23606043 23606043 1] 122830047
[1 26340714 26340714 1] 124733704
[1 15256191 15256191 1] 125583230
[1 6942591 6942591 1] 125637821
[1 8888229 8888229 1] 125877594
[1 7370164 7370164 1] 125982539
[1 6371156 6371156 1] 125989791
[1 22218005 22218005 1] 127503464
[1 11614770 11614770 1] 128035521
[1 12981777 12981777 1] 128674509
[1 6247256 6247256 1] 128671715
[1 18348143 18348143 1] 129818900
[1 19290072 19290072 1] 150
[1 4445885 4445885 1] 129642515
[1 10313751 10313751 1] 130
[1 20223206 20223206 1] 130984728
[1 27679568 27679568 1] 133096634
[1 12262755 12262755 1] 133048931
[1 1154260 1154260 1] 132573734
[1 12828203 12828203 1] 133226598
[1 2597489 2597489 1] 140
[1 22278612 22278612 1] 130
[1 24429690 24429690 1] 160
[1 24429690 24429690 1] 172
[1 20401256 20401256 1] 134778101
[1 26902022 26902022 1] 136941776
[1 20390869 20390869 1] 138283261
[1 6235190 6235190 1] 138247238
[1 12621730 12621730 1] 210
[1 27949909 27949909 1] 140195625
[1 2755591 2755591 1] 124
[1 27336328 27336328 1] 334
[1 27210499 27210499 1] 142424807
[1 18518809 18518809 1] 143554619
[1 4686249 4686249 1] 143394269
[1 12262755 12262755 1] 169
[1 19290072 19290072 1] 144653110
[1 27755423 27755423 1] 149
[1 20321649 20321649 1] 146019293
[1 11999755 11999755 1] 146566908
[1 2251747 2251747 1] 146179517
[1 4319530 4319530 1] 145987929
[1 573794 573794 1] 145441834
[1 24549798 24549798 1] 147177531
[1 6473731 6473731 1] 189
[1 26086991 26086991 1] 149047872
[1 2713774 2713774 1] 148720303
[1 18012498 18012498 1] 149835823
[1 14248627 14248627 1] 117
[1 21294893 21294893 1] 151385838
[1 18792351 18792351 1] 109
[1 25519126 25519126 1] 153164377
[1 24613997 24613997 1] 154914533
[1 12999171 12999171 1] 755
[1 25209189 25209189 1] 156704956
[1 8703730 8703730 1] 156866421
[1 15032461 15032461 1] 157694530
[1 15740085 15740085 1] 158594813
[1 2026305 2026305 1] 158186602
[1 18388028 18388028 1] 159379427
[1 2266749 2266749 1] 158986277
[1 1308903 1308903 1] 158504049
[1 10697698 10697698 1] 158846169
[1 23571044 23571044 1] 160490209
[1 15132003 15132003 1] 161320274
[1 7370164 7370164 1] 223
[1 24806404 24806404 1] 162969133
[1 24887344 24887344 1] 164772817
[1 9908539 9908539 1] 165105381
[1 12895152 12895152 1] 165704763
[1 12282135 12282135 1] 166330117
[1 171693 171693 1] 165748421
[1 7739300 7739300 1] 165936804
[1 15590965 15590965 1] 166203670
[1 10636430 10636430 1] 166608515
[1 2576336 2576336 1] 166251415
[1 9202901 9202901 1] 166557908
[1 19407972 19407972 1] 167994267
[1 12260290 12260290 1] 168543359
[1 21717989 21717989 1] 169964406
[1 11585796 11585796 1] 170544873
[1 13053145 13053145 1] 171201945
[1 27658391 27658391 1] 173279686
[1 12655341 12655341 1] 173889874
[1 10000570 10000570 1] 174244471
[1 1174233 1174233 1] 173753055
[1 10956043 10956043 1] 174152903
[1 20409118 20409118 1] 175520978
[1 16266762 16266762 1] 176474413
[1 5526310 5526310 1] 176387591
[1 22495426 22495426 1] 177848934
[1 9806368 9806368 1] 178145502
[1 24504235 24504235 1] 179791854
[1 16631627 16631627 1] 180836088
[1 7226058 7226058 1] 180916778
[1 503466 503466 1] 179163329
[1 10634995 10634995 1] 178929144
[1 7893530 7893530 1] 178440238
[1 28532291 28532291 1] 180436157
[1 27756971 27756971 1] 182368840
[1 16819081 16819081 1] 183297006
[1 24218594 24218594 1] 184955844
[1 6418628 6418628 1] 185166945
[1 4319530 4319530 1] 183857354
[1 12262755 12262755 1] 183849732
[1 14152275 14152275 1] 184616732
[1 16047642 16047642 1] 185620922
[1 17681096 17681096 1] 186727563
[1 17077889 17077889 1] 187748835
[1 3524567 3524567 1] 187483172
[1 11027285 11027285 1] 187952277
[1 5790418 5790418 1] 187897964
[1 17077889 17077889 1] 188935634
[1 7100238 7100238 1] 189001854
[1 15996659 15996659 1] 189966807
[1 21990784 21990784 1] 190803907
[1 3228459 3228459 1] 190481873
[1 3967638 3967638 1] 190238632
[1 26620484 26620484 1] 192235020
[1 27949909 27949909 1] 194401148
[1 27149315 27149315 1] 196310091
[1 12645730 12645730 1] 196939995
[1 18219757 18219757 1] 197446177
[1 7211389 7211389 1] 197523383
[1 23631234 23631234 1] 199166569
[1 25933682 25933682 1] 201021073
[1 13160359 13160359 1] 201679274
[1 29110700 29110700 1] 203914631
[1 20668364 20668364 1] 204596266
[1 20228795 20228795 1] 205879815
[1 23319848 23319848 1] 207494268
[1 18217463 18217463 1] 208580148
[1 12539391 12539391 1] 209116004
[1 25745792 25745792 1] 210907906
[1 7355116 7355116 1] 211006879
[1 12796158 12796158 1] 211622572
[1 20631492 20631492 1] 213002987
[1 4462952 4462952 1] 212831678
[1 11035022 11035022 1] 213363764
[1 18393741 18393741 1] 214542485
[1 3614031 3614031 1] 214287013
[1 5035326 5035326 1] 214165314
[1 24187517 24187517 1] 215895159
[1 27746140 27746140 1] 217232986
[1 3785405 3785405 1] 217000864
[1 28974581 28974581 1] 219308340
[1 2026305 2026305 1] 218908007
[1 15539863 15539863 1] 219806049
[1 22692686 22692686 1] 220665895
[1 18299905 18299905 1] 221754453
[1 5433484 5433484 1] 221662488
[1 27149315 27149315 1] 223613016
[1 15889745 15889745 1] 224539225
[1 18469912 18469912 1] 225742981
[1 8663951 8663951 1] 225917798
[1 29777561 29777561 1] 228102638
[1 16047642 16047642 1] 229014685
[1 12740050 12740050 1] 229537012
[1 6588712 6588712 1] 229555464
[1 16077376 16077376 1] 229853991
[1 29593615 29593615 1] 232037200
[1 9343769 9343769 1] 232391044
[1 19544919 19544919 1] 233665745
[1 27876983 27876983 1] 235036226
[1 14311575 14311575 1] 235161400
[1 11186594 11186594 1] 235573777
[1 13550254 13550254 1] 236185274
[1 8803075 8803075 1] 236370955
[1 7739300 7739300 1] 236469777
[1 15138378 15138378 1] 237229120
[1 24415776 24415776 1] 238860522
[1 12032920 12032920 1] 239431184
[1 16011018 16011018 1] 240262863
[1 24760236 24760236 1] 242693257
[1 7745692 7745692 1] 242860818
[1 22423944 22423944 1] 244324056
[1 4666329 4666329 1] 244180304
[1 20449292 20449292 1] 245457218
[1 13550254 13550254 1] 245498035
[1 2575056 2575056 1] 245152358
[1 2963859 2963859 1] 244829054
[1 8714905 8714905 1] 245154923
[1 20372662 20372662 1] 246522273
[1 3689686 3689686 1] 246269673
[1 10613074 10613074 1] 246714313
[1 12336504 12336504 1] 246074424
[1 29639007 29639007 1] 248360442
[1 5414640 5414640 1] 248263065
[1 7721121 7721121 1] 248355236
[1 24880227 24880227 1] 250029435
[1 10387678 10387678 1] 250387062
[1 27963982 27963982 1] 252457529
[1 14887561 14887561 1] 253232403
[1 127956 127956 1] 252644021
[1 24433519 24433519 1] 254322100
[1 11035022 11035022 1] 254787380
[1 10245197 10245197 1] 255159447
[1 24627322 24627322 1] 256903770
[1 22994985 22994985 1] 258510759
[1 23794428 23794428 1] 260123990
[1 22152041 22152041 1] 261620514
[1 22970073 22970073 1] 263183722
[1 21245831 21245831 1] 264517404
[1 26370348 26370348 1] 266465246
[1 20982031 20982031 1] 267810408
[1 9653715 9653715 1] 268099388
[1 18057523 18057523 1] 269154639
[1 18626925 18626925 1] 270307934
[1 3189436 3189436 1] 270007559
[1 15829205 15829205 1] 270872273
[1 22630444 22630444 1] 272392659
[1 24945487 24945487 1] 274110232
[1 26684279 26684279 1] 276027447
[1 6250263 6250263 1] 276178531
[1 14989684 14989684 1] 277269895
[1 21539849 21539849 1] 278704461
[1 1208325 1208325 1] 278216219
[1 11449123 11449123 1] 278673576
[1 7927336 7927336 1] 278830026
[1 3937458 3937458 1] 278599858
[1 24102748 24102748 1] 280257339
[1 25311777 25311777 1] 282006172
[1 3725219 3725219 1] 281756673
[1 15209934 15209934 1] 281982729
[1 2862807 2862807 1] 281039567
[1 5748721 5748721 1] 280968808
[1 9121309 9121309 1] 281248262
[1 1742699 1742699 1] 280806774
[1 7076377 7076377 1] 280846956
[1 1252716 1252716 1] 280356801
[1 2825172 2825172 1] 280002697
[1 25771560 25771560 1] 281766822
[1 17077889 17077889 1] 282744445
[1 1489115 1489115 1] 279882245
[1 15405990 15405990 1] 280710541
[1 2028068 2028068 1] 280295661
[1 25575224 25575224 1] 282112421
[1 332232 332232 1] 281544852
[1 2292123 2292123 1] 281168494
[1 11323876 11323876 1] 281619063
[1 20390180 20390180 1] 282927724
[1 25202255 25202255 1] 284598456
[1 20311132 20311132 1] 285869244
[1 3199182 3199182 1] 284978776
[1 10554604 10554604 1] 285384544
[1 23590182 23590182 1] 286441849
[1 29359416 29359416 1] 288582162
[1 21768826 21768826 1] 289988191
[1 15550552 15550552 1] 290217939
[1 14090033 14090033 1] 290919906
[1 21443182 21443182 1] 292320625
[1 3299709 3299709 1] 291425520
[1 27860000 27860000 1] 293407272
[1 9112298 9112298 1] 293648774
[1 19475777 19475777 1] 294887835
[1 19068978 19068978 1] 296050186
[1 16723383 16723383 1] 296416321
[1 9544267 9544267 1] 296697570
[1 10508861 10508861 1] 297061917
[1 17909212 17909212 1] 298117791
[1 23669087 23669087 1] 299736864
[1 8590931 8590931 1] 299944479
[1 794584 794584 1] 299419122
[1 27149315 27149315 1] 301301302
[1 20037526 20037526 1] 302185958
[1 1538840 1538840 1] 301774153
[1 5897491 5897491 1] 301954375
[1 1101361 1101361 1] 301513818
[1 15138378 15138378 1] 302752873
[1 13080929 13080929 1] 304064342
[1 14826622 14826622 1] 305709203
[1 22634226 22634226 1] 307863835
[1 6220854 6220854 1] 307245124
[1 27149315 27149315 1] 309239239
[1 13712351 13712351 1] 309912273
[1 20009098 20009098 1] 311262385
[1 7689127 7689127 1] 311443097
[1 14522072 14522072 1] 312320443
[1 26533150 26533150 1] 314227766
[1 9228399 9228399 1] 313904106
[1 22836611 22836611 1] 315497851
[1 1928578 1928578 1] 315080277
[1 8498977 8498977 1] 315284938
[1 754553 754553 1] 314766482
[1 11126088 11126088 1] 315218943
[1 23360100 23360100 1] 316958273
[1 16448567 16448567 1] 317990013
[1 6377018 6377018 1] 317974238
[1 14392736 14392736 1] 318736366
[1 26491299 26491299 1] 320726617
[1 6453196 6453196 1] 320721523
[1 6055806 6055806 1] 320664241
[1 14423429 14423429 1] 321349460
[1 19552529 19552529 1] 322607185
[1 24760236 24760236 1] 324388466
[1 24322198 24322198 1] 326100917
[1 9289673 9289673 1] 326377206
[1 28806446 28806446 1] 328536678
[1 12796158 12796158 1] 329150444
[1 2238284 2238284 1] 328765803
[1 3565422 3565422 1] 327909367

Results: 100.00 150289834

Standard Error: 4.6113e+06
Mean Waiting Time: 1.5029e+08
Statistics for REP_PROB_PERCENT: 20

----------------------------------------
Running client with REP_PROB_PERCENT: 40
**********************************
DTU - OS Challenge - Client v0.20
**********************************
Total requests: 500
Start: 1
Difficulty: 30000000
Repetition probability (%): 40
Request delay (us): 600000
Priority disabled

[1 6930887 6930887 1] 616439
[1 4636916 4636916 1] 440714
[1 4238336 4238336 1] 375930
[1 29760493 29760493 1] 2727903
[1 4238336 4238336 1] 192
[1 4238336 4238336 1] 192
[1 19641422 19641422 1] 3937438
[1 490028 490028 1] 3383733
[1 22520060 22520060 1] 4934570
[1 4238336 4238336 1] 163
[1 17513927 17513927 1] 6035077
[1 4238336 4238336 1] 141
[1 13455737 13455737 1] 6134242
[1 16956430 16956430 1] 6532643
[1 4636916 4636916 1] 127
[1 21021531 21021531 1] 7943526
[1 23665124 23665124 1] 9594133
[1 21021531 21021531 1] 118
[1 18703136 18703136 1] 10781158
[1 13455737 13455737 1] 163
[1 4238336 4238336 1] 987
[1 21021531 21021531 1] 12058262
[1 4238336 4238336 1] 213
[1 15898168 15898168 1] 12326041
[1 23665124 23665124 1] 147
[1 19018457 19018457 1] 13563304
[1 23665124 23665124 1] 14854807
[1 21021531 21021531 1] 453
[1 18703136 18703136 1] 253
[1 18703136 18703136 1] 16934743
[1 6898538 6898538 1] 17085112
[1 17513927 17513927 1] 120
[1 19018457 19018457 1] 460
[1 23594325 23594325 1] 18877186
[1 4238336 4238336 1] 138
[1 19018457 19018457 1] 20285736
[1 13455737 13455737 1] 112
[1 14268981 14268981 1] 20498341
[1 23665124 23665124 1] 140
[1 18703136 18703136 1] 624
[1 29241874 29241874 1] 22769317
[1 12999171 12999171 1] 23380209
[1 16956430 16956430 1] 144
[1 15497282 15497282 1] 24247188
[1 16956430 16956430 1] 112
[1 27336328 27336328 1] 25573849
[1 19018457 19018457 1] 116
[1 12621730 12621730 1] 25540450
[1 14268981 14268981 1] 140
[1 27336328 27336328 1] 27511471
[1 21100546 21100546 1] 28278589
[1 4238336 4238336 1] 124
[1 10313751 10313751 1] 27438266
[1 23665124 23665124 1] 157
[1 26426809 26426809 1] 29310180
[1 16956430 16956430 1] 209
[1 29241874 29241874 1] 196
[1 29947179 29947179 1] 31482362
[1 13455737 13455737 1] 230
[1 4636916 4636916 1] 701
[1 19393585 19393585 1] 32672650
[1 18703136 18703136 1] 665
[1 16956430 16956430 1] 132
[1 27336328 27336328 1] 34798153
[1 4612400 4612400 1] 34646913
[1 18703136 18703136 1] 127
[1 19641422 19641422 1] 118
[1 13993369 13993369 1] 34749929
[1 4238336 4238336 1] 133
[1 19018457 19018457 1] 125
[1 19393585 19393585 1] 35339515
[1 16956430 16956430 1] 113
[1 6297540 6297540 1] 35314706
[1 10313751 10313751 1] 273
[1 13480571 13480571 1] 35968385
[1 2066602 2066602 1] 34959740
[1 4612400 4612400 1] 131
[1 27612903 27612903 1] 36952429
[1 260757 260757 1] 35776717
[1 23209442 23209442 1] 36725179
[1 10313751 10313751 1] 144
[1 24429690 24429690 1] 38430076
[1 23665124 23665124 1] 135
[1 6898538 6898538 1] 207
[1 17513927 17513927 1] 122
[1 27346620 27346620 1] 40289849
[1 21021531 21021531 1] 117
[1 27905772 27905772 1] 41100768
[1 19393585 19393585 1] 109
[1 12890676 12890676 1] 41691330
[1 18703136 18703136 1] 118
[1 18777857 18777857 1] 42253104
[1 14872354 14872354 1] 43051612
[1 12276966 12276966 1] 43573937
[1 4612400 4612400 1] 42798009
[1 27905772 27905772 1] 730
[1 27336328 27336328 1] 44723418
[1 4612400 4612400 1] 44548167
[1 13363369 13363369 1] 44610139
[1 27346620 27346620 1] 46623688
[1 29760493 29760493 1] 146
[1 19700724 19700724 1] 47298058
[1 19493452 19493452 1] 47920046
[1 19493452 19493452 1] 49163338
[1 2597489 2597489 1] 48807429
[1 4636916 4636916 1] 111
[1 8888229 8888229 1] 49034529
[1 13455737 13455737 1] 147
[1 18792351 18792351 1] 50245366
[1 27612903 27612903 1] 233
[1 27346620 27346620 1] 147
[1 18703136 18703136 1] 149
[1 27336328 27336328 1] 142
[1 29441501 29441501 1] 52404766
[1 19393585 19393585 1] 126
[1 16956430 16956430 1] 134
[1 19493452 19493452 1] 53042743
[1 2275857 2275857 1] 52650810
[1 27346492 27346492 1] 54585050
[1 20281937 20281937 1] 55270204
[1 3975408 3975408 1] 53846827
[1 8888229 8888229 1] 140
[1 6276122 6276122 1] 53834639
[1 794396 794396 1] 53308122
[1 7231012 7231012 1] 51576551
[1 27346620 27346620 1] 115
[1 7322405 7322405 1] 51069104
[1 12255764 12255764 1] 51627908
[1 12067918 12067918 1] 49747717
[1 9512184 9512184 1] 48833772
[1 19493452 19493452 1] 144
[1 4238336 4238336 1] 139
[1 18295500 18295500 1] 49928187
[1 16956430 16956430 1] 115
[1 16206726 16206726 1] 50806327
[1 2755591 2755591 1] 50456265
[1 4636916 4636916 1] 119
[1 12469787 12469787 1] 50399012
[1 8338083 8338083 1] 50562327
[1 20388465 20388465 1] 51832639
[1 7231012 7231012 1] 125
[1 6939508 6939508 1] 51872674
[1 21021531 21021531 1] 134
[1 25228805 25228805 1] 53656525
[1 4636916 4636916 1] 283
[1 22278612 22278612 1] 55135833
[1 24887344 24887344 1] 56169781
[1 2035569 2035569 1] 55761460
[1 6473731 6473731 1] 53976538
[1 26811306 26811306 1] 55898646
[1 2755591 2755591 1] 55548361
[1 16956430 16956430 1] 115
[1 14248627 14248627 1] 56371928
[1 8338083 8338083 1] 125
[1 8213259 8213259 1] 55331733
[1 2755591 2755591 1] 54972977
[1 21305625 21305625 1] 56380381
[1 4238336 4238336 1] 139
[1 19393585 19393585 1] 134
[1 24887344 24887344 1] 121
[1 13911900 13911900 1] 56457528
[1 20145551 20145551 1] 57667758
[1 6473731 6473731 1] 1102
[1 2755591 2755591 1] 122
[1 18703136 18703136 1] 138
[1 19290072 19290072 1] 58901332
[1 17487132 17487132 1] 59873165
[1 7684931 7684931 1] 59947777
[1 29241874 29241874 1] 144
[1 7370164 7370164 1] 59425419
[1 23387982 23387982 1] 61126823
[1 1252997 1252997 1] 60662914
[1 2713774 2713774 1] 60312823
[1 6898538 6898538 1] 121
[1 6473731 6473731 1] 60318814
[1 18703136 18703136 1] 222
[1 17681096 17681096 1] 61312812
[1 794396 794396 1] 60784788
[1 6911341 6911341 1] 60823183
[1 6911341 6911341 1] 139
[1 23327685 23327685 1] 62295419
[1 16855543 16855543 1] 63180359
[1 4238336 4238336 1] 940
[1 18219757 18219757 1] 63703142
[1 23665124 23665124 1] 129
[1 7418419 7418419 1] 63801226
[1 21021531 21021531 1] 295
[1 24429690 24429690 1] 112
[1 21021531 21021531 1] 136
[1 23089413 23089413 1] 65275719
[1 2597489 2597489 1] 138
[1 25032173 25032173 1] 66916671
[1 21021531 21021531 1] 121
[1 27336328 27336328 1] 123
[1 29441501 29441501 1] 117
[1 29262010 29262010 1] 69059555
[1 7418419 7418419 1] 69161031
[1 6939508 6939508 1] 142
[1 7467588 7467588 1] 69266141
[1 12255764 12255764 1] 69840755
[1 6473731 6473731 1] 69843429
[1 17681096 17681096 1] 148
[1 7370164 7370164 1] 69346330
[1 27612903 27612903 1] 117
[1 16855543 16855543 1] 69644594
[1 15996659 15996659 1] 68754319
[1 15996659 15996659 1] 125
[1 4238336 4238336 1] 209
[1 19054082 19054082 1] 68682946
[1 26811973 26811973 1] 69847266
[1 73851 73851 1] 69253582
[1 15996659 15996659 1] 70097552
[1 2755591 2755591 1] 69770687
[1 23665124 23665124 1] 114
[1 7231012 7231012 1] 69842952
[1 18219757 18219757 1] 115
[1 21021531 21021531 1] 114
[1 26340714 26340714 1] 71692481
[1 15256191 15256191 1] 72463218
[1 4612400 4612400 1] 275
[1 6898538 6898538 1] 149
[1 23327685 23327685 1] 73974836
[1 4238336 4238336 1] 124
[1 7370164 7370164 1] 73469692
[1 22218005 22218005 1] 74313341
[1 2755591 2755591 1] 121
[1 11614770 11614770 1] 74794546
[1 23665124 23665124 1] 163
[1 12981777 12981777 1] 75421125
[1 18703136 18703136 1] 119
[1 6247256 6247256 1] 75399144
[1 18348143 18348143 1] 76444346
[1 21305625 21305625 1] 959
[1 4445885 4445885 1] 76245162
[1 15256191 15256191 1] 118
[1 20223206 20223206 1] 77476205
[1 12262755 12262755 1] 76764853
[1 4612400 4612400 1] 89
[1 12828203 12828203 1] 76707692
[1 26902022 26902022 1] 77852410
[1 27612903 27612903 1] 121
[1 20390869 20390869 1] 79084273
[1 19290072 19290072 1] 578
[1 18348143 18348143 1] 80172833
[1 4238336 4238336 1] 851
[1 27949909 27949909 1] 82198835
[1 6898538 6898538 1] 118
[1 13455737 13455737 1] 130
[1 8888229 8888229 1] 254
[1 27210499 27210499 1] 84128136
[1 4686249 4686249 1] 83363080
[1 14248627 14248627 1] 128
[1 19290072 19290072 1] 84570734
[1 2755591 2755591 1] 122
[1 11999755 11999755 1] 84474631
[1 2251747 2251747 1] 84078506
[1 4319530 4319530 1] 83876364
[1 4612400 4612400 1] 235
[1 24549798 24549798 1] 84974522
[1 2755591 2755591 1] 217
[1 26086991 26086991 1] 86790136
[1 4238336 4238336 1] 135
[1 2713774 2713774 1] 86443040
[1 4238336 4238336 1] 477
[1 18012498 18012498 1] 87540902
[1 4636916 4636916 1] 135
[1 21294893 21294893 1] 88950502
[1 8338083 8338083 1] 114
[1 12276966 12276966 1] 122
[1 25519126 25519126 1] 90751953
[1 24613997 24613997 1] 92472463
[1 25209189 25209189 1] 94203864
[1 17487132 17487132 1] 115
[1 8703730 8703730 1] 94415136
[1 23665124 23665124 1] 229
[1 15256191 15256191 1] 95235912
[1 2026305 2026305 1] 94224771
[1 18295500 18295500 1] 145
[1 2266749 2266749 1] 93232397
[1 1308903 1308903 1] 92753675
[1 10697698 10697698 1] 93125028
[1 19018457 19018457 1] 121
[1 23571044 23571044 1] 94659691
[1 9908539 9908539 1] 93163964
[1 12895152 12895152 1] 93779291
[1 21021531 21021531 1] 127
[1 26086991 26086991 1] 95824030
[1 15590965 15590965 1] 94815684
[1 16956430 16956430 1] 131
[1 10636430 10636430 1] 95142728
[1 2576336 2576336 1] 94774978
[1 9202901 9202901 1] 95034316
[1 7418419 7418419 1] 125
[1 12260290 12260290 1] 94929818
[1 23089413 23089413 1] 119
[1 21717989 21717989 1] 96284234
[1 11585796 11585796 1] 96690488
[1 19290072 19290072 1] 152
[1 13053145 13053145 1] 97206288
[1 10313751 10313751 1] 479
[1 12655341 12655341 1] 97108594
[1 18703136 18703136 1] 184
[1 10000570 10000570 1] 97364729
[1 18295500 18295500 1] 209
[1 10956043 10956043 1] 97415579
[1 20409118 20409118 1] 98809564
[1 5526310 5526310 1] 98111885
[1 2597489 2597489 1] 1313
[1 22278612 22278612 1] 137
[1 24429690 24429690 1] 1008
[1 22495426 22495426 1] 99649368
[1 24429690 24429690 1] 165
[1 9806368 9806368 1] 99953241
[1 27612903 27612903 1] 125
[1 24504235 24504235 1] 101626262
[1 16631627 16631627 1] 102565723
[1 13053145 13053145 1] 103172005
[1 7893530 7893530 1] 99725164
[1 12621730 12621730 1] 132
[1 2755591 2755591 1] 107
[1 28532291 28532291 1] 101852982
[1 27336328 27336328 1] 726
[1 27756971 27756971 1] 103784544
[1 23387982 23387982 1] 145
[1 16819081 16819081 1] 104705719
[1 12262755 12262755 1] 127
[1 6418628 6418628 1] 104098732
[1 4319530 4319530 1] 102872502
[1 12262755 12262755 1] 103203506
[1 23665124 23665124 1] 584
[1 14152275 14152275 1] 104209108
[1 19054082 19054082 1] 125
[1 16047642 16047642 1] 105043453
[1 17077889 17077889 1] 105535755
[1 11027285 11027285 1] 105275552
[1 5790418 5790418 1] 105164664
[1 6473731 6473731 1] 130
[1 17077889 17077889 1] 106118194
[1 22278612 22278612 1] 130
[1 21305625 21305625 1] 144
[1 7100238 7100238 1] 106245486
[1 21021531 21021531 1] 145
[1 18703136 18703136 1] 143
[1 21990784 21990784 1] 106511564
[1 3228459 3228459 1] 106229652
[1 3967638 3967638 1] 106020709
[1 14248627 14248627 1] 1771
[1 18792351 18792351 1] 232
[1 2755591 2755591 1] 147
[1 26620484 26620484 1] 107899493
[1 27949909 27949909 1] 109910267
[1 12999171 12999171 1] 121
[1 15256191 15256191 1] 150
[1 27149315 27149315 1] 111864388
[1 12645730 12645730 1] 112598505
[1 4238336 4238336 1] 173
[1 23631234 23631234 1] 112460858
[1 25933682 25933682 1] 114302174
[1 13160359 13160359 1] 114967232
[1 29110700 29110700 1] 117093709
[1 2755591 2755591 1] 988
[1 7370164 7370164 1] 150
[1 20668364 20668364 1] 117820310
[1 23319848 23319848 1] 118768547
[1 12539391 12539391 1] 118710045
[1 25745792 25745792 1] 120387353
[1 7355116 7355116 1] 120454099
[1 20631492 20631492 1] 121184336
[1 4462952 4462952 1] 120996957
[1 3614031 3614031 1] 119532397
[1 5035326 5035326 1] 119398541
[1 24187517 24187517 1] 121030204
[1 17077889 17077889 1] 121447154
[1 3785405 3785405 1] 121190897
[1 2026305 2026305 1] 120168211
[1 15539863 15539863 1] 120933518
[1 22692686 22692686 1] 121760504
[1 17077889 17077889 1] 122762848
[1 5433484 5433484 1] 122678199
[1 27149315 27149315 1] 124521101
[1 15889745 15889745 1] 125389939
[1 18469912 18469912 1] 126667663
[1 16047642 16047642 1] 126369930
[1 12740050 12740050 1] 126906163
[1 6588712 6588712 1] 126906905
[1 16077376 16077376 1] 127220637
[1 29593615 29593615 1] 129338165
[1 9343769 9343769 1] 129634325
[1 19544919 19544919 1] 130752839
[1 14311575 14311575 1] 129744517
[1 13550254 13550254 1] 130136754
[1 8803075 8803075 1] 130462553
[1 15138378 15138378 1] 130652698
[1 24415776 24415776 1] 132415591
[1 12032920 12032920 1] 133068300
[1 16011018 16011018 1] 133347911
[1 24760236 24760236 1] 134968240
[1 22423944 22423944 1] 135769855
[1 4666329 4666329 1] 135579783
[1 13550254 13550254 1] 135112647
[1 2575056 2575056 1] 134863898
[1 2963859 2963859 1] 134560538
[1 20372662 20372662 1] 135259771
[1 23631234 23631234 1] 136770099
[1 10613074 10613074 1] 137166067
[1 12336504 12336504 1] 136510009
[1 29639007 29639007 1] 138683808
[1 5414640 5414640 1] 138597608
[1 7721121 7721121 1] 138733332
[1 24880227 24880227 1] 140520899
[1 10387678 10387678 1] 140842518
[1 27963982 27963982 1] 142784911
[1 14887561 14887561 1] 143549403
[1 24433519 24433519 1] 144502662
[1 24627322 24627322 1] 145019610
[1 22994985 22994985 1] 146544365
[1 23794428 23794428 1] 148218607
[1 22970073 22970073 1] 149131187
[1 21245831 21245831 1] 150580442
[1 26370348 26370348 1] 152452402
[1 20982031 20982031 1] 153763124
[1 9653715 9653715 1] 154076079
[1 18057523 18057523 1] 155157851
[1 18626925 18626925 1] 156282420
[1 3189436 3189436 1] 155975155
[1 22630444 22630444 1] 156881398
[1 24945487 24945487 1] 158487605
[1 6250263 6250263 1] 157841169
[1 14989684 14989684 1] 158587655
[1 21539849 21539849 1] 160049088
[1 11449123 11449123 1] 159905399
[1 7927336 7927336 1] 160127419
[1 24102748 24102748 1] 161583510
[1 25311777 25311777 1] 163296421
[1 3725219 3725219 1] 163024531
[1 15209934 15209934 1] 163192338
[1 5748721 5748721 1] 161921818
[1 9121309 9121309 1] 162110685
[1 7076377 7076377 1] 161527880
[1 1252716 1252716 1] 161036976
[1 2825172 2825172 1] 160683347
[1 25771560 25771560 1] 162354627
[1 17077889 17077889 1] 163257887
[1 1489115 1489115 1] 160390687
[1 22423944 22423944 1] 161184932
[1 25575224 25575224 1] 162776080
[1 332232 332232 1] 162203921
[1 29639007 29639007 1] 164302649
[1 11323876 11323876 1] 164847007
[1 20390180 20390180 1] 166075195
[1 25202255 25202255 1] 167859300
[1 20311132 20311132 1] 169165773
[1 3199182 3199182 1] 168257608
[1 10554604 10554604 1] 168644676
[1 23590182 23590182 1] 169784824
[1 29359416 29359416 1] 172055149
[1 21768826 21768826 1] 173491746
[1 15550552 15550552 1] 173755594
[1 14090033 14090033 1] 174438135
[1 3299709 3299709 1] 172936762
[1 27860000 27860000 1] 174949490
[1 9112298 9112298 1] 175232318
[1 19475777 19475777 1] 176469729
[1 19068978 19068978 1] 177575197
[1 16047642 16047642 1] 177837032
[1 10508861 10508861 1] 177558538
[1 17909212 17909212 1] 178628530
[1 23669087 23669087 1] 180253105
[1 8590931 8590931 1] 180550792
[1 794584 794584 1] 180030926
[1 27149315 27149315 1] 182199814
[1 20037526 20037526 1] 182925750
[1 15138378 15138378 1] 182031385
[1 14826622 14826622 1] 182328506
[1 22634226 22634226 1] 183662758
[1 27149315 27149315 1] 184690895
[1 13712351 13712351 1] 185405859
[1 20009098 20009098 1] 186658897
[1 6588712 6588712 1] 186697380
[1 14522072 14522072 1] 187509766
[1 26533150 26533150 1] 189464598
[1 22836611 22836611 1] 189646241
[1 1928578 1928578 1] 189221574
[1 8498977 8498977 1] 189391563
[1 754553 754553 1] 188860256
[1 23360100 23360100 1] 189782063
[1 16448567 16448567 1] 190676300
[1 6377018 6377018 1] 190660957
[1 14392736 14392736 1] 191375405
[1 26491299 26491299 1] 193171198
[1 6453196 6453196 1] 193191719
[1 6055806 6055806 1] 193241559
[1 14423429 14423429 1] 194010986
[1 19552529 19552529 1] 195259394
[1 24760236 24760236 1] 197145485
[1 24322198 24322198 1] 198755585
[1 9289673 9289673 1] 199061302
[1 28806446 28806446 1] 201084213
[1 2238284 2238284 1] 200091533
[1 3565422 3565422 1] 199219439

Results: 100.00 69961514

Standard Error: 2.87748e+06
Mean Waiting Time: 6.99615e+07
Statistics for REP_PROB_PERCENT: 40

----------------------------------------
Running client with REP_PROB_PERCENT: 60
**********************************
DTU - OS Challenge - Client v0.20
**********************************
Total requests: 500
Start: 1
Difficulty: 30000000
Repetition probability (%): 60
Request delay (us): 600000
Priority disabled

[1 6930887 6930887 1] 655303
[1 4636916 4636916 1] 490395
[1 4238336 4238336 1] 398277
[1 4636916 4636916 1] 169
[1 29760493 29760493 1] 2841540
[1 490028 490028 1] 1687676
[1 4238336 4238336 1] 169
[1 4238336 4238336 1] 116
[1 22520060 22520060 1] 3263638
[1 17513927 17513927 1] 4319763
[1 4238336 4238336 1] 134
[1 13455737 13455737 1] 4297781
[1 4238336 4238336 1] 119
[1 16956430 16956430 1] 4855044
[1 21021531 21021531 1] 6164405
[1 4636916 4636916 1] 119
[1 23665124 23665124 1] 7896599
[1 6930887 6930887 1] 178
[1 18703136 18703136 1] 9259075
[1 21021531 21021531 1] 174
[1 13455737 13455737 1] 148
[1 21021531 21021531 1] 10824986
[1 4238336 4238336 1] 204
[1 15898168 15898168 1] 11066729
[1 4238336 4238336 1] 212
[1 23665124 23665124 1] 142
[1 19018457 19018457 1] 12141326
[1 18703136 18703136 1] 176
[1 23665124 23665124 1] 13116289
[1 17513927 17513927 1] 143
[1 18703136 18703136 1] 14274676
[1 21021531 21021531 1] 135
[1 6898538 6898538 1] 14277244
[1 18703136 18703136 1] 192
[1 23594325 23594325 1] 15946006
[1 17513927 17513927 1] 510
[1 19018457 19018457 1] 17283788
[1 19018457 19018457 1] 144
[1 14268981 14268981 1] 17353291
[1 4636916 4636916 1] 116
[1 4238336 4238336 1] 122
[1 12999171 12999171 1] 17302593
[1 15497282 15497282 1] 18061116
[1 13455737 13455737 1] 114
[1 23665124 23665124 1] 111
[1 27336328 27336328 1] 19237678
[1 18703136 18703136 1] 100
[1 19018457 19018457 1] 19678473
[1 16956430 16956430 1] 187
[1 17513927 17513927 1] 126
[1 27336328 27336328 1] 21446837
[1 27336328 27336328 1] 109
[1 17513927 17513927 1] 131
[1 16956430 16956430 1] 974
[1 21100546 21100546 1] 22055142
[1 19018457 19018457 1] 135
[1 26426809 26426809 1] 21935427
[1 14268981 14268981 1] 840
[1 19018457 19018457 1] 123
[1 19018457 19018457 1] 226
[1 29947179 29947179 1] 23918927
[1 19018457 19018457 1] 117
[1 19393585 19393585 1] 24980714
[1 4238336 4238336 1] 225
[1 19018457 19018457 1] 1113
[1 21021531 21021531 1] 124
[1 27336328 27336328 1] 26776013
[1 23665124 23665124 1] 120
[1 18703136 18703136 1] 126
[1 13993369 13993369 1] 26187331
[1 16956430 16956430 1] 653
[1 6930887 6930887 1] 219
[1 19393585 19393585 1] 26663466
[1 6297540 6297540 1] 26613708
[1 21021531 21021531 1] 232
[1 13455737 13455737 1] 124
[1 13480571 13480571 1] 27188482
[1 2066602 2066602 1] 26165929
[1 4636916 4636916 1] 112
[1 18703136 18703136 1] 123
[1 21021531 21021531 1] 565
[1 16956430 16956430 1] 119
[1 27612903 27612903 1] 27958927
[1 26426809 26426809 1] 597
[1 18703136 18703136 1] 110
[1 23209442 23209442 1] 27593066
[1 4636916 4636916 1] 158
[1 4238336 4238336 1] 128
[1 19018457 19018457 1] 646
[1 24429690 24429690 1] 29159410
[1 16956430 16956430 1] 123
[1 18703136 18703136 1] 132
[1 27612903 27612903 1] 31045254
[1 22520060 22520060 1] 430
[1 17513927 17513927 1] 94
[1 27905772 27905772 1] 31705539
[1 6930887 6930887 1] 144
[1 12890676 12890676 1] 32419109
[1 27905772 27905772 1] 155
[1 19018457 19018457 1] 111
[1 18703136 18703136 1] 149
[1 18777857 18777857 1] 33192502
[1 21100546 21100546 1] 220
[1 23665124 23665124 1] 204
[1 14872354 14872354 1] 34389147
[1 6898538 6898538 1] 133
[1 17513927 17513927 1] 129
[1 12276966 12276966 1] 35150096
[1 13363369 13363369 1] 32924081
[1 22520060 22520060 1] 795
[1 19018457 19018457 1] 155
[1 21021531 21021531 1] 156
[1 19393585 19393585 1] 265
[1 27612903 27612903 1] 34978865
[1 22520060 22520060 1] 132
[1 18703136 18703136 1] 333
[1 19700724 19700724 1] 35562124
[1 2597489 2597489 1] 33388308
[1 4238336 4238336 1] 120
[1 8888229 8888229 1] 33602400
[1 27905772 27905772 1] 188
[1 29441501 29441501 1] 35267353
[1 18703136 18703136 1] 153
[1 2275857 2275857 1] 33681687
[1 3975408 3975408 1] 30469031
[1 6276122 6276122 1] 30457872
[1 7322405 7322405 1] 26917397
[1 4636916 4636916 1] 128
[1 12067918 12067918 1] 24437824
[1 21021531 21021531 1] 130
[1 9512184 9512184 1] 23550603
[1 18295500 18295500 1] 24607832
[1 29760493 29760493 1] 119
[1 21021531 21021531 1] 126
[1 16206726 16206726 1] 25488498
[1 19700724 19700724 1] 115
[1 19700724 19700724 1] 25537872
[1 8338083 8338083 1] 25715812
[1 6939508 6939508 1] 25126732
[1 2275857 2275857 1] 138
[1 26426809 26426809 1] 134
[1 4636916 4636916 1] 118
[1 24887344 24887344 1] 25042532
[1 18703136 18703136 1] 121
[1 6473731 6473731 1] 22660073
[1 13455737 13455737 1] 128
[1 27612903 27612903 1] 99
[1 27612903 27612903 1] 136
[1 18703136 18703136 1] 162
[1 26811306 26811306 1] 24669673
[1 8213259 8213259 1] 22481772
[1 27336328 27336328 1] 138
[1 19393585 19393585 1] 353
[1 21305625 21305625 1] 23326027
[1 16956430 16956430 1] 126
[1 20145551 20145551 1] 23369154
[1 22520060 22520060 1] 192
[1 21021531 21021531 1] 129
[1 19290072 19290072 1] 24596989
[1 17487132 17487132 1] 25560055
[1 8888229 8888229 1] 123
[1 7684931 7684931 1] 25679284
[1 18703136 18703136 1] 132
[1 27612903 27612903 1] 128
[1 23387982 23387982 1] 25995939
[1 1252997 1252997 1] 25506462
[1 6473731 6473731 1] 24906768
[1 26426809 26426809 1] 240
[1 17681096 17681096 1] 25944544
[1 6911341 6911341 1] 25403665
[1 19018457 19018457 1] 124
[1 4238336 4238336 1] 220
[1 16956430 16956430 1] 139
[1 23327685 23327685 1] 27060792
[1 22520060 22520060 1] 862
[1 4636916 4636916 1] 986
[1 16855543 16855543 1] 28040918
[1 7418419 7418419 1] 26925991
[1 26426809 26426809 1] 204
[1 26426809 26426809 1] 736
[1 6473731 6473731 1] 160
[1 23089413 23089413 1] 28472419
[1 21021531 21021531 1] 119
[1 6939508 6939508 1] 27918656
[1 7684931 7684931 1] 124
[1 7418419 7418419 1] 27994352
[1 19290072 19290072 1] 833
[1 6473731 6473731 1] 26785293
[1 21021531 21021531 1] 137
[1 16855543 16855543 1] 25936158
[1 4636916 4636916 1] 135
[1 15996659 15996659 1] 25077217
[1 7418419 7418419 1] 121
[1 4636916 4636916 1] 139
[1 19054082 19054082 1] 25072447
[1 8213259 8213259 1] 128
[1 27612903 27612903 1] 112
[1 26811973 26811973 1] 26245329
[1 73851 73851 1] 25651920
[1 19700724 19700724 1] 148
[1 15996659 15996659 1] 26573881
[1 16956430 16956430 1] 133
[1 29760493 29760493 1] 135
[1 8338083 8338083 1] 119
[1 19700724 19700724 1] 109
[1 26340714 26340714 1] 27241004
[1 29760493 29760493 1] 124
[1 15256191 15256191 1] 28219071
[1 4238336 4238336 1] 108
[1 19393585 19393585 1] 146
[1 24887344 24887344 1] 113
[1 23327685 23327685 1] 29778731
[1 29760493 29760493 1] 145
[1 26811306 26811306 1] 135
[1 7418419 7418419 1] 126
[1 6473731 6473731 1] 132
[1 22218005 22218005 1] 29478706
[1 22520060 22520060 1] 629
[1 11614770 11614770 1] 29953928
[1 18703136 18703136 1] 193
[1 22520060 22520060 1] 386
[1 12981777 12981777 1] 30519948
[1 27905772 27905772 1] 132
[1 6930887 6930887 1] 135
[1 23089413 23089413 1] 32192959
[1 19018457 19018457 1] 185
[1 4445885 4445885 1] 31428497
[1 2275857 2275857 1] 1314
[1 20223206 20223206 1] 32809371
[1 6898538 6898538 1] 147
[1 12262755 12262755 1] 32274405
[1 19018457 19018457 1] 167
[1 18703136 18703136 1] 170
[1 18703136 18703136 1] 154
[1 6911341 6911341 1] 153
[1 26902022 26902022 1] 32604838
[1 27949909 27949909 1] 33535809
[1 2275857 2275857 1] 203
[1 11999755 11999755 1] 31151930
[1 4238336 4238336 1] 151
[1 2251747 2251747 1] 30784161
[1 23665124 23665124 1] 213
[1 4319530 4319530 1] 30635095
[1 21021531 21021531 1] 156
[1 24429690 24429690 1] 821
[1 21021531 21021531 1] 258
[1 2597489 2597489 1] 170
[1 24549798 24549798 1] 31986332
[1 26426809 26426809 1] 427
[1 13363369 13363369 1] 122
[1 18012498 18012498 1] 31898898
[1 7418419 7418419 1] 134
[1 21021531 21021531 1] 147
[1 27612903 27612903 1] 521
[1 25519126 25519126 1] 32892772
[1 27336328 27336328 1] 107
[1 29441501 29441501 1] 1065
[1 4319530 4319530 1] 114
[1 6939508 6939508 1] 214
[1 25209189 25209189 1] 33881585
[1 12262755 12262755 1] 129
[1 15256191 15256191 1] 34122778
[1 6898538 6898538 1] 157
[1 17681096 17681096 1] 750
[1 10697698 10697698 1] 31519012
[1 27612903 27612903 1] 122
[1 21021531 21021531 1] 902
[1 23571044 23571044 1] 33204827
[1 10636430 10636430 1] 27528943
[1 22520060 22520060 1] 107
[1 15996659 15996659 1] 111
[1 9202901 9202901 1] 27120829
[1 4238336 4238336 1] 175
[1 19018457 19018457 1] 113
[1 21717989 21717989 1] 27297090
[1 11585796 11585796 1] 27818117
[1 27949909 27949909 1] 141
[1 16956430 16956430 1] 149
[1 12655341 12655341 1] 27205893
[1 23665124 23665124 1] 140
[1 10956043 10956043 1] 26556788
[1 21021531 21021531 1] 106
[1 5526310 5526310 1] 25266399
[1 21021531 21021531 1] 191
[1 8338083 8338083 1] 152
[1 22495426 22495426 1] 26860772
[1 9806368 9806368 1] 27199448
[1 17513927 17513927 1] 124
[1 6898538 6898538 1] 211
[1 24504235 24504235 1] 28843611
[1 4238336 4238336 1] 113
[1 16631627 16631627 1] 29762973
[1 7893530 7893530 1] 25704774
[1 12981777 12981777 1] 674
[1 22520060 22520060 1] 115
[1 14152275 14152275 1] 20430003
[1 27336328 27336328 1] 147
[1 23665124 23665124 1] 133
[1 17077889 17077889 1] 20186736
[1 18703136 18703136 1] 484
[1 19393585 19393585 1] 145
[1 11027285 11027285 1] 19979955
[1 17077889 17077889 1] 20294258
[1 21305625 21305625 1] 915
[1 3228459 3228459 1] 17571939
[1 3967638 3967638 1] 17316961
[1 17077889 17077889 1] 107
[1 15256191 15256191 1] 146
[1 29760493 29760493 1] 122
[1 26620484 26620484 1] 19021005
[1 17513927 17513927 1] 165
[1 12645730 12645730 1] 18469589
[1 17077889 17077889 1] 111
[1 16956430 16956430 1] 972
[1 23631234 23631234 1] 18213419
[1 19393585 19393585 1] 121
[1 13160359 13160359 1] 18158568
[1 27612903 27612903 1] 144
[1 19290072 19290072 1] 220
[1 6898538 6898538 1] 286
[1 29110700 29110700 1] 20123036
[1 18777857 18777857 1] 145
[1 4238336 4238336 1] 128
[1 20668364 20668364 1] 20722093
[1 4238336 4238336 1] 113
[1 23319848 23319848 1] 21537206
[1 6898538 6898538 1] 905
[1 13455737 13455737 1] 121
[1 12539391 12539391 1] 21415324
[1 8888229 8888229 1] 117
[1 19018457 19018457 1] 126
[1 25745792 25745792 1] 23025513
[1 19018457 19018457 1] 322
[1 22520060 22520060 1] 120
[1 20631492 20631492 1] 22998982
[1 5035326 5035326 1] 20430887
[1 17513927 17513927 1] 122
[1 24187517 24187517 1] 21913570
[1 3228459 3228459 1] 140
[1 3785405 3785405 1] 20442621
[1 22520060 22520060 1] 221
[1 21021531 21021531 1] 120
[1 15539863 15539863 1] 19978455
[1 4238336 4238336 1] 212
[1 4238336 4238336 1] 153
[1 22692686 22692686 1] 20825868
[1 5433484 5433484 1] 20096730
[1 4636916 4636916 1] 138
[1 18469912 18469912 1] 19875634
[1 12740050 12740050 1] 18559066
[1 23631234 23631234 1] 126
[1 8338083 8338083 1] 113
[1 16077376 16077376 1] 18133367
[1 12276966 12276966 1] 131
[1 9343769 9343769 1] 17725330
[1 19544919 19544919 1] 18788131
[1 27949909 27949909 1] 102
[1 14311575 14311575 1] 17679909
[1 13550254 13550254 1] 17644601
[1 17487132 17487132 1] 127
[1 15138378 15138378 1] 17146430
[1 23665124 23665124 1] 129
[1 18295500 18295500 1] 145
[1 24415776 24415776 1] 18646767
[1 12032920 12032920 1] 19075790
[1 19018457 19018457 1] 116
[1 16011018 16011018 1] 19250470
[1 4666329 4666329 1] 17248755
[1 13550254 13550254 1] 16612150
[1 19393585 19393585 1] 118
[1 2575056 2575056 1] 16229710
[1 2963859 2963859 1] 15884587
[1 11614770 11614770 1] 169
[1 20372662 20372662 1] 16683353
[1 21021531 21021531 1] 128
[1 10613074 10613074 1] 16505765
[1 29760493 29760493 1] 162
[1 12336504 12336504 1] 15902404
[1 16956430 16956430 1] 150
[1 24887344 24887344 1] 148
[1 4238336 4238336 1] 134
[1 7418419 7418419 1] 137
[1 29639007 29639007 1] 18163279
[1 5414640 5414640 1] 18080694
[1 14152275 14152275 1] 148
[1 23089413 23089413 1] 1347
[1 24880227 24880227 1] 19274561
[1 10387678 10387678 1] 19680957
[1 19290072 19290072 1] 137
[1 18703136 18703136 1] 131
[1 18703136 18703136 1] 127
[1 18703136 18703136 1] 130
[1 27963982 27963982 1] 22012138
[1 18295500 18295500 1] 121
[1 14887561 14887561 1] 22928757
[1 17077889 17077889 1] 122
[1 24433519 24433519 1] 24210016
[1 2597489 2597489 1] 169
[1 19018457 19018457 1] 154
[1 24429690 24429690 1] 144
[1 24429690 24429690 1] 278
[1 24627322 24627322 1] 25001223
[1 27612903 27612903 1] 221
[1 21021531 21021531 1] 123
[1 4238336 4238336 1] 746
[1 22994985 22994985 1] 26905093
[1 29639007 29639007 1] 124
[1 15996659 15996659 1] 243
[1 23794428 23794428 1] 28605915
[1 6473731 6473731 1] 138
[1 19018457 19018457 1] 125
[1 22970073 22970073 1] 29724951
[1 22520060 22520060 1] 130
[1 21245831 21245831 1] 31262756
[1 27336328 27336328 1] 974
[1 26370348 26370348 1] 33058886
[1 23387982 23387982 1] 161
[1 9653715 9653715 1] 32754244
[1 12262755 12262755 1] 143
[1 27963982 27963982 1] 34120545
[1 3189436 3189436 1] 33812271
[1 6930887 6930887 1] 179
[1 23665124 23665124 1] 117
[1 6898538 6898538 1] 122
[1 19054082 19054082 1] 151
[1 24945487 24945487 1] 34296643
[1 14989684 14989684 1] 33874723
[1 11449123 11449123 1] 33114478
[1 16956430 16956430 1] 214
[1 6473731 6473731 1] 182
[1 24102748 24102748 1] 33524909
[1 19018457 19018457 1] 140
[1 21305625 21305625 1] 137
[1 21021531 21021531 1] 130
[1 25311777 25311777 1] 35222132
[1 15138378 15138378 1] 133
[1 3725219 3725219 1] 34960585
[1 18703136 18703136 1] 154
[1 5748721 5748721 1] 32481286
[1 9121309 9121309 1] 32702078
[1 19018457 19018457 1] 129
[1 7076377 7076377 1] 32137148
[1 1252716 1252716 1] 31650765
[1 19018457 19018457 1] 117
[1 9121309 9121309 1] 31870644
[1 22520060 22520060 1] 118
[1 16956430 16956430 1] 139
[1 19018457 19018457 1] 133
[1 25771560 25771560 1] 33619535
[1 1489115 1489115 1] 30153834
[1 332232 332232 1] 27783608
[1 18777857 18777857 1] 119
[1 11323876 11323876 1] 27606323
[1 7418419 7418419 1] 128
[1 12999171 12999171 1] 764
[1 15256191 15256191 1] 185
[1 25202255 25202255 1] 28687868
[1 3199182 3199182 1] 27195576
[1 10554604 10554604 1] 27545242
[1 4238336 4238336 1] 1126
[1 23590182 23590182 1] 28526914
[1 332232 332232 1] 120
[1 18703136 18703136 1] 117
[1 22520060 22520060 1] 332
[1 29359416 29359416 1] 30609975
[1 4319530 4319530 1] 128
[1 21768826 21768826 1] 32276136
[1 3228459 3228459 1] 133
[1 19018457 19018457 1] 234
[1 15550552 15550552 1] 32692962
[1 22520060 22520060 1] 172
[1 14090033 14090033 1] 33411917
[1 18703136 18703136 1] 123
[1 25311777 25311777 1] 33957626
[1 27860000 27860000 1] 35942173
[1 9112298 9112298 1] 36245698
[1 19475777 19475777 1] 37399803
[1 10508861 10508861 1] 35381393
[1 17909212 17909212 1] 36390798
[1 23669087 23669087 1] 38029922
[1 8590931 8590931 1] 38218280
[1 794584 794584 1] 37691945
[1 20037526 20037526 1] 37683297
[1 14826622 14826622 1] 35428809
[1 22634226 22634226 1] 36323098
[1 13712351 13712351 1] 35170196
[1 14522072 14522072 1] 34689115
[1 22836611 22836611 1] 34414430
[1 1928578 1928578 1] 33999759
[1 8498977 8498977 1] 34205292
[1 754553 754553 1] 33678002
[1 23360100 23360100 1] 34675148
[1 26491299 26491299 1] 34772603
[1 6453196 6453196 1] 34753516
[1 6055806 6055806 1] 34705592
[1 14423429 14423429 1] 35436280
[1 24322198 24322198 1] 35833850
[1 28806446 28806446 1] 37270230
[1 2238284 2238284 1] 36258142
[1 3565422 3565422 1] 35367923

Results: 100.00 11774805

Standard Error: 623968
Mean Waiting Time: 1.17748e+07
Statistics for REP_PROB_PERCENT: 60

----------------------------------------
Running client with REP_PROB_PERCENT: 80
**********************************
DTU - OS Challenge - Client v0.20
**********************************
Total requests: 500
Start: 1
Difficulty: 30000000
Repetition probability (%): 80
Request delay (us): 600000
Priority disabled

[1 6930887 6930887 1] 632703
[1 6930887 6930887 1] 810018
[1 4238336 4238336 1] 620748
[1 6930887 6930887 1] 430
[1 4238336 4238336 1] 137
[1 6930887 6930887 1] 329
[1 29760493 29760493 1] 2677065
[1 4238336 4238336 1] 308
[1 6930887 6930887 1] 157
[1 4238336 4238336 1] 121
[1 22520060 22520060 1] 2943082
[1 6930887 6930887 1] 292
[1 29760493 29760493 1] 116
[1 4238336 4238336 1] 938
[1 21021531 21021531 1] 1907963
[1 4238336 4238336 1] 115
[1 4238336 4238336 1] 140
[1 21021531 21021531 1] 1967523
[1 4238336 4238336 1] 128
[1 29760493 29760493 1] 139
[1 4238336 4238336 1] 124
[1 19018457 19018457 1] 2092731
[1 6898538 6898538 1] 590410
[1 19018457 19018457 1] 109
[1 6930887 6930887 1] 111
[1 23594325 23594325 1] 2094222
[1 6930887 6930887 1] 11447
[1 19018457 19018457 1] 154
[1 14268981 14268981 1] 1761744
[1 21021531 21021531 1] 586
[1 15497282 15497282 1] 1410178
[1 6930887 6930887 1] 163
[1 19018457 19018457 1] 167
[1 4238336 4238336 1] 153
[1 27336328 27336328 1] 2761558
[1 4238336 4238336 1] 132
[1 29760493 29760493 1] 111
[1 4238336 4238336 1] 108
[1 27336328 27336328 1] 3403686
[1 14268981 14268981 1] 190
[1 21100546 21100546 1] 4078484
[1 27336328 27336328 1] 138
[1 6930887 6930887 1] 141
[1 21021531 21021531 1] 834
[1 4238336 4238336 1] 158
[1 26426809 26426809 1] 4032836
[1 4238336 4238336 1] 116
[1 19393585 19393585 1] 4619899
[1 6930887 6930887 1] 1627
[1 6930887 6930887 1] 223
[1 19393585 19393585 1] 2767166
[1 6297540 6297540 1] 2742637
[1 19018457 19018457 1] 135
[1 6930887 6930887 1] 122
[1 13480571 13480571 1] 3396793
[1 4238336 4238336 1] 114
[1 27336328 27336328 1] 114
[1 6930887 6930887 1] 125
[1 27612903 27612903 1] 4217893
[1 29760493 29760493 1] 130
[1 23209442 23209442 1] 3920759
[1 4238336 4238336 1] 158
[1 27336328 27336328 1] 222
[1 27612903 27612903 1] 5223712
[1 6930887 6930887 1] 145
[1 6930887 6930887 1] 239
[1 27336328 27336328 1] 207
[1 6930887 6930887 1] 127
[1 27905772 27905772 1] 5870359
[1 6930887 6930887 1] 118
[1 27905772 27905772 1] 298
[1 12890676 12890676 1] 6408660
[1 27612903 27612903 1] 144
[1 19018457 19018457 1] 125
[1 14872354 14872354 1] 5949691
[1 14268981 14268981 1] 153
[1 12276966 12276966 1] 6492978
[1 19018457 19018457 1] 115
[1 19018457 19018457 1] 140
[1 19393585 19393585 1] 122
[1 19700724 19700724 1] 2997335
[1 23594325 23594325 1] 135
[1 19018457 19018457 1] 141
[1 4238336 4238336 1] 295
[1 19018457 19018457 1] 321
[1 21021531 21021531 1] 138
[1 29441501 29441501 1] 2636284
[1 2275857 2275857 1] 1035640
[1 29760493 29760493 1] 127
[1 4238336 4238336 1] 131
[1 6930887 6930887 1] 198
[1 6930887 6930887 1] 198
[1 27612903 27612903 1] 116
[1 6930887 6930887 1] 109
[1 21021531 21021531 1] 174
[1 6930887 6930887 1] 131
[1 6930887 6930887 1] 102
[1 4238336 4238336 1] 413
[1 21021531 21021531 1] 126
[1 6930887 6930887 1] 314
[1 6930887 6930887 1] 399
[1 26426809 26426809 1] 117
[1 4238336 4238336 1] 892
[1 6930887 6930887 1] 152
[1 4238336 4238336 1] 138
[1 19018457 19018457 1] 132
[1 4238336 4238336 1] 153
[1 6930887 6930887 1] 115
[1 4238336 4238336 1] 111
[1 6930887 6930887 1] 150
[1 29760493 29760493 1] 118
[1 22520060 22520060 1] 226
[1 18295500 18295500 1] 1705124
[1 6930887 6930887 1] 520
[1 19700724 19700724 1] 234
[1 4238336 4238336 1] 178
[1 6930887 6930887 1] 147
[1 27905772 27905772 1] 174
[1 6939508 6939508 1] 647716
[1 19018457 19018457 1] 116
[1 4238336 4238336 1] 217
[1 21100546 21100546 1] 125
[1 29760493 29760493 1] 143
[1 6898538 6898538 1] 145
[1 24887344 24887344 1] 2342896
[1 6930887 6930887 1] 118
[1 19700724 19700724 1] 110
[1 19018457 19018457 1] 110
[1 22520060 22520060 1] 115
[1 19018457 19018457 1] 116
[1 21021531 21021531 1] 628
[1 19393585 19393585 1] 136
[1 22520060 22520060 1] 150
[1 8213259 8213259 1] 775841
[1 4238336 4238336 1] 117
[1 4238336 4238336 1] 113
[1 4238336 4238336 1] 652
[1 6939508 6939508 1] 129
[1 15497282 15497282 1] 1231
[1 29760493 29760493 1] 112
[1 27905772 27905772 1] 121
[1 7684931 7684931 1] 738650
[1 4238336 4238336 1] 176
[1 6930887 6930887 1] 128
[1 19700724 19700724 1] 117
[1 23387982 23387982 1] 2193306
[1 1252997 1252997 1] 1705977
[1 21021531 21021531 1] 130
[1 17681096 17681096 1] 1598047
[1 6911341 6911341 1] 1021511
[1 4238336 4238336 1] 120
[1 29760493 29760493 1] 103
[1 21021531 21021531 1] 145
[1 4238336 4238336 1] 560
[1 23327685 23327685 1] 2519632
[1 19700724 19700724 1] 197
[1 6939508 6939508 1] 115
[1 4238336 4238336 1] 113
[1 23089413 23089413 1] 2077606
[1 2275857 2275857 1] 102
[1 26426809 26426809 1] 108
[1 19700724 19700724 1] 966
[1 6930887 6930887 1] 139
[1 4238336 4238336 1] 180
[1 6930887 6930887 1] 137
[1 4238336 4238336 1] 128
[1 27612903 27612903 1] 114
[1 27612903 27612903 1] 130
[1 4238336 4238336 1] 139
[1 27336328 27336328 1] 136
[1 19393585 19393585 1] 251
[1 15996659 15996659 1] 1461698
[1 6930887 6930887 1] 155
[1 19054082 19054082 1] 1744402
[1 23327685 23327685 1] 525
[1 15996659 15996659 1] 569
[1 22520060 22520060 1] 142
[1 21021531 21021531 1] 119
[1 26811973 26811973 1] 2973967
[1 23327685 23327685 1] 135
[1 23594325 23594325 1] 124
[1 26340714 26340714 1] 2396067
[1 4238336 4238336 1] 136
[1 27612903 27612903 1] 112
[1 15256191 15256191 1] 3181841
[1 19700724 19700724 1] 125
[1 23089413 23089413 1] 117
[1 22218005 22218005 1] 2196396
[1 26426809 26426809 1] 150
[1 27612903 27612903 1] 137
[1 19018457 19018457 1] 589
[1 22218005 22218005 1] 3676871
[1 4238336 4238336 1] 120
[1 19700724 19700724 1] 136
[1 6930887 6930887 1] 120
[1 20223206 20223206 1] 2516170
[1 22520060 22520060 1] 119
[1 6930887 6930887 1] 1956
[1 26426809 26426809 1] 169
[1 26426809 26426809 1] 866
[1 14872354 14872354 1] 109
[1 19700724 19700724 1] 123
[1 26902022 26902022 1] 2531002
[1 21021531 21021531 1] 119
[1 7684931 7684931 1] 125
[1 15497282 15497282 1] 263
[1 21021531 21021531 1] 233
[1 19018457 19018457 1] 131
[1 11999755 11999755 1] 1087121
[1 4238336 4238336 1] 115
[1 6930887 6930887 1] 107
[1 4238336 4238336 1] 193
[1 6930887 6930887 1] 914
[1 23594325 23594325 1] 128
[1 24549798 24549798 1] 2225753
[1 8213259 8213259 1] 806
[1 27612903 27612903 1] 138
[1 19700724 19700724 1] 164
[1 19700724 19700724 1] 158
[1 25519126 25519126 1] 2316188
[1 15256191 15256191 1] 105
[1 6930887 6930887 1] 211
[1 29760493 29760493 1] 210
[1 4238336 4238336 1] 678
[1 19700724 19700724 1] 142
[1 29760493 29760493 1] 131
[1 10697698 10697698 1] 961576
[1 4238336 4238336 1] 1294
[1 19393585 19393585 1] 131
[1 24887344 24887344 1] 232
[1 29760493 29760493 1] 1016
[1 23571044 23571044 1] 2507969
[1 19018457 19018457 1] 238
[1 4238336 4238336 1] 110
[1 19700724 19700724 1] 123
[1 22520060 22520060 1] 119
[1 4238336 4238336 1] 130
[1 22520060 22520060 1] 114
[1 27905772 27905772 1] 306
[1 10636430 10636430 1] 964563
[1 6930887 6930887 1] 129
[1 6930887 6930887 1] 216
[1 19018457 19018457 1] 122
[1 26426809 26426809 1] 111
[1 2275857 2275857 1] 109
[1 11585796 11585796 1] 1046278
[1 6898538 6898538 1] 129
[1 19018457 19018457 1] 123
[1 12655341 12655341 1] 1129662
[1 4238336 4238336 1] 290
[1 19393585 19393585 1] 189
[1 4238336 4238336 1] 199
[1 6911341 6911341 1] 125
[1 5526310 5526310 1] 493055
[1 27336328 27336328 1] 113
[1 22495426 22495426 1] 2064173
[1 2275857 2275857 1] 159
[1 9806368 9806368 1] 2397213
[1 4238336 4238336 1] 101
[1 29760493 29760493 1] 147
[1 21021531 21021531 1] 989
[1 16631627 16631627 1] 2742820
[1 27336328 27336328 1] 145
[1 21021531 21021531 1] 594
[1 19393585 19393585 1] 116
[1 19700724 19700724 1] 124
[1 26426809 26426809 1] 114
[1 27905772 27905772 1] 116
[1 4238336 4238336 1] 135
[1 21021531 21021531 1] 127
[1 27612903 27612903 1] 500
[1 27336328 27336328 1] 130
[1 29441501 29441501 1] 111
[1 4238336 4238336 1] 146
[1 6939508 6939508 1] 107
[1 19700724 19700724 1] 137
[1 6898538 6898538 1] 127
[1 17681096 17681096 1] 116
[1 14152275 14152275 1] 1208608
[1 27612903 27612903 1] 117
[1 19018457 19018457 1] 131
[1 17077889 17077889 1] 1723223
[1 21021531 21021531 1] 230
[1 17077889 17077889 1] 191
[1 22520060 22520060 1] 104
[1 15996659 15996659 1] 140
[1 4238336 4238336 1] 163
[1 19018457 19018457 1] 460
[1 26426809 26426809 1] 133
[1 29760493 29760493 1] 129
[1 14872354 14872354 1] 270
[1 6930887 6930887 1] 1244
[1 6939508 6939508 1] 134
[1 29760493 29760493 1] 115
[1 26620484 26620484 1] 2504612
[1 21021531 21021531 1] 124
[1 21021531 21021531 1] 118
[1 26426809 26426809 1] 113
[1 4238336 4238336 1] 158
[1 26426809 26426809 1] 111
[1 6930887 6930887 1] 107
[1 13160359 13160359 1] 1205288
[1 23387982 23387982 1] 133
[1 6898538 6898538 1] 117
[1 21021531 21021531 1] 998
[1 4238336 4238336 1] 189
[1 12539391 12539391 1] 1150743
[1 19700724 19700724 1] 172
[1 22520060 22520060 1] 1134
[1 26426809 26426809 1] 138
[1 27336328 27336328 1] 115
[1 25745792 25745792 1] 2988482
[1 29760493 29760493 1] 114
[1 4238336 4238336 1] 137
[1 19393585 19393585 1] 201
[1 5035326 5035326 1] 448715
[1 4238336 4238336 1] 103
[1 17077889 17077889 1] 156
[1 24187517 24187517 1] 2195492
[1 15256191 15256191 1] 111
[1 3785405 3785405 1] 740798
[1 29760493 29760493 1] 109
[1 21021531 21021531 1] 194
[1 6930887 6930887 1] 162
[1 29760493 29760493 1] 880
[1 17077889 17077889 1] 496
[1 12655341 12655341 1] 112
[1 6930887 6930887 1] 103
[1 19393585 19393585 1] 131
[1 27612903 27612903 1] 118
[1 15497282 15497282 1] 116
[1 18469912 18469912 1] 1670027
[1 6898538 6898538 1] 122
[1 4238336 4238336 1] 131
[1 27336328 27336328 1] 220
[1 4238336 4238336 1] 122
[1 4238336 4238336 1] 144
[1 16077376 16077376 1] 1458268
[1 9343769 9343769 1] 1110264
[1 6898538 6898538 1] 131
[1 6930887 6930887 1] 112
[1 23594325 23594325 1] 114
[1 19544919 19544919 1] 2313144
[1 19018457 19018457 1] 163
[1 14311575 14311575 1] 1335576
[1 19018457 19018457 1] 448
[1 22520060 22520060 1] 154
[1 13550254 13550254 1] 1364018
[1 27336328 27336328 1] 124
[1 2275857 2275857 1] 148
[1 6930887 6930887 1] 116
[1 12032920 12032920 1] 1088177
[1 26426809 26426809 1] 124
[1 22520060 22520060 1] 357
[1 16011018 16011018 1] 1472785
[1 21021531 21021531 1] 915
[1 22520060 22520060 1] 150
[1 4238336 4238336 1] 209
[1 4238336 4238336 1] 134
[1 13550254 13550254 1] 155
[1 4238336 4238336 1] 1474
[1 2963859 2963859 1] 270251
[1 6930887 6930887 1] 120
[1 15996659 15996659 1] 126
[1 26426809 26426809 1] 403
[1 4238336 4238336 1] 130
[1 10613074 10613074 1] 978094
[1 12276966 12276966 1] 113
[1 27612903 27612903 1] 155
[1 14872354 14872354 1] 137
[1 4238336 4238336 1] 139
[1 14872354 14872354 1] 106
[1 29639007 29639007 1] 2765254
[1 5414640 5414640 1] 2673274
[1 6930887 6930887 1] 220
[1 29760493 29760493 1] 544
[1 27612903 27612903 1] 838
[1 29760493 29760493 1] 121
[1 27963982 27963982 1] 2731399
[1 18295500 18295500 1] 113
[1 6930887 6930887 1] 109
[1 23594325 23594325 1] 182
[1 14311575 14311575 1] 109
[1 19018457 19018457 1] 122
[1 29760493 29760493 1] 210
[1 19393585 19393585 1] 105
[1 22970073 22970073 1] 1987815
[1 27336328 27336328 1] 117
[1 22218005 22218005 1] 1317
[1 27963982 27963982 1] 196
[1 21245831 21245831 1] 3255541
[1 3189436 3189436 1] 275410
[1 21021531 21021531 1] 161
[1 29760493 29760493 1] 135
[1 6930887 6930887 1] 550
[1 24887344 24887344 1] 122
[1 4238336 4238336 1] 109
[1 24945487 24945487 1] 2127304
[1 4238336 4238336 1] 203
[1 4238336 4238336 1] 1241
[1 21021531 21021531 1] 116
[1 14152275 14152275 1] 113
[1 23089413 23089413 1] 197
[1 6930887 6930887 1] 184
[1 6930887 6930887 1] 896
[1 29760493 29760493 1] 184
[1 15497282 15497282 1] 124
[1 4238336 4238336 1] 700
[1 4238336 4238336 1] 141
[1 4238336 4238336 1] 117
[1 5748721 5748721 1] 589819
[1 18295500 18295500 1] 113
[1 9121309 9121309 1] 952172
[1 7076377 7076377 1] 680946
[1 1252716 1252716 1] 200490
[1 9121309 9121309 1] 125
[1 17077889 17077889 1] 129
[1 19393585 19393585 1] 125
[1 19018457 19018457 1] 160
[1 27336328 27336328 1] 147
[1 25771560 25771560 1] 2448557
[1 27336328 27336328 1] 119
[1 1489115 1489115 1] 141402
[1 27612903 27612903 1] 113
[1 21021531 21021531 1] 134
[1 4238336 4238336 1] 138
[1 332232 332232 1] 32029
[1 29639007 29639007 1] 213
[1 15996659 15996659 1] 130
[1 11323876 11323876 1] 1072688
[1 19700724 19700724 1] 165
[1 19018457 19018457 1] 640
[1 25202255 25202255 1] 2438696
[1 3199182 3199182 1] 944577
[1 22520060 22520060 1] 122
[1 10554604 10554604 1] 1370456
[1 27336328 27336328 1] 266
[1 23590182 23590182 1] 2412493
[1 23387982 23387982 1] 127
[1 19700724 19700724 1] 186
[1 6930887 6930887 1] 251
[1 29359416 29359416 1] 4709602
[1 14152275 14152275 1] 219
[1 6930887 6930887 1] 124
[1 21768826 21768826 1] 6180188
[1 29760493 29760493 1] 137
[1 6898538 6898538 1] 153
[1 15550552 15550552 1] 6473841
[1 19054082 19054082 1] 159
[1 26426809 26426809 1] 658
[1 14090033 14090033 1] 7235797
[1 6930887 6930887 1] 117
[1 27860000 27860000 1] 7583594
[1 19700724 19700724 1] 115
[1 19018457 19018457 1] 135
[1 19475777 19475777 1] 8238824
[1 4238336 4238336 1] 278
[1 21021531 21021531 1] 749
[1 27336328 27336328 1] 193
[1 17909212 17909212 1] 6374413
[1 4238336 4238336 1] 489
[1 19018457 19018457 1] 831
[1 23669087 23669087 1] 8064070
[1 19018457 19018457 1] 150
[1 8590931 8590931 1] 8287178
[1 794584 794584 1] 7763662
[1 22520060 22520060 1] 150
[1 6930887 6930887 1] 452
[1 19018457 19018457 1] 149
[1 20037526 20037526 1] 7959592
[1 27336328 27336328 1] 137
[1 27336328 27336328 1] 134
[1 14826622 14826622 1] 5793318
[1 4238336 4238336 1] 140
[1 19018457 19018457 1] 131
[1 15256191 15256191 1] 131
[1 22634226 22634226 1] 6766969
[1 13712351 13712351 1] 5682055
[1 4238336 4238336 1] 139
[1 4238336 4238336 1] 265
[1 332232 332232 1] 118
[1 22836611 22836611 1] 3706109
[1 1928578 1928578 1] 3291202
[1 4238336 4238336 1] 121
[1 8498977 8498977 1] 3509031
[1 754553 754553 1] 2982657
[1 22520060 22520060 1] 113
[1 4238336 4238336 1] 111
[1 6930887 6930887 1] 144
[1 6453196 6453196 1] 639122
[1 19018457 19018457 1] 896
[1 4238336 4238336 1] 156
[1 26426809 26426809 1] 641
[1 21021531 21021531 1] 114
[1 19018457 19018457 1] 125
[1 25202255 25202255 1] 130
[1 22520060 22520060 1] 88
[1 2238284 2238284 1] 189157
[1 4238336 4238336 1] 121
[1 3565422 3565422 1] 301466

Results: 100.00 640331

Standard Error: 67697.2
Mean Waiting Time: 640332
Statistics for REP_PROB_PERCENT: 80

----------------------------------------
