Running client with REP_PROB_PERCENT: 0
**********************************
DTU - OS Challenge - Client v0.20
**********************************
Total requests: 500
Start: 1
Difficulty: 30000000
Repetition probability (%): 0
Request delay (us): 600000
Priority disabled

[1 6930887 6930887 1] 533495
[1 4636916 4636916 1] 350753
[1 4238336 4238336 1] 322209
[1 29760493 29760493 1] 2376034
[1 19641422 19641422 1] 3272739
[1 490028 490028 1] 2709569
[1 22520060 22520060 1] 3801551
[1 17513927 17513927 1] 4534124
[1 10383427 10383427 1] 4715787
[1 13455737 13455737 1] 5129488
[1 11595369 11595369 1] 5408206
[1 16956430 16956430 1] 6104518
[1 21021531 21021531 1] 7102713
[1 23665124 23665124 1] 8306445
[1 18703136 18703136 1] 9129877
[1 1979803 1979803 1] 8680897
[1 5723059 5723059 1] 8556134
[1 15898168 15898168 1] 9203862
[1 19018457 19018457 1] 10126570
[1 6478043 6478043 1] 10035156
[1 3377374 3377374 1] 9691490
[1 24544920 24544920 1] 10984591
[1 6898538 6898538 1] 10914528
[1 23594325 23594325 1] 12233277
[1 28664371 28664371 1] 13980821
[1 4803527 4803527 1] 13752334
[1 14268981 14268981 1] 14273693
[1 29241874 29241874 1] 15988505
[1 12999171 12999171 1] 16417289
[1 15497282 15497282 1] 17078366
[1 14420926 14420926 1] 17639569
[1 27336328 27336328 1] 19303943
[1 19126506 19126506 1] 20436063
[1 12621730 12621730 1] 20968484
[1 23925858 23925858 1] 22501473
[1 24353896 24353896 1] 24055166
[1 21100546 21100546 1] 25318045
[1 18233368 18233368 1] 26322283
[1 25990365 25990365 1] 27997460
[1 10313751 10313751 1] 28298941
[1 26426809 26426809 1] 30008771
[1 29947179 29947179 1] 32046060
[1 19393585 19393585 1] 33132637
[1 28502652 28502652 1] 35029002
[1 4612400 4612400 1] 34829057
[1 4095061 4095061 1] 34585560
[1 13993369 13993369 1] 35201864
[1 4210013 4210013 1] 34966759
[1 9698587 9698587 1] 35212834
[1 6297540 6297540 1] 35163273
[1 13480571 13480571 1] 35747964
[1 25960379 25960379 1] 37421754
[1 2066602 2066602 1] 37005156
[1 27612903 27612903 1] 38835409
[1 3570493 3570493 1] 38546990
[1 260757 260757 1] 37969847
[1 5560281 5560281 1] 37855246
[1 23209442 23209442 1] 39292774
[1 24429690 24429690 1] 40836937
[1 27346620 27346620 1] 42640315
[1 744730 744730 1] 42105064
[1 13108118 13108118 1] 42652653
[1 24544920 24544920 1] 113
[1 27905772 27905772 1] 44527350
[1 12890676 12890676 1] 45070469
[1 11698928 11698928 1] 45504357
[1 18777857 18777857 1] 46544469
[1 14872354 14872354 1] 47248747
[1 12276966 12276966 1] 47719014
[1 23964684 23964684 1] 49213455
[1 10028625 10028625 1] 49506612
[1 332872 332872 1] 48936440
[1 10048830 10048830 1] 49216797
[1 5530020 5530020 1] 49098938
[1 13363369 13363369 1] 49666197
[1 7486716 7486716 1] 49716053
[1 11518150 11518150 1] 50116771
[1 19700724 19700724 1] 51237747
[1 18002246 18002246 1] 52196842
[1 19493452 19493452 1] 53292353
[1 20243556 20243556 1] 54479220
[1 2597489 2597489 1] 54107751
[1 8888229 8888229 1] 54289395
[1 18792351 18792351 1] 55344113
[1 29441501 29441501 1] 57322690
[1 26087765 26087765 1] 59009117
[1 5324915 5324915 1] 58875957
[1 2275857 2275857 1] 58476015
[1 27346492 27346492 1] 60279145
[1 1148366 1148366 1] 59795656
[1 20281937 20281937 1] 60969378
[1 16452552 16452552 1] 61802180
[1 11899229 11899229 1] 62248812
[1 3975408 3975408 1] 61995429
[1 6276122 6276122 1] 61940994
[1 794396 794396 1] 61410187
[1 24661238 24661238 1] 62958110
[1 573794 573794 1] 62407950
[1 15894429 15894429 1] 63209889
[1 7231012 7231012 1] 63241932
[1 14639530 14639530 1] 63921141
[1 7322405 7322405 1] 63957568
[1 12255764 12255764 1] 64426711
[1 573794 573794 1] 131
[1 17854539 17854539 1] 65432884
[1 12436841 12436841 1] 65929297
[1 15344819 15344819 1] 66691567
[1 22670689 22670689 1] 68521818
[1 12067918 12067918 1] 69241870
[1 20466997 20466997 1] 70828200
[1 16987744 16987744 1] 72022953
[1 9512184 9512184 1] 72420634
[1 18295500 18295500 1] 73728633
[1 16206726 16206726 1] 74883475
[1 2755591 2755591 1] 74574982
[1 3268140 3268140 1] 74313502
[1 12469787 12469787 1] 75029713
[1 8338083 8338083 1] 75296603
[1 20388465 20388465 1] 76804622
[1 6939508 6939508 1] 76919526
[1 25228805 25228805 1] 78937773
[1 22278612 22278612 1] 80653456
[1 17127829 17127829 1] 81820590
[1 24887344 24887344 1] 83780207
[1 2035569 2035569 1] 83390611
[1 24429690 24429690 1] 147
[1 27755423 27755423 1] 85609308
[1 24613811 24613811 1] 87534525
[1 19321802 19321802 1] 88914941
[1 6473731 6473731 1] 88972371
[1 26811306 26811306 1] 91126043
[1 15178737 15178737 1] 92078349
[1 14248627 14248627 1] 92929880
[1 503466 503466 1] 92380184
[1 12473417 12473417 1] 93057204
[1 8213259 8213259 1] 93298937
[1 24167638 24167638 1] 95174839
[1 23665124 23665124 1] 566
[1 21305625 21305625 1] 96770955
[1 13911900 13911900 1] 97002180
[1 20145551 20145551 1] 98504021
[1 19290072 19290072 1] 99868030
[1 17487132 17487132 1] 101034330
[1 7684931 7684931 1] 101215293
[1 21845895 21845895 1] 102822183
[1 7370164 7370164 1] 102971582
[1 23387982 23387982 1] 104736063
[1 1252997 1252997 1] 104263557
[1 2713774 2713774 1] 103935578
[1 12739669 12739669 1] 104636375
[1 17681096 17681096 1] 105854601
[1 17116467 17116467 1] 106982582
[1 6911341 6911341 1] 107078762
[1 23327685 23327685 1] 108823894
[1 16855543 16855543 1] 109923004
[1 7379108 7379108 1] 110114180
[1 18219757 18219757 1] 111467983
[1 7418419 7418419 1] 111630571
[1 23089413 23089413 1] 113362474
[1 25032173 25032173 1] 115287355
[1 29262010 29262010 1] 117649315
[1 28625211 28625211 1] 119964379
[1 7467588 7467588 1] 120109991
[1 25319302 25319302 1] 122083093
[1 26667373 26667373 1] 124198056
[1 20401256 20401256 1] 125676121
[1 24044600 24044600 1] 127508523
[1 21229905 21229905 1] 129076478
[1 15939812 15939812 1] 130082223
[1 16915668 16915668 1] 131197059
[1 29346229 29346229 1] 133601924
[1 4829151 4829151 1] 133490150
[1 15996659 15996659 1] 134515165
[1 5789225 5789225 1] 134504814
[1 9867270 9867270 1] 134910563
[1 19054082 19054082 1] 136251045
[1 15740085 15740085 1] 137250625
[1 26811973 26811973 1] 139378884
[1 73851 73851 1] 138786319
[1 15905386 15905386 1] 139817537
[1 7739300 7739300 1] 140010186
[1 23606043 23606043 1] 141823279
[1 26340714 26340714 1] 143963269
[1 24429690 24429690 1] 136
[1 15256191 15256191 1] 144990304
[1 6942591 6942591 1] 145097842
[1 10108582 10108582 1] 145522915
[1 21499337 21499337 1] 147129294
[1 6371156 6371156 1] 147178669
[1 22218005 22218005 1] 148854042
[1 11614770 11614770 1] 149437505
[1 12981777 12981777 1] 150222704
[1 6247256 6247256 1] 150271214
[1 18348143 18348143 1] 151633206
[1 4445885 4445885 1] 151486328
[1 20223206 20223206 1] 152955793
[1 27679568 27679568 1] 155190803
[1 21690614 21690614 1] 156923710
[1 12262755 12262755 1] 157604056
[1 1154260 1154260 1] 157122808
[1 12828203 12828203 1] 157828851
[1 24723507 24723507 1] 159754151
[1 26902022 26902022 1] 161896521
[1 20390869 20390869 1] 163405415
[1 6235190 6235190 1] 163443033
[1 27949909 27949909 1] 165710799
[1 27210499 27210499 1] 167884890
[1 18518809 18518809 1] 169171905
[1 4686249 4686249 1] 169048438
[1 19033334 19033334 1] 170404237
[1 20321649 20321649 1] 171901030
[1 11999755 11999755 1] 172536705
[1 2251747 2251747 1] 172172802
[1 4319530 4319530 1] 172017970
[1 24549798 24549798 1] 173348954
[1 26086991 26086991 1] 175462385
[1 10003034 10003034 1] 175897779
[1 18012498 18012498 1] 177154401
[1 21294893 21294893 1] 178740811
[1 25519126 25519126 1] 180776339
[1 24613997 24613997 1] 182721946
[1 25209189 25209189 1] 184711972
[1 8703730 8703730 1] 185006913
[1 15032461 15032461 1] 185951361
[1 21543922 21543922 1] 187576121
[1 2026305 2026305 1] 187182937
[1 18388028 18388028 1] 188524752
[1 2266749 2266749 1] 188164490
[1 1308903 1308903 1] 187705456
[1 10697698 10697698 1] 188222418
[1 23571044 23571044 1] 190059063
[1 15132003 15132003 1] 191015618
[1 24806404 24806404 1] 192974917
[1 24887344 24887344 1] 194933691
[1 9908539 9908539 1] 195359239
[1 12895152 12895152 1] 196075430
[1 12282135 12282135 1] 196742032
[1 171693 171693 1] 196159845
[1 20516128 20516128 1] 197680908
[1 13755630 13755630 1] 198500688
[1 15590965 15590965 1] 199508298
[1 10636430 10636430 1] 200014054
[1 2576336 2576336 1] 199679865
[1 9202901 9202901 1] 200018305
[1 19407972 19407972 1] 201419791
[1 12260290 12260290 1] 202093717
[1 21717989 21717989 1] 203766315
[1 11585796 11585796 1] 204374938
[1 13053145 13053145 1] 205121206
[1 27658391 27658391 1] 207381843
[1 12655341 12655341 1] 208088811
[1 10000570 10000570 1] 208512938
[1 1174233 1174233 1] 208030411
[1 10956043 10956043 1] 208554130
[1 20409118 20409118 1] 210087651
[1 16266762 16266762 1] 211180813
[1 5526310 5526310 1] 211166501
[1 22495426 22495426 1] 212871440
[1 9806368 9806368 1] 213275796
[1 24504235 24504235 1] 215199494
[1 16631627 16631627 1] 216319642
[1 7226058 7226058 1] 216464402
[1 16673169 16673169 1] 217591229
[1 7390359 7390359 1] 217762424
[1 6947387 6947387 1] 217869505
[1 10634995 10634995 1] 217759802
[1 27056553 27056553 1] 219970246
[1 7893530 7893530 1] 220203284
[1 28532291 28532291 1] 222615983
[1 27756971 27756971 1] 224907530
[1 16819081 16819081 1] 226036728
[1 24218594 24218594 1] 227922968
[1 6418628 6418628 1] 227979381
[1 18561887 18561887 1] 229281128
[1 10788356 10788356 1] 229796699
[1 2720091 2720091 1] 229476121
[1 26059480 26059480 1] 231575245
[1 1858970 1858970 1] 231164882
[1 14152275 14152275 1] 232027490
[1 16047642 16047642 1] 233084060
[1 10925434 10925434 1] 233614746
[1 17077889 17077889 1] 234790364
[1 3524567 3524567 1] 234544521
[1 11027285 11027285 1] 235073480
[1 5790418 5790418 1] 235075161
[1 29372261 29372261 1] 237501267
[1 7100238 7100238 1] 237627637
[1 9473060 9473060 1] 238010345
[1 22648519 22648519 1] 239739234
[1 21990784 21990784 1] 241412103
[1 3228459 3228459 1] 241149561
[1 3967638 3967638 1] 240964916
[1 26620484 26620484 1] 243117492
[1 27770479 27770479 1] 245395026
[1 27149315 27149315 1] 247602872
[1 12645730 12645730 1] 248291710
[1 11089439 11089439 1] 248221394
[1 7211389 7211389 1] 248359255
[1 23631234 23631234 1] 250210422
[1 25933682 25933682 1] 252289996
[1 13160359 13160359 1] 253063165
[1 29110700 29110700 1] 255449113
[1 24101840 24101840 1] 257327834
[1 20668364 20668364 1] 258853218
[1 20228795 20228795 1] 260355762
[1 23319848 23319848 1] 262177401
[1 18217463 18217463 1] 263481788
[1 12539391 12539391 1] 264164824
[1 25745792 25745792 1] 266210684
[1 7355116 7355116 1] 266357357
[1 12796158 12796158 1] 267080407
[1 20631492 20631492 1] 268593817
[1 4462952 4462952 1] 268454702
[1 11035022 11035022 1] 268989954
[1 18393741 18393741 1] 270291422
[1 3614031 3614031 1] 270066347
[1 5035326 5035326 1] 269990243
[1 24187517 24187517 1] 271891949
[1 2033003 2033003 1] 271500931
[1 27746140 27746140 1] 273755662
[1 3785405 3785405 1] 273544474
[1 28974581 28974581 1] 275908032
[1 6039022 6039022 1] 275924296
[1 15539863 15539863 1] 276923673
[1 16235380 16235380 1] 278005436
[1 22692686 22692686 1] 279755858
[1 18299905 18299905 1] 281057463
[1 5433484 5433484 1] 281020790
[1 6199760 6199760 1] 281061236
[1 15889745 15889745 1] 282092674
[1 18469912 18469912 1] 283396386
[1 8663951 8663951 1] 283698573
[1 29777561 29777561 1] 286194888
[1 17675106 17675106 1] 287431593
[1 12740050 12740050 1] 288153645
[1 6588712 6588712 1] 288228260
[1 1519935 1519935 1] 287783899
[1 16077376 16077376 1] 288831837
[1 29593615 29593615 1] 291273983
[1 9343769 9343769 1] 291635290
[1 19544919 19544919 1] 293038043
[1 27376883 27376883 1] 295269908
[1 27876983 27876983 1] 297567476
[1 13124031 13124031 1] 298384258
[1 14311575 14311575 1] 299271320
[1 11186594 11186594 1] 299839867
[1 13550254 13550254 1] 300647307
[1 8803075 8803075 1] 300958558
[1 17734714 17734714 1] 302189102
[1 15138378 15138378 1] 303146427
[1 24415776 24415776 1] 305096884
[1 12032920 12032920 1] 305748916
[1 9806733 9806733 1] 306165665
[1 16011018 16011018 1] 307219854
[1 24760236 24760236 1] 309159515
[1 7745692 7745692 1] 309359301
[1 22423944 22423944 1] 311087993
[1 4666329 4666329 1] 310970269
[1 20449292 20449292 1] 312489565
[1 6894019 6894019 1] 312602534
[1 11836837 11836837 1] 313222808
[1 2575056 2575056 1] 312892438
[1 2963859 2963859 1] 312596951
[1 8714905 8714905 1] 312890645
[1 20372662 20372662 1] 314422682
[1 3689686 3689686 1] 314204412
[1 10613074 10613074 1] 314708571
[1 5756852 5756852 1] 314702746
[1 26349251 26349251 1] 316869103
[1 12336504 12336504 1] 317543387
[1 29639007 29639007 1] 320057405
[1 5414640 5414640 1] 320024867
[1 7721121 7721121 1] 320233861
[1 24880227 24880227 1] 322227285
[1 10387678 10387678 1] 322706606
[1 27963982 27963982 1] 325004759
[1 14887561 14887561 1] 325942849
[1 127956 127956 1] 325355664
[1 24433519 24433519 1] 327272762
[1 21066343 21066343 1] 328852529
[1 10245197 10245197 1] 329314674
[1 24627322 24627322 1] 331285722
[1 22994985 22994985 1] 333046553
[1 23794428 23794428 1] 335019842
[1 22152041 22152041 1] 336756303
[1 22970073 22970073 1] 338532447
[1 21245831 21245831 1] 340121522
[1 26370348 26370348 1] 342307877
[1 20982031 20982031 1] 343878882
[1 9653715 9653715 1] 344276045
[1 18057523 18057523 1] 345540746
[1 18626925 18626925 1] 346874543
[1 3189436 3189436 1] 346604546
[1 15829205 15829205 1] 347647070
[1 22630444 22630444 1] 349404694
[1 24945487 24945487 1] 351367822
[1 26684279 26684279 1] 353523983
[1 6250263 6250263 1] 353569980
[1 14989684 14989684 1] 354516227
[1 21539849 21539849 1] 356141033
[1 1208325 1208325 1] 355665043
[1 11449123 11449123 1] 356239440
[1 7927336 7927336 1] 356462339
[1 3937458 3937458 1] 356268214
[1 24102748 24102748 1] 358175400
[1 25311777 25311777 1] 360207592
[1 3725219 3725219 1] 359993199
[1 27621704 27621704 1] 362254166
[1 15209934 15209934 1] 363212774
[1 17053960 17053960 1] 364371441
[1 2862807 2862807 1] 364063209
[1 5748721 5748721 1] 364048526
[1 9121309 9121309 1] 364380085
[1 1742699 1742699 1] 363957059
[1 7076377 7076377 1] 364091074
[1 1252716 1252716 1] 363631107
[1 2825172 2825172 1] 363332491
[1 25771560 25771560 1] 365387839
[1 15554011 15554011 1] 366389104
[1 22178225 22178225 1] 368082977
[1 25816540 25816540 1] 370158223
[1 13945054 13945054 1] 370482509
[1 1489115 1489115 1] 370041730
[1 15405990 15405990 1] 371038498
[1 2028068 2028068 1] 370656061
[1 25575224 25575224 1] 372672091
[1 332232 332232 1] 372106130
[1 2292123 2292123 1] 371741237
[1 11323876 11323876 1] 372305339
[1 20390180 20390180 1] 373818095
[1 25202255 25202255 1] 375833044
[1 20311132 20311132 1] 377330524
[1 3967858 3967858 1] 377136905
[1 3199182 3199182 1] 376871120
[1 10554604 10554604 1] 377368446
[1 26152434 26152434 1] 379471436
[1 23590182 23590182 1] 381297296
[1 29359416 29359416 1] 383756337
[1 21768826 21768826 1] 385412343
[1 26138723 26138723 1] 387508011
[1 15550552 15550552 1] 388499485
[1 14090033 14090033 1] 389370444
[1 21443182 21443182 1] 390995457
[1 12990416 12990416 1] 391738342
[1 3299709 3299709 1] 391478018
[1 27860000 27860000 1] 393779343
[1 9112298 9112298 1] 394132469
[1 19475777 19475777 1] 395555871
[1 19068978 19068978 1] 396927987
[1 21742588 21742588 1] 398568337
[1 16723383 16723383 1] 399701942
[1 9544267 9544267 1] 400094136
[1 10508861 10508861 1] 400584963
[1 17909212 17909212 1] 401856302
[1 23669087 23669087 1] 403702820
[1 8590931 8590931 1] 403981034
[1 794584 794584 1] 403462954
[1 2651477 2651477 1] 403132698
[1 4095821 4095821 1] 402949997
[1 20037526 20037526 1] 404406258
[1 1538840 1538840 1] 403971970
[1 5897491 5897491 1] 403978060
[1 1101361 1101361 1] 403492083
[1 6247644 6247644 1] 403536531
[1 13080929 13080929 1] 404381013
[1 14826622 14826622 1] 405329938
[1 10917956 10917956 1] 405867143
[1 22634226 22634226 1] 407606129
[1 3274571 3274571 1] 407344283
[1 6220854 6220854 1] 407390224
[1 7107723 7107723 1] 407523483
[1 13712351 13712351 1] 408338190
[1 20009098 20009098 1] 409797504
[1 7689127 7689127 1] 409993397
[1 14522072 14522072 1] 410902161
[1 26533150 26533150 1] 413056453
[1 28140529 28140529 1] 415374359
[1 9228399 9228399 1] 415730959
[1 22836611 22836611 1] 417486628
[1 1928578 1928578 1] 417085749
[1 8498977 8498977 1] 417369965
[1 754553 754553 1] 416848625
[1 11126088 11126088 1] 417393653
[1 23360100 23360100 1] 419190190
[1 16448567 16448567 1] 420286351
[1 6377018 6377018 1] 420353342
[1 14392736 14392736 1] 421244330
[1 26491299 26491299 1] 423388446
[1 6453196 6453196 1] 423471685
[1 6055806 6055806 1] 423502713
[1 14423429 14423429 1] 424395647
[1 19552529 19552529 1] 425846230
[1 5019594 5019594 1] 425767244
[1 24322198 24322198 1] 427705505
[1 9289673 9289673 1] 428059821
[1 28806446 28806446 1] 430462805
[1 12796158 12796158 1] 431190172
[1 2238284 2238284 1] 430821152
[1 5466128 5466128 1] 430792853
[1 3565422 3565422 1] 430562954

Results: 100.00 208381172

Standard Error: 5.94412e+06
Mean Waiting Time: 2.08381e+08
Statistics for REP_PROB_PERCENT: 0

----------------------------------------
Running client with REP_PROB_PERCENT: 20
**********************************
DTU - OS Challenge - Client v0.20
**********************************
Total requests: 500
Start: 1
Difficulty: 30000000
Repetition probability (%): 20
Request delay (us): 600000
Priority disabled

[1 6930887 6930887 1] 715465
[1 4636916 4636916 1] 593535
[1 4238336 4238336 1] 444314
[1 29760493 29760493 1] 3102416
[1 19641422 19641422 1] 4550579
[1 490028 490028 1] 4000856
[1 22520060 22520060 1] 5758712
[1 17513927 17513927 1] 7059186
[1 10383427 10383427 1] 7541259
[1 13455737 13455737 1] 8346412
[1 10383427 10383427 1] 8826630
[1 4636916 4636916 1] 127
[1 16956430 16956430 1] 9999913
[1 21021531 21021531 1] 11588020
[1 23665124 23665124 1] 13468154
[1 4238336 4238336 1] 195
[1 18703136 18703136 1] 14820365
[1 1979803 1979803 1] 14426722
[1 5723059 5723059 1] 14423591
[1 15898168 15898168 1] 15484706
[1 19018457 19018457 1] 16865857
[1 5723059 5723059 1] 16855189
[1 3377374 3377374 1] 16602602
[1 24544920 24544920 1] 18565975
[1 6898538 6898538 1] 18686108
[1 19018457 19018457 1] 676
[1 5723059 5723059 1] 134
[1 23594325 23594325 1] 20543983
[1 19018457 19018457 1] 21926712
[1 14268981 14268981 1] 22208281
[1 16956430 16956430 1] 158
[1 29241874 29241874 1] 24648632
[1 12999171 12999171 1] 25418438
[1 16956430 16956430 1] 125
[1 15497282 15497282 1] 26439029
[1 1979803 1979803 1] 26042805
[1 14268981 14268981 1] 169
[1 27336328 27336328 1] 28311846
[1 19126506 19126506 1] 29736835
[1 12621730 12621730 1] 30464539
[1 27336328 27336328 1] 32712717
[1 24353896 24353896 1] 34641369
[1 21100546 21100546 1] 36248671
[1 25990365 25990365 1] 37756571
[1 18703136 18703136 1] 1886
[1 10313751 10313751 1] 38233861
[1 19641422 19641422 1] 414
[1 4238336 4238336 1] 143
[1 16956430 16956430 1] 181
[1 26426809 26426809 1] 40380602
[1 29947179 29947179 1] 42910370
[1 19393585 19393585 1] 44339548
[1 27336328 27336328 1] 46785854
[1 4612400 4612400 1] 46670284
[1 4095061 4095061 1] 46499922
[1 6898538 6898538 1] 124
[1 13993369 13993369 1] 47376248
[1 4210013 4210013 1] 47211057
[1 9698587 9698587 1] 47621792
[1 6297540 6297540 1] 47679506
[1 13480571 13480571 1] 48477700
[1 19393585 19393585 1] 130
[1 24544920 24544920 1] 1371
[1 25960379 25960379 1] 50576111
[1 2066602 2066602 1] 50188930
[1 27612903 27612903 1] 52470356
[1 260757 260757 1] 51297326
[1 23209442 23209442 1] 52512019
[1 24429690 24429690 1] 54447149
[1 27346620 27346620 1] 56801427
[1 744730 744730 1] 56280783
[1 13108118 13108118 1] 57154184
[1 27905772 27905772 1] 59488202
[1 12890676 12890676 1] 60229380
[1 4210013 4210013 1] 60066041
[1 27346620 27346620 1] 140
[1 18777857 18777857 1] 61421128
[1 14872354 14872354 1] 62388753
[1 27336328 27336328 1] 195
[1 12276966 12276966 1] 63068988
[1 4612400 4612400 1] 62345544
[1 332872 332872 1] 61780838
[1 10048830 10048830 1] 62224302
[1 13363369 13363369 1] 62411014
[1 27346620 27346620 1] 64660303
[1 11518150 11518150 1] 65264009
[1 19700724 19700724 1] 66724048
[1 19493452 19493452 1] 67549112
[1 5723059 5723059 1] 142
[1 20243556 20243556 1] 69037551
[1 2597489 2597489 1] 68713005
[1 8888229 8888229 1] 69033859
[1 18792351 18792351 1] 70384650
[1 29441501 29441501 1] 72847265
[1 26087765 26087765 1] 74974637
[1 5324915 5324915 1] 74934595
[1 2275857 2275857 1] 74569211
[1 27346492 27346492 1] 76819077
[1 1148366 1148366 1] 76337656
[1 20281937 20281937 1] 77911644
[1 16452552 16452552 1] 79111227
[1 11899229 11899229 1] 79750569
[1 3975408 3975408 1] 79565394
[1 6276122 6276122 1] 79617140
[1 794396 794396 1] 79099280
[1 24661238 24661238 1] 81075613
[1 573794 573794 1] 80534710
[1 4210013 4210013 1] 80367642
[1 7231012 7231012 1] 80513564
[1 14639530 14639530 1] 81556204
[1 4210013 4210013 1] 851
[1 7322405 7322405 1] 81725335
[1 12255764 12255764 1] 82391442
[1 22670689 22670689 1] 82350381
[1 12067918 12067918 1] 83001490
[1 16987744 16987744 1] 83585248
[1 9512184 9512184 1] 83972174
[1 18295500 18295500 1] 85278503
[1 16206726 16206726 1] 86373784
[1 2755591 2755591 1] 86062485
[1 4612400 4612400 1] 85943983
[1 12469787 12469787 1] 86639312
[1 10383427 10383427 1] 142
[1 8338083 8338083 1] 86900213
[1 25990365 25990365 1] 146
[1 24429690 24429690 1] 146
[1 20388465 20388465 1] 88451143
[1 2597489 2597489 1] 223
[1 6939508 6939508 1] 88572225
[1 25228805 25228805 1] 90608533
[1 27336328 27336328 1] 129
[1 29441501 29441501 1] 1096
[1 22278612 22278612 1] 92321973
[1 6939508 6939508 1] 137
[1 17127829 17127829 1] 93506289
[1 24887344 24887344 1] 95481294
[1 2035569 2035569 1] 95103436
[1 27755423 27755423 1] 97419727
[1 10383427 10383427 1] 134
[1 25960379 25960379 1] 98935824
[1 6473731 6473731 1] 99012756
[1 23665124 23665124 1] 125
[1 26811306 26811306 1] 101197246
[1 2755591 2755591 1] 100885649
[1 14248627 14248627 1] 101772020
[1 503466 503466 1] 101223857
[1 8213259 8213259 1] 100871085
[1 4612400 4612400 1] 184
[1 24167638 24167638 1] 102764360
[1 21305625 21305625 1] 104369542
[1 13911900 13911900 1] 104618551
[1 20145551 20145551 1] 106117439
[1 21305625 21305625 1] 232
[1 19290072 19290072 1] 107543952
[1 17487132 17487132 1] 108830475
[1 7684931 7684931 1] 109038230
[1 4612400 4612400 1] 371
[1 21845895 21845895 1] 110714132
[1 7370164 7370164 1] 110875194
[1 23387982 23387982 1] 112679991
[1 1252997 1252997 1] 112208842
[1 2713774 2713774 1] 111888057
[1 6473731 6473731 1] 111954578
[1 4238336 4238336 1] 145
[1 17681096 17681096 1] 113199803
[1 17116467 17116467 1] 114364113
[1 6911341 6911341 1] 114477918
[1 6898538 6898538 1] 119
[1 8888229 8888229 1] 142
[1 23327685 23327685 1] 116316591
[1 16855543 16855543 1] 117461521
[1 7379108 7379108 1] 117630998
[1 10048830 10048830 1] 331
[1 18219757 18219757 1] 118932360
[1 7418419 7418419 1] 119102241
[1 23089413 23089413 1] 120905175
[1 4238336 4238336 1] 140
[1 25032173 25032173 1] 122887260
[1 29262010 29262010 1] 125299866
[1 8338083 8338083 1] 164
[1 12276966 12276966 1] 133
[1 28625211 28625211 1] 127692846
[1 7467588 7467588 1] 127864550
[1 12255764 12255764 1] 128541554
[1 6473731 6473731 1] 128613619
[1 20401256 20401256 1] 130142955
[1 7370164 7370164 1] 130308687
[1 21229905 21229905 1] 131919994
[1 15939812 15939812 1] 132999286
[1 16915668 16915668 1] 134191424
[1 4829151 4829151 1] 133497487
[1 15996659 15996659 1] 134549412
[1 9867270 9867270 1] 134368504
[1 19054082 19054082 1] 135772222
[1 15740085 15740085 1] 136812830
[1 26811973 26811973 1] 138991142
[1 73851 73851 1] 138398723
[1 19290072 19290072 1] 692
[1 10313751 10313751 1] 147
[1 15905386 15905386 1] 139454437
[1 7739300 7739300 1] 139648692
[1 23606043 23606043 1] 141483205
[1 2597489 2597489 1] 121
[1 26340714 26340714 1] 143632639
[1 22278612 22278612 1] 139
[1 24429690 24429690 1] 137
[1 24429690 24429690 1] 145
[1 15256191 15256191 1] 144646375
[1 6942591 6942591 1] 144764994
[1 8888229 8888229 1] 145091250
[1 7370164 7370164 1] 145257777
[1 6371156 6371156 1] 145320751
[1 22218005 22218005 1] 147011857
[1 11614770 11614770 1] 147620917
[1 12621730 12621730 1] 130
[1 12981777 12981777 1] 148371639
[1 2755591 2755591 1] 157
[1 6247256 6247256 1] 148424515
[1 18348143 18348143 1] 149732769
[1 27336328 27336328 1] 190
[1 4445885 4445885 1] 149600689
[1 20223206 20223206 1] 151100804
[1 27679568 27679568 1] 153384498
[1 27755423 27755423 1] 123
[1 12262755 12262755 1] 153457205
[1 1154260 1154260 1] 152977780
[1 12828203 12828203 1] 153717223
[1 20401256 20401256 1] 155247572
[1 6473731 6473731 1] 130
[1 26902022 26902022 1] 157449042
[1 20390869 20390869 1] 158961262
[1 6235190 6235190 1] 159022364
[1 14248627 14248627 1] 148
[1 18792351 18792351 1] 135
[1 27949909 27949909 1] 161318445
[1 27210499 27210499 1] 163557843
[1 12999171 12999171 1] 142
[1 18518809 18518809 1] 164864864
[1 4686249 4686249 1] 164756801
[1 19290072 19290072 1] 166203822
[1 20321649 20321649 1] 167728756
[1 11999755 11999755 1] 168383424
[1 2251747 2251747 1] 168017745
[1 4319530 4319530 1] 167867425
[1 573794 573794 1] 167326604
[1 24549798 24549798 1] 169281008
[1 26086991 26086991 1] 171388798
[1 7370164 7370164 1] 132
[1 2713774 2713774 1] 171068565
[1 18012498 18012498 1] 172359344
[1 21294893 21294893 1] 173962210
[1 25519126 25519126 1] 176009145
[1 24613997 24613997 1] 177973021
[1 25209189 25209189 1] 179989136
[1 8703730 8703730 1] 180326270
[1 15032461 15032461 1] 181310841
[1 15740085 15740085 1] 182330976
[1 2026305 2026305 1] 181939373
[1 18388028 18388028 1] 183250131
[1 2266749 2266749 1] 182883552
[1 1308903 1308903 1] 182418740
[1 10697698 10697698 1] 182929974
[1 23571044 23571044 1] 184787153
[1 15132003 15132003 1] 185744078
[1 24806404 24806404 1] 187703341
[1 24887344 24887344 1] 189693034
[1 9908539 9908539 1] 190128219
[1 12895152 12895152 1] 190874390
[1 12282135 12282135 1] 191547393
[1 171693 171693 1] 190964965
[1 7739300 7739300 1] 191161358
[1 15590965 15590965 1] 191599385
[1 10636430 10636430 1] 192108516
[1 2576336 2576336 1] 191773988
[1 9202901 9202901 1] 192130633
[1 19407972 19407972 1] 193545397
[1 12260290 12260290 1] 194207466
[1 21717989 21717989 1] 195870334
[1 11585796 11585796 1] 196472528
[1 13053145 13053145 1] 197223597
[1 27658391 27658391 1] 199502815
[1 12655341 12655341 1] 200212890
[1 10000570 10000570 1] 200646360
[1 1174233 1174233 1] 200167626
[1 10956043 10956043 1] 200713664
[1 20409118 20409118 1] 202239655
[1 16266762 16266762 1] 203332158
[1 5526310 5526310 1] 203310185
[1 22495426 22495426 1] 205062205
[1 9806368 9806368 1] 205494777
[1 24504235 24504235 1] 207457046
[1 16631627 16631627 1] 208584236
[1 7226058 7226058 1] 208735377
[1 503466 503466 1] 206986611
[1 10634995 10634995 1] 206880600
[1 7893530 7893530 1] 206503357
[1 28532291 28532291 1] 208875330
[1 27756971 27756971 1] 211205687
[1 16819081 16819081 1] 212417839
[1 24218594 24218594 1] 214373548
[1 6418628 6418628 1] 214440690
[1 4319530 4319530 1] 213097224
[1 12262755 12262755 1] 213178575
[1 14152275 14152275 1] 214076363
[1 16047642 16047642 1] 215179630
[1 17681096 17681096 1] 216862764
[1 17077889 17077889 1] 218183055
[1 3524567 3524567 1] 217960741
[1 11027285 11027285 1] 218531991
[1 5790418 5790418 1] 218535740
[1 17077889 17077889 1] 219706144
[1 7100238 7100238 1] 219836917
[1 15996659 15996659 1] 220898201
[1 21990784 21990784 1] 221976975
[1 3228459 3228459 1] 221709328
[1 3967638 3967638 1] 221522699
[1 26620484 26620484 1] 223692952
[1 27949909 27949909 1] 226110351
[1 27149315 27149315 1] 228387685
[1 12645730 12645730 1] 229121612
[1 18219757 18219757 1] 229858153
[1 7211389 7211389 1] 230032447
[1 23631234 23631234 1] 231935415
[1 25933682 25933682 1] 234048883
[1 13160359 13160359 1] 234825386
[1 29110700 29110700 1] 237277007
[1 20668364 20668364 1] 238235748
[1 20228795 20228795 1] 239738065
[1 23319848 23319848 1] 241585297
[1 18217463 18217463 1] 242889475
[1 12539391 12539391 1] 243577431
[1 25745792 25745792 1] 245662564
[1 7355116 7355116 1] 245852804
[1 12796158 12796158 1] 246629046
[1 20631492 20631492 1] 248319561
[1 4462952 4462952 1] 248192803
[1 11035022 11035022 1] 248740808
[1 18393741 18393741 1] 250054101
[1 3614031 3614031 1] 249829981
[1 5035326 5035326 1] 249755178
[1 24187517 24187517 1] 251761488
[1 27746140 27746140 1] 253439917
[1 3785405 3785405 1] 253234295
[1 28974581 28974581 1] 255651323
[1 2026305 2026305 1] 255261235
[1 15539863 15539863 1] 256289732
[1 22692686 22692686 1] 257451250
[1 18299905 18299905 1] 258756900
[1 5433484 5433484 1] 258719211
[1 27149315 27149315 1] 260980789
[1 15889745 15889745 1] 262037548
[1 18469912 18469912 1] 263363664
[1 8663951 8663951 1] 263672481
[1 29777561 29777561 1] 266152043
[1 16047642 16047642 1] 267219500
[1 12740050 12740050 1] 267953451
[1 6588712 6588712 1] 268032685
[1 16077376 16077376 1] 268501670
[1 29593615 29593615 1] 271010979
[1 9343769 9343769 1] 271377708
[1 19544919 19544919 1] 272814220
[1 27876983 27876983 1] 274514142
[1 14311575 14311575 1] 274797206
[1 11186594 11186594 1] 275361557
[1 13550254 13550254 1] 276177051
[1 8803075 8803075 1] 276484659
[1 7739300 7739300 1] 276680944
[1 15138378 15138378 1] 277650219
[1 24415776 24415776 1] 279628097
[1 12032920 12032920 1] 280283241
[1 16011018 16011018 1] 280787756
[1 24760236 24760236 1] 282842968
[1 7745692 7745692 1] 283039718
[1 22423944 22423944 1] 284779946
[1 4666329 4666329 1] 284651580
[1 20449292 20449292 1] 286155179
[1 13550254 13550254 1] 286369489
[1 2575056 2575056 1] 286049681
[1 2963859 2963859 1] 285760134
[1 8714905 8714905 1] 286069464
[1 20372662 20372662 1] 287587146
[1 3689686 3689686 1] 287366890
[1 10613074 10613074 1] 287865216
[1 12336504 12336504 1] 287340987
[1 29639007 29639007 1] 289807758
[1 5414640 5414640 1] 289768845
[1 7721121 7721121 1] 289972389
[1 24880227 24880227 1] 291958794
[1 10387678 10387678 1] 292429613
[1 27963982 27963982 1] 294746314
[1 14887561 14887561 1] 295696437
[1 127956 127956 1] 295109813
[1 24433519 24433519 1] 297060320
[1 11035022 11035022 1] 297613439
[1 10245197 10245197 1] 298076595
[1 24627322 24627322 1] 300028519
[1 22994985 22994985 1] 301828273
[1 23794428 23794428 1] 303700707
[1 22152041 22152041 1] 305432645
[1 22970073 22970073 1] 307267240
[1 21245831 21245831 1] 308860128
[1 26370348 26370348 1] 311006253
[1 20982031 20982031 1] 312567038
[1 9653715 9653715 1] 312973658
[1 18057523 18057523 1] 314275047
[1 18626925 18626925 1] 315612825
[1 3189436 3189436 1] 315344112
[1 15829205 15829205 1] 316415238
[1 22630444 22630444 1] 318204439
[1 24945487 24945487 1] 320195738
[1 26684279 26684279 1] 322352701
[1 6250263 6250263 1] 322395992
[1 14989684 14989684 1] 323346081
[1 21539849 21539849 1] 324988925
[1 1208325 1208325 1] 324513511
[1 11449123 11449123 1] 325098750
[1 7927336 7927336 1] 325324060
[1 3937458 3937458 1] 325144486
[1 24102748 24102748 1] 327040052
[1 25311777 25311777 1] 329072120
[1 3725219 3725219 1] 328859367
[1 15209934 15209934 1] 329293218
[1 2862807 2862807 1] 328389892
[1 5748721 5748721 1] 328384317
[1 9121309 9121309 1] 328779302
[1 1742699 1742699 1] 328353026
[1 7076377 7076377 1] 328481713
[1 1252716 1252716 1] 328012135
[1 2825172 2825172 1] 327703988
[1 25771560 25771560 1] 329779388
[1 17077889 17077889 1] 330954313
[1 1489115 1489115 1] 328109357
[1 15405990 15405990 1] 329120356
[1 2028068 2028068 1] 328743180
[1 25575224 25575224 1] 330798790
[1 332232 332232 1] 330233702
[1 2292123 2292123 1] 329871750
[1 11323876 11323876 1] 330444607
[1 20390180 20390180 1] 331977175
[1 25202255 25202255 1] 334002254
[1 20311132 20311132 1] 335506828
[1 3199182 3199182 1] 334640129
[1 10554604 10554604 1] 335133444
[1 23590182 23590182 1] 336383734
[1 29359416 29359416 1] 338833364
[1 21768826 21768826 1] 340488447
[1 15550552 15550552 1] 340902065
[1 14090033 14090033 1] 341764490
[1 21443182 21443182 1] 343395669
[1 12262755 12262755 1] 344073606
[1 3299709 3299709 1] 343818401
[1 27860000 27860000 1] 346207559
[1 9112298 9112298 1] 346586953
[1 19475777 19475777 1] 348017162
[1 19068978 19068978 1] 349401985
[1 16723383 16723383 1] 349992305
[1 9544267 9544267 1] 350379858
[1 10508861 10508861 1] 350866855
[1 17909212 17909212 1] 352134476
[1 23669087 23669087 1] 353989136
[1 8590931 8590931 1] 354280759
[1 794584 794584 1] 353763938
[1 27149315 27149315 1] 356195380
[1 20037526 20037526 1] 357051799
[1 1538840 1538840 1] 356610773
[1 5897491 5897491 1] 356624139
[1 1101361 1101361 1] 356139009
[1 15138378 15138378 1] 357120609
[1 13080929 13080929 1] 357879273
[1 14826622 14826622 1] 358816479
[1 22634226 22634226 1] 359972458
[1 6220854 6220854 1] 359424523
[1 27149315 27149315 1] 361678497
[1 13712351 13712351 1] 362530363
[1 20009098 20009098 1] 364034391
[1 7689127 7689127 1] 364232750
[1 14522072 14522072 1] 365174197
[1 26533150 26533150 1] 367327416
[1 9228399 9228399 1] 367092922
[1 22836611 22836611 1] 368866583
[1 1928578 1928578 1] 368467015
[1 8498977 8498977 1] 368748382
[1 754553 754553 1] 368227257
[1 11126088 11126088 1] 368804221
[1 23360100 23360100 1] 370639361
[1 16448567 16448567 1] 371754075
[1 6377018 6377018 1] 371819757
[1 14392736 14392736 1] 372723610
[1 26491299 26491299 1] 374880247
[1 6453196 6453196 1] 374955821
[1 6055806 6055806 1] 374983306
[1 14423429 14423429 1] 375887861
[1 19552529 19552529 1] 377437530
[1 24760236 24760236 1] 379470563
[1 24322198 24322198 1] 381409531
[1 9289673 9289673 1] 381763503
[1 28806446 28806446 1] 384185637
[1 12796158 12796158 1] 384934742
[1 2238284 2238284 1] 384567622
[1 3565422 3565422 1] 383738245

Results: 100.00 175299715

Standard Error: 5.42171e+06
Mean Waiting Time: 1.753e+08
Statistics for REP_PROB_PERCENT: 20

----------------------------------------
Running client with REP_PROB_PERCENT: 40
**********************************
DTU - OS Challenge - Client v0.20
**********************************
Total requests: 500
Start: 1
Difficulty: 30000000
Repetition probability (%): 40
Request delay (us): 600000
Priority disabled

[1 6930887 6930887 1] 712924
[1 4636916 4636916 1] 597884
[1 4238336 4238336 1] 443748
[1 4238336 4238336 1] 171
[1 29760493 29760493 1] 3132946
[1 4238336 4238336 1] 512
[1 19641422 19641422 1] 4608960
[1 490028 490028 1] 4059508
[1 22520060 22520060 1] 5802990
[1 4238336 4238336 1] 158
[1 17513927 17513927 1] 7023982
[1 4238336 4238336 1] 321
[1 13455737 13455737 1] 7244689
[1 16956430 16956430 1] 7793802
[1 4636916 4636916 1] 136
[1 21021531 21021531 1] 9439520
[1 21021531 21021531 1] 351
[1 23665124 23665124 1] 11296522
[1 13455737 13455737 1] 123
[1 4238336 4238336 1] 150
[1 18703136 18703136 1] 12655634
[1 4238336 4238336 1] 136
[1 23665124 23665124 1] 129
[1 21021531 21021531 1] 14247966
[1 15898168 15898168 1] 14722655
[1 19018457 19018457 1] 16099177
[1 21021531 21021531 1] 152
[1 18703136 18703136 1] 126
[1 23665124 23665124 1] 17367468
[1 17513927 17513927 1] 761
[1 18703136 18703136 1] 18716853
[1 6898538 6898538 1] 18853024
[1 19018457 19018457 1] 140
[1 4238336 4238336 1] 152
[1 23594325 23594325 1] 20703319
[1 13455737 13455737 1] 976
[1 19018457 19018457 1] 22088744
[1 23665124 23665124 1] 626
[1 14268981 14268981 1] 22366267
[1 18703136 18703136 1] 969
[1 16956430 16956430 1] 141
[1 29241874 29241874 1] 24837781
[1 12999171 12999171 1] 25630990
[1 16956430 16956430 1] 141
[1 15497282 15497282 1] 26665709
[1 19018457 19018457 1] 104
[1 14268981 14268981 1] 138
[1 27336328 27336328 1] 28398005
[1 12621730 12621730 1] 28613421
[1 4238336 4238336 1] 154
[1 27336328 27336328 1] 30887901
[1 23665124 23665124 1] 137
[1 21100546 21100546 1] 31873302
[1 16956430 16956430 1] 138
[1 10313751 10313751 1] 31146222
[1 29241874 29241874 1] 150
[1 13455737 13455737 1] 141
[1 26426809 26426809 1] 33414886
[1 4636916 4636916 1] 154
[1 18703136 18703136 1] 820
[1 16956430 16956430 1] 140
[1 29947179 29947179 1] 35950567
[1 18703136 18703136 1] 958
[1 19641422 19641422 1] 122
[1 4238336 4238336 1] 130
[1 19393585 19393585 1] 37373893
[1 19018457 19018457 1] 126
[1 16956430 16956430 1] 182
[1 10313751 10313751 1] 959
[1 27336328 27336328 1] 39661022
[1 4612400 4612400 1] 39551263
[1 13993369 13993369 1] 39837574
[1 4612400 4612400 1] 1710
[1 19393585 19393585 1] 40657850
[1 6297540 6297540 1] 40712008
[1 13480571 13480571 1] 41506956
[1 2066602 2066602 1] 40520049
[1 10313751 10313751 1] 131
[1 23665124 23665124 1] 121
[1 6898538 6898538 1] 153
[1 27612903 27612903 1] 42795678
[1 260757 260757 1] 41622466
[1 17513927 17513927 1] 128
[1 23209442 23209442 1] 42840252
[1 21021531 21021531 1] 119
[1 19393585 19393585 1] 121
[1 24429690 24429690 1] 44827751
[1 18703136 18703136 1] 231
[1 27346620 27346620 1] 47092630
[1 27905772 27905772 1] 48206539
[1 12890676 12890676 1] 48951744
[1 18777857 18777857 1] 49707673
[1 14872354 14872354 1] 50652381
[1 29760493 29760493 1] 226
[1 12276966 12276966 1] 51326158
[1 4612400 4612400 1] 50608224
[1 27336328 27336328 1] 52871275
[1 4612400 4612400 1] 52752717
[1 13363369 13363369 1] 52945567
[1 4636916 4636916 1] 171
[1 13455737 13455737 1] 121
[1 27346620 27346620 1] 55191388
[1 27612903 27612903 1] 167
[1 27346620 27346620 1] 186
[1 18703136 18703136 1] 165
[1 19700724 19700724 1] 56027662
[1 27336328 27336328 1] 130
[1 19393585 19393585 1] 1410
[1 19493452 19493452 1] 56861384
[1 16956430 16956430 1] 123
[1 19493452 19493452 1] 58342421
[1 2597489 2597489 1] 58013114
[1 8888229 8888229 1] 58343501
[1 18792351 18792351 1] 59728604
[1 8888229 8888229 1] 111
[1 27346620 27346620 1] 183
[1 29441501 29441501 1] 62193623
[1 19493452 19493452 1] 63026566
[1 2275857 2275857 1] 62663116
[1 19493452 19493452 1] 133
[1 4238336 4238336 1] 164
[1 16956430 16956430 1] 134
[1 27346492 27346492 1] 64950866
[1 4636916 4636916 1] 138
[1 20281937 20281937 1] 65870209
[1 3975408 3975408 1] 64485614
[1 6276122 6276122 1] 64536456
[1 794396 794396 1] 64026537
[1 7231012 7231012 1] 62385561
[1 7231012 7231012 1] 141
[1 7322405 7322405 1] 61944599
[1 12255764 12255764 1] 62639823
[1 21021531 21021531 1] 166
[1 12067918 12067918 1] 60902011
[1 9512184 9512184 1] 60112549
[1 4636916 4636916 1] 134
[1 18295500 18295500 1] 61421975
[1 16206726 16206726 1] 62515845
[1 2755591 2755591 1] 62201937
[1 12469787 12469787 1] 62291698
[1 8338083 8338083 1] 62585395
[1 16956430 16956430 1] 138
[1 20388465 20388465 1] 64106855
[1 8338083 8338083 1] 147
[1 6939508 6939508 1] 64231603
[1 4238336 4238336 1] 149
[1 25228805 25228805 1] 66268416
[1 19393585 19393585 1] 147
[1 22278612 22278612 1] 67981576
[1 2755591 2755591 1] 940
[1 18703136 18703136 1] 945
[1 24887344 24887344 1] 69372977
[1 2035569 2035569 1] 68983892
[1 6473731 6473731 1] 67254440
[1 29241874 29241874 1] 162
[1 26811306 26811306 1] 69445811
[1 2755591 2755591 1] 69134941
[1 14248627 14248627 1] 70024911
[1 6898538 6898538 1] 146
[1 8213259 8213259 1] 69079464
[1 2755591 2755591 1] 68763386
[1 18703136 18703136 1] 248
[1 21305625 21305625 1] 70395444
[1 13911900 13911900 1] 70648753
[1 20145551 20145551 1] 72145389
[1 4238336 4238336 1] 1546
[1 23665124 23665124 1] 626
[1 19290072 19290072 1] 73546491
[1 21021531 21021531 1] 136
[1 24429690 24429690 1] 1058
[1 21021531 21021531 1] 142
[1 17487132 17487132 1] 74774546
[1 2597489 2597489 1] 166
[1 7684931 7684931 1] 74968252
[1 21021531 21021531 1] 150
[1 27905772 27905772 1] 77276737
[1 27336328 27336328 1] 148
[1 7370164 7370164 1] 77472198
[1 29441501 29441501 1] 125
[1 6939508 6939508 1] 128
[1 23387982 23387982 1] 79307152
[1 1252997 1252997 1] 78838884
[1 2713774 2713774 1] 78527991
[1 6473731 6473731 1] 78605369
[1 27612903 27612903 1] 120
[1 17681096 17681096 1] 79869576
[1 794396 794396 1] 79352770
[1 6911341 6911341 1] 79509144
[1 23327685 23327685 1] 81352642
[1 4238336 4238336 1] 119
[1 16855543 16855543 1] 82496696
[1 18219757 18219757 1] 83208153
[1 7418419 7418419 1] 83404075
[1 23665124 23665124 1] 150
[1 18219757 18219757 1] 127
[1 21021531 21021531 1] 129
[1 23089413 23089413 1] 85246987
[1 4612400 4612400 1] 150
[1 25032173 25032173 1] 87247297
[1 6898538 6898538 1] 368
[1 4238336 4238336 1] 187
[1 29262010 29262010 1] 89690760
[1 7418419 7418419 1] 89860264
[1 2755591 2755591 1] 139
[1 7467588 7467588 1] 90035865
[1 12255764 12255764 1] 90712662
[1 23665124 23665124 1] 140
[1 6473731 6473731 1] 90787409
[1 18703136 18703136 1] 129
[1 7370164 7370164 1] 90352543
[1 16855543 16855543 1] 90906929
[1 21305625 21305625 1] 186
[1 15996659 15996659 1] 90184429
[1 19054082 19054082 1] 90356585
[1 4612400 4612400 1] 124
[1 26811973 26811973 1] 91948366
[1 73851 73851 1] 91356154
[1 27612903 27612903 1] 183
[1 15996659 15996659 1] 92434400
[1 2755591 2755591 1] 92123696
[1 19290072 19290072 1] 203
[1 7231012 7231012 1] 92279660
[1 4238336 4238336 1] 141
[1 26340714 26340714 1] 94423286
[1 15256191 15256191 1] 95442691
[1 6898538 6898538 1] 252
[1 13455737 13455737 1] 413
[1 8888229 8888229 1] 126
[1 23327685 23327685 1] 97316440
[1 14248627 14248627 1] 139
[1 7370164 7370164 1] 96883744
[1 2755591 2755591 1] 139
[1 22218005 22218005 1] 98027089
[1 11614770 11614770 1] 98615372
[1 4612400 4612400 1] 144
[1 12981777 12981777 1] 99589750
[1 2755591 2755591 1] 143
[1 6247256 6247256 1] 99640832
[1 4238336 4238336 1] 155
[1 18348143 18348143 1] 100954728
[1 4445885 4445885 1] 100816111
[1 4238336 4238336 1] 252
[1 20223206 20223206 1] 102354956
[1 4636916 4636916 1] 124
[1 12262755 12262755 1] 101825976
[1 12828203 12828203 1] 101950467
[1 8338083 8338083 1] 140
[1 12276966 12276966 1] 121
[1 26902022 26902022 1] 103546420
[1 20390869 20390869 1] 105063311
[1 17487132 17487132 1] 163
[1 18348143 18348143 1] 106387639
[1 23665124 23665124 1] 131
[1 18295500 18295500 1] 137
[1 27949909 27949909 1] 108857607
[1 19018457 19018457 1] 1665
[1 27210499 27210499 1] 111123112
[1 4686249 4686249 1] 110410777
[1 19290072 19290072 1] 111846896
[1 21021531 21021531 1] 124
[1 11999755 11999755 1] 111869701
[1 2251747 2251747 1] 111504647
[1 4319530 4319530 1] 111355338
[1 16956430 16956430 1] 121
[1 24549798 24549798 1] 112706654
[1 7418419 7418419 1] 188
[1 23089413 23089413 1] 1044
[1 26086991 26086991 1] 114836201
[1 2713774 2713774 1] 114518917
[1 19290072 19290072 1] 154
[1 18012498 18012498 1] 115788045
[1 10313751 10313751 1] 121
[1 18703136 18703136 1] 121
[1 21294893 21294893 1] 117433770
[1 18295500 18295500 1] 142
[1 25519126 25519126 1] 119507028
[1 2597489 2597489 1] 113
[1 22278612 22278612 1] 236
[1 24613997 24613997 1] 121488533
[1 24429690 24429690 1] 142
[1 24429690 24429690 1] 217
[1 27612903 27612903 1] 155
[1 25209189 25209189 1] 123505254
[1 8703730 8703730 1] 123807322
[1 15256191 15256191 1] 124801467
[1 2026305 2026305 1] 123812873
[1 2266749 2266749 1] 122848731
[1 1308903 1308903 1] 122385361
[1 10697698 10697698 1] 122898880
[1 12621730 12621730 1] 148
[1 2755591 2755591 1] 146
[1 23571044 23571044 1] 124874672
[1 27336328 27336328 1] 374
[1 24887344 24887344 1] 125649716
[1 9908539 9908539 1] 126098818
[1 23387982 23387982 1] 139
[1 12262755 12262755 1] 926
[1 12895152 12895152 1] 126829517
[1 26086991 26086991 1] 128961054
[1 6473731 6473731 1] 129031907
[1 23665124 23665124 1] 167
[1 19054082 19054082 1] 147
[1 15590965 15590965 1] 128851331
[1 10636430 10636430 1] 129366825
[1 2576336 2576336 1] 129032637
[1 9202901 9202901 1] 129382928
[1 12260290 12260290 1] 129461934
[1 6473731 6473731 1] 130
[1 22278612 22278612 1] 121
[1 21305625 21305625 1] 129
[1 21717989 21717989 1] 131135756
[1 21021531 21021531 1] 125
[1 11585796 11585796 1] 131743326
[1 18703136 18703136 1] 120
[1 13053145 13053145 1] 132502973
[1 14248627 14248627 1] 132
[1 12655341 12655341 1] 132631516
[1 18792351 18792351 1] 164
[1 2755591 2755591 1] 187
[1 10000570 10000570 1] 133068265
[1 10956043 10956043 1] 133007728
[1 20409118 20409118 1] 134524795
[1 12999171 12999171 1] 199
[1 6911341 6911341 1] 134770126
[1 15256191 15256191 1] 885
[1 5526310 5526310 1] 134761367
[1 22495426 22495426 1] 136549119
[1 4238336 4238336 1] 135
[1 9806368 9806368 1] 136968306
[1 24504235 24504235 1] 139014004
[1 16631627 16631627 1] 140128624
[1 13053145 13053145 1] 140877432
[1 7893530 7893530 1] 137507023
[1 2755591 2755591 1] 132
[1 7370164 7370164 1] 120
[1 28532291 28532291 1] 139887489
[1 27756971 27756971 1] 142177692
[1 16819081 16819081 1] 143367747
[1 6418628 6418628 1] 142828639
[1 4319530 4319530 1] 141477480
[1 12262755 12262755 1] 141548804
[1 14152275 14152275 1] 142425651
[1 16047642 16047642 1] 143508857
[1 17681096 17681096 1] 144760780
[1 17077889 17077889 1] 145943021
[1 11027285 11027285 1] 145918022
[1 5790418 5790418 1] 145908308
[1 17077889 17077889 1] 147100255
[1 7100238 7100238 1] 147308021
[1 15996659 15996659 1] 148357212
[1 21990784 21990784 1] 149450347
[1 3228459 3228459 1] 149207755
[1 3967638 3967638 1] 149029461
[1 26620484 26620484 1] 151218700
[1 27949909 27949909 1] 153565072
[1 27149315 27149315 1] 155871823
[1 12645730 12645730 1] 156586471
[1 23631234 23631234 1] 156675959
[1 25933682 25933682 1] 158770043
[1 13160359 13160359 1] 159547855
[1 29110700 29110700 1] 161957042
[1 20668364 20668364 1] 162917788
[1 23319848 23319848 1] 164204115
[1 12539391 12539391 1] 164309600
[1 25745792 25745792 1] 166510766
[1 7355116 7355116 1] 166674406
[1 20631492 20631492 1] 167623918
[1 4462952 4462952 1] 167489831
[1 3614031 3614031 1] 166066171
[1 5035326 5035326 1] 165998346
[1 24187517 24187517 1] 168032245
[1 17077889 17077889 1] 168607869
[1 3785405 3785405 1] 168398983
[1 15256191 15256191 1] 169406645
[1 2026305 2026305 1] 169017342
[1 15539863 15539863 1] 170070491
[1 22692686 22692686 1] 171245079
[1 17077889 17077889 1] 172437372
[1 5433484 5433484 1] 172393674
[1 27149315 27149315 1] 174620783
[1 15889745 15889745 1] 175688175
[1 18469912 18469912 1] 177002308
[1 16047642 16047642 1] 176864468
[1 12740050 12740050 1] 177635969
[1 6588712 6588712 1] 177717433
[1 16077376 16077376 1] 178196551
[1 29593615 29593615 1] 180674483
[1 9343769 9343769 1] 181042520
[1 19544919 19544919 1] 182487555
[1 14311575 14311575 1] 181581340
[1 13550254 13550254 1] 181795665
[1 8803075 8803075 1] 182111681
[1 15138378 15138378 1] 182486964
[1 24415776 24415776 1] 184453726
[1 12032920 12032920 1] 185133927
[1 16011018 16011018 1] 185585842
[1 24760236 24760236 1] 187562301
[1 22423944 22423944 1] 188684697
[1 4666329 4666329 1] 188568803
[1 13550254 13550254 1] 188189255
[1 2575056 2575056 1] 187856037
[1 2963859 2963859 1] 187564440
[1 20372662 20372662 1] 188488401
[1 23631234 23631234 1] 190348638
[1 10613074 10613074 1] 190921056
[1 12336504 12336504 1] 190406214
[1 29639007 29639007 1] 192852970
[1 5414640 5414640 1] 192807742
[1 7721121 7721121 1] 193001688
[1 24880227 24880227 1] 194995101
[1 10387678 10387678 1] 195475106
[1 27963982 27963982 1] 197826023
[1 14887561 14887561 1] 198775586
[1 24433519 24433519 1] 200121724
[1 24627322 24627322 1] 200877833
[1 22994985 22994985 1] 202676125
[1 23794428 23794428 1] 204554888
[1 22970073 22970073 1] 205784578
[1 21245831 21245831 1] 207410292
[1 26370348 26370348 1] 209573038
[1 20982031 20982031 1] 211170316
[1 9653715 9653715 1] 211592009
[1 18057523 18057523 1] 212871469
[1 18626925 18626925 1] 214211494
[1 3189436 3189436 1] 213946456
[1 22630444 22630444 1] 215118110
[1 24945487 24945487 1] 217103687
[1 6250263 6250263 1] 216556679
[1 14989684 14989684 1] 217520169
[1 21539849 21539849 1] 219161842
[1 11449123 11449123 1] 219151276
[1 7927336 7927336 1] 219376888
[1 24102748 24102748 1] 220670819
[1 25311777 25311777 1] 222704471
[1 3725219 3725219 1] 222505338
[1 15209934 15209934 1] 222898170
[1 5748721 5748721 1] 221697800
[1 9121309 9121309 1] 222038573
[1 7076377 7076377 1] 221600669
[1 1252716 1252716 1] 221131989
[1 2825172 2825172 1] 220827501
[1 25771560 25771560 1] 222954695
[1 17077889 17077889 1] 224147406
[1 1489115 1489115 1] 221302355
[1 22423944 22423944 1] 222428893
[1 25575224 25575224 1] 224492368
[1 332232 332232 1] 223926922
[1 29639007 29639007 1] 226401077
[1 11323876 11323876 1] 226998592
[1 20390180 20390180 1] 228520918
[1 25202255 25202255 1] 230549996
[1 20311132 20311132 1] 232087337
[1 3199182 3199182 1] 231220273
[1 10554604 10554604 1] 231714302
[1 23590182 23590182 1] 232969373
[1 29359416 29359416 1] 235426655
[1 21768826 21768826 1] 237104288
[1 15550552 15550552 1] 237519609
[1 14090033 14090033 1] 238380233
[1 3299709 3299709 1] 236925308
[1 27860000 27860000 1] 239289320
[1 9112298 9112298 1] 239663629
[1 19475777 19475777 1] 241100431
[1 19068978 19068978 1] 242499661
[1 16047642 16047642 1] 242953907
[1 10508861 10508861 1] 242842956
[1 17909212 17909212 1] 244103400
[1 23669087 23669087 1] 245979958
[1 8590931 8590931 1] 246273744
[1 794584 794584 1] 245756252
[1 27149315 27149315 1] 247980618
[1 20037526 20037526 1] 248847369
[1 15138378 15138378 1] 248034308
[1 14826622 14826622 1] 248376855
[1 22634226 22634226 1] 249563734
[1 27149315 27149315 1] 250619808
[1 13712351 13712351 1] 251468580
[1 20009098 20009098 1] 252971439
[1 6588712 6588712 1] 253047000
[1 14522072 14522072 1] 253969335
[1 26533150 26533150 1] 256142981
[1 22836611 22836611 1] 256720171
[1 1928578 1928578 1] 256321504
[1 8498977 8498977 1] 256599013
[1 754553 754553 1] 256076636
[1 23360100 23360100 1] 257319685
[1 16448567 16448567 1] 258440243
[1 6377018 6377018 1] 258503706
[1 14392736 14392736 1] 259409972
[1 26491299 26491299 1] 261571802
[1 6453196 6453196 1] 261646969
[1 6055806 6055806 1] 261680557
[1 14423429 14423429 1] 262592082
[1 19552529 19552529 1] 264052427
[1 24760236 24760236 1] 266082726
[1 24322198 24322198 1] 268031427
[1 9289673 9289673 1] 268405868
[1 28806446 28806446 1] 270811677
[1 2238284 2238284 1] 269845726
[1 3565422 3565422 1] 269018577

Results: 100.00 96120436

Standard Error: 3.9418e+06
Mean Waiting Time: 9.61204e+07
Statistics for REP_PROB_PERCENT: 40

----------------------------------------
Running client with REP_PROB_PERCENT: 60
**********************************
DTU - OS Challenge - Client v0.20
**********************************
Total requests: 500
Start: 1
Difficulty: 30000000
Repetition probability (%): 60
Request delay (us): 600000
Priority disabled

[1 6930887 6930887 1] 726164
[1 4636916 4636916 1] 607024
[1 4238336 4238336 1] 444861
[1 4636916 4636916 1] 133
[1 4238336 4238336 1] 130
[1 29760493 29760493 1] 3221701
[1 490028 490028 1] 2072695
[1 4238336 4238336 1] 464
[1 22520060 22520060 1] 3818170
[1 17513927 17513927 1] 5089691
[1 4238336 4238336 1] 159
[1 13455737 13455737 1] 5315755
[1 4238336 4238336 1] 185
[1 16956430 16956430 1] 5877286
[1 21021531 21021531 1] 7458878
[1 4636916 4636916 1] 133
[1 6930887 6930887 1] 166
[1 23665124 23665124 1] 9386813
[1 21021531 21021531 1] 146
[1 18703136 18703136 1] 10762636
[1 13455737 13455737 1] 122
[1 4238336 4238336 1] 134
[1 21021531 21021531 1] 12371950
[1 4238336 4238336 1] 128
[1 23665124 23665124 1] 119
[1 15898168 15898168 1] 12821606
[1 18703136 18703136 1] 808
[1 19018457 19018457 1] 14191969
[1 17513927 17513927 1] 746
[1 21021531 21021531 1] 165
[1 23665124 23665124 1] 15475572
[1 18703136 18703136 1] 123
[1 18703136 18703136 1] 16833327
[1 6898538 6898538 1] 16945205
[1 17513927 17513927 1] 126
[1 19018457 19018457 1] 144
[1 23594325 23594325 1] 18881576
[1 4636916 4636916 1] 160
[1 4238336 4238336 1] 152
[1 19018457 19018457 1] 20264646
[1 13455737 13455737 1] 117
[1 14268981 14268981 1] 20551212
[1 23665124 23665124 1] 117
[1 12999171 12999171 1] 20706448
[1 18703136 18703136 1] 139
[1 15497282 15497282 1] 21729271
[1 16956430 16956430 1] 179
[1 17513927 17513927 1] 143
[1 27336328 27336328 1] 23378851
[1 27336328 27336328 1] 135
[1 17513927 17513927 1] 118
[1 16956430 16956430 1] 139
[1 19018457 19018457 1] 24213734
[1 19018457 19018457 1] 134
[1 14268981 14268981 1] 132
[1 19018457 19018457 1] 149
[1 27336328 27336328 1] 26469172
[1 19018457 19018457 1] 711
[1 21100546 21100546 1] 27463820
[1 19018457 19018457 1] 120
[1 4238336 4238336 1] 214
[1 19018457 19018457 1] 318
[1 26426809 26426809 1] 27801398
[1 21021531 21021531 1] 121
[1 23665124 23665124 1] 138
[1 18703136 18703136 1] 1691
[1 16956430 16956430 1] 144
[1 6930887 6930887 1] 603
[1 29947179 29947179 1] 30306026
[1 21021531 21021531 1] 1450
[1 19393585 19393585 1] 31725753
[1 13455737 13455737 1] 137
[1 4636916 4636916 1] 233
[1 18703136 18703136 1] 139
[1 21021531 21021531 1] 161
[1 16956430 16956430 1] 173
[1 27336328 27336328 1] 33971965
[1 26426809 26426809 1] 121
[1 18703136 18703136 1] 123
[1 13993369 13993369 1] 33628673
[1 4636916 4636916 1] 428
[1 4238336 4238336 1] 133
[1 19018457 19018457 1] 148
[1 19393585 19393585 1] 34438116
[1 6297540 6297540 1] 34582814
[1 16956430 16956430 1] 816
[1 18703136 18703136 1] 995
[1 13480571 13480571 1] 35472011
[1 2066602 2066602 1] 34486101
[1 22520060 22520060 1] 644
[1 17513927 17513927 1] 754
[1 27612903 27612903 1] 36766819
[1 6930887 6930887 1] 157
[1 23209442 23209442 1] 36787763
[1 19018457 19018457 1] 204
[1 18703136 18703136 1] 125
[1 21100546 21100546 1] 182
[1 24429690 24429690 1] 38744662
[1 23665124 23665124 1] 143
[1 6898538 6898538 1] 131
[1 17513927 17513927 1] 124
[1 27612903 27612903 1] 41108841
[1 22520060 22520060 1] 203
[1 19018457 19018457 1] 124
[1 21021531 21021531 1] 2297
[1 19393585 19393585 1] 166
[1 22520060 22520060 1] 588
[1 27905772 27905772 1] 42618334
[1 18703136 18703136 1] 468
[1 12890676 12890676 1] 43466114
[1 4238336 4238336 1] 130
[1 18777857 18777857 1] 44219307
[1 27905772 27905772 1] 130
[1 14872354 14872354 1] 45166704
[1 18703136 18703136 1] 145
[1 12276966 12276966 1] 45864165
[1 4636916 4636916 1] 148
[1 13363369 13363369 1] 43762213
[1 21021531 21021531 1] 111
[1 27612903 27612903 1] 46020577
[1 29760493 29760493 1] 142
[1 21021531 21021531 1] 139
[1 19700724 19700724 1] 46851040
[1 2597489 2597489 1] 44720457
[1 19700724 19700724 1] 120
[1 8888229 8888229 1] 45049381
[1 26426809 26426809 1] 987
[1 29441501 29441501 1] 46957904
[1 2275857 2275857 1] 45415792
[1 4636916 4636916 1] 128
[1 3975408 3975408 1] 42263779
[1 18703136 18703136 1] 131
[1 6276122 6276122 1] 42324670
[1 13455737 13455737 1] 136
[1 7322405 7322405 1] 38884289
[1 27612903 27612903 1] 137
[1 12067918 12067918 1] 36563519
[1 27612903 27612903 1] 122
[1 18703136 18703136 1] 133
[1 9512184 9512184 1] 35763529
[1 27336328 27336328 1] 214
[1 19393585 19393585 1] 211
[1 18295500 18295500 1] 37092704
[1 16956430 16956430 1] 133
[1 16206726 16206726 1] 38182013
[1 22520060 22520060 1] 119
[1 21021531 21021531 1] 442
[1 19700724 19700724 1] 38431243
[1 8338083 8338083 1] 38703985
[1 6939508 6939508 1] 38230351
[1 8888229 8888229 1] 927
[1 18703136 18703136 1] 147
[1 27612903 27612903 1] 1398
[1 27905772 27905772 1] 40556808
[1 26426809 26426809 1] 147
[1 24887344 24887344 1] 41349141
[1 6473731 6473731 1] 39024103
[1 19018457 19018457 1] 178
[1 4238336 4238336 1] 735
[1 16956430 16956430 1] 606
[1 26811306 26811306 1] 41219161
[1 22520060 22520060 1] 132
[1 4636916 4636916 1] 130
[1 8213259 8213259 1] 39067696
[1 26426809 26426809 1] 122
[1 26426809 26426809 1] 106
[1 21305625 21305625 1] 40079863
[1 6473731 6473731 1] 227
[1 21021531 21021531 1] 178
[1 20145551 20145551 1] 40379497
[1 21021531 21021531 1] 103
[1 19290072 19290072 1] 41787611
[1 4636916 4636916 1] 144
[1 17487132 17487132 1] 43002826
[1 7684931 7684931 1] 43199470
[1 4636916 4636916 1] 132
[1 8213259 8213259 1] 141
[1 23387982 23387982 1] 43818219
[1 1252997 1252997 1] 43348352
[1 27612903 27612903 1] 108
[1 6473731 6473731 1] 42821588
[1 19700724 19700724 1] 145
[1 17681096 17681096 1] 44050514
[1 16956430 16956430 1] 1494
[1 6911341 6911341 1] 43572290
[1 29760493 29760493 1] 155
[1 8338083 8338083 1] 769
[1 19700724 19700724 1] 113
[1 29760493 29760493 1] 141
[1 23327685 23327685 1] 45425999
[1 4238336 4238336 1] 111
[1 16855543 16855543 1] 46582394
[1 19393585 19393585 1] 208
[1 7418419 7418419 1] 45551649
[1 24887344 24887344 1] 427
[1 29760493 29760493 1] 147
[1 26811306 26811306 1] 355
[1 7418419 7418419 1] 124
[1 23089413 23089413 1] 47400857
[1 6473731 6473731 1] 153
[1 22520060 22520060 1] 149
[1 6939508 6939508 1] 46926555
[1 18703136 18703136 1] 182
[1 7418419 7418419 1] 47103095
[1 2275857 2275857 1] 46740157
[1 22520060 22520060 1] 141
[1 6473731 6473731 1] 46216769
[1 27905772 27905772 1] 139
[1 16855543 16855543 1] 45568689
[1 6930887 6930887 1] 135
[1 19018457 19018457 1] 135
[1 15996659 15996659 1] 44831301
[1 2275857 2275857 1] 498
[1 6898538 6898538 1] 453
[1 19054082 19054082 1] 45014345
[1 19018457 19018457 1] 127
[1 18703136 18703136 1] 624
[1 18703136 18703136 1] 129
[1 26811973 26811973 1] 46615558
[1 73851 73851 1] 46023006
[1 6911341 6911341 1] 125
[1 15996659 15996659 1] 47078910
[1 2275857 2275857 1] 150
[1 26340714 26340714 1] 48014470
[1 4238336 4238336 1] 77
[1 23665124 23665124 1] 211
[1 21021531 21021531 1] 164
[1 15256191 15256191 1] 49007761
[1 24429690 24429690 1] 143
[1 21021531 21021531 1] 118
[1 2597489 2597489 1] 128
[1 23327685 23327685 1] 50832368
[1 26426809 26426809 1] 685
[1 13363369 13363369 1] 158
[1 7418419 7418419 1] 131
[1 21021531 21021531 1] 146
[1 22218005 22218005 1] 50735617
[1 27612903 27612903 1] 131
[1 27336328 27336328 1] 304
[1 11614770 11614770 1] 51374370
[1 29441501 29441501 1] 154
[1 12981777 12981777 1] 52139829
[1 6939508 6939508 1] 120
[1 6898538 6898538 1] 1467
[1 23089413 23089413 1] 53965984
[1 17681096 17681096 1] 136
[1 4445885 4445885 1] 53230401
[1 27612903 27612903 1] 140
[1 21021531 21021531 1] 127
[1 20223206 20223206 1] 54727519
[1 22520060 22520060 1] 207
[1 12262755 12262755 1] 54194232
[1 15996659 15996659 1] 160
[1 4238336 4238336 1] 125
[1 19018457 19018457 1] 134
[1 26902022 26902022 1] 54589333
[1 16956430 16956430 1] 553
[1 27949909 27949909 1] 55700337
[1 23665124 23665124 1] 137
[1 21021531 21021531 1] 170
[1 7684931 7684931 1] 54698561
[1 21021531 21021531 1] 151
[1 8338083 8338083 1] 196
[1 19290072 19290072 1] 56113893
[1 11999755 11999755 1] 56164276
[1 2251747 2251747 1] 55802356
[1 17513927 17513927 1] 135
[1 4319530 4319530 1] 55653308
[1 6898538 6898538 1] 1254
[1 4238336 4238336 1] 143
[1 24549798 24549798 1] 56998895
[1 7418419 7418419 1] 57173032
[1 12981777 12981777 1] 122
[1 22520060 22520060 1] 125
[1 18012498 18012498 1] 57871108
[1 27336328 27336328 1] 128
[1 23665124 23665124 1] 128
[1 18703136 18703136 1] 114
[1 19393585 19393585 1] 139
[1 25519126 25519126 1] 59329917
[1 21305625 21305625 1] 125
[1 25209189 25209189 1] 60746028
[1 15256191 15256191 1] 131
[1 29760493 29760493 1] 131
[1 15256191 15256191 1] 61131415
[1 17513927 17513927 1] 162
[1 10697698 10697698 1] 58656016
[1 16956430 16956430 1] 118
[1 23571044 23571044 1] 60538367
[1 19393585 19393585 1] 139
[1 10636430 10636430 1] 55046354
[1 27612903 27612903 1] 902
[1 19290072 19290072 1] 146
[1 9202901 9202901 1] 54806936
[1 6898538 6898538 1] 751
[1 18777857 18777857 1] 160
[1 4238336 4238336 1] 139
[1 21717989 21717989 1] 55290500
[1 4238336 4238336 1] 121
[1 11585796 11585796 1] 55892065
[1 12655341 12655341 1] 55410712
[1 6898538 6898538 1] 121
[1 13455737 13455737 1] 160
[1 10956043 10956043 1] 54743646
[1 8888229 8888229 1] 161
[1 5526310 5526310 1] 53522750
[1 19018457 19018457 1] 136
[1 19018457 19018457 1] 142
[1 22495426 22495426 1] 55258233
[1 22520060 22520060 1] 123
[1 9806368 9806368 1] 55674300
[1 17513927 17513927 1] 130
[1 24504235 24504235 1] 57635637
[1 22520060 22520060 1] 174
[1 16631627 16631627 1] 58765304
[1 21021531 21021531 1] 124
[1 7893530 7893530 1] 54790969
[1 4238336 4238336 1] 133
[1 4319530 4319530 1] 50439729
[1 4238336 4238336 1] 148
[1 12262755 12262755 1] 50529775
[1 14152275 14152275 1] 51396896
[1 4636916 4636916 1] 116
[1 17077889 17077889 1] 51385905
[1 8338083 8338083 1] 132
[1 11027285 11027285 1] 51327620
[1 12276966 12276966 1] 245
[1 17077889 17077889 1] 51899605
[1 3228459 3228459 1] 49274155
[1 3967638 3967638 1] 49068716
[1 27949909 27949909 1] 145
[1 26620484 26620484 1] 51240921
[1 17487132 17487132 1] 134
[1 23665124 23665124 1] 125
[1 18295500 18295500 1] 146
[1 27949909 27949909 1] 53570992
[1 12645730 12645730 1] 53693702
[1 19018457 19018457 1] 222
[1 23631234 23631234 1] 53745009
[1 19393585 19393585 1] 126
[1 13160359 13160359 1] 53977927
[1 11614770 11614770 1] 155
[1 21021531 21021531 1] 184
[1 29760493 29760493 1] 129
[1 29110700 29110700 1] 56400626
[1 16956430 16956430 1] 571
[1 24887344 24887344 1] 121
[1 20668364 20668364 1] 57359756
[1 4238336 4238336 1] 223
[1 7418419 7418419 1] 159
[1 14152275 14152275 1] 148
[1 23319848 23319848 1] 58627614
[1 23089413 23089413 1] 129
[1 12539391 12539391 1] 58726579
[1 19290072 19290072 1] 124
[1 18703136 18703136 1] 122
[1 18703136 18703136 1] 124
[1 25745792 25745792 1] 60823893
[1 18703136 18703136 1] 116
[1 20631492 20631492 1] 61171696
[1 18295500 18295500 1] 116
[1 5035326 5035326 1] 58703997
[1 17077889 17077889 1] 115
[1 24187517 24187517 1] 60620984
[1 2597489 2597489 1] 110
[1 19018457 19018457 1] 176
[1 17077889 17077889 1] 61189158
[1 24429690 24429690 1] 118
[1 3785405 3785405 1] 61018963
[1 24429690 24429690 1] 128
[1 27612903 27612903 1] 174
[1 15539863 15539863 1] 60830313
[1 21021531 21021531 1] 128
[1 4238336 4238336 1] 843
[1 22692686 22692686 1] 62035071
[1 15996659 15996659 1] 1165
[1 17077889 17077889 1] 63221250
[1 6473731 6473731 1] 240
[1 5433484 5433484 1] 63189196
[1 19018457 19018457 1] 141
[1 18469912 18469912 1] 63345140
[1 22520060 22520060 1] 122
[1 12740050 12740050 1] 62267642
[1 27336328 27336328 1] 137
[1 16077376 16077376 1] 62132927
[1 9343769 9343769 1] 61902512
[1 23387982 23387982 1] 166
[1 12262755 12262755 1] 129
[1 19544919 19544919 1] 63336239
[1 14311575 14311575 1] 62428669
[1 6930887 6930887 1] 132
[1 23665124 23665124 1] 123
[1 13550254 13550254 1] 62635737
[1 6898538 6898538 1] 120
[1 19054082 19054082 1] 124
[1 15138378 15138378 1] 62401769
[1 24415776 24415776 1] 64346252
[1 16956430 16956430 1] 165
[1 6473731 6473731 1] 132
[1 12032920 12032920 1] 65019125
[1 19018457 19018457 1] 202
[1 21305625 21305625 1] 129
[1 16011018 16011018 1] 65498326
[1 3228459 3228459 1] 65235698
[1 21021531 21021531 1] 1220
[1 4666329 4666329 1] 63919494
[1 15138378 15138378 1] 1008
[1 18703136 18703136 1] 145
[1 13550254 13550254 1] 63524399
[1 2575056 2575056 1] 63189877
[1 2963859 2963859 1] 62897704
[1 19018457 19018457 1] 151
[1 19018457 19018457 1] 155
[1 22520060 22520060 1] 161
[1 20372662 20372662 1] 63824024
[1 16956430 16956430 1] 852
[1 19018457 19018457 1] 135
[1 18777857 18777857 1] 130
[1 23631234 23631234 1] 65708340
[1 7418419 7418419 1] 145
[1 10613074 10613074 1] 66214782
[1 12999171 12999171 1] 158
[1 15256191 15256191 1] 1261
[1 12336504 12336504 1] 65706001
[1 4238336 4238336 1] 173
[1 29639007 29639007 1] 68175923
[1 5414640 5414640 1] 68137528
[1 18703136 18703136 1] 689
[1 22520060 22520060 1] 758
[1 24880227 24880227 1] 69520035
[1 10387678 10387678 1] 70002854
[1 4319530 4319530 1] 140
[1 3228459 3228459 1] 144
[1 19018457 19018457 1] 170
[1 27963982 27963982 1] 72306929
[1 22520060 22520060 1] 123
[1 14887561 14887561 1] 73262405
[1 18703136 18703136 1] 125
[1 24433519 24433519 1] 74613438
[1 24627322 24627322 1] 75375584
[1 22994985 22994985 1] 77185780
[1 23794428 23794428 1] 79065246
[1 22970073 22970073 1] 80247229
[1 21245831 21245831 1] 81867984
[1 26370348 26370348 1] 84069802
[1 9653715 9653715 1] 83877227
[1 27963982 27963982 1] 85637117
[1 3189436 3189436 1] 85385088
[1 24945487 24945487 1] 86184955
[1 14989684 14989684 1] 85952572
[1 11449123 11449123 1] 85352549
[1 24102748 24102748 1] 86080620
[1 25311777 25311777 1] 88112987
[1 3725219 3725219 1] 87900949
[1 5748721 5748721 1] 85496486
[1 9121309 9121309 1] 85840537
[1 7076377 7076377 1] 85375372
[1 1252716 1252716 1] 84903114
[1 9121309 9121309 1] 85252976
[1 25771560 25771560 1] 87321256
[1 1489115 1489115 1] 83874514
[1 332232 332232 1] 81508549
[1 29639007 29639007 1] 83984046
[1 11323876 11323876 1] 84564747
[1 25202255 25202255 1] 85978279
[1 3199182 3199182 1] 84510185
[1 10554604 10554604 1] 85007849
[1 23590182 23590182 1] 86277735
[1 29359416 29359416 1] 88745103
[1 21768826 21768826 1] 90544054
[1 15550552 15550552 1] 90982590
[1 14090033 14090033 1] 91851468
[1 25311777 25311777 1] 92685845
[1 27860000 27860000 1] 94983469
[1 9112298 9112298 1] 95328284
[1 19475777 19475777 1] 96753910
[1 10508861 10508861 1] 94865140
[1 17909212 17909212 1] 96116780
[1 23669087 23669087 1] 97980197
[1 8590931 8590931 1] 98263868
[1 794584 794584 1] 97746555
[1 20037526 20037526 1] 98108983
[1 14826622 14826622 1] 96083490
[1 22634226 22634226 1] 97267913
[1 13712351 13712351 1] 96381502
[1 14522072 14522072 1] 96122879
[1 22836611 22836611 1] 96133609
[1 1928578 1928578 1] 95748424
[1 8498977 8498977 1] 96031393
[1 754553 754553 1] 95509532
[1 23360100 23360100 1] 96798918
[1 332232 332232 1] 96237659
[1 26491299 26491299 1] 97262274
[1 6453196 6453196 1] 97361937
[1 6055806 6055806 1] 97385647
[1 14423429 14423429 1] 98280794
[1 24322198 24322198 1] 99016374
[1 28806446 28806446 1] 100839832
[1 2238284 2238284 1] 99873726
[1 3565422 3565422 1] 99043727

Results: 100.00 27699311

Standard Error: 1.48534e+06
Mean Waiting Time: 2.76993e+07
Statistics for REP_PROB_PERCENT: 60

----------------------------------------
Running client with REP_PROB_PERCENT: 80
**********************************
DTU - OS Challenge - Client v0.20
**********************************
Total requests: 500
Start: 1
Difficulty: 30000000
Repetition probability (%): 80
Request delay (us): 600000
Priority disabled

[1 6930887 6930887 1] 719298
[1 6930887 6930887 1] 838038
[1 4238336 4238336 1] 672382
[1 6930887 6930887 1] 116
[1 4238336 4238336 1] 127
[1 6930887 6930887 1] 126
[1 4238336 4238336 1] 140
[1 29760493 29760493 1] 3248445
[1 6930887 6930887 1] 184
[1 4238336 4238336 1] 130
[1 6930887 6930887 1] 132
[1 22520060 22520060 1] 3812906
[1 29760493 29760493 1] 133
[1 4238336 4238336 1] 140
[1 4238336 4238336 1] 701
[1 21021531 21021531 1] 2446997
[1 4238336 4238336 1] 128
[1 4238336 4238336 1] 2042
[1 21021531 21021531 1] 2846788
[1 29760493 29760493 1] 875
[1 4238336 4238336 1] 125
[1 19018457 19018457 1] 3024760
[1 19018457 19018457 1] 950
[1 6898538 6898538 1] 1343048
[1 6930887 6930887 1] 152
[1 6930887 6930887 1] 134
[1 19018457 19018457 1] 125
[1 23594325 23594325 1] 3217760
[1 21021531 21021531 1] 161
[1 14268981 14268981 1] 2906276
[1 6930887 6930887 1] 128
[1 19018457 19018457 1] 152
[1 15497282 15497282 1] 2804422
[1 4238336 4238336 1] 125
[1 4238336 4238336 1] 149
[1 29760493 29760493 1] 139
[1 27336328 27336328 1] 4457959
[1 4238336 4238336 1] 610
[1 14268981 14268981 1] 128
[1 27336328 27336328 1] 146
[1 27336328 27336328 1] 5569211
[1 6930887 6930887 1] 130
[1 21021531 21021531 1] 153
[1 4238336 4238336 1] 125
[1 21100546 21100546 1] 6561188
[1 4238336 4238336 1] 639
[1 6930887 6930887 1] 1082
[1 26426809 26426809 1] 6909199
[1 6930887 6930887 1] 220
[1 19018457 19018457 1] 126
[1 19393585 19393585 1] 7729512
[1 6930887 6930887 1] 211
[1 4238336 4238336 1] 216
[1 27336328 27336328 1] 328
[1 19393585 19393585 1] 6184464
[1 6297540 6297540 1] 6245109
[1 6930887 6930887 1] 1109
[1 29760493 29760493 1] 138
[1 13480571 13480571 1] 7058983
[1 4238336 4238336 1] 170
[1 27336328 27336328 1] 139
[1 27612903 27612903 1] 8165494
[1 6930887 6930887 1] 129
[1 6930887 6930887 1] 142
[1 27336328 27336328 1] 116
[1 23209442 23209442 1] 8167816
[1 6930887 6930887 1] 203
[1 6930887 6930887 1] 127
[1 27612903 27612903 1] 162
[1 19018457 19018457 1] 670
[1 27612903 27612903 1] 9849609
[1 14268981 14268981 1] 160
[1 19018457 19018457 1] 140
[1 19018457 19018457 1] 444
[1 19393585 19393585 1] 145
[1 27905772 27905772 1] 10959775
[1 23594325 23594325 1] 130
[1 19018457 19018457 1] 141
[1 12890676 12890676 1] 11712489
[1 4238336 4238336 1] 141
[1 19018457 19018457 1] 121
[1 14872354 14872354 1] 11473945
[1 21021531 21021531 1] 152
[1 12276966 12276966 1] 12151853
[1 29760493 29760493 1] 145
[1 4238336 4238336 1] 155
[1 6930887 6930887 1] 120
[1 6930887 6930887 1] 117
[1 27612903 27612903 1] 126
[1 27905772 27905772 1] 11477121
[1 6930887 6930887 1] 112
[1 21021531 21021531 1] 123
[1 6930887 6930887 1] 138
[1 19700724 19700724 1] 11748723
[1 6930887 6930887 1] 123
[1 4238336 4238336 1] 130
[1 21021531 21021531 1] 139
[1 6930887 6930887 1] 825
[1 6930887 6930887 1] 126
[1 29441501 29441501 1] 10632195
[1 26426809 26426809 1] 124
[1 2275857 2275857 1] 9069015
[1 4238336 4238336 1] 134
[1 6930887 6930887 1] 137
[1 4238336 4238336 1] 179
[1 19018457 19018457 1] 112
[1 4238336 4238336 1] 155
[1 6930887 6930887 1] 126
[1 4238336 4238336 1] 139
[1 6930887 6930887 1] 141
[1 29760493 29760493 1] 148
[1 22520060 22520060 1] 145
[1 6930887 6930887 1] 138
[1 18295500 18295500 1] 1899742
[1 19700724 19700724 1] 118
[1 4238336 4238336 1] 116
[1 6930887 6930887 1] 120
[1 27905772 27905772 1] 139
[1 6939508 6939508 1] 713440
[1 19018457 19018457 1] 1483
[1 4238336 4238336 1] 135
[1 21100546 21100546 1] 157
[1 29760493 29760493 1] 169
[1 6898538 6898538 1] 137
[1 6930887 6930887 1] 119
[1 24887344 24887344 1] 2595214
[1 19700724 19700724 1] 157
[1 19018457 19018457 1] 130
[1 22520060 22520060 1] 129
[1 19018457 19018457 1] 130
[1 21021531 21021531 1] 123
[1 19393585 19393585 1] 132
[1 22520060 22520060 1] 181
[1 8213259 8213259 1] 842820
[1 4238336 4238336 1] 132
[1 4238336 4238336 1] 117
[1 4238336 4238336 1] 120
[1 6939508 6939508 1] 119
[1 15497282 15497282 1] 117
[1 29760493 29760493 1] 144
[1 27905772 27905772 1] 129
[1 7684931 7684931 1] 795286
[1 4238336 4238336 1] 112
[1 6930887 6930887 1] 162
[1 19700724 19700724 1] 148
[1 23387982 23387982 1] 2432951
[1 1252997 1252997 1] 1963620
[1 21021531 21021531 1] 131
[1 17681096 17681096 1] 2013055
[1 4238336 4238336 1] 254
[1 6911341 6911341 1] 1621117
[1 29760493 29760493 1] 119
[1 21021531 21021531 1] 589
[1 4238336 4238336 1] 286
[1 23327685 23327685 1] 3446211
[1 19700724 19700724 1] 135
[1 6939508 6939508 1] 146
[1 4238336 4238336 1] 137
[1 2275857 2275857 1] 616
[1 23089413 23089413 1] 2884565
[1 26426809 26426809 1] 207
[1 19700724 19700724 1] 134
[1 6930887 6930887 1] 535
[1 4238336 4238336 1] 146
[1 6930887 6930887 1] 210
[1 4238336 4238336 1] 130
[1 27612903 27612903 1] 152
[1 27612903 27612903 1] 141
[1 4238336 4238336 1] 133
[1 27336328 27336328 1] 141
[1 19393585 19393585 1] 221
[1 15996659 15996659 1] 1653148
[1 6930887 6930887 1] 161
[1 23327685 23327685 1] 172
[1 19054082 19054082 1] 1985719
[1 15996659 15996659 1] 138
[1 22520060 22520060 1] 128
[1 21021531 21021531 1] 123
[1 26811973 26811973 1] 3579953
[1 23327685 23327685 1] 705
[1 23594325 23594325 1] 113
[1 4238336 4238336 1] 132
[1 27612903 27612903 1] 129
[1 26340714 26340714 1] 3315377
[1 19700724 19700724 1] 125
[1 15256191 15256191 1] 4300844
[1 23089413 23089413 1] 119
[1 26426809 26426809 1] 122
[1 27612903 27612903 1] 113
[1 22218005 22218005 1] 3596419
[1 19018457 19018457 1] 144
[1 4238336 4238336 1] 143
[1 19700724 19700724 1] 159
[1 22218005 22218005 1] 5315080
[1 6930887 6930887 1] 141
[1 22520060 22520060 1] 134
[1 6930887 6930887 1] 116
[1 20223206 20223206 1] 4422543
[1 26426809 26426809 1] 136
[1 26426809 26426809 1] 792
[1 14872354 14872354 1] 139
[1 19700724 19700724 1] 134
[1 21021531 21021531 1] 145
[1 26902022 26902022 1] 3033100
[1 7684931 7684931 1] 126
[1 15497282 15497282 1] 153
[1 21021531 21021531 1] 634
[1 19018457 19018457 1] 155
[1 4238336 4238336 1] 119
[1 11999755 11999755 1] 1257707
[1 6930887 6930887 1] 149
[1 4238336 4238336 1] 135
[1 6930887 6930887 1] 138
[1 23594325 23594325 1] 134
[1 8213259 8213259 1] 148
[1 24549798 24549798 1] 2641925
[1 27612903 27612903 1] 834
[1 19700724 19700724 1] 140
[1 19700724 19700724 1] 123
[1 15256191 15256191 1] 851
[1 25519126 25519126 1] 2656000
[1 6930887 6930887 1] 1434
[1 29760493 29760493 1] 126
[1 4238336 4238336 1] 115
[1 19700724 19700724 1] 114
[1 29760493 29760493 1] 117
[1 10697698 10697698 1] 1097322
[1 4238336 4238336 1] 123
[1 19393585 19393585 1] 127
[1 24887344 24887344 1] 208
[1 29760493 29760493 1] 129
[1 23571044 23571044 1] 2973081
[1 19018457 19018457 1] 121
[1 4238336 4238336 1] 122
[1 19700724 19700724 1] 147
[1 22520060 22520060 1] 131
[1 4238336 4238336 1] 128
[1 22520060 22520060 1] 122
[1 27905772 27905772 1] 197
[1 10636430 10636430 1] 1126689
[1 6930887 6930887 1] 152
[1 6930887 6930887 1] 251
[1 19018457 19018457 1] 149
[1 26426809 26426809 1] 147
[1 2275857 2275857 1] 146
[1 11585796 11585796 1] 1196877
[1 6898538 6898538 1] 680
[1 19018457 19018457 1] 1203
[1 4238336 4238336 1] 681
[1 12655341 12655341 1] 1300467
[1 19393585 19393585 1] 195
[1 4238336 4238336 1] 157
[1 6911341 6911341 1] 142
[1 5526310 5526310 1] 566872
[1 27336328 27336328 1] 122
[1 22495426 22495426 1] 2360094
[1 2275857 2275857 1] 134
[1 4238336 4238336 1] 148
[1 9806368 9806368 1] 2788411
[1 29760493 29760493 1] 133
[1 21021531 21021531 1] 135
[1 27336328 27336328 1] 182
[1 16631627 16631627 1] 3331671
[1 21021531 21021531 1] 137
[1 19393585 19393585 1] 142
[1 19700724 19700724 1] 117
[1 26426809 26426809 1] 217
[1 27905772 27905772 1] 245
[1 4238336 4238336 1] 183
[1 21021531 21021531 1] 183
[1 27612903 27612903 1] 152
[1 27336328 27336328 1] 322
[1 29441501 29441501 1] 260
[1 4238336 4238336 1] 127
[1 6939508 6939508 1] 128
[1 19700724 19700724 1] 279
[1 6898538 6898538 1] 118
[1 17681096 17681096 1] 189
[1 14152275 14152275 1] 1471285
[1 27612903 27612903 1] 125
[1 19018457 19018457 1] 126
[1 17077889 17077889 1] 1784327
[1 21021531 21021531 1] 812
[1 17077889 17077889 1] 130
[1 22520060 22520060 1] 119
[1 15996659 15996659 1] 157
[1 4238336 4238336 1] 145
[1 19018457 19018457 1] 103
[1 26426809 26426809 1] 115
[1 29760493 29760493 1] 143
[1 14872354 14872354 1] 136
[1 6930887 6930887 1] 147
[1 6939508 6939508 1] 114
[1 29760493 29760493 1] 125
[1 26620484 26620484 1] 2765180
[1 21021531 21021531 1] 209
[1 21021531 21021531 1] 114
[1 26426809 26426809 1] 115
[1 4238336 4238336 1] 613
[1 26426809 26426809 1] 488
[1 6930887 6930887 1] 133
[1 13160359 13160359 1] 1369707
[1 23387982 23387982 1] 133
[1 6898538 6898538 1] 1261
[1 21021531 21021531 1] 153
[1 4238336 4238336 1] 133
[1 19700724 19700724 1] 129
[1 12539391 12539391 1] 1299922
[1 22520060 22520060 1] 122
[1 26426809 26426809 1] 1424
[1 27336328 27336328 1] 126
[1 29760493 29760493 1] 134
[1 25745792 25745792 1] 3393135
[1 4238336 4238336 1] 680
[1 19393585 19393585 1] 142
[1 5035326 5035326 1] 504651
[1 4238336 4238336 1] 145
[1 17077889 17077889 1] 146
[1 15256191 15256191 1] 157
[1 24187517 24187517 1] 2507896
[1 3785405 3785405 1] 1105713
[1 29760493 29760493 1] 160
[1 21021531 21021531 1] 123
[1 6930887 6930887 1] 680
[1 29760493 29760493 1] 748
[1 17077889 17077889 1] 145
[1 12655341 12655341 1] 150
[1 6930887 6930887 1] 123
[1 19393585 19393585 1] 133
[1 27612903 27612903 1] 130
[1 15497282 15497282 1] 180
[1 6898538 6898538 1] 190
[1 18469912 18469912 1] 1933053
[1 4238336 4238336 1] 132
[1 27336328 27336328 1] 114
[1 4238336 4238336 1] 250
[1 4238336 4238336 1] 176
[1 16077376 16077376 1] 1669491
[1 6898538 6898538 1] 328
[1 9343769 9343769 1] 1444667
[1 6930887 6930887 1] 139
[1 23594325 23594325 1] 194
[1 19544919 19544919 1] 2886825
[1 19018457 19018457 1] 124
[1 19018457 19018457 1] 1301
[1 14311575 14311575 1] 1974030
[1 22520060 22520060 1] 127
[1 27336328 27336328 1] 122
[1 13550254 13550254 1] 2195135
[1 2275857 2275857 1] 131
[1 6930887 6930887 1] 225
[1 12032920 12032920 1] 1246956
[1 26426809 26426809 1] 135
[1 22520060 22520060 1] 136
[1 16011018 16011018 1] 1716617
[1 21021531 21021531 1] 124
[1 22520060 22520060 1] 204
[1 4238336 4238336 1] 145
[1 4238336 4238336 1] 582
[1 13550254 13550254 1] 167
[1 4238336 4238336 1] 220
[1 2963859 2963859 1] 307426
[1 6930887 6930887 1] 106
[1 15996659 15996659 1] 117
[1 26426809 26426809 1] 127
[1 4238336 4238336 1] 144
[1 10613074 10613074 1] 1161497
[1 12276966 12276966 1] 155
[1 27612903 27612903 1] 129
[1 14872354 14872354 1] 227
[1 4238336 4238336 1] 149
[1 14872354 14872354 1] 223
[1 29639007 29639007 1] 3073893
[1 6930887 6930887 1] 184
[1 5414640 5414640 1] 3041067
[1 29760493 29760493 1] 148
[1 27612903 27612903 1] 124
[1 29760493 29760493 1] 128
[1 18295500 18295500 1] 126
[1 27963982 27963982 1] 3567541
[1 6930887 6930887 1] 142
[1 23594325 23594325 1] 150
[1 14311575 14311575 1] 121
[1 19018457 19018457 1] 199
[1 29760493 29760493 1] 117
[1 19393585 19393585 1] 127
[1 22970073 22970073 1] 2382222
[1 27336328 27336328 1] 133
[1 22218005 22218005 1] 131
[1 27963982 27963982 1] 134
[1 21245831 21245831 1] 4000090
[1 21021531 21021531 1] 117
[1 3189436 3189436 1] 733285
[1 29760493 29760493 1] 986
[1 6930887 6930887 1] 115
[1 24887344 24887344 1] 115
[1 4238336 4238336 1] 141
[1 4238336 4238336 1] 135
[1 24945487 24945487 1] 2651928
[1 4238336 4238336 1] 163
[1 21021531 21021531 1] 147
[1 14152275 14152275 1] 124
[1 23089413 23089413 1] 343
[1 6930887 6930887 1] 120
[1 6930887 6930887 1] 162
[1 29760493 29760493 1] 111
[1 15497282 15497282 1] 860
[1 4238336 4238336 1] 116
[1 4238336 4238336 1] 157
[1 4238336 4238336 1] 120
[1 5748721 5748721 1] 589154
[1 18295500 18295500 1] 140
[1 9121309 9121309 1] 952703
[1 7076377 7076377 1] 761498
[1 1252716 1252716 1] 292214
[1 9121309 9121309 1] 166
[1 17077889 17077889 1] 121
[1 19393585 19393585 1] 272
[1 19018457 19018457 1] 128
[1 27336328 27336328 1] 134
[1 25771560 25771560 1] 2663972
[1 27336328 27336328 1] 135
[1 1489115 1489115 1] 151430
[1 27612903 27612903 1] 235
[1 21021531 21021531 1] 139
[1 4238336 4238336 1] 131
[1 332232 332232 1] 33707
[1 29639007 29639007 1] 139
[1 15996659 15996659 1] 626
[1 11323876 11323876 1] 1180507
[1 19700724 19700724 1] 150
[1 19018457 19018457 1] 162
[1 25202255 25202255 1] 2646666
[1 3199182 3199182 1] 1182713
[1 22520060 22520060 1] 443
[1 10554604 10554604 1] 1683724
[1 27336328 27336328 1] 165
[1 23590182 23590182 1] 2940422
[1 23387982 23387982 1] 172
[1 19700724 19700724 1] 135
[1 6930887 6930887 1] 129
[1 14152275 14152275 1] 198
[1 29359416 29359416 1] 5413401
[1 6930887 6930887 1] 641
[1 29760493 29760493 1] 173
[1 21768826 21768826 1] 7121686
[1 6898538 6898538 1] 220
[1 19054082 19054082 1] 142
[1 26426809 26426809 1] 551
[1 15550552 15550552 1] 7579251
[1 14090033 14090033 1] 8450341
[1 6930887 6930887 1] 308
[1 19700724 19700724 1] 154
[1 19018457 19018457 1] 128
[1 27860000 27860000 1] 9003993
[1 4238336 4238336 1] 135
[1 21021531 21021531 1] 128
[1 27336328 27336328 1] 200
[1 19475777 19475777 1] 9966548
[1 4238336 4238336 1] 182
[1 19018457 19018457 1] 182
[1 17909212 17909212 1] 8242792
[1 19018457 19018457 1] 134
[1 22520060 22520060 1] 427
[1 6930887 6930887 1] 115
[1 23669087 23669087 1] 10145940
[1 19018457 19018457 1] 113
[1 8590931 8590931 1] 10435088
[1 794584 794584 1] 9916960
[1 27336328 27336328 1] 145
[1 27336328 27336328 1] 135
[1 4238336 4238336 1] 138
[1 19018457 19018457 1] 145
[1 20037526 20037526 1] 10262225
[1 15256191 15256191 1] 139
[1 14826622 14826622 1] 8287960
[1 4238336 4238336 1] 128
[1 22634226 22634226 1] 9444348
[1 4238336 4238336 1] 140
[1 332232 332232 1] 126
[1 4238336 4238336 1] 478
[1 13712351 13712351 1] 8581805
[1 22520060 22520060 1] 138
[1 4238336 4238336 1] 101
[1 6930887 6930887 1] 149
[1 22836611 22836611 1] 6763426
[1 1928578 1928578 1] 6362277
[1 19018457 19018457 1] 120
[1 4238336 4238336 1] 150
[1 8498977 8498977 1] 6664667
[1 754553 754553 1] 6144121
[1 26426809 26426809 1] 115
[1 6453196 6453196 1] 2613221
[1 21021531 21021531 1] 152
[1 19018457 19018457 1] 172
[1 25202255 25202255 1] 122
[1 22520060 22520060 1] 126
[1 2238284 2238284 1] 223205
[1 4238336 4238336 1] 117
[1 3565422 3565422 1] 369510

Results: 100.00 978110

Standard Error: 106233
Mean Waiting Time: 978111
Statistics for REP_PROB_PERCENT: 80

----------------------------------------
