Running client with REP_PROB_PERCENT: 0
**********************************
DTU - OS Challenge - Client v0.20
**********************************
Total requests: 500
Start: 1
Difficulty: 30000000
Repetition probability (%): 0
Request delay (us): 600000
Priority disabled

[1 6930887 6930887 1] 530184
[1 4636916 4636916 1] 352885
[1 4238336 4238336 1] 321469
[1 29760493 29760493 1] 2254487
[1 19641422 19641422 1] 3158947
[1 490028 490028 1] 2596261
[1 22520060 22520060 1] 3846048
[1 17513927 17513927 1] 4683554
[1 10383427 10383427 1] 4908270
[1 13455737 13455737 1] 5367312
[1 11595369 11595369 1] 5698787
[1 16956430 16956430 1] 6626885
[1 21021531 21021531 1] 7757802
[1 23665124 23665124 1] 9208912
[1 18703136 18703136 1] 10240661
[1 1979803 1979803 1] 9800365
[1 5723059 5723059 1] 9670621
[1 15898168 15898168 1] 10444307
[1 19018457 19018457 1] 11456568
[1 6478043 6478043 1] 11430423
[1 3377374 3377374 1] 11108169
[1 24544920 24544920 1] 12736041
[1 6898538 6898538 1] 12703695
[1 23594325 23594325 1] 14162517
[1 28664371 28664371 1] 16547431
[1 4803527 4803527 1] 16450866
[1 14268981 14268981 1] 17327938
[1 29241874 29241874 1] 19732669
[1 12999171 12999171 1] 20444182
[1 15497282 15497282 1] 21416376
[1 14420926 14420926 1] 22316246
[1 27336328 27336328 1] 24532707
[1 19126506 19126506 1] 25851979
[1 12621730 12621730 1] 26507172
[1 23925858 23925858 1] 28356195
[1 24353896 24353896 1] 30214588
[1 21100546 21100546 1] 31728267
[1 18233368 18233368 1] 32953669
[1 25990365 25990365 1] 34982904
[1 10313751 10313751 1] 35412257
[1 26426809 26426809 1] 37456966
[1 29947179 29947179 1] 39937324
[1 19393585 19393585 1] 41267485
[1 28502652 28502652 1] 43502862
[1 4612400 4612400 1] 43363973
[1 4095061 4095061 1] 43174764
[1 13993369 13993369 1] 43998307
[1 4210013 4210013 1] 43819787
[1 9698587 9698587 1] 44194758
[1 6297540 6297540 1] 44229453
[1 13480571 13480571 1] 44986582
[1 25960379 25960379 1] 47116122
[1 2066602 2066602 1] 46724060
[1 27612903 27612903 1] 48918991
[1 24544920 24544920 1] 138
[1 3570493 3570493 1] 48680602
[1 260757 260757 1] 48107006
[1 5560281 5560281 1] 48067981
[1 23209442 23209442 1] 49809258
[1 24429690 24429690 1] 51707537
[1 27346620 27346620 1] 53868246
[1 744730 744730 1] 53342381
[1 13108118 13108118 1] 54060253
[1 27905772 27905772 1] 56293023
[1 12890676 12890676 1] 56990159
[1 11698928 11698928 1] 57552305
[1 18777857 18777857 1] 58834869
[1 14872354 14872354 1] 59725107
[1 12276966 12276966 1] 60372550
[1 23964684 23964684 1] 62196301
[1 10028625 10028625 1] 62678026
[1 332872 332872 1] 62112654
[1 10048830 10048830 1] 62539382
[1 5530020 5530020 1] 62496954
[1 13363369 13363369 1] 63274584
[1 7486716 7486716 1] 63431598
[1 11518150 11518150 1] 63986735
[1 19700724 19700724 1] 65352466
[1 18002246 18002246 1] 66684569
[1 19493452 19493452 1] 68126918
[1 20243556 20243556 1] 69609201
[1 2597489 2597489 1] 69268503
[1 8888229 8888229 1] 69555471
[1 18792351 18792351 1] 70833378
[1 29441501 29441501 1] 73218566
[1 26087765 26087765 1] 75254640
[1 5324915 5324915 1] 75189770
[1 2275857 2275857 1] 74821038
[1 27346492 27346492 1] 76990460
[1 1148366 1148366 1] 76505163
[1 20281937 20281937 1] 77956649
[1 16452552 16452552 1] 79005676
[1 11899229 11899229 1] 79611184
[1 3975408 3975408 1] 79415340
[1 6276122 6276122 1] 79452803
[1 794396 794396 1] 78933179
[1 24661238 24661238 1] 80876454
[1 573794 573794 1] 80333615
[1 15894429 15894429 1] 81383606
[1 7231012 7231012 1] 81508577
[1 14639530 14639530 1] 82389222
[1 7322405 7322405 1] 82538288
[1 12255764 12255764 1] 83186301
[1 17854539 17854539 1] 84381770
[1 12436841 12436841 1] 85075049
[1 15344819 15344819 1] 86022211
[1 22670689 22670689 1] 87710314
[1 12067918 12067918 1] 88328745
[1 20466997 20466997 1] 89815682
[1 16987744 16987744 1] 90939582
[1 9512184 9512184 1] 91292112
[1 24429690 24429690 1] 130
[1 18295500 18295500 1] 92605632
[1 16206726 16206726 1] 93679680
[1 2755591 2755591 1] 93387926
[1 3268140 3268140 1] 93110883
[1 12469787 12469787 1] 93785550
[1 8338083 8338083 1] 94074799
[1 20388465 20388465 1] 95522760
[1 6939508 6939508 1] 95612645
[1 25228805 25228805 1] 97598948
[1 22278612 22278612 1] 99298967
[1 17127829 17127829 1] 100426227
[1 24887344 24887344 1] 102340922
[1 2035569 2035569 1] 101944185
[1 23665124 23665124 1] 122
[1 27755423 27755423 1] 104135285
[1 24613811 24613811 1] 106032344
[1 19321802 19321802 1] 107426583
[1 6473731 6473731 1] 107483859
[1 26811306 26811306 1] 109630703
[1 15178737 15178737 1] 110588490
[1 14248627 14248627 1] 111453295
[1 503466 503466 1] 110904578
[1 12473417 12473417 1] 111586301
[1 8213259 8213259 1] 111822164
[1 24167638 24167638 1] 113720536
[1 21305625 21305625 1] 115270154
[1 13911900 13911900 1] 115504143
[1 20145551 20145551 1] 116961397
[1 19290072 19290072 1] 118329665
[1 17487132 17487132 1] 119514368
[1 7684931 7684931 1] 119699961
[1 21845895 21845895 1] 121306209
[1 7370164 7370164 1] 121463081
[1 23387982 23387982 1] 123241039
[1 1252997 1252997 1] 122768349
[1 2713774 2713774 1] 122444461
[1 12739669 12739669 1] 123142673
[1 17681096 17681096 1] 124344937
[1 17116467 17116467 1] 125496361
[1 6911341 6911341 1] 125603037
[1 23327685 23327685 1] 127417206
[1 16855543 16855543 1] 128553351
[1 7379108 7379108 1] 128711242
[1 18219757 18219757 1] 130067559
[1 7418419 7418419 1] 130228735
[1 23089413 23089413 1] 132020147
[1 25032173 25032173 1] 133996581
[1 29262010 29262010 1] 136376530
[1 28625211 28625211 1] 138721399
[1 7467588 7467588 1] 138892438
[1 25319302 25319302 1] 140917336
[1 26667373 26667373 1] 143078279
[1 20401256 20401256 1] 144578896
[1 24044600 24044600 1] 146444672
[1 21229905 21229905 1] 148010670
[1 15939812 15939812 1] 149073192
[1 16915668 16915668 1] 150217522
[1 24429690 24429690 1] 145
[1 29346229 29346229 1] 152630495
[1 4829151 4829151 1] 152525716
[1 15996659 15996659 1] 153574086
[1 5789225 5789225 1] 153563163
[1 9867270 9867270 1] 153976896
[1 19054082 19054082 1] 155324197
[1 15740085 15740085 1] 156352212
[1 26811973 26811973 1] 158512766
[1 73851 73851 1] 157920187
[1 15905386 15905386 1] 158942348
[1 7739300 7739300 1] 159157615
[1 23606043 23606043 1] 160971557
[1 26340714 26340714 1] 163108082
[1 15256191 15256191 1] 164081220
[1 6942591 6942591 1] 164192695
[1 10108582 10108582 1] 164632116
[1 21499337 21499337 1] 166236558
[1 6371156 6371156 1] 166292560
[1 22218005 22218005 1] 168026386
[1 11614770 11614770 1] 168625884
[1 12981777 12981777 1] 169390760
[1 6247256 6247256 1] 169428930
[1 18348143 18348143 1] 170701868
[1 4445885 4445885 1] 170553591
[1 20223206 20223206 1] 172046833
[1 27679568 27679568 1] 174325250
[1 21690614 21690614 1] 175966408
[1 12262755 12262755 1] 176627471
[1 1154260 1154260 1] 176145110
[1 12828203 12828203 1] 176879090
[1 24723507 24723507 1] 178832809
[1 26902022 26902022 1] 181010698
[1 20390869 20390869 1] 182550699
[1 6235190 6235190 1] 182598357
[1 27949909 27949909 1] 184892750
[1 27210499 27210499 1] 187107043
[1 18518809 18518809 1] 188423534
[1 4686249 4686249 1] 188312744
[1 19033334 19033334 1] 189802828
[1 20321649 20321649 1] 191352448
[1 11999755 11999755 1] 191987749
[1 2251747 2251747 1] 191620474
[1 4319530 4319530 1] 191468277
[1 573794 573794 1] 190928126
[1 24549798 24549798 1] 192898849
[1 26086991 26086991 1] 195017179
[1 10003034 10003034 1] 195447024
[1 18012498 18012498 1] 196755613
[1 21294893 21294893 1] 198356795
[1 25519126 25519126 1] 200391301
[1 24613997 24613997 1] 202337933
[1 25209189 25209189 1] 204331602
[1 8703730 8703730 1] 204633891
[1 15032461 15032461 1] 205580188
[1 21543922 21543922 1] 207326670
[1 2026305 2026305 1] 207032920
[1 18388028 18388028 1] 208362060
[1 2266749 2266749 1] 207993930
[1 1308903 1308903 1] 207529761
[1 10697698 10697698 1] 208031310
[1 23571044 23571044 1] 209897271
[1 15132003 15132003 1] 210909591
[1 24806404 24806404 1] 212900880
[1 24887344 24887344 1] 214904984
[1 9908539 9908539 1] 215346708
[1 12895152 12895152 1] 216126657
[1 12282135 12282135 1] 216797599
[1 171693 171693 1] 216215217
[1 20516128 20516128 1] 217743722
[1 13755630 13755630 1] 218579058
[1 15590965 15590965 1] 219597300
[1 10636430 10636430 1] 220177054
[1 2576336 2576336 1] 219847488
[1 9202901 9202901 1] 220207300
[1 19407972 19407972 1] 221628241
[1 12260290 12260290 1] 222290872
[1 21717989 21717989 1] 223936324
[1 11585796 11585796 1] 224556057
[1 13053145 13053145 1] 225310767
[1 27658391 27658391 1] 227583128
[1 12655341 12655341 1] 228387140
[1 10000570 10000570 1] 228803308
[1 1174233 1174233 1] 228326757
[1 10956043 10956043 1] 228876518
[1 20409118 20409118 1] 230391550
[1 16266762 16266762 1] 231473193
[1 5526310 5526310 1] 231445961
[1 22495426 22495426 1] 233209413
[1 9806368 9806368 1] 233629106
[1 24504235 24504235 1] 235603335
[1 16631627 16631627 1] 236730355
[1 7226058 7226058 1] 236888674
[1 16673169 16673169 1] 238083032
[1 7390359 7390359 1] 238253146
[1 6947387 6947387 1] 238379878
[1 10634995 10634995 1] 238309971
[1 27056553 27056553 1] 240601440
[1 7893530 7893530 1] 240826951
[1 28532291 28532291 1] 243215742
[1 27756971 27756971 1] 245587420
[1 16819081 16819081 1] 246749188
[1 24218594 24218594 1] 248684926
[1 6418628 6418628 1] 248756315
[1 18561887 18561887 1] 250115771
[1 10788356 10788356 1] 250748404
[1 2720091 2720091 1] 250434254
[1 26059480 26059480 1] 252558935
[1 1858970 1858970 1] 252150203
[1 14152275 14152275 1] 253029076
[1 16047642 16047642 1] 254101369
[1 10925434 10925434 1] 254633594
[1 17077889 17077889 1] 255841472
[1 3524567 3524567 1] 255610483
[1 11027285 11027285 1] 256161622
[1 5790418 5790418 1] 256165451
[1 29372261 29372261 1] 258652205
[1 7100238 7100238 1] 258788310
[1 9473060 9473060 1] 259198395
[1 22648519 22648519 1] 261024132
[1 21990784 21990784 1] 262745550
[1 3228459 3228459 1] 262488450
[1 3967638 3967638 1] 262305263
[1 26620484 26620484 1] 264481988
[1 27770479 27770479 1] 266822198
[1 27149315 27149315 1] 269081133
[1 12645730 12645730 1] 269809867
[1 11089439 11089439 1] 269764840
[1 7211389 7211389 1] 269916963
[1 23631234 23631234 1] 271760545
[1 25933682 25933682 1] 273850998
[1 13160359 13160359 1] 274629856
[1 29110700 29110700 1] 277043204
[1 24101840 24101840 1] 278954950
[1 20668364 20668364 1] 280543631
[1 20228795 20228795 1] 282066100
[1 23319848 23319848 1] 283923310
[1 18217463 18217463 1] 285254621
[1 12539391 12539391 1] 285959884
[1 25745792 25745792 1] 288071798
[1 7355116 7355116 1] 288234725
[1 12796158 12796158 1] 288999198
[1 20631492 20631492 1] 290543421
[1 4462952 4462952 1] 290404400
[1 11035022 11035022 1] 290993829
[1 18393741 18393741 1] 292291271
[1 3614031 3614031 1] 292064435
[1 5035326 5035326 1] 291983769
[1 24187517 24187517 1] 293899124
[1 2033003 2033003 1] 293509973
[1 27746140 27746140 1] 295821363
[1 3785405 3785405 1] 295615541
[1 28974581 28974581 1] 298026103
[1 6039022 6039022 1] 298069364
[1 15539863 15539863 1] 299071129
[1 16235380 16235380 1] 300186004
[1 22692686 22692686 1] 301987290
[1 18299905 18299905 1] 303293841
[1 5433484 5433484 1] 303254466
[1 6199760 6199760 1] 303303126
[1 15889745 15889745 1] 304354073
[1 18469912 18469912 1] 305709438
[1 8663951 8663951 1] 306034090
[1 29777561 29777561 1] 308526138
[1 17675106 17675106 1] 309770325
[1 12740050 12740050 1] 310504417
[1 6588712 6588712 1] 310590563
[1 1519935 1519935 1] 310149219
[1 16077376 16077376 1] 311220868
[1 29593615 29593615 1] 313703905
[1 9343769 9343769 1] 314073775
[1 19544919 19544919 1] 315504749
[1 27376883 27376883 1] 317779245
[1 27876983 27876983 1] 320083048
[1 13124031 13124031 1] 320904432
[1 14311575 14311575 1] 321787207
[1 11186594 11186594 1] 322422237
[1 13550254 13550254 1] 323268175
[1 8803075 8803075 1] 323582083
[1 17734714 17734714 1] 324827761
[1 15138378 15138378 1] 325804525
[1 24415776 24415776 1] 327732328
[1 12032920 12032920 1] 328384603
[1 9806733 9806733 1] 328812171
[1 16011018 16011018 1] 329890426
[1 24760236 24760236 1] 331868010
[1 7745692 7745692 1] 332077552
[1 22423944 22423944 1] 333812487
[1 4666329 4666329 1] 333701757
[1 20449292 20449292 1] 335231847
[1 6894019 6894019 1] 335352661
[1 11836837 11836837 1] 336007347
[1 2575056 2575056 1] 335676417
[1 2963859 2963859 1] 335425536
[1 8714905 8714905 1] 335745099
[1 20372662 20372662 1] 337297410
[1 3689686 3689686 1] 337083569
[1 10613074 10613074 1] 337597108
[1 5756852 5756852 1] 337601859
[1 26349251 26349251 1] 339791308
[1 12336504 12336504 1] 340479031
[1 29639007 29639007 1] 343138509
[1 5414640 5414640 1] 343103379
[1 7721121 7721121 1] 343360833
[1 24880227 24880227 1] 345644376
[1 10387678 10387678 1] 346228158
[1 27963982 27963982 1] 348651582
[1 14887561 14887561 1] 349630058
[1 127956 127956 1] 349043316
[1 24433519 24433519 1] 351153741
[1 21066343 21066343 1] 352817725
[1 10245197 10245197 1] 353337646
[1 24627322 24627322 1] 355429314
[1 22994985 22994985 1] 357279774
[1 23794428 23794428 1] 359269251
[1 22152041 22152041 1] 361009993
[1 22970073 22970073 1] 362875281
[1 21245831 21245831 1] 364532087
[1 26370348 26370348 1] 366795579
[1 20982031 20982031 1] 368501091
[1 9653715 9653715 1] 368942023
[1 18057523 18057523 1] 370283618
[1 18626925 18626925 1] 371659903
[1 3189436 3189436 1] 371389934
[1 15829205 15829205 1] 372491858
[1 22630444 22630444 1] 374267425
[1 24945487 24945487 1] 376326253
[1 26684279 26684279 1] 378562386
[1 6250263 6250263 1] 378619223
[1 14989684 14989684 1] 379578247
[1 21539849 21539849 1] 381212312
[1 1208325 1208325 1] 380738548
[1 11449123 11449123 1] 381353721
[1 7927336 7927336 1] 381568319
[1 3937458 3937458 1] 381379269
[1 24102748 24102748 1] 383324418
[1 25311777 25311777 1] 385386173
[1 3725219 3725219 1] 385174340
[1 27621704 27621704 1] 387454443
[1 15209934 15209934 1] 388475000
[1 17053960 17053960 1] 389655712
[1 2862807 2862807 1] 389350990
[1 5748721 5748721 1] 389351021
[1 9121309 9121309 1] 389702220
[1 1742699 1742699 1] 389283652
[1 7076377 7076377 1] 389421339
[1 1252716 1252716 1] 388951886
[1 2825172 2825172 1] 388645423
[1 25771560 25771560 1] 390846456
[1 15554011 15554011 1] 391895881
[1 22178225 22178225 1] 393610567
[1 25816540 25816540 1] 395697662
[1 13945054 13945054 1] 395996831
[1 1489115 1489115 1] 395552060
[1 15405990 15405990 1] 396572658
[1 2028068 2028068 1] 396182015
[1 25575224 25575224 1] 398338056
[1 332232 332232 1] 397772876
[1 2292123 2292123 1] 397412977
[1 11323876 11323876 1] 397990103
[1 20390180 20390180 1] 399523158
[1 25202255 25202255 1] 401580177
[1 20311132 20311132 1] 403099786
[1 3967858 3967858 1] 402912721
[1 3199182 3199182 1] 402645166
[1 10554604 10554604 1] 403145418
[1 26152434 26152434 1] 405285065
[1 23590182 23590182 1] 407149256
[1 29359416 29359416 1] 409615333
[1 21768826 21768826 1] 411290625
[1 26138723 26138723 1] 413420894
[1 15550552 15550552 1] 414476590
[1 14090033 14090033 1] 415359616
[1 21443182 21443182 1] 416990814
[1 12990416 12990416 1] 417747286
[1 3299709 3299709 1] 417494641
[1 27860000 27860000 1] 419809434
[1 9112298 9112298 1] 420161562
[1 19475777 19475777 1] 421610491
[1 19068978 19068978 1] 423043329
[1 21742588 21742588 1] 424700747
[1 16723383 16723383 1] 425843748
[1 9544267 9544267 1] 426238579
[1 10508861 10508861 1] 426734732
[1 17909212 17909212 1] 428017976
[1 23669087 23669087 1] 429925281
[1 8590931 8590931 1] 430226306
[1 794584 794584 1] 429710082
[1 2651477 2651477 1] 429388835
[1 4095821 4095821 1] 429261314
[1 20037526 20037526 1] 430772686
[1 1538840 1538840 1] 430332355
[1 5897491 5897491 1] 430347086
[1 1101361 1101361 1] 429861662
[1 6247644 6247644 1] 429912814
[1 13080929 13080929 1] 430711185
[1 14826622 14826622 1] 431661835
[1 10917956 10917956 1] 432226383
[1 22634226 22634226 1] 434112964
[1 3274571 3274571 1] 433862928
[1 6220854 6220854 1] 433910333
[1 7107723 7107723 1] 434047255
[1 13712351 13712351 1] 434872499
[1 20009098 20009098 1] 436359008
[1 7689127 7689127 1] 436566615
[1 14522072 14522072 1] 437483861
[1 26533150 26533150 1] 439646876
[1 28140529 28140529 1] 441981820
[1 9228399 9228399 1] 442349865
[1 22836611 22836611 1] 444136407
[1 1928578 1928578 1] 443737558
[1 8498977 8498977 1] 444023803
[1 754553 754553 1] 443502748
[1 11126088 11126088 1] 444110593
[1 23360100 23360100 1] 445939783
[1 16448567 16448567 1] 447044968
[1 6377018 6377018 1] 447107782
[1 14392736 14392736 1] 448008703
[1 26491299 26491299 1] 450169700
[1 6453196 6453196 1] 450291006
[1 6055806 6055806 1] 450317279
[1 14423429 14423429 1] 451238142
[1 19552529 19552529 1] 452704572
[1 5019594 5019594 1] 452629609
[1 24322198 24322198 1] 454624420
[1 9289673 9289673 1] 454982624
[1 28806446 28806446 1] 457391371
[1 12796158 12796158 1] 458134921
[1 2238284 2238284 1] 457768844
[1 5466128 5466128 1] 457741317
[1 3565422 3565422 1] 457509157

Results: 100.00 227966732

Standard Error: 6.18897e+06
Mean Waiting Time: 2.27967e+08
Statistics for REP_PROB_PERCENT: 0

----------------------------------------
Running client with REP_PROB_PERCENT: 20
**********************************
DTU - OS Challenge - Client v0.20
**********************************
Total requests: 500
Start: 1
Difficulty: 30000000
Repetition probability (%): 20
Request delay (us): 600000
Priority disabled

[1 6930887 6930887 1] 722468
[1 4636916 4636916 1] 631160
[1 4238336 4238336 1] 476080
[1 29760493 29760493 1] 3136945
[1 19641422 19641422 1] 4588888
[1 490028 490028 1] 4039948
[1 22520060 22520060 1] 5839744
[1 17513927 17513927 1] 7129945
[1 10383427 10383427 1] 7614664
[1 13455737 13455737 1] 8426960
[1 10383427 10383427 1] 8905354
[1 4636916 4636916 1] 128
[1 16956430 16956430 1] 10076992
[1 21021531 21021531 1] 11650133
[1 23665124 23665124 1] 13519124
[1 4238336 4238336 1] 161
[1 18703136 18703136 1] 14876195
[1 1979803 1979803 1] 14484786
[1 5723059 5723059 1] 14482501
[1 15898168 15898168 1] 15543273
[1 19018457 19018457 1] 16923603
[1 5723059 5723059 1] 16918085
[1 3377374 3377374 1] 16671291
[1 24544920 24544920 1] 18667055
[1 6898538 6898538 1] 18789936
[1 19018457 19018457 1] 1328
[1 5723059 5723059 1] 199
[1 23594325 23594325 1] 20692925
[1 19018457 19018457 1] 22076080
[1 14268981 14268981 1] 22367270
[1 16956430 16956430 1] 647
[1 29241874 29241874 1] 24846077
[1 12999171 12999171 1] 25599420
[1 16956430 16956430 1] 158
[1 15497282 15497282 1] 26621422
[1 1979803 1979803 1] 26229877
[1 14268981 14268981 1] 168
[1 27336328 27336328 1] 28508698
[1 19126506 19126506 1] 29915058
[1 12621730 12621730 1] 30634961
[1 27336328 27336328 1] 32899159
[1 24353896 24353896 1] 34847222
[1 21100546 21100546 1] 36450682
[1 25990365 25990365 1] 38020288
[1 18703136 18703136 1] 221
[1 19641422 19641422 1] 168
[1 10313751 10313751 1] 38515162
[1 4238336 4238336 1] 135
[1 16956430 16956430 1] 169
[1 26426809 26426809 1] 40685474
[1 29947179 29947179 1] 43220616
[1 19393585 19393585 1] 44673984
[1 27336328 27336328 1] 46937456
[1 4612400 4612400 1] 46817030
[1 4095061 4095061 1] 46644324
[1 6898538 6898538 1] 157
[1 13993369 13993369 1] 47507777
[1 4210013 4210013 1] 47346647
[1 9698587 9698587 1] 47755248
[1 6297540 6297540 1] 47812268
[1 19393585 19393585 1] 117
[1 13480571 13480571 1] 48618837
[1 24544920 24544920 1] 105
[1 25960379 25960379 1] 50717493
[1 2066602 2066602 1] 50338960
[1 27612903 27612903 1] 52612481
[1 260757 260757 1] 51439347
[1 23209442 23209442 1] 52665914
[1 24429690 24429690 1] 54614824
[1 27346620 27346620 1] 56862431
[1 744730 744730 1] 56339666
[1 13108118 13108118 1] 57105044
[1 27905772 27905772 1] 59413450
[1 12890676 12890676 1] 60155627
[1 4210013 4210013 1] 59991157
[1 27346620 27346620 1] 148
[1 18777857 18777857 1] 61361723
[1 14872354 14872354 1] 62315624
[1 27336328 27336328 1] 1585
[1 12276966 12276966 1] 63012333
[1 4612400 4612400 1] 62289984
[1 332872 332872 1] 61724070
[1 10048830 10048830 1] 62153651
[1 13363369 13363369 1] 62343388
[1 27346620 27346620 1] 64595050
[1 11518150 11518150 1] 65195029
[1 19700724 19700724 1] 66651721
[1 19493452 19493452 1] 67483695
[1 5723059 5723059 1] 167
[1 20243556 20243556 1] 69000100
[1 2597489 2597489 1] 68672996
[1 8888229 8888229 1] 69004040
[1 18792351 18792351 1] 70356729
[1 29441501 29441501 1] 72852580
[1 26087765 26087765 1] 75049078
[1 5324915 5324915 1] 75011535
[1 2275857 2275857 1] 74648851
[1 27346492 27346492 1] 76983195
[1 1148366 1148366 1] 76503936
[1 20281937 20281937 1] 78060299
[1 16452552 16452552 1] 79174571
[1 11899229 11899229 1] 79821722
[1 3975408 3975408 1] 79635936
[1 6276122 6276122 1] 79695600
[1 794396 794396 1] 79182446
[1 24661238 24661238 1] 81160220
[1 573794 573794 1] 80619465
[1 4210013 4210013 1] 80459627
[1 7231012 7231012 1] 80616382
[1 14639530 14639530 1] 81530030
[1 4210013 4210013 1] 129
[1 7322405 7322405 1] 81692926
[1 12255764 12255764 1] 82377747
[1 22670689 22670689 1] 82386255
[1 12067918 12067918 1] 83037092
[1 16987744 16987744 1] 83605614
[1 9512184 9512184 1] 83994319
[1 18295500 18295500 1] 85311168
[1 16206726 16206726 1] 86399354
[1 2755591 2755591 1] 86088004
[1 4612400 4612400 1] 85969853
[1 12469787 12469787 1] 86674810
[1 10383427 10383427 1] 580
[1 8338083 8338083 1] 86950363
[1 25990365 25990365 1] 219
[1 24429690 24429690 1] 156
[1 20388465 20388465 1] 88491771
[1 2597489 2597489 1] 138
[1 6939508 6939508 1] 88612760
[1 25228805 25228805 1] 90654619
[1 27336328 27336328 1] 339
[1 29441501 29441501 1] 795
[1 22278612 22278612 1] 92405014
[1 6939508 6939508 1] 139
[1 17127829 17127829 1] 93591733
[1 24887344 24887344 1] 95596257
[1 2035569 2035569 1] 95209081
[1 27755423 27755423 1] 97508962
[1 10383427 10383427 1] 127
[1 25960379 25960379 1] 99107629
[1 6473731 6473731 1] 99189110
[1 23665124 23665124 1] 140
[1 26811306 26811306 1] 101405898
[1 2755591 2755591 1] 101093249
[1 14248627 14248627 1] 101977294
[1 503466 503466 1] 101429873
[1 8213259 8213259 1] 101089695
[1 4612400 4612400 1] 130
[1 24167638 24167638 1] 103199691
[1 21305625 21305625 1] 104882417
[1 13911900 13911900 1] 105144874
[1 20145551 20145551 1] 106655891
[1 21305625 21305625 1] 122
[1 19290072 19290072 1] 108109685
[1 17487132 17487132 1] 109394474
[1 7684931 7684931 1] 109593660
[1 4612400 4612400 1] 146
[1 21845895 21845895 1] 111287366
[1 7370164 7370164 1] 111458785
[1 23387982 23387982 1] 113305593
[1 1252997 1252997 1] 112836232
[1 2713774 2713774 1] 112519356
[1 6473731 6473731 1] 112596124
[1 4238336 4238336 1] 128
[1 17681096 17681096 1] 113842358
[1 17116467 17116467 1] 115056975
[1 6898538 6898538 1] 1360
[1 6911341 6911341 1] 115179928
[1 8888229 8888229 1] 1218
[1 23327685 23327685 1] 117016957
[1 16855543 16855543 1] 118177699
[1 7379108 7379108 1] 118350454
[1 10048830 10048830 1] 131
[1 18219757 18219757 1] 119652609
[1 7418419 7418419 1] 119826681
[1 23089413 23089413 1] 121632858
[1 4238336 4238336 1] 130
[1 25032173 25032173 1] 123648259
[1 8338083 8338083 1] 116
[1 12276966 12276966 1] 104
[1 29262010 29262010 1] 126104792
[1 28625211 28625211 1] 128495857
[1 7467588 7467588 1] 128674750
[1 12255764 12255764 1] 129349046
[1 6473731 6473731 1] 129429346
[1 20401256 20401256 1] 130961153
[1 7370164 7370164 1] 131188476
[1 21229905 21229905 1] 132874133
[1 15939812 15939812 1] 133976395
[1 16915668 16915668 1] 135144899
[1 4829151 4829151 1] 134448145
[1 15996659 15996659 1] 135523058
[1 9867270 9867270 1] 135347597
[1 19054082 19054082 1] 136789673
[1 15740085 15740085 1] 137876703
[1 19290072 19290072 1] 837
[1 26811973 26811973 1] 140096399
[1 73851 73851 1] 139503898
[1 10313751 10313751 1] 145
[1 15905386 15905386 1] 140658550
[1 7739300 7739300 1] 140913915
[1 23606043 23606043 1] 142758590
[1 2597489 2597489 1] 736
[1 22278612 22278612 1] 130
[1 24429690 24429690 1] 134
[1 26340714 26340714 1] 144952682
[1 24429690 24429690 1] 133
[1 15256191 15256191 1] 145944866
[1 6942591 6942591 1] 146065508
[1 8888229 8888229 1] 146513014
[1 7370164 7370164 1] 146685725
[1 6371156 6371156 1] 146811331
[1 12621730 12621730 1] 141
[1 22218005 22218005 1] 148595534
[1 11614770 11614770 1] 149204036
[1 2755591 2755591 1] 1977
[1 12981777 12981777 1] 149969866
[1 6247256 6247256 1] 150017363
[1 27336328 27336328 1] 205
[1 18348143 18348143 1] 151371671
[1 4445885 4445885 1] 151235560
[1 20223206 20223206 1] 152746447
[1 27755423 27755423 1] 202
[1 27679568 27679568 1] 155049465
[1 12262755 12262755 1] 155163963
[1 1154260 1154260 1] 154684603
[1 12828203 12828203 1] 155439772
[1 6473731 6473731 1] 132
[1 20401256 20401256 1] 156968183
[1 26902022 26902022 1] 159188409
[1 14248627 14248627 1] 202
[1 20390869 20390869 1] 160713969
[1 6235190 6235190 1] 160767893
[1 18792351 18792351 1] 140
[1 27949909 27949909 1] 163132938
[1 12999171 12999171 1] 129
[1 27210499 27210499 1] 165413184
[1 18518809 18518809 1] 166774564
[1 4686249 4686249 1] 166662670
[1 19290072 19290072 1] 168100534
[1 20321649 20321649 1] 169634827
[1 11999755 11999755 1] 170314303
[1 2251747 2251747 1] 169947954
[1 4319530 4319530 1] 169794904
[1 573794 573794 1] 169255103
[1 24549798 24549798 1] 171218465
[1 7370164 7370164 1] 138
[1 26086991 26086991 1] 173335073
[1 2713774 2713774 1] 173027326
[1 18012498 18012498 1] 174310841
[1 21294893 21294893 1] 175964525
[1 25519126 25519126 1] 178070824
[1 24613997 24613997 1] 180047560
[1 25209189 25209189 1] 182124972
[1 8703730 8703730 1] 182454540
[1 15032461 15032461 1] 183426707
[1 15740085 15740085 1] 184462995
[1 2026305 2026305 1] 184074083
[1 18388028 18388028 1] 185465381
[1 2266749 2266749 1] 185110341
[1 1308903 1308903 1] 184648321
[1 10697698 10697698 1] 185161173
[1 23571044 23571044 1] 187023560
[1 15132003 15132003 1] 188013029
[1 24806404 24806404 1] 190029890
[1 24887344 24887344 1] 192027213
[1 9908539 9908539 1] 192466562
[1 12895152 12895152 1] 193215007
[1 12282135 12282135 1] 193904131
[1 171693 171693 1] 193322034
[1 7739300 7739300 1] 193532104
[1 15590965 15590965 1] 193956550
[1 10636430 10636430 1] 194486772
[1 2576336 2576336 1] 194154317
[1 9202901 9202901 1] 194509676
[1 19407972 19407972 1] 195932141
[1 12260290 12260290 1] 196633471
[1 21717989 21717989 1] 198324384
[1 11585796 11585796 1] 198935159
[1 13053145 13053145 1] 199699231
[1 27658391 27658391 1] 201993891
[1 12655341 12655341 1] 202708545
[1 10000570 10000570 1] 203179085
[1 1174233 1174233 1] 202699806
[1 10956043 10956043 1] 203227447
[1 20409118 20409118 1] 204793281
[1 16266762 16266762 1] 205925073
[1 5526310 5526310 1] 205930785
[1 22495426 22495426 1] 207675802
[1 9806368 9806368 1] 208113356
[1 24504235 24504235 1] 210101185
[1 16631627 16631627 1] 211236007
[1 7226058 7226058 1] 211413026
[1 503466 503466 1] 209664317
[1 10634995 10634995 1] 209563817
[1 7893530 7893530 1] 209202428
[1 28532291 28532291 1] 211601017
[1 27756971 27756971 1] 213893186
[1 16819081 16819081 1] 215048700
[1 24218594 24218594 1] 216974360
[1 6418628 6418628 1] 217046122
[1 4319530 4319530 1] 215694355
[1 12262755 12262755 1] 215773916
[1 14152275 14152275 1] 216631364
[1 16047642 16047642 1] 217696116
[1 17681096 17681096 1] 218955555
[1 17077889 17077889 1] 220169229
[1 3524567 3524567 1] 219936216
[1 11027285 11027285 1] 220490382
[1 5790418 5790418 1] 220491915
[1 17077889 17077889 1] 221677374
[1 7100238 7100238 1] 221817725
[1 15996659 15996659 1] 222882448
[1 21990784 21990784 1] 223986608
[1 3228459 3228459 1] 223733216
[1 3967638 3967638 1] 223548836
[1 26620484 26620484 1] 225746702
[1 27949909 27949909 1] 228096614
[1 27149315 27149315 1] 230342403
[1 12645730 12645730 1] 231065951
[1 18219757 18219757 1] 231783020
[1 7211389 7211389 1] 231935785
[1 23631234 23631234 1] 233818090
[1 25933682 25933682 1] 235978004
[1 13160359 13160359 1] 236754443
[1 29110700 29110700 1] 239189643
[1 20668364 20668364 1] 240179969
[1 20228795 20228795 1] 241754896
[1 23319848 23319848 1] 243609213
[1 18217463 18217463 1] 244916865
[1 12539391 12539391 1] 245627807
[1 25745792 25745792 1] 247778443
[1 7355116 7355116 1] 247953605
[1 12796158 12796158 1] 248706611
[1 20631492 20631492 1] 250289020
[1 4462952 4462952 1] 250159014
[1 11035022 11035022 1] 250714049
[1 18393741 18393741 1] 252035635
[1 3614031 3614031 1] 251835324
[1 5035326 5035326 1] 251761062
[1 24187517 24187517 1] 253694831
[1 27746140 27746140 1] 255405144
[1 3785405 3785405 1] 255201054
[1 28974581 28974581 1] 257643374
[1 2026305 2026305 1] 257255385
[1 15539863 15539863 1] 258283546
[1 22692686 22692686 1] 259483632
[1 18299905 18299905 1] 260780842
[1 5433484 5433484 1] 260750074
[1 27149315 27149315 1] 262984159
[1 15889745 15889745 1] 264047121
[1 18469912 18469912 1] 265373557
[1 8663951 8663951 1] 265685339
[1 29777561 29777561 1] 268222089
[1 16047642 16047642 1] 269273987
[1 12740050 12740050 1] 270005193
[1 6588712 6588712 1] 270092684
[1 16077376 16077376 1] 270611768
[1 29593615 29593615 1] 273168460
[1 9343769 9343769 1] 273540009
[1 19544919 19544919 1] 274980811
[1 27876983 27876983 1] 276776492
[1 14311575 14311575 1] 277068712
[1 11186594 11186594 1] 277633885
[1 13550254 13550254 1] 278441554
[1 8803075 8803075 1] 278767893
[1 7739300 7739300 1] 278974592
[1 15138378 15138378 1] 279951362
[1 24415776 24415776 1] 282001785
[1 12032920 12032920 1] 282649230
[1 16011018 16011018 1] 283109088
[1 24760236 24760236 1] 285109277
[1 7745692 7745692 1] 285314713
[1 22423944 22423944 1] 287055330
[1 4666329 4666329 1] 286941146
[1 20449292 20449292 1] 288464375
[1 13550254 13550254 1] 288706119
[1 2575056 2575056 1] 288381199
[1 2963859 2963859 1] 288090112
[1 8714905 8714905 1] 288444255
[1 20372662 20372662 1] 289965449
[1 3689686 3689686 1] 289751649
[1 10613074 10613074 1] 290261337
[1 12336504 12336504 1] 289751140
[1 29639007 29639007 1] 292255466
[1 5414640 5414640 1] 292224496
[1 7721121 7721121 1] 292427690
[1 24880227 24880227 1] 294451466
[1 10387678 10387678 1] 295034656
[1 27963982 27963982 1] 297381181
[1 14887561 14887561 1] 298339246
[1 127956 127956 1] 297752553
[1 24433519 24433519 1] 299728081
[1 11035022 11035022 1] 300285546
[1 10245197 10245197 1] 300751260
[1 24627322 24627322 1] 302709274
[1 22994985 22994985 1] 304557851
[1 23794428 23794428 1] 306432848
[1 22152041 22152041 1] 308159185
[1 22970073 22970073 1] 310043252
[1 21245831 21245831 1] 311723553
[1 26370348 26370348 1] 313986720
[1 20982031 20982031 1] 315599520
[1 9653715 9653715 1] 316002951
[1 18057523 18057523 1] 317286877
[1 18626925 18626925 1] 318676769
[1 3189436 3189436 1] 318406149
[1 15829205 15829205 1] 319455592
[1 22630444 22630444 1] 321333731
[1 24945487 24945487 1] 323340929
[1 26684279 26684279 1] 325536155
[1 6250263 6250263 1] 325594420
[1 14989684 14989684 1] 326569730
[1 21539849 21539849 1] 328416626
[1 1208325 1208325 1] 327953632
[1 11449123 11449123 1] 328647591
[1 7927336 7927336 1] 328904570
[1 3937458 3937458 1] 328716975
[1 24102748 24102748 1] 330697534
[1 25311777 25311777 1] 332731825
[1 3725219 3725219 1] 332521386
[1 15209934 15209934 1] 332911291
[1 2862807 2862807 1] 332009628
[1 5748721 5748721 1] 332014215
[1 9121309 9121309 1] 332370314
[1 1742699 1742699 1] 331952164
[1 7076377 7076377 1] 332088390
[1 1252716 1252716 1] 331618609
[1 2825172 2825172 1] 331315627
[1 25771560 25771560 1] 333550830
[1 17077889 17077889 1] 334759419
[1 1489115 1489115 1] 331914608
[1 15405990 15405990 1] 332926739
[1 2028068 2028068 1] 332538003
[1 25575224 25575224 1] 334606259
[1 332232 332232 1] 334040971
[1 2292123 2292123 1] 333679391
[1 11323876 11323876 1] 334257662
[1 20390180 20390180 1] 335790280
[1 25202255 25202255 1] 337838341
[1 20311132 20311132 1] 339351855
[1 3199182 3199182 1] 338492455
[1 10554604 10554604 1] 339010390
[1 23590182 23590182 1] 340289330
[1 29359416 29359416 1] 342757644
[1 21768826 21768826 1] 344492334
[1 15550552 15550552 1] 344919748
[1 14090033 14090033 1] 345784506
[1 21443182 21443182 1] 347461926
[1 12262755 12262755 1] 348141174
[1 3299709 3299709 1] 347886345
[1 27860000 27860000 1] 350219174
[1 9112298 9112298 1] 350567690
[1 19475777 19475777 1] 351993431
[1 19068978 19068978 1] 353392684
[1 16723383 16723383 1] 353953719
[1 9544267 9544267 1] 354351722
[1 10508861 10508861 1] 354854530
[1 17909212 17909212 1] 356127329
[1 23669087 23669087 1] 357993461
[1 8590931 8590931 1] 358292463
[1 794584 794584 1] 357775695
[1 27149315 27149315 1] 360033343
[1 20037526 20037526 1] 360922488
[1 1538840 1538840 1] 360481454
[1 5897491 5897491 1] 360496398
[1 1101361 1101361 1] 360012541
[1 15138378 15138378 1] 361002457
[1 13080929 13080929 1] 361768697
[1 14826622 14826622 1] 362731397
[1 22634226 22634226 1] 363932982
[1 6220854 6220854 1] 363392044
[1 27149315 27149315 1] 365637330
[1 13712351 13712351 1] 366481480
[1 20009098 20009098 1] 367970972
[1 7689127 7689127 1] 368175151
[1 14522072 14522072 1] 369090830
[1 26533150 26533150 1] 371300693
[1 9228399 9228399 1] 371090041
[1 22836611 22836611 1] 372873612
[1 1928578 1928578 1] 372474529
[1 8498977 8498977 1] 372774275
[1 754553 754553 1] 372253371
[1 11126088 11126088 1] 372830978
[1 23360100 23360100 1] 374670515
[1 16448567 16448567 1] 375774844
[1 6377018 6377018 1] 375841108
[1 14392736 14392736 1] 376745141
[1 26491299 26491299 1] 378913710
[1 6453196 6453196 1] 379030151
[1 6055806 6055806 1] 379063484
[1 14423429 14423429 1] 379966616
[1 19552529 19552529 1] 381422281
[1 24760236 24760236 1] 383416075
[1 24322198 24322198 1] 385356712
[1 9289673 9289673 1] 385718633
[1 28806446 28806446 1] 388157498
[1 12796158 12796158 1] 388899455
[1 2238284 2238284 1] 388535065
[1 3565422 3565422 1] 387706896

Results: 100.00 176945599

Standard Error: 5.48257e+06
Mean Waiting Time: 1.76946e+08
Statistics for REP_PROB_PERCENT: 20

----------------------------------------
Running client with REP_PROB_PERCENT: 40
**********************************
DTU - OS Challenge - Client v0.20
**********************************
Total requests: 500
Start: 1
Difficulty: 30000000
Repetition probability (%): 40
Request delay (us): 600000
Priority disabled

[1 6930887 6930887 1] 753024
[1 4636916 4636916 1] 639337
[1 4238336 4238336 1] 502723
[1 4238336 4238336 1] 155
[1 29760493 29760493 1] 3120160
[1 4238336 4238336 1] 129
[1 19641422 19641422 1] 4574304
[1 490028 490028 1] 4025660
[1 22520060 22520060 1] 5784628
[1 4238336 4238336 1] 222
[1 17513927 17513927 1] 7031174
[1 4238336 4238336 1] 165
[1 13455737 13455737 1] 7236153
[1 16956430 16956430 1] 7803319
[1 4636916 4636916 1] 112
[1 21021531 21021531 1] 9438626
[1 21021531 21021531 1] 208
[1 23665124 23665124 1] 11339201
[1 13455737 13455737 1] 138
[1 4238336 4238336 1] 114
[1 18703136 18703136 1] 12691272
[1 4238336 4238336 1] 130
[1 23665124 23665124 1] 176
[1 21021531 21021531 1] 14282708
[1 15898168 15898168 1] 14749228
[1 19018457 19018457 1] 16156473
[1 21021531 21021531 1] 121
[1 18703136 18703136 1] 880
[1 23665124 23665124 1] 17480320
[1 17513927 17513927 1] 152
[1 18703136 18703136 1] 18840211
[1 6898538 6898538 1] 18980721
[1 19018457 19018457 1] 145
[1 4238336 4238336 1] 140
[1 23594325 23594325 1] 20863057
[1 13455737 13455737 1] 192
[1 23665124 23665124 1] 168
[1 19018457 19018457 1] 22253741
[1 14268981 14268981 1] 22552162
[1 18703136 18703136 1] 134
[1 16956430 16956430 1] 658
[1 29241874 29241874 1] 24985916
[1 12999171 12999171 1] 25806822
[1 16956430 16956430 1] 126
[1 15497282 15497282 1] 26841193
[1 19018457 19018457 1] 134
[1 14268981 14268981 1] 145
[1 27336328 27336328 1] 28497605
[1 12621730 12621730 1] 28623264
[1 4238336 4238336 1] 141
[1 27336328 27336328 1] 30884994
[1 23665124 23665124 1] 145
[1 21100546 21100546 1] 31901956
[1 16956430 16956430 1] 130
[1 10313751 10313751 1] 31185161
[1 29241874 29241874 1] 581
[1 13455737 13455737 1] 215
[1 26426809 26426809 1] 33357654
[1 4636916 4636916 1] 236
[1 18703136 18703136 1] 872
[1 16956430 16956430 1] 1044
[1 29947179 29947179 1] 35892164
[1 18703136 18703136 1] 141
[1 19641422 19641422 1] 130
[1 4238336 4238336 1] 129
[1 19393585 19393585 1] 37329873
[1 19018457 19018457 1] 120
[1 16956430 16956430 1] 234
[1 10313751 10313751 1] 716
[1 27336328 27336328 1] 39589352
[1 4612400 4612400 1] 39469713
[1 13993369 13993369 1] 39740220
[1 4612400 4612400 1] 996
[1 19393585 19393585 1] 40599551
[1 6297540 6297540 1] 40660732
[1 13480571 13480571 1] 41479156
[1 2066602 2066602 1] 40498133
[1 10313751 10313751 1] 123
[1 23665124 23665124 1] 141
[1 6898538 6898538 1] 149
[1 27612903 27612903 1] 42778289
[1 260757 260757 1] 41605020
[1 17513927 17513927 1] 112
[1 23209442 23209442 1] 42841346
[1 21021531 21021531 1] 151
[1 19393585 19393585 1] 168
[1 24429690 24429690 1] 44794211
[1 18703136 18703136 1] 121
[1 27346620 27346620 1] 47061479
[1 27905772 27905772 1] 48177433
[1 12890676 12890676 1] 48922802
[1 18777857 18777857 1] 49688337
[1 14872354 14872354 1] 50644475
[1 29760493 29760493 1] 143
[1 12276966 12276966 1] 51327078
[1 4612400 4612400 1] 50682500
[1 27336328 27336328 1] 53014094
[1 4612400 4612400 1] 52895663
[1 13363369 13363369 1] 53090492
[1 4636916 4636916 1] 255
[1 13455737 13455737 1] 144
[1 27612903 27612903 1] 144
[1 27346620 27346620 1] 55353679
[1 27346620 27346620 1] 182
[1 18703136 18703136 1] 130
[1 19700724 19700724 1] 56194208
[1 27336328 27336328 1] 127
[1 19393585 19393585 1] 131
[1 16956430 16956430 1] 122
[1 19493452 19493452 1] 57082100
[1 19493452 19493452 1] 58509733
[1 2597489 2597489 1] 58181211
[1 8888229 8888229 1] 58513775
[1 18792351 18792351 1] 59883000
[1 8888229 8888229 1] 146
[1 27346620 27346620 1] 124
[1 29441501 29441501 1] 62351826
[1 19493452 19493452 1] 63203121
[1 2275857 2275857 1] 62837540
[1 19493452 19493452 1] 145
[1 4238336 4238336 1] 232
[1 16956430 16956430 1] 1242
[1 27346492 27346492 1] 65109910
[1 4636916 4636916 1] 131
[1 20281937 20281937 1] 66016812
[1 3975408 3975408 1] 64633179
[1 6276122 6276122 1] 64689300
[1 794396 794396 1] 64172328
[1 7231012 7231012 1] 62523063
[1 7231012 7231012 1] 948
[1 7322405 7322405 1] 62088799
[1 12255764 12255764 1] 62796860
[1 21021531 21021531 1] 1344
[1 12067918 12067918 1] 61072411
[1 9512184 9512184 1] 60263688
[1 4636916 4636916 1] 686
[1 18295500 18295500 1] 61573211
[1 16206726 16206726 1] 62661092
[1 2755591 2755591 1] 62348069
[1 12469787 12469787 1] 62482313
[1 8338083 8338083 1] 62751027
[1 16956430 16956430 1] 140
[1 8338083 8338083 1] 143
[1 20388465 20388465 1] 64274218
[1 6939508 6939508 1] 64397791
[1 4238336 4238336 1] 146
[1 25228805 25228805 1] 66417213
[1 19393585 19393585 1] 112
[1 22278612 22278612 1] 68149115
[1 2755591 2755591 1] 127
[1 18703136 18703136 1] 123
[1 24887344 24887344 1] 69552759
[1 2035569 2035569 1] 69164995
[1 6473731 6473731 1] 67440676
[1 29241874 29241874 1] 159
[1 26811306 26811306 1] 69637281
[1 2755591 2755591 1] 69324609
[1 14248627 14248627 1] 70220617
[1 6898538 6898538 1] 110
[1 8213259 8213259 1] 69273545
[1 2755591 2755591 1] 68970055
[1 18703136 18703136 1] 125
[1 21305625 21305625 1] 70602670
[1 13911900 13911900 1] 70875577
[1 20145551 20145551 1] 72424840
[1 4238336 4238336 1] 122
[1 23665124 23665124 1] 128
[1 21021531 21021531 1] 141
[1 19290072 19290072 1] 73894250
[1 24429690 24429690 1] 193
[1 21021531 21021531 1] 130
[1 2597489 2597489 1] 133
[1 17487132 17487132 1] 75135147
[1 7684931 7684931 1] 75337668
[1 21021531 21021531 1] 143
[1 27905772 27905772 1] 77644254
[1 27336328 27336328 1] 151
[1 7370164 7370164 1] 77853352
[1 29441501 29441501 1] 1139
[1 6939508 6939508 1] 499
[1 23387982 23387982 1] 79694927
[1 1252997 1252997 1] 79225322
[1 2713774 2713774 1] 78906966
[1 6473731 6473731 1] 78985099
[1 27612903 27612903 1] 655
[1 17681096 17681096 1] 80333719
[1 794396 794396 1] 79818032
[1 6911341 6911341 1] 79949514
[1 4238336 4238336 1] 124
[1 23327685 23327685 1] 81781387
[1 16855543 16855543 1] 82944736
[1 18219757 18219757 1] 83687142
[1 7418419 7418419 1] 83858999
[1 23665124 23665124 1] 141
[1 18219757 18219757 1] 231
[1 21021531 21021531 1] 141
[1 23089413 23089413 1] 85666946
[1 4612400 4612400 1] 318
[1 25032173 25032173 1] 87682934
[1 6898538 6898538 1] 130
[1 4238336 4238336 1] 132
[1 29262010 29262010 1] 90127704
[1 7418419 7418419 1] 90327297
[1 2755591 2755591 1] 161
[1 7467588 7467588 1] 90500261
[1 12255764 12255764 1] 91177177
[1 23665124 23665124 1] 224
[1 18703136 18703136 1] 806
[1 6473731 6473731 1] 91279787
[1 7370164 7370164 1] 90850313
[1 21305625 21305625 1] 231
[1 16855543 16855543 1] 91423119
[1 15996659 15996659 1] 90713919
[1 4612400 4612400 1] 152
[1 19054082 19054082 1] 90915625
[1 26811973 26811973 1] 92528801
[1 73851 73851 1] 91936660
[1 27612903 27612903 1] 327
[1 15996659 15996659 1] 93015388
[1 19290072 19290072 1] 159
[1 2755591 2755591 1] 92703438
[1 7231012 7231012 1] 92860009
[1 4238336 4238336 1] 149
[1 26340714 26340714 1] 95009631
[1 15256191 15256191 1] 95991647
[1 6898538 6898538 1] 122
[1 13455737 13455737 1] 140
[1 8888229 8888229 1] 467
[1 23327685 23327685 1] 97829257
[1 14248627 14248627 1] 610
[1 7370164 7370164 1] 97403849
[1 2755591 2755591 1] 151
[1 22218005 22218005 1] 98547068
[1 4612400 4612400 1] 174
[1 11614770 11614770 1] 99162078
[1 12981777 12981777 1] 99932265
[1 2755591 2755591 1] 130
[1 6247256 6247256 1] 99985443
[1 4238336 4238336 1] 141
[1 18348143 18348143 1] 101312209
[1 4238336 4238336 1] 164
[1 4445885 4445885 1] 101175421
[1 4636916 4636916 1] 128
[1 20223206 20223206 1] 102742040
[1 12262755 12262755 1] 102219605
[1 8338083 8338083 1] 146
[1 12828203 12828203 1] 102356697
[1 12276966 12276966 1] 142
[1 26902022 26902022 1] 104006256
[1 20390869 20390869 1] 105570672
[1 17487132 17487132 1] 130
[1 23665124 23665124 1] 123
[1 18348143 18348143 1] 106947490
[1 18295500 18295500 1] 124
[1 19018457 19018457 1] 146
[1 27949909 27949909 1] 109262360
[1 27210499 27210499 1] 111502907
[1 4686249 4686249 1] 110792582
[1 19290072 19290072 1] 112199933
[1 21021531 21021531 1] 124
[1 11999755 11999755 1] 112243808
[1 2251747 2251747 1] 111876009
[1 16956430 16956430 1] 130
[1 4319530 4319530 1] 111725868
[1 7418419 7418419 1] 121
[1 24549798 24549798 1] 113080297
[1 23089413 23089413 1] 143
[1 26086991 26086991 1] 115220381
[1 2713774 2713774 1] 114901447
[1 19290072 19290072 1] 1385
[1 18012498 18012498 1] 116184851
[1 10313751 10313751 1] 915
[1 18703136 18703136 1] 152
[1 21294893 21294893 1] 117813156
[1 18295500 18295500 1] 209
[1 25519126 25519126 1] 119913632
[1 2597489 2597489 1] 139
[1 22278612 22278612 1] 1012
[1 24429690 24429690 1] 1450
[1 24613997 24613997 1] 121939223
[1 24429690 24429690 1] 142
[1 27612903 27612903 1] 302
[1 25209189 25209189 1] 124033946
[1 8703730 8703730 1] 124343316
[1 15256191 15256191 1] 125359146
[1 2026305 2026305 1] 124369902
[1 2266749 2266749 1] 123407228
[1 1308903 1308903 1] 122943964
[1 10697698 10697698 1] 123469197
[1 12621730 12621730 1] 700
[1 2755591 2755591 1] 123
[1 23571044 23571044 1] 125318681
[1 27336328 27336328 1] 117
[1 24887344 24887344 1] 126116734
[1 9908539 9908539 1] 126547721
[1 23387982 23387982 1] 703
[1 12262755 12262755 1] 130
[1 12895152 12895152 1] 127289061
[1 26086991 26086991 1] 129417222
[1 23665124 23665124 1] 127
[1 6473731 6473731 1] 129495779
[1 19054082 19054082 1] 118
[1 15590965 15590965 1] 129322040
[1 10636430 10636430 1] 129851726
[1 2576336 2576336 1] 129520387
[1 9202901 9202901 1] 129873873
[1 6473731 6473731 1] 120
[1 12260290 12260290 1] 129960988
[1 22278612 22278612 1] 155
[1 21305625 21305625 1] 148
[1 21021531 21021531 1] 282
[1 21717989 21717989 1] 131631009
[1 18703136 18703136 1] 132
[1 11585796 11585796 1] 132245822
[1 14248627 14248627 1] 142
[1 13053145 13053145 1] 133004595
[1 18792351 18792351 1] 164
[1 12655341 12655341 1] 133122384
[1 2755591 2755591 1] 826
[1 10000570 10000570 1] 133568330
[1 10956043 10956043 1] 133547925
[1 12999171 12999171 1] 146
[1 20409118 20409118 1] 135070137
[1 15256191 15256191 1] 3304
[1 6911341 6911341 1] 135190009
[1 5526310 5526310 1] 135163716
[1 4238336 4238336 1] 190
[1 22495426 22495426 1] 136990937
[1 9806368 9806368 1] 137404902
[1 24504235 24504235 1] 139365699
[1 16631627 16631627 1] 140505136
[1 13053145 13053145 1] 141269937
[1 7893530 7893530 1] 137894320
[1 2755591 2755591 1] 181
[1 7370164 7370164 1] 410
[1 28532291 28532291 1] 140275881
[1 27756971 27756971 1] 142568548
[1 16819081 16819081 1] 143722938
[1 6418628 6418628 1] 143215001
[1 4319530 4319530 1] 141883595
[1 12262755 12262755 1] 141966361
[1 14152275 14152275 1] 142845673
[1 16047642 16047642 1] 143931471
[1 17681096 17681096 1] 145200839
[1 17077889 17077889 1] 146455744
[1 11027285 11027285 1] 146405681
[1 5790418 5790418 1] 146408603
[1 17077889 17077889 1] 147586858
[1 7100238 7100238 1] 147728476
[1 15996659 15996659 1] 148796101
[1 21990784 21990784 1] 149878818
[1 3228459 3228459 1] 149608139
[1 3967638 3967638 1] 149418226
[1 26620484 26620484 1] 151591390
[1 27949909 27949909 1] 153912154
[1 27149315 27149315 1] 156140623
[1 12645730 12645730 1] 156872589
[1 23631234 23631234 1] 156949385
[1 25933682 25933682 1] 159050215
[1 13160359 13160359 1] 159831141
[1 29110700 29110700 1] 162249961
[1 20668364 20668364 1] 163229621
[1 23319848 23319848 1] 164470675
[1 12539391 12539391 1] 164580858
[1 25745792 25745792 1] 166661490
[1 7355116 7355116 1] 166849716
[1 20631492 20631492 1] 167789616
[1 4462952 4462952 1] 167655373
[1 3614031 3614031 1] 166233766
[1 5035326 5035326 1] 166160377
[1 24187517 24187517 1] 168084185
[1 17077889 17077889 1] 168664958
[1 3785405 3785405 1] 168460999
[1 15256191 15256191 1] 169456143
[1 2026305 2026305 1] 169067232
[1 15539863 15539863 1] 170102814
[1 22692686 22692686 1] 171260630
[1 17077889 17077889 1] 172436106
[1 5433484 5433484 1] 172399715
[1 27149315 27149315 1] 174632848
[1 15889745 15889745 1] 175679260
[1 18469912 18469912 1] 176998179
[1 16047642 16047642 1] 176889904
[1 12740050 12740050 1] 177620843
[1 6588712 6588712 1] 177725757
[1 16077376 16077376 1] 178198288
[1 29593615 29593615 1] 180743723
[1 9343769 9343769 1] 181107775
[1 19544919 19544919 1] 182543564
[1 14311575 14311575 1] 181633845
[1 13550254 13550254 1] 181866120
[1 8803075 8803075 1] 182184424
[1 15138378 15138378 1] 182584618
[1 24415776 24415776 1] 184669014
[1 12032920 12032920 1] 185320833
[1 16011018 16011018 1] 185794394
[1 24760236 24760236 1] 187814798
[1 22423944 22423944 1] 188995766
[1 4666329 4666329 1] 188883482
[1 13550254 13550254 1] 188853336
[1 2575056 2575056 1] 188607786
[1 2963859 2963859 1] 188341914
[1 20372662 20372662 1] 189302386
[1 23631234 23631234 1] 191191948
[1 10613074 10613074 1] 191785686
[1 12336504 12336504 1] 191278022
[1 29639007 29639007 1] 193788569
[1 5414640 5414640 1] 193756188
[1 7721121 7721121 1] 193961415
[1 24880227 24880227 1] 195948666
[1 10387678 10387678 1] 196424191
[1 27963982 27963982 1] 198744100
[1 14887561 14887561 1] 199693139
[1 24433519 24433519 1] 201032183
[1 24627322 24627322 1] 201828240
[1 22994985 22994985 1] 203716764
[1 23794428 23794428 1] 205603501
[1 22970073 22970073 1] 206793774
[1 21245831 21245831 1] 208412110
[1 26370348 26370348 1] 210560747
[1 20982031 20982031 1] 212140038
[1 9653715 9653715 1] 212553413
[1 18057523 18057523 1] 213833266
[1 18626925 18626925 1] 215197053
[1 3189436 3189436 1] 214931216
[1 22630444 22630444 1] 216124003
[1 24945487 24945487 1] 218115975
[1 6250263 6250263 1] 217578778
[1 14989684 14989684 1] 218710877
[1 21539849 21539849 1] 220432496
[1 11449123 11449123 1] 220427198
[1 7927336 7927336 1] 220653489
[1 24102748 24102748 1] 222026012
[1 25311777 25311777 1] 224139864
[1 3725219 3725219 1] 223930107
[1 15209934 15209934 1] 224313174
[1 5748721 5748721 1] 223162500
[1 9121309 9121309 1] 223543730
[1 7076377 7076377 1] 223081013
[1 1252716 1252716 1] 222611282
[1 2825172 2825172 1] 222308329
[1 25771560 25771560 1] 224401654
[1 17077889 17077889 1] 225601736
[1 1489115 1489115 1] 222755530
[1 22423944 22423944 1] 223892981
[1 25575224 25575224 1] 225960595
[1 332232 332232 1] 225395172
[1 29639007 29639007 1] 227908337
[1 11323876 11323876 1] 228486876
[1 20390180 20390180 1] 230002558
[1 25202255 25202255 1] 232042126
[1 20311132 20311132 1] 233570331
[1 3199182 3199182 1] 232701451
[1 10554604 10554604 1] 233209552
[1 23590182 23590182 1] 234485091
[1 29359416 29359416 1] 236963122
[1 21768826 21768826 1] 238634516
[1 15550552 15550552 1] 239091105
[1 14090033 14090033 1] 239963631
[1 3299709 3299709 1] 238509257
[1 27860000 27860000 1] 240855156
[1 9112298 9112298 1] 241205171
[1 19475777 19475777 1] 242633503
[1 19068978 19068978 1] 244045282
[1 16047642 16047642 1] 244515435
[1 10508861 10508861 1] 244414738
[1 17909212 17909212 1] 245676225
[1 23669087 23669087 1] 247549101
[1 8590931 8590931 1] 247850312
[1 794584 794584 1] 247332195
[1 27149315 27149315 1] 249588753
[1 20037526 20037526 1] 250489407
[1 15138378 15138378 1] 249668618
[1 14826622 14826622 1] 250022896
[1 22634226 22634226 1] 251173284
[1 27149315 27149315 1] 252209412
[1 13712351 13712351 1] 253036680
[1 20009098 20009098 1] 254564875
[1 6588712 6588712 1] 254665090
[1 14522072 14522072 1] 255605163
[1 26533150 26533150 1] 257786256
[1 22836611 22836611 1] 258405131
[1 1928578 1928578 1] 258007494
[1 8498977 8498977 1] 258293687
[1 754553 754553 1] 257772401
[1 23360100 23360100 1] 259008355
[1 16448567 16448567 1] 260138283
[1 6377018 6377018 1] 260204903
[1 14392736 14392736 1] 261127500
[1 26491299 26491299 1] 263325039
[1 6453196 6453196 1] 263396558
[1 6055806 6055806 1] 263428298
[1 14423429 14423429 1] 264352437
[1 19552529 19552529 1] 265797611
[1 24760236 24760236 1] 267861679
[1 24322198 24322198 1] 269793559
[1 9289673 9289673 1] 270161187
[1 28806446 28806446 1] 272594453
[1 2238284 2238284 1] 271628253
[1 3565422 3565422 1] 270799967

Results: 100.00 96532389

Standard Error: 3.96259e+06
Mean Waiting Time: 9.65324e+07
Statistics for REP_PROB_PERCENT: 40

----------------------------------------
Running client with REP_PROB_PERCENT: 60
**********************************
DTU - OS Challenge - Client v0.20
**********************************
Total requests: 500
Start: 1
Difficulty: 30000000
Repetition probability (%): 60
Request delay (us): 600000
Priority disabled

[1 6930887 6930887 1] 743347
[1 4636916 4636916 1] 628312
[1 4238336 4238336 1] 472885
[1 4636916 4636916 1] 110
[1 4238336 4238336 1] 199
[1 29760493 29760493 1] 3182813
[1 490028 490028 1] 2035195
[1 4238336 4238336 1] 139
[1 22520060 22520060 1] 3783612
[1 17513927 17513927 1] 5015730
[1 4238336 4238336 1] 144
[1 13455737 13455737 1] 5218816
[1 4238336 4238336 1] 197
[1 16956430 16956430 1] 5810670
[1 21021531 21021531 1] 7407487
[1 4636916 4636916 1] 125
[1 6930887 6930887 1] 138
[1 23665124 23665124 1] 9275842
[1 21021531 21021531 1] 125
[1 18703136 18703136 1] 10622915
[1 13455737 13455737 1] 157
[1 4238336 4238336 1] 571
[1 21021531 21021531 1] 12231155
[1 4238336 4238336 1] 499
[1 23665124 23665124 1] 122
[1 15898168 15898168 1] 12711968
[1 18703136 18703136 1] 135
[1 19018457 19018457 1] 14094220
[1 17513927 17513927 1] 126
[1 21021531 21021531 1] 130
[1 23665124 23665124 1] 15363525
[1 18703136 18703136 1] 141
[1 18703136 18703136 1] 16715306
[1 6898538 6898538 1] 16843539
[1 17513927 17513927 1] 361
[1 19018457 19018457 1] 141
[1 23594325 23594325 1] 18792376
[1 4636916 4636916 1] 134
[1 4238336 4238336 1] 478
[1 19018457 19018457 1] 20185322
[1 13455737 13455737 1] 134
[1 14268981 14268981 1] 20477914
[1 23665124 23665124 1] 129
[1 12999171 12999171 1] 20640441
[1 18703136 18703136 1] 225
[1 15497282 15497282 1] 21672709
[1 16956430 16956430 1] 125
[1 17513927 17513927 1] 143
[1 27336328 27336328 1] 23390245
[1 27336328 27336328 1] 138
[1 17513927 17513927 1] 118
[1 16956430 16956430 1] 575
[1 19018457 19018457 1] 24181342
[1 19018457 19018457 1] 144
[1 14268981 14268981 1] 159
[1 19018457 19018457 1] 124
[1 27336328 27336328 1] 26501617
[1 19018457 19018457 1] 155
[1 21100546 21100546 1] 27525608
[1 19018457 19018457 1] 548
[1 4238336 4238336 1] 175
[1 19018457 19018457 1] 1101
[1 26426809 26426809 1] 27880433
[1 21021531 21021531 1] 123
[1 23665124 23665124 1] 152
[1 18703136 18703136 1] 151
[1 16956430 16956430 1] 173
[1 6930887 6930887 1] 574
[1 29947179 29947179 1] 30427622
[1 21021531 21021531 1] 373
[1 13455737 13455737 1] 153
[1 19393585 19393585 1] 31874089
[1 4636916 4636916 1] 128
[1 18703136 18703136 1] 167
[1 21021531 21021531 1] 130
[1 16956430 16956430 1] 1197
[1 27336328 27336328 1] 34127684
[1 26426809 26426809 1] 153
[1 18703136 18703136 1] 121
[1 13993369 13993369 1] 33783170
[1 4636916 4636916 1] 533
[1 4238336 4238336 1] 153
[1 19018457 19018457 1] 264
[1 19393585 19393585 1] 34636898
[1 6297540 6297540 1] 34692522
[1 16956430 16956430 1] 143
[1 18703136 18703136 1] 413
[1 13480571 13480571 1] 35504723
[1 2066602 2066602 1] 34524399
[1 22520060 22520060 1] 135
[1 17513927 17513927 1] 105
[1 27612903 27612903 1] 36801350
[1 6930887 6930887 1] 285
[1 23209442 23209442 1] 36857744
[1 19018457 19018457 1] 137
[1 18703136 18703136 1] 131
[1 21100546 21100546 1] 146
[1 24429690 24429690 1] 38848445
[1 23665124 23665124 1] 131
[1 6898538 6898538 1] 132
[1 17513927 17513927 1] 127
[1 27612903 27612903 1] 41125103
[1 22520060 22520060 1] 170
[1 19018457 19018457 1] 124
[1 21021531 21021531 1] 135
[1 19393585 19393585 1] 163
[1 27905772 27905772 1] 42339837
[1 22520060 22520060 1] 122
[1 12890676 12890676 1] 43069670
[1 18703136 18703136 1] 140
[1 4238336 4238336 1] 143
[1 18777857 18777857 1] 43853338
[1 14872354 14872354 1] 44797574
[1 27905772 27905772 1] 139
[1 18703136 18703136 1] 165
[1 12276966 12276966 1] 45479670
[1 4636916 4636916 1] 165
[1 13363369 13363369 1] 43265740
[1 21021531 21021531 1] 173
[1 27612903 27612903 1] 45567847
[1 29760493 29760493 1] 670
[1 21021531 21021531 1] 135
[1 19700724 19700724 1] 46441050
[1 2597489 2597489 1] 44313397
[1 8888229 8888229 1] 44653553
[1 19700724 19700724 1] 166
[1 26426809 26426809 1] 120
[1 29441501 29441501 1] 46536856
[1 2275857 2275857 1] 44975094
[1 3975408 3975408 1] 41793084
[1 4636916 4636916 1] 143
[1 6276122 6276122 1] 41848548
[1 18703136 18703136 1] 138
[1 13455737 13455737 1] 129
[1 7322405 7322405 1] 38412498
[1 27612903 27612903 1] 111
[1 12067918 12067918 1] 36103821
[1 27612903 27612903 1] 149
[1 9512184 9512184 1] 35306920
[1 18703136 18703136 1] 131
[1 27336328 27336328 1] 172
[1 19393585 19393585 1] 132
[1 18295500 18295500 1] 36621964
[1 16956430 16956430 1] 132
[1 16206726 16206726 1] 37715862
[1 22520060 22520060 1] 208
[1 19700724 19700724 1] 38032286
[1 21021531 21021531 1] 174
[1 8338083 8338083 1] 38300011
[1 6939508 6939508 1] 37824966
[1 8888229 8888229 1] 145
[1 18703136 18703136 1] 122
[1 27612903 27612903 1] 526
[1 27905772 27905772 1] 40137753
[1 26426809 26426809 1] 214
[1 24887344 24887344 1] 40931552
[1 6473731 6473731 1] 38606065
[1 19018457 19018457 1] 317
[1 4238336 4238336 1] 860
[1 16956430 16956430 1] 353
[1 26811306 26811306 1] 40818510
[1 22520060 22520060 1] 137
[1 8213259 8213259 1] 38695468
[1 4636916 4636916 1] 123
[1 26426809 26426809 1] 122
[1 26426809 26426809 1] 183
[1 21305625 21305625 1] 39873315
[1 6473731 6473731 1] 132
[1 21021531 21021531 1] 524
[1 20145551 20145551 1] 40187853
[1 21021531 21021531 1] 275
[1 19290072 19290072 1] 41603480
[1 4636916 4636916 1] 151
[1 17487132 17487132 1] 42830860
[1 7684931 7684931 1] 43030610
[1 4636916 4636916 1] 142
[1 8213259 8213259 1] 681
[1 23387982 23387982 1] 43672743
[1 1252997 1252997 1] 43204270
[1 27612903 27612903 1] 128
[1 6473731 6473731 1] 42687176
[1 19700724 19700724 1] 263
[1 17681096 17681096 1] 43959033
[1 16956430 16956430 1] 789
[1 6911341 6911341 1] 43487959
[1 29760493 29760493 1] 261
[1 8338083 8338083 1] 434
[1 19700724 19700724 1] 103
[1 29760493 29760493 1] 125
[1 23327685 23327685 1] 45333934
[1 4238336 4238336 1] 593
[1 16855543 16855543 1] 46492849
[1 19393585 19393585 1] 311
[1 7418419 7418419 1] 45470230
[1 24887344 24887344 1] 148
[1 29760493 29760493 1] 112
[1 26811306 26811306 1] 163
[1 7418419 7418419 1] 268
[1 23089413 23089413 1] 47275115
[1 6473731 6473731 1] 277
[1 6939508 6939508 1] 46795229
[1 22520060 22520060 1] 120
[1 18703136 18703136 1] 155
[1 7418419 7418419 1] 46970374
[1 2275857 2275857 1] 46607809
[1 22520060 22520060 1] 151
[1 6473731 6473731 1] 46084545
[1 27905772 27905772 1] 1369
[1 16855543 16855543 1] 45443843
[1 6930887 6930887 1] 124
[1 19018457 19018457 1] 170
[1 15996659 15996659 1] 44770229
[1 2275857 2275857 1] 159
[1 6898538 6898538 1] 137
[1 19054082 19054082 1] 44957595
[1 19018457 19018457 1] 140
[1 18703136 18703136 1] 154
[1 18703136 18703136 1] 126
[1 26811973 26811973 1] 46564697
[1 73851 73851 1] 45972183
[1 6911341 6911341 1] 138
[1 15996659 15996659 1] 47037028
[1 2275857 2275857 1] 132
[1 26340714 26340714 1] 47968113
[1 4238336 4238336 1] 153
[1 23665124 23665124 1] 145
[1 21021531 21021531 1] 139
[1 15256191 15256191 1] 48971585
[1 24429690 24429690 1] 153
[1 21021531 21021531 1] 167
[1 2597489 2597489 1] 128
[1 23327685 23327685 1] 50797325
[1 26426809 26426809 1] 140
[1 13363369 13363369 1] 124
[1 7418419 7418419 1] 621
[1 21021531 21021531 1] 149
[1 22218005 22218005 1] 50702392
[1 27612903 27612903 1] 120
[1 27336328 27336328 1] 129
[1 11614770 11614770 1] 51314362
[1 29441501 29441501 1] 123
[1 12981777 12981777 1] 52076623
[1 6939508 6939508 1] 139
[1 6898538 6898538 1] 209
[1 23089413 23089413 1] 53941379
[1 17681096 17681096 1] 354
[1 4445885 4445885 1] 53270794
[1 27612903 27612903 1] 915
[1 21021531 21021531 1] 150
[1 20223206 20223206 1] 54746437
[1 22520060 22520060 1] 159
[1 12262755 12262755 1] 54223088
[1 15996659 15996659 1] 152
[1 4238336 4238336 1] 130
[1 19018457 19018457 1] 141
[1 26902022 26902022 1] 54637458
[1 16956430 16956430 1] 149
[1 27949909 27949909 1] 55757910
[1 23665124 23665124 1] 200
[1 21021531 21021531 1] 162
[1 7684931 7684931 1] 54759250
[1 21021531 21021531 1] 130
[1 8338083 8338083 1] 721
[1 19290072 19290072 1] 56197116
[1 11999755 11999755 1] 56261464
[1 17513927 17513927 1] 147
[1 2251747 2251747 1] 55893188
[1 4319530 4319530 1] 55739038
[1 6898538 6898538 1] 133
[1 4238336 4238336 1] 876
[1 24549798 24549798 1] 57085157
[1 7418419 7418419 1] 57262013
[1 12981777 12981777 1] 171
[1 22520060 22520060 1] 1017
[1 18012498 18012498 1] 58044637
[1 27336328 27336328 1] 137
[1 23665124 23665124 1] 120
[1 18703136 18703136 1] 140
[1 19393585 19393585 1] 111
[1 25519126 25519126 1] 59513903
[1 21305625 21305625 1] 121
[1 25209189 25209189 1] 60954824
[1 15256191 15256191 1] 91
[1 29760493 29760493 1] 148
[1 15256191 15256191 1] 61636827
[1 17513927 17513927 1] 194
[1 10697698 10697698 1] 59521436
[1 16956430 16956430 1] 155
[1 19393585 19393585 1] 141
[1 23571044 23571044 1] 61569239
[1 27612903 27612903 1] 1737
[1 19290072 19290072 1] 141
[1 10636430 10636430 1] 56079523
[1 6898538 6898538 1] 165
[1 9202901 9202901 1] 55847594
[1 18777857 18777857 1] 145
[1 4238336 4238336 1] 142
[1 21717989 21717989 1] 56315711
[1 4238336 4238336 1] 114
[1 11585796 11585796 1] 56925737
[1 6898538 6898538 1] 142
[1 13455737 13455737 1] 123
[1 12655341 12655341 1] 56502304
[1 8888229 8888229 1] 128
[1 10956043 10956043 1] 55851097
[1 19018457 19018457 1] 126
[1 5526310 5526310 1] 54625306
[1 19018457 19018457 1] 134
[1 22520060 22520060 1] 137
[1 22495426 22495426 1] 56383868
[1 9806368 9806368 1] 56825117
[1 17513927 17513927 1] 126
[1 24504235 24504235 1] 58772649
[1 22520060 22520060 1] 129
[1 21021531 21021531 1] 121
[1 16631627 16631627 1] 59973201
[1 4238336 4238336 1] 131
[1 4238336 4238336 1] 127
[1 7893530 7893530 1] 55991694
[1 4319530 4319530 1] 51640786
[1 12262755 12262755 1] 51718185
[1 4636916 4636916 1] 129
[1 14152275 14152275 1] 52609981
[1 8338083 8338083 1] 235
[1 17077889 17077889 1] 52616636
[1 12276966 12276966 1] 781
[1 11027285 11027285 1] 52563762
[1 27949909 27949909 1] 133
[1 17077889 17077889 1] 53141555
[1 3228459 3228459 1] 50477742
[1 3967638 3967638 1] 50294990
[1 17487132 17487132 1] 131
[1 26620484 26620484 1] 52539903
[1 23665124 23665124 1] 122
[1 18295500 18295500 1] 126
[1 27949909 27949909 1] 54880018
[1 19018457 19018457 1] 144
[1 12645730 12645730 1] 54995383
[1 19393585 19393585 1] 148
[1 23631234 23631234 1] 55070281
[1 11614770 11614770 1] 767
[1 13160359 13160359 1] 55243800
[1 21021531 21021531 1] 235
[1 29760493 29760493 1] 795
[1 16956430 16956430 1] 173
[1 24887344 24887344 1] 125
[1 29110700 29110700 1] 57680379
[1 4238336 4238336 1] 161
[1 7418419 7418419 1] 651
[1 20668364 20668364 1] 58668233
[1 14152275 14152275 1] 186
[1 23089413 23089413 1] 241
[1 23319848 23319848 1] 59907153
[1 12539391 12539391 1] 60015824
[1 19290072 19290072 1] 118
[1 18703136 18703136 1] 162
[1 18703136 18703136 1] 149
[1 18703136 18703136 1] 122
[1 25745792 25745792 1] 62097424
[1 18295500 18295500 1] 136
[1 20631492 20631492 1] 62461415
[1 5035326 5035326 1] 59986322
[1 17077889 17077889 1] 128
[1 2597489 2597489 1] 130
[1 19018457 19018457 1] 155
[1 24187517 24187517 1] 61909110
[1 24429690 24429690 1] 140
[1 24429690 24429690 1] 122
[1 17077889 17077889 1] 62547318
[1 3785405 3785405 1] 62341164
[1 27612903 27612903 1] 139
[1 21021531 21021531 1] 131
[1 4238336 4238336 1] 134
[1 15539863 15539863 1] 62180174
[1 15996659 15996659 1] 106
[1 22692686 22692686 1] 63328918
[1 6473731 6473731 1] 316
[1 19018457 19018457 1] 132
[1 17077889 17077889 1] 64517049
[1 5433484 5433484 1] 64481917
[1 22520060 22520060 1] 126
[1 18469912 18469912 1] 64612354
[1 12740050 12740050 1] 63536555
[1 27336328 27336328 1] 209
[1 16077376 16077376 1] 63409435
[1 23387982 23387982 1] 131
[1 12262755 12262755 1] 112
[1 9343769 9343769 1] 63184797
[1 19544919 19544919 1] 64616917
[1 6930887 6930887 1] 440
[1 23665124 23665124 1] 229
[1 14311575 14311575 1] 63706685
[1 6898538 6898538 1] 135
[1 19054082 19054082 1] 177
[1 13550254 13550254 1] 63917645
[1 15138378 15138378 1] 63695792
[1 16956430 16956430 1] 130
[1 6473731 6473731 1] 136
[1 24415776 24415776 1] 65634711
[1 19018457 19018457 1] 705
[1 12032920 12032920 1] 66306978
[1 21305625 21305625 1] 133
[1 21021531 21021531 1] 124
[1 15138378 15138378 1] 161
[1 16011018 16011018 1] 66759722
[1 3228459 3228459 1] 66492028
[1 18703136 18703136 1] 129
[1 4666329 4666329 1] 65173997
[1 19018457 19018457 1] 128
[1 13550254 13550254 1] 64791577
[1 2575056 2575056 1] 64460725
[1 2963859 2963859 1] 64179663
[1 19018457 19018457 1] 128
[1 22520060 22520060 1] 121
[1 16956430 16956430 1] 202
[1 20372662 20372662 1] 65119232
[1 19018457 19018457 1] 123
[1 18777857 18777857 1] 134
[1 7418419 7418419 1] 414
[1 23631234 23631234 1] 67026357
[1 12999171 12999171 1] 124
[1 15256191 15256191 1] 250
[1 10613074 10613074 1] 67541112
[1 12336504 12336504 1] 67032973
[1 4238336 4238336 1] 644
[1 29639007 29639007 1] 69524912
[1 18703136 18703136 1] 139
[1 5414640 5414640 1] 69494815
[1 22520060 22520060 1] 178
[1 24880227 24880227 1] 70888185
[1 4319530 4319530 1] 140
[1 10387678 10387678 1] 71373122
[1 3228459 3228459 1] 883
[1 19018457 19018457 1] 735
[1 22520060 22520060 1] 149
[1 27963982 27963982 1] 73699397
[1 18703136 18703136 1] 788
[1 14887561 14887561 1] 74673074
[1 24433519 24433519 1] 76024360
[1 24627322 24627322 1] 76830356
[1 22994985 22994985 1] 78629742
[1 23794428 23794428 1] 80506127
[1 22970073 22970073 1] 81691306
[1 21245831 21245831 1] 83331332
[1 26370348 26370348 1] 85506080
[1 9653715 9653715 1] 85311507
[1 27963982 27963982 1] 87033999
[1 3189436 3189436 1] 86772095
[1 24945487 24945487 1] 87591484
[1 14989684 14989684 1] 87366615
[1 11449123 11449123 1] 86761077
[1 24102748 24102748 1] 87473468
[1 25311777 25311777 1] 89536551
[1 3725219 3725219 1] 89327206
[1 5748721 5748721 1] 86929996
[1 9121309 9121309 1] 87287240
[1 7076377 7076377 1] 86823371
[1 1252716 1252716 1] 86353558
[1 9121309 9121309 1] 86708389
[1 25771560 25771560 1] 88834288
[1 1489115 1489115 1] 85388344
[1 332232 332232 1] 83021989
[1 29639007 29639007 1] 85539159
[1 11323876 11323876 1] 86123379
[1 25202255 25202255 1] 87565613
[1 3199182 3199182 1] 86100868
[1 10554604 10554604 1] 86646544
[1 23590182 23590182 1] 87916958
[1 29359416 29359416 1] 90418528
[1 21768826 21768826 1] 92121688
[1 15550552 15550552 1] 92547700
[1 14090033 14090033 1] 93418614
[1 25311777 25311777 1] 94293704
[1 27860000 27860000 1] 96627773
[1 9112298 9112298 1] 96982335
[1 19475777 19475777 1] 98440787
[1 10508861 10508861 1] 96530498
[1 17909212 17909212 1] 97793135
[1 23669087 23669087 1] 99653088
[1 8590931 8590931 1] 99978042
[1 794584 794584 1] 99461135
[1 20037526 20037526 1] 99757975
[1 14826622 14826622 1] 97709537
[1 22634226 22634226 1] 98868736
[1 13712351 13712351 1] 97899761
[1 14522072 14522072 1] 97618461
[1 22836611 22836611 1] 97630272
[1 1928578 1928578 1] 97230663
[1 8498977 8498977 1] 97522587
[1 754553 754553 1] 97000456
[1 23360100 23360100 1] 98238986
[1 332232 332232 1] 97673532
[1 26491299 26491299 1] 98647073
[1 6453196 6453196 1] 98717881
[1 6055806 6055806 1] 98749097
[1 14423429 14423429 1] 99644064
[1 24322198 24322198 1] 100363136
[1 28806446 28806446 1] 102201256
[1 2238284 2238284 1] 101234684
[1 3565422 3565422 1] 100407781

Results: 100.00 28026898

Standard Error: 1.50805e+06
Mean Waiting Time: 2.80269e+07
Statistics for REP_PROB_PERCENT: 60

----------------------------------------
Running client with REP_PROB_PERCENT: 80
**********************************
DTU - OS Challenge - Client v0.20
**********************************
Total requests: 500
Start: 1
Difficulty: 30000000
Repetition probability (%): 80
Request delay (us): 600000
Priority disabled

[1 6930887 6930887 1] 722740
[1 6930887 6930887 1] 851662
[1 4238336 4238336 1] 699815
[1 6930887 6930887 1] 147
[1 4238336 4238336 1] 283
[1 6930887 6930887 1] 270
[1 4238336 4238336 1] 127
[1 29760493 29760493 1] 3283532
[1 6930887 6930887 1] 353
[1 4238336 4238336 1] 158
[1 6930887 6930887 1] 147
[1 22520060 22520060 1] 3831168
[1 29760493 29760493 1] 138
[1 4238336 4238336 1] 166
[1 4238336 4238336 1] 299
[1 21021531 21021531 1] 2443184
[1 4238336 4238336 1] 160
[1 4238336 4238336 1] 137
[1 21021531 21021531 1] 2820212
[1 29760493 29760493 1] 826
[1 4238336 4238336 1] 145
[1 19018457 19018457 1] 3006336
[1 19018457 19018457 1] 147
[1 6898538 6898538 1] 1326470
[1 6930887 6930887 1] 1868
[1 6930887 6930887 1] 788
[1 19018457 19018457 1] 129
[1 23594325 23594325 1] 3196181
[1 21021531 21021531 1] 146
[1 14268981 14268981 1] 2999034
[1 6930887 6930887 1] 160
[1 19018457 19018457 1] 121
[1 15497282 15497282 1] 2829163
[1 4238336 4238336 1] 189
[1 4238336 4238336 1] 174
[1 29760493 29760493 1] 158
[1 27336328 27336328 1] 4486891
[1 4238336 4238336 1] 164
[1 14268981 14268981 1] 171
[1 27336328 27336328 1] 348
[1 27336328 27336328 1] 5537718
[1 6930887 6930887 1] 162
[1 21021531 21021531 1] 126
[1 4238336 4238336 1] 118
[1 21100546 21100546 1] 6581842
[1 4238336 4238336 1] 133
[1 6930887 6930887 1] 144
[1 26426809 26426809 1] 6997560
[1 6930887 6930887 1] 137
[1 19018457 19018457 1] 126
[1 6930887 6930887 1] 133
[1 19393585 19393585 1] 7853091
[1 4238336 4238336 1] 143
[1 27336328 27336328 1] 445
[1 19393585 19393585 1] 6284288
[1 6297540 6297540 1] 6339473
[1 6930887 6930887 1] 754
[1 29760493 29760493 1] 131
[1 13480571 13480571 1] 7145500
[1 4238336 4238336 1] 288
[1 27336328 27336328 1] 143
[1 27612903 27612903 1] 8231868
[1 6930887 6930887 1] 280
[1 6930887 6930887 1] 161
[1 27336328 27336328 1] 125
[1 23209442 23209442 1] 8295172
[1 6930887 6930887 1] 878
[1 6930887 6930887 1] 338
[1 27612903 27612903 1] 944
[1 19018457 19018457 1] 976
[1 27612903 27612903 1] 9967684
[1 14268981 14268981 1] 507
[1 19018457 19018457 1] 131
[1 19018457 19018457 1] 154
[1 19393585 19393585 1] 1218
[1 27905772 27905772 1] 11110056
[1 23594325 23594325 1] 133
[1 19018457 19018457 1] 601
[1 12890676 12890676 1] 11856213
[1 4238336 4238336 1] 163
[1 19018457 19018457 1] 158
[1 14872354 14872354 1] 11616888
[1 21021531 21021531 1] 144
[1 12276966 12276966 1] 12301647
[1 29760493 29760493 1] 159
[1 4238336 4238336 1] 133
[1 6930887 6930887 1] 255
[1 6930887 6930887 1] 275
[1 27612903 27612903 1] 172
[1 27905772 27905772 1] 11638714
[1 6930887 6930887 1] 145
[1 21021531 21021531 1] 112
[1 6930887 6930887 1] 135
[1 19700724 19700724 1] 11977664
[1 6930887 6930887 1] 139
[1 4238336 4238336 1] 321
[1 21021531 21021531 1] 160
[1 6930887 6930887 1] 574
[1 6930887 6930887 1] 175
[1 26426809 26426809 1] 1409
[1 29441501 29441501 1] 10889075
[1 2275857 2275857 1] 9325046
[1 4238336 4238336 1] 117
[1 6930887 6930887 1] 161
[1 4238336 4238336 1] 148
[1 19018457 19018457 1] 351
[1 4238336 4238336 1] 228
[1 6930887 6930887 1] 168
[1 4238336 4238336 1] 132
[1 6930887 6930887 1] 137
[1 29760493 29760493 1] 213
[1 22520060 22520060 1] 127
[1 6930887 6930887 1] 165
[1 18295500 18295500 1] 1896053
[1 19700724 19700724 1] 122
[1 4238336 4238336 1] 119
[1 6930887 6930887 1] 131
[1 27905772 27905772 1] 151
[1 6939508 6939508 1] 707736
[1 19018457 19018457 1] 140
[1 4238336 4238336 1] 143
[1 21100546 21100546 1] 130
[1 29760493 29760493 1] 122
[1 6898538 6898538 1] 128
[1 6930887 6930887 1] 149
[1 24887344 24887344 1] 2583787
[1 19700724 19700724 1] 127
[1 19018457 19018457 1] 698
[1 22520060 22520060 1] 136
[1 19018457 19018457 1] 113
[1 21021531 21021531 1] 111
[1 19393585 19393585 1] 148
[1 22520060 22520060 1] 121
[1 8213259 8213259 1] 854616
[1 4238336 4238336 1] 724
[1 4238336 4238336 1] 152
[1 4238336 4238336 1] 435
[1 6939508 6939508 1] 150
[1 15497282 15497282 1] 179
[1 29760493 29760493 1] 155
[1 27905772 27905772 1] 122
[1 7684931 7684931 1] 802056
[1 4238336 4238336 1] 506
[1 6930887 6930887 1] 165
[1 19700724 19700724 1] 121
[1 23387982 23387982 1] 2431737
[1 1252997 1252997 1] 1963744
[1 21021531 21021531 1] 147
[1 17681096 17681096 1] 2007776
[1 4238336 4238336 1] 130
[1 6911341 6911341 1] 1533164
[1 29760493 29760493 1] 137
[1 21021531 21021531 1] 134
[1 4238336 4238336 1] 152
[1 23327685 23327685 1] 3417653
[1 19700724 19700724 1] 244
[1 6939508 6939508 1] 143
[1 4238336 4238336 1] 122
[1 2275857 2275857 1] 149
[1 23089413 23089413 1] 2894890
[1 26426809 26426809 1] 142
[1 19700724 19700724 1] 137
[1 6930887 6930887 1] 115
[1 4238336 4238336 1] 141
[1 6930887 6930887 1] 456
[1 4238336 4238336 1] 118
[1 27612903 27612903 1] 126
[1 27612903 27612903 1] 125
[1 4238336 4238336 1] 117
[1 27336328 27336328 1] 124
[1 19393585 19393585 1] 130
[1 15996659 15996659 1] 1653126
[1 6930887 6930887 1] 202
[1 23327685 23327685 1] 193
[1 19054082 19054082 1] 1989448
[1 15996659 15996659 1] 151
[1 22520060 22520060 1] 156
[1 21021531 21021531 1] 142
[1 26811973 26811973 1] 3596559
[1 23327685 23327685 1] 160
[1 23594325 23594325 1] 157
[1 4238336 4238336 1] 190
[1 27612903 27612903 1] 263
[1 26340714 26340714 1] 3353499
[1 19700724 19700724 1] 120
[1 15256191 15256191 1] 4353128
[1 23089413 23089413 1] 137
[1 26426809 26426809 1] 159
[1 27612903 27612903 1] 475
[1 22218005 22218005 1] 3665384
[1 19018457 19018457 1] 120
[1 4238336 4238336 1] 210
[1 19700724 19700724 1] 684
[1 22218005 22218005 1] 5383025
[1 6930887 6930887 1] 299
[1 22520060 22520060 1] 160
[1 6930887 6930887 1] 161
[1 20223206 20223206 1] 4485499
[1 26426809 26426809 1] 553
[1 26426809 26426809 1] 241
[1 14872354 14872354 1] 131
[1 19700724 19700724 1] 144
[1 21021531 21021531 1] 171
[1 26902022 26902022 1] 3088597
[1 7684931 7684931 1] 226
[1 15497282 15497282 1] 141
[1 21021531 21021531 1] 98
[1 19018457 19018457 1] 1873
[1 4238336 4238336 1] 153
[1 11999755 11999755 1] 1258064
[1 6930887 6930887 1] 115
[1 4238336 4238336 1] 133
[1 6930887 6930887 1] 129
[1 23594325 23594325 1] 753
[1 8213259 8213259 1] 152
[1 24549798 24549798 1] 2544677
[1 27612903 27612903 1] 146
[1 19700724 19700724 1] 120
[1 19700724 19700724 1] 129
[1 15256191 15256191 1] 125
[1 25519126 25519126 1] 2649918
[1 6930887 6930887 1] 678
[1 29760493 29760493 1] 117
[1 4238336 4238336 1] 122
[1 19700724 19700724 1] 134
[1 29760493 29760493 1] 122
[1 10697698 10697698 1] 1110136
[1 4238336 4238336 1] 188
[1 19393585 19393585 1] 407
[1 24887344 24887344 1] 368
[1 29760493 29760493 1] 127
[1 23571044 23571044 1] 2989628
[1 19018457 19018457 1] 113
[1 4238336 4238336 1] 1882
[1 19700724 19700724 1] 135
[1 22520060 22520060 1] 123
[1 4238336 4238336 1] 120
[1 22520060 22520060 1] 131
[1 27905772 27905772 1] 112
[1 10636430 10636430 1] 1108352
[1 6930887 6930887 1] 120
[1 6930887 6930887 1] 121
[1 19018457 19018457 1] 119
[1 26426809 26426809 1] 118
[1 2275857 2275857 1] 512
[1 11585796 11585796 1] 1198636
[1 6898538 6898538 1] 118
[1 19018457 19018457 1] 162
[1 4238336 4238336 1] 211
[1 12655341 12655341 1] 1308318
[1 19393585 19393585 1] 805
[1 4238336 4238336 1] 678
[1 6911341 6911341 1] 402
[1 5526310 5526310 1] 576650
[1 27336328 27336328 1] 144
[1 22495426 22495426 1] 2356181
[1 2275857 2275857 1] 131
[1 4238336 4238336 1] 146
[1 9806368 9806368 1] 2775215
[1 29760493 29760493 1] 133
[1 21021531 21021531 1] 131
[1 27336328 27336328 1] 153
[1 16631627 16631627 1] 3309435
[1 21021531 21021531 1] 142
[1 19393585 19393585 1] 123
[1 19700724 19700724 1] 136
[1 26426809 26426809 1] 135
[1 27905772 27905772 1] 153
[1 4238336 4238336 1] 119
[1 21021531 21021531 1] 480
[1 27612903 27612903 1] 116
[1 27336328 27336328 1] 131
[1 29441501 29441501 1] 126
[1 4238336 4238336 1] 138
[1 6939508 6939508 1] 206
[1 19700724 19700724 1] 123
[1 6898538 6898538 1] 146
[1 17681096 17681096 1] 145
[1 14152275 14152275 1] 1493059
[1 27612903 27612903 1] 134
[1 19018457 19018457 1] 139
[1 17077889 17077889 1] 1780500
[1 21021531 21021531 1] 139
[1 17077889 17077889 1] 205
[1 22520060 22520060 1] 1405
[1 15996659 15996659 1] 679
[1 4238336 4238336 1] 128
[1 19018457 19018457 1] 633
[1 26426809 26426809 1] 123
[1 29760493 29760493 1] 1346
[1 14872354 14872354 1] 142
[1 6930887 6930887 1] 714
[1 6939508 6939508 1] 126
[1 29760493 29760493 1] 146
[1 26620484 26620484 1] 2768377
[1 21021531 21021531 1] 520
[1 21021531 21021531 1] 128
[1 26426809 26426809 1] 124
[1 4238336 4238336 1] 160
[1 26426809 26426809 1] 231
[1 6930887 6930887 1] 266
[1 13160359 13160359 1] 1364989
[1 23387982 23387982 1] 160
[1 6898538 6898538 1] 108
[1 21021531 21021531 1] 633
[1 4238336 4238336 1] 147
[1 19700724 19700724 1] 158
[1 12539391 12539391 1] 1299497
[1 22520060 22520060 1] 155
[1 26426809 26426809 1] 123
[1 27336328 27336328 1] 135
[1 29760493 29760493 1] 139
[1 25745792 25745792 1] 3422279
[1 4238336 4238336 1] 2687
[1 19393585 19393585 1] 288
[1 5035326 5035326 1] 521279
[1 4238336 4238336 1] 136
[1 17077889 17077889 1] 133
[1 15256191 15256191 1] 185
[1 24187517 24187517 1] 2526835
[1 3785405 3785405 1] 1123840
[1 29760493 29760493 1] 130
[1 21021531 21021531 1] 147
[1 6930887 6930887 1] 413
[1 29760493 29760493 1] 109
[1 17077889 17077889 1] 116
[1 12655341 12655341 1] 145
[1 6930887 6930887 1] 122
[1 19393585 19393585 1] 1055
[1 27612903 27612903 1] 136
[1 15497282 15497282 1] 132
[1 6898538 6898538 1] 166
[1 18469912 18469912 1] 1947745
[1 4238336 4238336 1] 175
[1 27336328 27336328 1] 219
[1 4238336 4238336 1] 134
[1 4238336 4238336 1] 137
[1 16077376 16077376 1] 1666119
[1 6898538 6898538 1] 169
[1 9343769 9343769 1] 1435231
[1 6930887 6930887 1] 148
[1 23594325 23594325 1] 147
[1 19544919 19544919 1] 2890130
[1 19018457 19018457 1] 154
[1 19018457 19018457 1] 161
[1 14311575 14311575 1] 1972766
[1 22520060 22520060 1] 177
[1 27336328 27336328 1] 145
[1 13550254 13550254 1] 2196267
[1 2275857 2275857 1] 494
[1 6930887 6930887 1] 141
[1 12032920 12032920 1] 1241026
[1 26426809 26426809 1] 145
[1 22520060 22520060 1] 122
[1 16011018 16011018 1] 1745015
[1 21021531 21021531 1] 206
[1 22520060 22520060 1] 157
[1 4238336 4238336 1] 125
[1 4238336 4238336 1] 115
[1 13550254 13550254 1] 116
[1 4238336 4238336 1] 123
[1 2963859 2963859 1] 300460
[1 6930887 6930887 1] 136
[1 15996659 15996659 1] 123
[1 26426809 26426809 1] 156
[1 4238336 4238336 1] 276
[1 10613074 10613074 1] 1095562
[1 12276966 12276966 1] 1205
[1 27612903 27612903 1] 130
[1 14872354 14872354 1] 211
[1 4238336 4238336 1] 134
[1 14872354 14872354 1] 130
[1 29639007 29639007 1] 3090155
[1 6930887 6930887 1] 202
[1 5414640 5414640 1] 3059112
[1 29760493 29760493 1] 1670
[1 27612903 27612903 1] 117
[1 29760493 29760493 1] 896
[1 18295500 18295500 1] 140
[1 27963982 27963982 1] 3588662
[1 6930887 6930887 1] 964
[1 23594325 23594325 1] 143
[1 14311575 14311575 1] 142
[1 19018457 19018457 1] 193
[1 29760493 29760493 1] 148
[1 19393585 19393585 1] 169
[1 22970073 22970073 1] 2385102
[1 27336328 27336328 1] 783
[1 22218005 22218005 1] 154
[1 27963982 27963982 1] 131
[1 21245831 21245831 1] 4009016
[1 21021531 21021531 1] 175
[1 3189436 3189436 1] 740952
[1 29760493 29760493 1] 124
[1 6930887 6930887 1] 164
[1 24887344 24887344 1] 138
[1 4238336 4238336 1] 122
[1 4238336 4238336 1] 145
[1 24945487 24945487 1] 2610571
[1 4238336 4238336 1] 818
[1 21021531 21021531 1] 111
[1 14152275 14152275 1] 1259
[1 23089413 23089413 1] 126
[1 6930887 6930887 1] 124
[1 6930887 6930887 1] 112
[1 29760493 29760493 1] 105
[1 15497282 15497282 1] 108
[1 4238336 4238336 1] 254
[1 4238336 4238336 1] 137
[1 4238336 4238336 1] 117
[1 5748721 5748721 1] 585351
[1 18295500 18295500 1] 146
[1 9121309 9121309 1] 951883
[1 7076377 7076377 1] 740464
[1 1252716 1252716 1] 271875
[1 9121309 9121309 1] 126
[1 17077889 17077889 1] 167
[1 19393585 19393585 1] 130
[1 19018457 19018457 1] 170
[1 27336328 27336328 1] 160
[1 25771560 25771560 1] 2687746
[1 27336328 27336328 1] 141
[1 1489115 1489115 1] 148549
[1 27612903 27612903 1] 125
[1 21021531 21021531 1] 125
[1 4238336 4238336 1] 122
[1 332232 332232 1] 33331
[1 29639007 29639007 1] 97
[1 15996659 15996659 1] 141
[1 11323876 11323876 1] 1179591
[1 19700724 19700724 1] 139
[1 19018457 19018457 1] 121
[1 25202255 25202255 1] 2687096
[1 22520060 22520060 1] 134
[1 3199182 3199182 1] 1220976
[1 10554604 10554604 1] 1727417
[1 27336328 27336328 1] 128
[1 23590182 23590182 1] 3015762
[1 23387982 23387982 1] 129
[1 19700724 19700724 1] 121
[1 6930887 6930887 1] 161
[1 14152275 14152275 1] 143
[1 29359416 29359416 1] 5476544
[1 6930887 6930887 1] 135
[1 29760493 29760493 1] 130
[1 21768826 21768826 1] 7150652
[1 6898538 6898538 1] 141
[1 19054082 19054082 1] 144
[1 26426809 26426809 1] 134
[1 15550552 15550552 1] 7604946
[1 14090033 14090033 1] 8488320
[1 6930887 6930887 1] 132
[1 19700724 19700724 1] 121
[1 27860000 27860000 1] 8993896
[1 19018457 19018457 1] 171
[1 4238336 4238336 1] 272
[1 21021531 21021531 1] 119
[1 27336328 27336328 1] 136
[1 19475777 19475777 1] 9837471
[1 4238336 4238336 1] 255
[1 19018457 19018457 1] 207
[1 17909212 17909212 1] 8113807
[1 19018457 19018457 1] 175
[1 22520060 22520060 1] 141
[1 6930887 6930887 1] 134
[1 23669087 23669087 1] 9987672
[1 19018457 19018457 1] 129
[1 8590931 8590931 1] 10293184
[1 794584 794584 1] 9775865
[1 27336328 27336328 1] 1067
[1 27336328 27336328 1] 532
[1 4238336 4238336 1] 139
[1 20037526 20037526 1] 10070288
[1 19018457 19018457 1] 131
[1 15256191 15256191 1] 120
[1 14826622 14826622 1] 8025665
[1 4238336 4238336 1] 150
[1 22634226 22634226 1] 9204584
[1 4238336 4238336 1] 164
[1 332232 332232 1] 104
[1 13712351 13712351 1] 8240457
[1 4238336 4238336 1] 184
[1 22520060 22520060 1] 148
[1 4238336 4238336 1] 108
[1 22836611 22836611 1] 6428889
[1 6930887 6930887 1] 128
[1 1928578 1928578 1] 6039502
[1 19018457 19018457 1] 138
[1 8498977 8498977 1] 6332741
[1 754553 754553 1] 5811164
[1 4238336 4238336 1] 143
[1 6453196 6453196 1] 2287873
[1 26426809 26426809 1] 120
[1 21021531 21021531 1] 142
[1 19018457 19018457 1] 122
[1 25202255 25202255 1] 114
[1 22520060 22520060 1] 113
[1 2238284 2238284 1] 230071
[1 4238336 4238336 1] 128
[1 3565422 3565422 1] 368679

Results: 100.00 977347

Standard Error: 106273
Mean Waiting Time: 977348
Statistics for REP_PROB_PERCENT: 80

----------------------------------------
