Running client with REP_PROB_PERCENT: 0
**********************************
DTU - OS Challenge - Client v0.20
**********************************
Total requests: 500
Start: 1
Difficulty: 30000000
Repetition probability (%): 0
Request delay (us): 600000
Priority disabled

[1 6930887 6930887 1] 535978
[1 4636916 4636916 1] 376815
[1 4238336 4238336 1] 327340
[1 29760493 29760493 1] 2519628
[1 19641422 19641422 1] 3538649
[1 490028 490028 1] 2978125
[1 22520060 22520060 1] 4254715
[1 17513927 17513927 1] 5192014
[1 10383427 10383427 1] 5451339
[1 13455737 13455737 1] 6187070
[1 11595369 11595369 1] 6606089
[1 16956430 16956430 1] 7477110
[1 21021531 21021531 1] 8718276
[1 23665124 23665124 1] 10277889
[1 18703136 18703136 1] 11693420
[1 1979803 1979803 1] 11339915
[1 5723059 5723059 1] 11378726
[1 15898168 15898168 1] 12657607
[1 19018457 19018457 1] 14205321
[1 6478043 6478043 1] 14312208
[1 3377374 3377374 1] 14077517
[1 24544920 24544920 1] 16145660
[1 6898538 6898538 1] 16295117
[1 23594325 23594325 1] 18255936
[1 28664371 28664371 1] 20891808
[1 4803527 4803527 1] 20804884
[1 14268981 14268981 1] 21731723
[1 29241874 29241874 1] 24346186
[1 12999171 12999171 1] 25120619
[1 15497282 15497282 1] 26166351
[1 14420926 14420926 1] 27183590
[1 27336328 27336328 1] 29535747
[1 19126506 19126506 1] 30981804
[1 12621730 12621730 1] 31788323
[1 23925858 23925858 1] 33886776
[1 24353896 24353896 1] 35881190
[1 21100546 21100546 1] 37526529
[1 18233368 18233368 1] 38866310
[1 25990365 25990365 1] 41034724
[1 10313751 10313751 1] 41543183
[1 26426809 26426809 1] 43789522
[1 29947179 29947179 1] 46428579
[1 19393585 19393585 1] 47887800
[1 28502652 28502652 1] 50330952
[1 4612400 4612400 1] 50220842
[1 4095061 4095061 1] 50054950
[1 13993369 13993369 1] 50978634
[1 4210013 4210013 1] 50821649
[1 9698587 9698587 1] 51256965
[1 6297540 6297540 1] 51338837
[1 13480571 13480571 1] 52189169
[1 25960379 25960379 1] 54348860
[1 2066602 2066602 1] 53967211
[1 27612903 27612903 1] 56298238
[1 3570493 3570493 1] 56078810
[1 260757 260757 1] 55505706
[1 5560281 5560281 1] 55496529
[1 23209442 23209442 1] 57377601
[1 24429690 24429690 1] 59366143
[1 27346620 27346620 1] 61716400
[1 744730 744730 1] 61193071
[1 13108118 13108118 1] 61963939
[1 27905772 27905772 1] 64279260
[1 12890676 12890676 1] 65030182
[1 11698928 11698928 1] 65650210
[1 18777857 18777857 1] 66993875
[1 14872354 14872354 1] 67997666
[1 12276966 12276966 1] 68679380
[1 23964684 23964684 1] 70608037
[1 10028625 10028625 1] 71051006
[1 332872 332872 1] 70485387
[1 10048830 10048830 1] 70936250
[1 5530020 5530020 1] 70915266
[1 13363369 13363369 1] 71718117
[1 7486716 7486716 1] 71899438
[1 11518150 11518150 1] 72488307
[1 19700724 19700724 1] 73949416
[1 18002246 18002246 1] 75263718
[1 19493452 19493452 1] 76702996
[1 20243556 20243556 1] 78216299
[1 2597489 2597489 1] 77886815
[1 8888229 8888229 1] 78205498
[1 18792351 18792351 1] 79556848
[1 29441501 29441501 1] 82061191
[1 26087765 26087765 1] 84186512
[1 5324915 5324915 1] 84142933
[1 2275857 2275857 1] 83780362
[1 27346492 27346492 1] 86058693
[1 1148366 1148366 1] 85575290
[1 20281937 20281937 1] 87083942
[1 16452552 16452552 1] 88204395
[1 11899229 11899229 1] 88851114
[1 3975408 3975408 1] 88665597
[1 6276122 6276122 1] 88787092
[1 794396 794396 1] 88263439
[1 24661238 24661238 1] 90205173
[1 573794 573794 1] 89665152
[1 15894429 15894429 1] 90808772
[1 7231012 7231012 1] 90978535
[1 14639530 14639530 1] 91908780
[1 7322405 7322405 1] 92074774
[1 12255764 12255764 1] 92771088
[1 17854539 17854539 1] 94028757
[1 12436841 12436841 1] 94715149
[1 15344819 15344819 1] 95709602
[1 22670689 22670689 1] 97476537
[1 12067918 12067918 1] 98132221
[1 20466997 20466997 1] 99658057
[1 16987744 16987744 1] 100821084
[1 9512184 9512184 1] 101211640
[1 18295500 18295500 1] 102557252
[1 16206726 16206726 1] 103647753
[1 2755591 2755591 1] 103333284
[1 3268140 3268140 1] 103072103
[1 12469787 12469787 1] 103771463
[1 8338083 8338083 1] 104037975
[1 20388465 20388465 1] 105597737
[1 6939508 6939508 1] 105721580
[1 25228805 25228805 1] 107749371
[1 22278612 22278612 1] 109492188
[1 17127829 17127829 1] 110679624
[1 24887344 24887344 1] 112704104
[1 2035569 2035569 1] 112317955
[1 27755423 27755423 1] 114625009
[1 24613811 24613811 1] 116628284
[1 19321802 19321802 1] 118053786
[1 6473731 6473731 1] 118137790
[1 26811306 26811306 1] 120348114
[1 15178737 15178737 1] 121358117
[1 14248627 14248627 1] 122239231
[1 503466 503466 1] 121691984
[1 12473417 12473417 1] 122387366
[1 8213259 8213259 1] 122636432
[1 24167638 24167638 1] 124529683
[1 21305625 21305625 1] 126132923
[1 24544920 24544920 1] 125532721
[1 13911900 13911900 1] 126405133
[1 20145551 20145551 1] 127896478
[1 19290072 19290072 1] 129328157
[1 17487132 17487132 1] 130601018
[1 7684931 7684931 1] 130798470
[1 21845895 21845895 1] 132470285
[1 7370164 7370164 1] 132640505
[1 23387982 23387982 1] 134462045
[1 1252997 1252997 1] 133992268
[1 2713774 2713774 1] 133674469
[1 12739669 12739669 1] 134395533
[1 17681096 17681096 1] 135639612
[1 17116467 17116467 1] 136837147
[1 6911341 6911341 1] 136950166
[1 23327685 23327685 1] 138841930
[1 16855543 16855543 1] 140001233
[1 7379108 7379108 1] 140162170
[1 18219757 18219757 1] 141461147
[1 7418419 7418419 1] 141632726
[1 23089413 23089413 1] 143433082
[1 25032173 25032173 1] 145442206
[1 29262010 29262010 1] 147944248
[1 28625211 28625211 1] 150367398
[1 7467588 7467588 1] 150545388
[1 25319302 25319302 1] 152570110
[1 26667373 26667373 1] 154768077
[1 20401256 20401256 1] 156338008
[1 24044600 24044600 1] 158265454
[1 21229905 21229905 1] 159911903
[1 15939812 15939812 1] 160985031
[1 16915668 16915668 1] 162186727
[1 29346229 29346229 1] 164636647
[1 4829151 4829151 1] 164539729
[1 15996659 15996659 1] 165598363
[1 5789225 5789225 1] 165600031
[1 9867270 9867270 1] 166026197
[1 19054082 19054082 1] 167412679
[1 15740085 15740085 1] 168467402
[1 26811973 26811973 1] 170738162
[1 73851 73851 1] 170145996
[1 15905386 15905386 1] 171243698
[1 7739300 7739300 1] 171455511
[1 23606043 23606043 1] 173316989
[1 26340714 26340714 1] 175471520
[1 15256191 15256191 1] 176466497
[1 6942591 6942591 1] 176587013
[1 10108582 10108582 1] 177039453
[1 21499337 21499337 1] 178716830
[1 6371156 6371156 1] 178781000
[1 22218005 22218005 1] 180501872
[1 11614770 11614770 1] 181117745
[1 12981777 12981777 1] 181871750
[1 6247256 6247256 1] 181929245
[1 18348143 18348143 1] 183263673
[1 4445885 4445885 1] 183121156
[1 20223206 20223206 1] 184639921
[1 27679568 27679568 1] 186921143
[1 21690614 21690614 1] 188635066
[1 12262755 12262755 1] 189328099
[1 1154260 1154260 1] 188849408
[1 12828203 12828203 1] 189597945
[1 24723507 24723507 1] 191592556
[1 26902022 26902022 1] 193887500
[1 20390869 20390869 1] 195433104
[1 6235190 6235190 1] 195483509
[1 27949909 27949909 1] 197822793
[1 27210499 27210499 1] 200061730
[1 18518809 18518809 1] 201390037
[1 4686249 4686249 1] 201279696
[1 19033334 19033334 1] 202692574
[1 20321649 20321649 1] 204208343
[1 11999755 11999755 1] 204898497
[1 2251747 2251747 1] 204529904
[1 4319530 4319530 1] 204381566
[1 573794 573794 1] 203781404
[1 24549798 24549798 1] 205759435
[1 26086991 26086991 1] 207928847
[1 10003034 10003034 1] 208370674
[1 18012498 18012498 1] 209673894
[1 21294893 21294893 1] 211362582
[1 25519126 25519126 1] 213432339
[1 24613997 24613997 1] 215397816
[1 25209189 25209189 1] 217458015
[1 8703730 8703730 1] 217763472
[1 15032461 15032461 1] 218726486
[1 21543922 21543922 1] 220507957
[1 2026305 2026305 1] 220115384
[1 18388028 18388028 1] 221422018
[1 2266749 2266749 1] 221058156
[1 1308903 1308903 1] 220593802
[1 10697698 10697698 1] 221094694
[1 23571044 23571044 1] 223021935
[1 15132003 15132003 1] 224045857
[1 24806404 24806404 1] 226015719
[1 24887344 24887344 1] 225415550
[1 9908539 9908539 1] 225867526
[1 12895152 12895152 1] 226603947
[1 12282135 12282135 1] 227268805
[1 171693 171693 1] 226686533
[1 20516128 20516128 1] 228215268
[1 13755630 13755630 1] 229059004
[1 15590965 15590965 1] 230099950
[1 10636430 10636430 1] 230602662
[1 2576336 2576336 1] 230280351
[1 9202901 9202901 1] 230627064
[1 19407972 19407972 1] 232089005
[1 12260290 12260290 1] 232763531
[1 21717989 21717989 1] 234477657
[1 11585796 11585796 1] 235075948
[1 13053145 13053145 1] 235840812
[1 27658391 27658391 1] 238126092
[1 12655341 12655341 1] 238836490
[1 10000570 10000570 1] 239271026
[1 1174233 1174233 1] 238791750
[1 10956043 10956043 1] 239326511
[1 20409118 20409118 1] 240844098
[1 16266762 16266762 1] 241932080
[1 5526310 5526310 1] 241903978
[1 22495426 22495426 1] 243653986
[1 9806368 9806368 1] 244086763
[1 24504235 24504235 1] 246097990
[1 16631627 16631627 1] 247254019
[1 7226058 7226058 1] 247419603
[1 16673169 16673169 1] 248542553
[1 7390359 7390359 1] 248711406
[1 6947387 6947387 1] 248850777
[1 24429690 24429690 1] 248250608
[1 10634995 10634995 1] 248832679
[1 27056553 27056553 1] 251120196
[1 7893530 7893530 1] 251371070
[1 28532291 28532291 1] 253734795
[1 27756971 27756971 1] 256031669
[1 16819081 16819081 1] 257181090
[1 24218594 24218594 1] 259095717
[1 6418628 6418628 1] 259174123
[1 18561887 18561887 1] 260509040
[1 10788356 10788356 1] 261056142
[1 2720091 2720091 1] 260734383
[1 26059480 26059480 1] 262846555
[1 1858970 1858970 1] 262438334
[1 14152275 14152275 1] 263294951
[1 16047642 16047642 1] 264360905
[1 10925434 10925434 1] 264894527
[1 17077889 17077889 1] 266072043
[1 3524567 3524567 1] 265849055
[1 11027285 11027285 1] 266398355
[1 5790418 5790418 1] 266403823
[1 29372261 29372261 1] 268905881
[1 7100238 7100238 1] 269037850
[1 9473060 9473060 1] 269450981
[1 22648519 22648519 1] 271212808
[1 21990784 21990784 1] 272909859
[1 3228459 3228459 1] 272644921
[1 3967638 3967638 1] 272455028
[1 26620484 26620484 1] 274626576
[1 27770479 27770479 1] 276915487
[1 27149315 27149315 1] 279170570
[1 12645730 12645730 1] 279888006
[1 23665124 23665124 1] 279287808
[1 11089439 11089439 1] 279841500
[1 7211389 7211389 1] 279984096
[1 23631234 23631234 1] 281837238
[1 25933682 25933682 1] 283957321
[1 13160359 13160359 1] 284720215
[1 29110700 29110700 1] 287140611
[1 24101840 24101840 1] 289089199
[1 20668364 20668364 1] 290647671
[1 20228795 20228795 1] 292158988
[1 23319848 23319848 1] 293984892
[1 18217463 18217463 1] 295306682
[1 12539391 12539391 1] 296063907
[1 25745792 25745792 1] 298154859
[1 7355116 7355116 1] 298315684
[1 12796158 12796158 1] 299043575
[1 20631492 20631492 1] 300602663
[1 4462952 4462952 1] 300465334
[1 11035022 11035022 1] 301011341
[1 18393741 18393741 1] 302309267
[1 3614031 3614031 1] 302111739
[1 5035326 5035326 1] 302025368
[1 24187517 24187517 1] 304007141
[1 2033003 2033003 1] 303613119
[1 27746140 27746140 1] 305922864
[1 3785405 3785405 1] 305712367
[1 28974581 28974581 1] 308122922
[1 6039022 6039022 1] 308151621
[1 15539863 15539863 1] 309171286
[1 16235380 16235380 1] 310284737
[1 22692686 22692686 1] 312050882
[1 18299905 18299905 1] 313340736
[1 5433484 5433484 1] 313304754
[1 6199760 6199760 1] 313352440
[1 15889745 15889745 1] 314401060
[1 18469912 18469912 1] 315740697
[1 8663951 8663951 1] 316039236
[1 29777561 29777561 1] 318571776
[1 17675106 17675106 1] 319787014
[1 12740050 12740050 1] 320498278
[1 6588712 6588712 1] 320579138
[1 1519935 1519935 1] 320137786
[1 16077376 16077376 1] 321219571
[1 29593615 29593615 1] 323708351
[1 9343769 9343769 1] 324095599
[1 19544919 19544919 1] 325588954
[1 27376883 27376883 1] 327849410
[1 27876983 27876983 1] 330135038
[1 13124031 13124031 1] 330900673
[1 14311575 14311575 1] 331792388
[1 11186594 11186594 1] 332357311
[1 13550254 13550254 1] 333193195
[1 8803075 8803075 1] 333502745
[1 17734714 17734714 1] 334745795
[1 15138378 15138378 1] 335725835
[1 24415776 24415776 1] 337683180
[1 12032920 12032920 1] 338329820
[1 9806733 9806733 1] 338785043
[1 16011018 16011018 1] 339863647
[1 24760236 24760236 1] 341866908
[1 7745692 7745692 1] 342073869
[1 22423944 22423944 1] 343825877
[1 4666329 4666329 1] 343710943
[1 20449292 20449292 1] 345244483
[1 6894019 6894019 1] 345378659
[1 11836837 11836837 1] 346014661
[1 2575056 2575056 1] 345686353
[1 2963859 2963859 1] 345427042
[1 8714905 8714905 1] 345720983
[1 20372662 20372662 1] 347234817
[1 3689686 3689686 1] 347016566
[1 10613074 10613074 1] 347516844
[1 5756852 5756852 1] 347514301
[1 26349251 26349251 1] 349765879
[1 12336504 12336504 1] 350446396
[1 29639007 29639007 1] 353097668
[1 5414640 5414640 1] 353069488
[1 7721121 7721121 1] 353276164
[1 24880227 24880227 1] 355274194
[1 10387678 10387678 1] 355765900
[1 27963982 27963982 1] 358098923
[1 14887561 14887561 1] 359058727
[1 127956 127956 1] 358471695
[1 24433519 24433519 1] 360465193
[1 21066343 21066343 1] 362096402
[1 10245197 10245197 1] 362570199
[1 24627322 24627322 1] 364555351
[1 22994985 22994985 1] 366358679
[1 23794428 23794428 1] 368257431
[1 22152041 22152041 1] 370000647
[1 22970073 22970073 1] 371808604
[1 21245831 21245831 1] 373416537
[1 26370348 26370348 1] 375572062
[1 20982031 20982031 1] 377136497
[1 9653715 9653715 1] 377531293
[1 18057523 18057523 1] 378811254
[1 18626925 18626925 1] 380154648
[1 3189436 3189436 1] 379882680
[1 15829205 15829205 1] 380924421
[1 22630444 22630444 1] 382684220
[1 24945487 24945487 1] 384676087
[1 26684279 26684279 1] 386871509
[1 6250263 6250263 1] 386923250
[1 14989684 14989684 1] 387914167
[1 21539849 21539849 1] 389549092
[1 1208325 1208325 1] 389072150
[1 11449123 11449123 1] 389665864
[1 7927336 7927336 1] 389925067
[1 3937458 3937458 1] 389749522
[1 24102748 24102748 1] 391691164
[1 25311777 25311777 1] 393737310
[1 3725219 3725219 1] 393522562
[1 27621704 27621704 1] 395895766
[1 15209934 15209934 1] 396892698
[1 17053960 17053960 1] 398099765
[1 2862807 2862807 1] 397799431
[1 5748721 5748721 1] 397801815
[1 9121309 9121309 1] 398158911
[1 1742699 1742699 1] 397740826
[1 7076377 7076377 1] 397879391
[1 1252716 1252716 1] 397409916
[1 2825172 2825172 1] 397103339
[1 25771560 25771560 1] 399215036
[1 15554011 15554011 1] 400247280
[1 22178225 22178225 1] 402059670
[1 25816540 25816540 1] 404176542
[1 24429690 24429690 1] 403576299
[1 13945054 13945054 1] 404452220
[1 1489115 1489115 1] 404004497
[1 15405990 15405990 1] 405009751
[1 2028068 2028068 1] 404620693
[1 25575224 25575224 1] 406689262
[1 332232 332232 1] 406123528
[1 2292123 2292123 1] 405762271
[1 11323876 11323876 1] 406364470
[1 20390180 20390180 1] 407901316
[1 25202255 25202255 1] 409909951
[1 20311132 20311132 1] 411607986
[1 3967858 3967858 1] 411422494
[1 3199182 3199182 1] 411158244
[1 10554604 10554604 1] 411725715
[1 26152434 26152434 1] 413947612
[1 23590182 23590182 1] 415805450
[1 29359416 29359416 1] 418277726
[1 21768826 21768826 1] 419974272
[1 26138723 26138723 1] 422091872
[1 15550552 15550552 1] 423106947
[1 14090033 14090033 1] 424014323
[1 21443182 21443182 1] 425649571
[1 12990416 12990416 1] 426386344
[1 3299709 3299709 1] 426131877
[1 27860000 27860000 1] 428487120
[1 9112298 9112298 1] 428838958
[1 19475777 19475777 1] 430283667
[1 19068978 19068978 1] 431673000
[1 21742588 21742588 1] 433353239
[1 16723383 16723383 1] 434492928
[1 9544267 9544267 1] 434884425
[1 10508861 10508861 1] 435379034
[1 17909212 17909212 1] 436628948
[1 23669087 23669087 1] 438516707
[1 8590931 8590931 1] 438813702
[1 794584 794584 1] 438295510
[1 2651477 2651477 1] 437970431
[1 4095821 4095821 1] 437797627
[1 20037526 20037526 1] 439291394
[1 1538840 1538840 1] 438853093
[1 5897491 5897491 1] 438868338
[1 1101361 1101361 1] 438382955
[1 6247644 6247644 1] 438434782
[1 13080929 13080929 1] 439198225
[1 14826622 14826622 1] 440138879
[1 10917956 10917956 1] 440679412
[1 22634226 22634226 1] 442451947
[1 3274571 3274571 1] 442193793
[1 6220854 6220854 1] 442244824
[1 7107723 7107723 1] 442388186
[1 13712351 13712351 1] 443205192
[1 20009098 20009098 1] 444697893
[1 7689127 7689127 1] 444905244
[1 14522072 14522072 1] 445838615
[1 26533150 26533150 1] 448007729
[1 28140529 28140529 1] 450335994
[1 9228399 9228399 1] 450700454
[1 22836611 22836611 1] 452486087
[1 1928578 1928578 1] 452087176
[1 8498977 8498977 1] 452380441
[1 754553 754553 1] 451859943
[1 11126088 11126088 1] 452421686
[1 23360100 23360100 1] 454332375
[1 16448567 16448567 1] 455428721
[1 6377018 6377018 1] 455497567
[1 14392736 14392736 1] 456407887
[1 26491299 26491299 1] 458574640
[1 6453196 6453196 1] 458654353
[1 6055806 6055806 1] 458689125
[1 14423429 14423429 1] 459646498
[1 19552529 19552529 1] 461090530
[1 5019594 5019594 1] 461013752
[1 24322198 24322198 1] 462947536
[1 9289673 9289673 1] 463315446
[1 28806446 28806446 1] 465724685
[1 12796158 12796158 1] 465124412
[1 2238284 2238284 1] 464759080
[1 5466128 5466128 1] 464729068
[1 3565422 3565422 1] 464500584

Results: 100.00 239328369

Standard Error: 6.15721e+06
Mean Waiting Time: 2.39328e+08
Statistics for REP_PROB_PERCENT: 0

----------------------------------------
Running client with REP_PROB_PERCENT: 20
**********************************
DTU - OS Challenge - Client v0.20
**********************************
Total requests: 500
Start: 1
Difficulty: 30000000
Repetition probability (%): 20
Request delay (us): 600000
Priority disabled

[1 6930887 6930887 1] 714434
[1 4636916 4636916 1] 595317
[1 4238336 4238336 1] 442163
[1 29760493 29760493 1] 3225824
[1 19641422 19641422 1] 4678152
[1 490028 490028 1] 4128894
[1 22520060 22520060 1] 5879925
[1 17513927 17513927 1] 7103596
[1 10383427 10383427 1] 7575187
[1 13455737 13455737 1] 8380922
[1 10383427 10383427 1] 7780716
[1 16956430 16956430 1] 8952861
[1 21021531 21021531 1] 10554972
[1 23665124 23665124 1] 12447823
[1 18703136 18703136 1] 13848675
[1 1979803 1979803 1] 13449497
[1 5723059 5723059 1] 13444458
[1 15898168 15898168 1] 14521866
[1 19018457 19018457 1] 16030076
[1 5723059 5723059 1] 15429883
[1 3377374 3377374 1] 15182310
[1 24544920 24544920 1] 17180837
[1 6898538 6898538 1] 17313958
[1 4636916 4636916 1] 17967386
[1 19018457 19018457 1] 18567470
[1 23594325 23594325 1] 19167749
[1 14268981 14268981 1] 18851342
[1 29241874 29241874 1] 21306276
[1 12999171 12999171 1] 22061012
[1 15497282 15497282 1] 23074814
[1 1979803 1979803 1] 22474517
[1 27336328 27336328 1] 24720059
[1 19126506 19126506 1] 26123399
[1 27336328 27336328 1] 26244123
[1 12621730 12621730 1] 26844403
[1 24353896 24353896 1] 28226648
[1 21100546 21100546 1] 29822151
[1 4238336 4238336 1] 29222158
[1 25990365 25990365 1] 31361945
[1 10313751 10313751 1] 31857079
[1 26426809 26426809 1] 34035794
[1 29947179 29947179 1] 36574759
[1 27336328 27336328 1] 37428472
[1 19393585 19393585 1] 38028626
[1 4612400 4612400 1] 37338253
[1 4095061 4095061 1] 37166506
[1 13993369 13993369 1] 38036279
[1 4210013 4210013 1] 37877125
[1 9698587 9698587 1] 38286863
[1 6297540 6297540 1] 38343019
[1 13480571 13480571 1] 39214803
[1 25960379 25960379 1] 41311145
[1 2066602 2066602 1] 40923097
[1 27612903 27612903 1] 43212994
[1 19018457 19018457 1] 42612823
[1 260757 260757 1] 42040359
[1 5723059 5723059 1] 41440190
[1 23209442 23209442 1] 43315321
[1 24429690 24429690 1] 45265457
[1 27346620 27346620 1] 47516581
[1 744730 744730 1] 46994499
[1 13108118 13108118 1] 47774553
[1 27905772 27905772 1] 50094251
[1 12890676 12890676 1] 50834039
[1 4210013 4210013 1] 50233887
[1 18777857 18777857 1] 51582407
[1 14872354 14872354 1] 52529985
[1 16956430 16956430 1] 52606854
[1 12276966 12276966 1] 53206997
[1 4612400 4612400 1] 52006762
[1 332872 332872 1] 51441288
[1 10048830 10048830 1] 51887936
[1 16956430 16956430 1] 51287777
[1 13363369 13363369 1] 52081751
[1 27346620 27346620 1] 51481598
[1 11518150 11518150 1] 52079045
[1 19700724 19700724 1] 53536283
[1 14268981 14268981 1] 52936141
[1 19493452 19493452 1] 54362918
[1 20243556 20243556 1] 55884503
[1 2597489 2597489 1] 55554255
[1 8888229 8888229 1] 55876208
[1 18792351 18792351 1] 57245425
[1 29441501 29441501 1] 59788300
[1 26087765 26087765 1] 61953331
[1 5324915 5324915 1] 61907249
[1 2275857 2275857 1] 61544106
[1 27346492 27346492 1] 63792146
[1 1148366 1148366 1] 63312274
[1 20281937 20281937 1] 64827973
[1 16452552 16452552 1] 65986748
[1 11899229 11899229 1] 66627163
[1 3975408 3975408 1] 66440997
[1 6276122 6276122 1] 66491313
[1 794396 794396 1] 65973191
[1 24661238 24661238 1] 67995532
[1 573794 573794 1] 67466843
[1 4210013 4210013 1] 66866732
[1 7231012 7231012 1] 67026654
[1 14639530 14639530 1] 67951603
[1 7322405 7322405 1] 68116834
[1 12255764 12255764 1] 68793382
[1 18703136 18703136 1] 68193179
[1 19641422 19641422 1] 67593112
[1 4238336 4238336 1] 66992913
[1 22670689 22670689 1] 68760533
[1 16956430 16956430 1] 68837151
[1 12067918 12067918 1] 69437290
[1 16987744 16987744 1] 70024893
[1 9512184 9512184 1] 70420537
[1 18295500 18295500 1] 71736885
[1 16206726 16206726 1] 72827478
[1 2755591 2755591 1] 72514742
[1 4612400 4612400 1] 71914591
[1 12469787 12469787 1] 72700977
[1 8338083 8338083 1] 72965401
[1 20388465 20388465 1] 74495833
[1 6939508 6939508 1] 74613724
[1 25228805 25228805 1] 76736362
[1 22278612 22278612 1] 78486117
[1 17127829 17127829 1] 79766948
[1 24887344 24887344 1] 81806360
[1 2035569 2035569 1] 81420415
[1 25960379 25960379 1] 82520275
[1 27755423 27755423 1] 83720626
[1 6898538 6898538 1] 83120522
[1 6473731 6473731 1] 82595469
[1 26811306 26811306 1] 84782077
[1 2755591 2755591 1] 84181969
[1 14248627 14248627 1] 85052435
[1 19393585 19393585 1] 83904312
[1 503466 503466 1] 84504575
[1 8213259 8213259 1] 84162072
[1 24167638 24167638 1] 86117571
[1 24544920 24544920 1] 87185408
[1 21305625 21305625 1] 87785572
[1 13911900 13911900 1] 88040524
[1 20145551 20145551 1] 89543874
[1 19290072 19290072 1] 91029431
[1 17487132 17487132 1] 92259841
[1 7684931 7684931 1] 92463835
[1 21845895 21845895 1] 94146347
[1 7370164 7370164 1] 94314931
[1 23387982 23387982 1] 96163735
[1 1252997 1252997 1] 95694160
[1 6473731 6473731 1] 94777917
[1 2713774 2713774 1] 95378111
[1 17681096 17681096 1] 96071285
[1 17116467 17116467 1] 97256369
[1 6911341 6911341 1] 97392476
[1 23327685 23327685 1] 99283271
[1 16855543 16855543 1] 100444681
[1 7379108 7379108 1] 100614304
[1 18219757 18219757 1] 101917868
[1 7418419 7418419 1] 102091431
[1 23089413 23089413 1] 103916809
[1 25032173 25032173 1] 105927038
[1 29262010 29262010 1] 108352617
[1 28625211 28625211 1] 110759710
[1 7467588 7467588 1] 110936892
[1 12255764 12255764 1] 110336650
[1 6473731 6473731 1] 109736551
[1 20401256 20401256 1] 111336732
[1 7370164 7370164 1] 110736598
[1 21229905 21229905 1] 112350693
[1 15939812 15939812 1] 113417383
[1 16915668 16915668 1] 114583558
[1 27346620 27346620 1] 113983407
[1 4829151 4829151 1] 113887159
[1 15996659 15996659 1] 114973671
[1 27336328 27336328 1] 114373483
[1 9867270 9867270 1] 114802238
[1 19054082 19054082 1] 116194278
[1 15740085 15740085 1] 117228239
[1 26811973 26811973 1] 119430508
[1 73851 73851 1] 118838223
[1 15905386 15905386 1] 119919936
[1 7739300 7739300 1] 120117778
[1 23606043 23606043 1] 121994354
[1 26340714 26340714 1] 124141501
[1 15256191 15256191 1] 125120141
[1 6942591 6942591 1] 125239544
[1 7370164 7370164 1] 124039215
[1 8888229 8888229 1] 124639399
[1 6371156 6371156 1] 124106237
[1 22218005 22218005 1] 125805468
[1 11614770 11614770 1] 126407712
[1 12981777 12981777 1] 127189180
[1 6247256 6247256 1] 127242181
[1 18348143 18348143 1] 128599703
[1 4445885 4445885 1] 128466508
[1 20223206 20223206 1] 129988332
[1 27679568 27679568 1] 132283048
[1 5723059 5723059 1] 131682909
[1 12262755 12262755 1] 132370061
[1 1154260 1154260 1] 131891028
[1 20401256 20401256 1] 132055660
[1 12828203 12828203 1] 132655841
[1 26902022 26902022 1] 134255551
[1 20390869 20390869 1] 135804853
[1 6235190 6235190 1] 135925876
[1 27949909 27949909 1] 138231495
[1 27210499 27210499 1] 140512740
[1 18518809 18518809 1] 141838282
[1 19290072 19290072 1] 141121653
[1 4686249 4686249 1] 141721815
[1 20321649 20321649 1] 142653892
[1 11999755 11999755 1] 143299457
[1 2251747 2251747 1] 142941346
[1 4319530 4319530 1] 142793772
[1 573794 573794 1] 142193638
[1 24549798 24549798 1] 144158196
[1 26086991 26086991 1] 146290585
[1 2713774 2713774 1] 145690480
[1 18012498 18012498 1] 146997438
[1 21294893 21294893 1] 148601902
[1 25519126 25519126 1] 150668131
[1 24613997 24613997 1] 152714536
[1 25209189 25209189 1] 154800451
[1 8703730 8703730 1] 155108827
[1 15032461 15032461 1] 156088085
[1 15740085 15740085 1] 155487958
[1 2026305 2026305 1] 155099207
[1 18388028 18388028 1] 156423589
[1 2266749 2266749 1] 156061374
[1 1308903 1308903 1] 155597488
[1 10697698 10697698 1] 156123704
[1 23571044 23571044 1] 157959558
[1 15132003 15132003 1] 158930986
[1 24806404 24806404 1] 160923171
[1 24887344 24887344 1] 160322994
[1 9908539 9908539 1] 160756646
[1 12895152 12895152 1] 161491150
[1 12282135 12282135 1] 162180366
[1 171693 171693 1] 161597437
[1 7739300 7739300 1] 160997224
[1 4210013 4210013 1] 160397146
[1 15590965 15590965 1] 161464149
[1 10636430 10636430 1] 162020683
[1 2576336 2576336 1] 161720254
[1 9202901 9202901 1] 162096696
[1 19407972 19407972 1] 163526780
[1 12260290 12260290 1] 164202721
[1 21717989 21717989 1] 165866386
[1 11585796 11585796 1] 166468428
[1 13053145 13053145 1] 167234778
[1 27658391 27658391 1] 169591909
[1 12655341 12655341 1] 170315561
[1 10000570 10000570 1] 170761004
[1 1174233 1174233 1] 170283477
[1 10956043 10956043 1] 170816998
[1 20409118 20409118 1] 172356389
[1 16266762 16266762 1] 173449588
[1 5526310 5526310 1] 173435065
[1 22495426 22495426 1] 175213865
[1 9806368 9806368 1] 175637297
[1 24504235 24504235 1] 177573640
[1 16631627 16631627 1] 178694922
[1 7226058 7226058 1] 178846052
[1 503466 503466 1] 177045618
[1 10383427 10383427 1] 178245991
[1 24429690 24429690 1] 176445519
[1 25990365 25990365 1] 177645855
[1 2597489 2597489 1] 176360572
[1 10634995 10634995 1] 176960719
[1 7893530 7893530 1] 176582088
[1 28532291 28532291 1] 178950405
[1 27756971 27756971 1] 181279766
[1 16819081 16819081 1] 182431187
[1 24218594 24218594 1] 184376284
[1 6418628 6418628 1] 184446460
[1 27336328 27336328 1] 183846329
[1 29441501 29441501 1] 183246169
[1 12262755 12262755 1] 181445654
[1 6939508 6939508 1] 182045788
[1 4319530 4319530 1] 182646080
[1 14152275 14152275 1] 182347999
[1 16047642 16047642 1] 183431608
[1 17681096 17681096 1] 182831500
[1 17077889 17077889 1] 184011220
[1 3524567 3524567 1] 183778637
[1 11027285 11027285 1] 184328752
[1 5790418 5790418 1] 184333150
[1 17077889 17077889 1] 183732944
[1 7100238 7100238 1] 183875331
[1 10383427 10383427 1] 182675072
[1 15996659 15996659 1] 183275305
[1 21990784 21990784 1] 184382928
[1 3228459 3228459 1] 184119174
[1 3967638 3967638 1] 183933934
[1 26620484 26620484 1] 186098673
[1 27949909 27949909 1] 185498449
[1 27149315 27149315 1] 187718311
[1 12645730 12645730 1] 188455729
[1 18219757 18219757 1] 187255330
[1 23665124 23665124 1] 187855571
[1 7211389 7211389 1] 187412994
[1 23631234 23631234 1] 189303295
[1 25933682 25933682 1] 191402430
[1 13160359 13160359 1] 192193309
[1 29110700 29110700 1] 194620772
[1 4612400 4612400 1] 194020659
[1 20668364 20668364 1] 195569728
[1 20228795 20228795 1] 197139311
[1 23319848 23319848 1] 198960076
[1 18217463 18217463 1] 200267763
[1 12539391 12539391 1] 200968070
[1 25745792 25745792 1] 203053734
[1 7355116 7355116 1] 203232391
[1 12796158 12796158 1] 203969556
[1 20631492 20631492 1] 205520783
[1 4462952 4462952 1] 205386945
[1 11035022 11035022 1] 205934812
[1 18393741 18393741 1] 207257695
[1 3614031 3614031 1] 207031483
[1 5035326 5035326 1] 206956692
[1 24187517 24187517 1] 208968719
[1 21305625 21305625 1] 208368545
[1 27746140 27746140 1] 210674980
[1 3785405 3785405 1] 210478075
[1 2026305 2026305 1] 212284088
[1 28974581 28974581 1] 212884310
[1 15539863 15539863 1] 213316950
[1 4612400 4612400 1] 212716796
[1 22692686 22692686 1] 214577917
[1 18299905 18299905 1] 215885088
[1 5433484 5433484 1] 215851101
[1 27149315 27149315 1] 215250926
[1 15889745 15889745 1] 216350635
[1 18469912 18469912 1] 217676216
[1 8663951 8663951 1] 217992082
[1 29777561 29777561 1] 220510193
[1 16047642 16047642 1] 219910053
[1 12740050 12740050 1] 220644662
[1 6588712 6588712 1] 220732870
[1 4238336 4238336 1] 220132779
[1 16077376 16077376 1] 221212461
[1 29593615 29593615 1] 223801064
[1 9343769 9343769 1] 224170121
[1 6898538 6898538 1] 225011626
[1 19544919 19544919 1] 225611794
[1 27876983 27876983 1] 227331758
[1 8888229 8888229 1] 226731575
[1 14311575 14311575 1] 227614606
[1 11186594 11186594 1] 228177670
[1 13550254 13550254 1] 228986371
[1 7739300 7739300 1] 228710964
[1 8803075 8803075 1] 229311241
[1 15138378 15138378 1] 229688862
[1 24415776 24415776 1] 231622975
[1 12032920 12032920 1] 232269583
[1 10048830 10048830 1] 231669522
[1 16011018 16011018 1] 232765781
[1 24760236 24760236 1] 234742162
[1 7745692 7745692 1] 234954128
[1 22423944 22423944 1] 236725600
[1 4666329 4666329 1] 236612298
[1 20449292 20449292 1] 238130099
[1 13550254 13550254 1] 236929789
[1 4238336 4238336 1] 237530034
[1 2575056 2575056 1] 236596054
[1 2963859 2963859 1] 236305132
[1 8714905 8714905 1] 236604121
[1 20372662 20372662 1] 238129221
[1 3689686 3689686 1] 237913823
[1 8338083 8338083 1] 237825540
[1 12276966 12276966 1] 237225378
[1 10613074 10613074 1] 238425765
[1 12336504 12336504 1] 237919057
[1 29639007 29639007 1] 240415659
[1 5414640 5414640 1] 240386790
[1 7721121 7721121 1] 240598065
[1 24880227 24880227 1] 242645759
[1 10387678 10387678 1] 243135189
[1 27963982 27963982 1] 245483553
[1 14887561 14887561 1] 246426924
[1 127956 127956 1] 245840008
[1 24433519 24433519 1] 247845149
[1 11035022 11035022 1] 247245078
[1 10245197 10245197 1] 247714666
[1 24627322 24627322 1] 249691912
[1 22994985 22994985 1] 251529555
[1 23794428 23794428 1] 253401767
[1 22152041 22152041 1] 255133754
[1 22970073 22970073 1] 257032702
[1 21245831 21245831 1] 258666307
[1 26370348 26370348 1] 260813825
[1 20982031 20982031 1] 262395908
[1 9653715 9653715 1] 262812623
[1 18057523 18057523 1] 264106734
[1 18626925 18626925 1] 265451212
[1 3189436 3189436 1] 265246298
[1 15829205 15829205 1] 266320304
[1 22630444 22630444 1] 268054718
[1 24945487 24945487 1] 270046762
[1 26684279 26684279 1] 272253688
[1 6250263 6250263 1] 272314220
[1 14989684 14989684 1] 273282934
[1 21539849 21539849 1] 274924801
[1 1208325 1208325 1] 274451559
[1 11449123 11449123 1] 275045512
[1 7927336 7927336 1] 275266318
[1 3937458 3937458 1] 275077030
[1 24102748 24102748 1] 277026633
[1 25311777 25311777 1] 279081748
[1 3725219 3725219 1] 278870714
[1 19290072 19290072 1] 278270768
[1 10313751 10313751 1] 278707769
[1 15209934 15209934 1] 279307765
[1 2862807 2862807 1] 278393670
[1 5748721 5748721 1] 278394342
[1 9121309 9121309 1] 278744219
[1 1742699 1742699 1] 278325758
[1 7076377 7076377 1] 278463966
[1 1252716 1252716 1] 277996279
[1 2825172 2825172 1] 277698786
[1 2597489 2597489 1] 278620609
[1 25771560 25771560 1] 279820924
[1 17077889 17077889 1] 279220775
[1 24429690 24429690 1] 277420254
[1 22278612 22278612 1] 278020435
[1 24429690 24429690 1] 276820058
[1 1489115 1489115 1] 276374881
[1 15405990 15405990 1] 277379037
[1 2028068 2028068 1] 276990035
[1 25575224 25575224 1] 279091785
[1 332232 332232 1] 278525788
[1 2292123 2292123 1] 278180071
[1 11323876 11323876 1] 278758250
[1 20390180 20390180 1] 280276550
[1 25202255 25202255 1] 282311518
[1 20311132 20311132 1] 283846062
[1 12621730 12621730 1] 283245960
[1 3199182 3199182 1] 282978709
[1 10554604 10554604 1] 283489355
[1 2755591 2755591 1] 282889217
[1 23590182 23590182 1] 284783402
[1 29359416 29359416 1] 287243338
[1 27336328 27336328 1] 288315842
[1 21768826 21768826 1] 288916030
[1 15550552 15550552 1] 289342274
[1 14090033 14090033 1] 290212710
[1 21443182 21443182 1] 291868947
[1 12262755 12262755 1] 291268789
[1 3299709 3299709 1] 291013190
[1 27860000 27860000 1] 293311300
[1 9112298 9112298 1] 293660623
[1 19475777 19475777 1] 295085552
[1 19068978 19068978 1] 296478764
[1 27755423 27755423 1] 295878575
[1 16723383 16723383 1] 297079531
[1 9544267 9544267 1] 297465656
[1 10508861 10508861 1] 297970069
[1 17909212 17909212 1] 299236219
[1 23669087 23669087 1] 301105152
[1 8590931 8590931 1] 301402081
[1 27149315 27149315 1] 300284059
[1 794584 794584 1] 300884256
[1 6473731 6473731 1] 299684007
[1 20037526 20037526 1] 301171893
[1 1538840 1538840 1] 300731534
[1 5897491 5897491 1] 300749500
[1 1101361 1101361 1] 300265337
[1 15138378 15138378 1] 299665143
[1 13080929 13080929 1] 300426996
[1 14826622 14826622 1] 301393837
[1 14248627 14248627 1] 300793684
[1 22634226 22634226 1] 302574170
[1 18792351 18792351 1] 301973047
[1 6220854 6220854 1] 302018701
[1 27149315 27149315 1] 301418589
[1 13712351 13712351 1] 302252413
[1 20009098 20009098 1] 303779508
[1 7689127 7689127 1] 303988712
[1 14522072 14522072 1] 304904211
[1 26533150 26533150 1] 307080177
[1 12999171 12999171 1] 306480007
[1 9228399 9228399 1] 306837904
[1 22836611 22836611 1] 308612041
[1 1928578 1928578 1] 308214067
[1 8498977 8498977 1] 308498593
[1 754553 754553 1] 307976488
[1 11126088 11126088 1] 308542375
[1 23360100 23360100 1] 310386917
[1 16448567 16448567 1] 311508658
[1 6377018 6377018 1] 311577759
[1 14392736 14392736 1] 312481749
[1 26491299 26491299 1] 314689012
[1 6453196 6453196 1] 314768199
[1 6055806 6055806 1] 314807622
[1 14423429 14423429 1] 315714250
[1 19552529 19552529 1] 317173794
[1 24760236 24760236 1] 316573524
[1 24322198 24322198 1] 318512048
[1 9289673 9289673 1] 318973518
[1 12796158 12796158 1] 320776023
[1 28806446 28806446 1] 321376154
[1 2238284 2238284 1] 320409658
[1 7370164 7370164 1] 319809517
[1 3565422 3565422 1] 319582336

Results: 100.00 166518862

Standard Error: 4.17113e+06
Mean Waiting Time: 1.66519e+08
Statistics for REP_PROB_PERCENT: 20

----------------------------------------
Running client with REP_PROB_PERCENT: 40
**********************************
DTU - OS Challenge - Client v0.20
**********************************
Total requests: 500
Start: 1
Difficulty: 30000000
Repetition probability (%): 40
Request delay (us): 600000
Priority disabled

[1 6930887 6930887 1] 719939
[1 4636916 4636916 1] 606935
[1 4238336 4238336 1] 450105
[1 29760493 29760493 1] 3216489
[1 19641422 19641422 1] 4659935
[1 490028 490028 1] 4111993
[1 22520060 22520060 1] 5864466
[1 17513927 17513927 1] 7092188
[1 4238336 4238336 1] 6492042
[1 4238336 4238336 1] 6696580
[1 13455737 13455737 1] 7296813
[1 16956430 16956430 1] 7879344
[1 21021531 21021531 1] 9473949
[1 23665124 23665124 1] 11425579
[1 4238336 4238336 1] 11579020
[1 21021531 21021531 1] 12179223
[1 18703136 18703136 1] 12779407
[1 15898168 15898168 1] 12641313
[1 19018457 19018457 1] 14036762
[1 4238336 4238336 1] 13436544
[1 23665124 23665124 1] 12836383
[1 18703136 18703136 1] 12236274
[1 6898538 6898538 1] 12357719
[1 19018457 19018457 1] 13695007
[1 23594325 23594325 1] 14295253
[1 4636916 4636916 1] 13094811
[1 14268981 14268981 1] 13983419
[1 29241874 29241874 1] 16450034
[1 12999171 12999171 1] 17207310
[1 15497282 15497282 1] 18234003
[1 21021531 21021531 1] 17633730
[1 27336328 27336328 1] 19882865
[1 13455737 13455737 1] 19282775
[1 27336328 27336328 1] 19403502
[1 12621730 12621730 1] 20003638
[1 4238336 4238336 1] 18803363
[1 21100546 21100546 1] 20405050
[1 4238336 4238336 1] 19804854
[1 23665124 23665124 1] 19204766
[1 10313751 10313751 1] 19678973
[1 26426809 26426809 1] 21908774
[1 29947179 29947179 1] 24411419
[1 27336328 27336328 1] 25244878
[1 19393585 19393585 1] 25845069
[1 21021531 21021531 1] 24523223
[1 4612400 4612400 1] 25123391
[1 13993369 13993369 1] 25379956
[1 19393585 19393585 1] 24179773
[1 18703136 18703136 1] 24779925
[1 6297540 6297540 1] 24244861
[1 13480571 13480571 1] 25062258
[1 17513927 17513927 1] 24462176
[1 2066602 2066602 1] 24075430
[1 27612903 27612903 1] 26360487
[1 19018457 19018457 1] 25760372
[1 4238336 4238336 1] 24587540
[1 260757 260757 1] 25187733
[1 23209442 23209442 1] 26419556
[1 24429690 24429690 1] 28422459
[1 13455737 13455737 1] 30110779
[1 23665124 23665124 1] 29510736
[1 27346620 27346620 1] 30711019
[1 27905772 27905772 1] 31808345
[1 18703136 18703136 1] 31954876
[1 12890676 12890676 1] 32555118
[1 18777857 18777857 1] 33356630
[1 14872354 14872354 1] 34311534
[1 12276966 12276966 1] 34988376
[1 16956430 16956430 1] 34388298
[1 4612400 4612400 1] 32587772
[1 4612400 4612400 1] 33788154
[1 27336328 27336328 1] 33187992
[1 16956430 16956430 1] 31987589
[1 13363369 13363369 1] 32784904
[1 27346620 27346620 1] 32184780
[1 19018457 19018457 1] 31584597
[1 14268981 14268981 1] 32438867
[1 19700724 19700724 1] 33039033
[1 19493452 19493452 1] 33278567
[1 19493452 19493452 1] 33878716
[1 2597489 2597489 1] 32949378
[1 8888229 8888229 1] 33278808
[1 18792351 18792351 1] 34737845
[1 29441501 29441501 1] 37356791
[1 4238336 4238336 1] 36756653
[1 19493452 19493452 1] 36156437
[1 2275857 2275857 1] 35795484
[1 23665124 23665124 1] 37471890
[1 27346492 27346492 1] 38072090
[1 20281937 20281937 1] 38993652
[1 16956430 16956430 1] 38393345
[1 29241874 29241874 1] 37793187
[1 3975408 3975408 1] 37610359
[1 6276122 6276122 1] 37672729
[1 794396 794396 1] 37155593
[1 13455737 13455737 1] 36555508
[1 18703136 18703136 1] 35355213
[1 4636916 4636916 1] 35955575
[1 7231012 7231012 1] 35505175
[1 16956430 16956430 1] 34905048
[1 7322405 7322405 1] 35070638
[1 12255764 12255764 1] 35770183
[1 19018457 19018457 1] 33369509
[1 18703136 18703136 1] 35170155
[1 4238336 4238336 1] 33969750
[1 19641422 19641422 1] 34569865
[1 12067918 12067918 1] 34040697
[1 16956430 16956430 1] 33440518
[1 10313751 10313751 1] 32840366
[1 9512184 9512184 1] 33238961
[1 18295500 18295500 1] 34582332
[1 16206726 16206726 1] 35667806
[1 2755591 2755591 1] 35353645
[1 4612400 4612400 1] 34753457
[1 12469787 12469787 1] 35466663
[1 8338083 8338083 1] 35778031
[1 20388465 20388465 1] 37321817
[1 6939508 6939508 1] 37461208
[1 25228805 25228805 1] 39515064
[1 10313751 10313751 1] 40634900
[1 22278612 22278612 1] 41235187
[1 24887344 24887344 1] 42677351
[1 2035569 2035569 1] 42292135
[1 23665124 23665124 1] 41691921
[1 17513927 17513927 1] 40491626
[1 6898538 6898538 1] 41091784
[1 6473731 6473731 1] 40609335
[1 26811306 26811306 1] 42820254
[1 2755591 2755591 1] 42220065
[1 21021531 21021531 1] 42513861
[1 14248627 14248627 1] 43114117
[1 19393585 19393585 1] 41913772
[1 8213259 8213259 1] 42173549
[1 2755591 2755591 1] 41573407
[1 21305625 21305625 1] 43209259
[1 18703136 18703136 1] 42609151
[1 13911900 13911900 1] 43499959
[1 20145551 20145551 1] 45057485
[1 19290072 19290072 1] 46475946
[1 17487132 17487132 1] 47720797
[1 27905772 27905772 1] 47321531
[1 7684931 7684931 1] 47921712
[1 7370164 7370164 1] 47491055
[1 23387982 23387982 1] 49346045
[1 1252997 1252997 1] 48877024
[1 2713774 2713774 1] 48560709
[1 6473731 6473731 1] 47960713
[1 17681096 17681096 1] 49226896
[1 794396 794396 1] 48626739
[1 6911341 6911341 1] 48749263
[1 23327685 23327685 1] 50580535
[1 16855543 16855543 1] 51749388
[1 29760493 29760493 1] 51149196
[1 18219757 18219757 1] 52454980
[1 7418419 7418419 1] 52640897
[1 23089413 23089413 1] 54510996
[1 25032173 25032173 1] 56566718
[1 29262010 29262010 1] 59122857
[1 7418419 7418419 1] 58522830
[1 12255764 12255764 1] 58103177
[1 7467588 7467588 1] 58703372
[1 6473731 6473731 1] 57503021
[1 4636916 4636916 1] 56902888
[1 7370164 7370164 1] 56302706
[1 13455737 13455737 1] 55702534
[1 16855543 16855543 1] 55102381
[1 27612903 27612903 1] 54502225
[1 27346620 27346620 1] 53902049
[1 18703136 18703136 1] 53301880
[1 19393585 19393585 1] 53192574
[1 27336328 27336328 1] 53792729
[1 15996659 15996659 1] 54393019
[1 19054082 19054082 1] 54567197
[1 16956430 16956430 1] 53967091
[1 26811973 26811973 1] 56172378
[1 15996659 15996659 1] 54979934
[1 73851 73851 1] 55580010
[1 7231012 7231012 1] 53779715
[1 2755591 2755591 1] 54379945
[1 26340714 26340714 1] 55923890
[1 15256191 15256191 1] 56959154
[1 23327685 23327685 1] 56358931
[1 27346620 27346620 1] 54558465
[1 7370164 7370164 1] 55158621
[1 8888229 8888229 1] 55758831
[1 22218005 22218005 1] 56361450
[1 11614770 11614770 1] 56999691
[1 12981777 12981777 1] 57760091
[1 6247256 6247256 1] 57812277
[1 18348143 18348143 1] 59138476
[1 4445885 4445885 1] 59001654
[1 20223206 20223206 1] 60519955
[1 4238336 4238336 1] 59319524
[1 19493452 19493452 1] 59919789
[1 12262755 12262755 1] 60048771
[1 16956430 16956430 1] 59448658
[1 12828203 12828203 1] 60183887
[1 4636916 4636916 1] 59583807
[1 26902022 26902022 1] 61810328
[1 20390869 20390869 1] 63340313
[1 18348143 18348143 1] 62740191
[1 27949909 27949909 1] 65102869
[1 27210499 27210499 1] 67357420
[1 7231012 7231012 1] 66757342
[1 4686249 4686249 1] 66646923
[1 19290072 19290072 1] 66046892
[1 21021531 21021531 1] 65446658
[1 11999755 11999755 1] 66136736
[1 2251747 2251747 1] 65769932
[1 4636916 4636916 1] 65023023
[1 4319530 4319530 1] 65623362
[1 24549798 24549798 1] 66979076
[1 26086991 26086991 1] 69107624
[1 2713774 2713774 1] 68507517
[1 18012498 18012498 1] 69794617
[1 21294893 21294893 1] 71423156
[1 25519126 25519126 1] 73489797
[1 24613997 24613997 1] 75591753
[1 25209189 25209189 1] 77627388
[1 8703730 8703730 1] 77938339
[1 16956430 16956430 1] 76738030
[1 15256191 15256191 1] 77338187
[1 2026305 2026305 1] 76375926
[1 8338083 8338083 1] 75775790
[1 2266749 2266749 1] 75402458
[1 1308903 1308903 1] 74937268
[1 10697698 10697698 1] 75449286
[1 23571044 23571044 1] 77306264
[1 19393585 19393585 1] 76105956
[1 4238336 4238336 1] 76706121
[1 24887344 24887344 1] 75505830
[1 9908539 9908539 1] 75934324
[1 12895152 12895152 1] 76677187
[1 6473731 6473731 1] 75476869
[1 26086991 26086991 1] 76077014
[1 18703136 18703136 1] 74276665
[1 2755591 2755591 1] 74876842
[1 15590965 15590965 1] 75354796
[1 10636430 10636430 1] 75860162
[1 2576336 2576336 1] 75526942
[1 9202901 9202901 1] 75887568
[1 29241874 29241874 1] 75287480
[1 12260290 12260290 1] 75961821
[1 21717989 21717989 1] 77703256
[1 11585796 11585796 1] 78447319
[1 13053145 13053145 1] 79259412
[1 6898538 6898538 1] 78659033
[1 12655341 12655341 1] 79385675
[1 10000570 10000570 1] 79829268
[1 18703136 18703136 1] 79229125
[1 10956043 10956043 1] 79790021
[1 20409118 20409118 1] 81316236
[1 6911341 6911341 1] 80716094
[1 5526310 5526310 1] 80752202
[1 22495426 22495426 1] 82497576
[1 9806368 9806368 1] 82924246
[1 24504235 24504235 1] 84944485
[1 16631627 16631627 1] 86105259
[1 4238336 4238336 1] 84904977
[1 13053145 13053145 1] 85505140
[1 21021531 21021531 1] 83704597
[1 21021531 21021531 1] 82504236
[1 2597489 2597489 1] 81903973
[1 23665124 23665124 1] 84304885
[1 24429690 24429690 1] 83104499
[1 7893530 7893530 1] 82126511
[1 28532291 28532291 1] 84511541
[1 27756971 27756971 1] 86828982
[1 16819081 16819081 1] 88002703
[1 21021531 21021531 1] 87402569
[1 6418628 6418628 1] 87474200
[1 4319530 4319530 1] 85673670
[1 12262755 12262755 1] 84473336
[1 27336328 27336328 1] 86874149
[1 6939508 6939508 1] 85073553
[1 29441501 29441501 1] 86273968
[1 14152275 14152275 1] 85347667
[1 16047642 16047642 1] 86423909
[1 17681096 17681096 1] 85823869
[1 27612903 27612903 1] 86420012
[1 17077889 17077889 1] 87020155
[1 11027285 11027285 1] 86982013
[1 5790418 5790418 1] 86989762
[1 17077889 17077889 1] 86389649
[1 7100238 7100238 1] 86532360
[1 15996659 15996659 1] 85932183
[1 4238336 4238336 1] 85332029
[1 21990784 21990784 1] 87039039
[1 3228459 3228459 1] 86799907
[1 3967638 3967638 1] 86598856
[1 26620484 26620484 1] 88768882
[1 27949909 27949909 1] 88168802
[1 27149315 27149315 1] 90428502
[1 23665124 23665124 1] 90555058
[1 12645730 12645730 1] 91155229
[1 18219757 18219757 1] 89954729
[1 21021531 21021531 1] 89354447
[1 23631234 23631234 1] 91235086
[1 25933682 25933682 1] 93370097
[1 13160359 13160359 1] 94178033
[1 29110700 29110700 1] 96611437
[1 4612400 4612400 1] 96011285
[1 6898538 6898538 1] 96987152
[1 20668364 20668364 1] 97587345
[1 23319848 23319848 1] 98848351
[1 4238336 4238336 1] 98248106
[1 12539391 12539391 1] 98958463
[1 25745792 25745792 1] 101066664
[1 2755591 2755591 1] 100637164
[1 7355116 7355116 1] 101237346
[1 20631492 20631492 1] 102242035
[1 18703136 18703136 1] 100903856
[1 4462952 4462952 1] 102104201
[1 23665124 23665124 1] 101504079
[1 3614031 3614031 1] 100678586
[1 5035326 5035326 1] 100603318
[1 24187517 24187517 1] 102534296
[1 21305625 21305625 1] 101934143
[1 17077889 17077889 1] 101333998
[1 15256191 15256191 1] 100527074
[1 2026305 2026305 1] 99926916
[1 3785405 3785405 1] 101128117
[1 15539863 15539863 1] 100971211
[1 4612400 4612400 1] 100370995
[1 22692686 22692686 1] 102147500
[1 17077889 17077889 1] 101547447
[1 27149315 27149315 1] 100927844
[1 5433484 5433484 1] 101528059
[1 15889745 15889745 1] 101987702
[1 18469912 18469912 1] 103305064
[1 27612903 27612903 1] 102704912
[1 16047642 16047642 1] 101504602
[1 19290072 19290072 1] 102104713
[1 12740050 12740050 1] 102236496
[1 6588712 6588712 1] 102322844
[1 4238336 4238336 1] 101722696
[1 16077376 16077376 1] 102796622
[1 29593615 29593615 1] 105298120
[1 9343769 9343769 1] 105686810
[1 8888229 8888229 1] 105325478
[1 19544919 19544919 1] 107126007
[1 6898538 6898538 1] 106525876
[1 13455737 13455737 1] 105925656
[1 14311575 14311575 1] 106211476
[1 14248627 14248627 1] 105611314
[1 13550254 13550254 1] 106459034
[1 2755591 2755591 1] 106175980
[1 8803075 8803075 1] 106776214
[1 15138378 15138378 1] 107153567
[1 24415776 24415776 1] 109118793
[1 12032920 12032920 1] 109766512
[1 4612400 4612400 1] 109166376
[1 16011018 16011018 1] 110239169
[1 2755591 2755591 1] 111639673
[1 24760236 24760236 1] 112239910
[1 22423944 22423944 1] 113416128
[1 4666329 4666329 1] 113300118
[1 4238336 4238336 1] 112699919
[1 4238336 4238336 1] 112099749
[1 13550254 13550254 1] 111499645
[1 2575056 2575056 1] 111165423
[1 4636916 4636916 1] 110274798
[1 2963859 2963859 1] 110874987
[1 20372662 20372662 1] 111855948
[1 23631234 23631234 1] 111255854
[1 10613074 10613074 1] 111746078
[1 12276966 12276966 1] 110545868
[1 8338083 8338083 1] 111146117
[1 12336504 12336504 1] 111242828
[1 29639007 29639007 1] 113726358
[1 5414640 5414640 1] 113690878
[1 7721121 7721121 1] 114007563
[1 24880227 24880227 1] 115984145
[1 10387678 10387678 1] 116523285
[1 27963982 27963982 1] 118824929
[1 14887561 14887561 1] 119815505
[1 17487132 17487132 1] 119215328
[1 24433519 24433519 1] 121189283
[1 18295500 18295500 1] 119988948
[1 23665124 23665124 1] 120589303
[1 24627322 24627322 1] 121971995
[1 22994985 22994985 1] 123766775
[1 23794428 23794428 1] 125644327
[1 19018457 19018457 1] 125044098
[1 22970073 22970073 1] 126854402
[1 21245831 21245831 1] 128475903
[1 26370348 26370348 1] 130677536
[1 20982031 20982031 1] 132282423
[1 9653715 9653715 1] 132692733
[1 18057523 18057523 1] 134000292
[1 18626925 18626925 1] 135377096
[1 21021531 21021531 1] 134507371
[1 3189436 3189436 1] 135107622
[1 22630444 22630444 1] 136259932
[1 24945487 24945487 1] 138266452
[1 16956430 16956430 1] 137666373
[1 6250263 6250263 1] 137718152
[1 14989684 14989684 1] 138682935
[1 21539849 21539849 1] 140325360
[1 7418419 7418419 1] 139725028
[1 11449123 11449123 1] 140316910
[1 7927336 7927336 1] 140557886
[1 23089413 23089413 1] 139957715
[1 24102748 24102748 1] 141868609
[1 25311777 25311777 1] 143977460
[1 3725219 3725219 1] 143773016
[1 19290072 19290072 1] 143173016
[1 15209934 15209934 1] 144164629
[1 10313751 10313751 1] 143564518
[1 18703136 18703136 1] 142964300
[1 5748721 5748721 1] 142969897
[1 9121309 9121309 1] 143322820
[1 18295500 18295500 1] 142722570
[1 7076377 7076377 1] 142862395
[1 1252716 1252716 1] 142393564
[1 2825172 2825172 1] 142088322
[1 22278612 22278612 1] 142383569
[1 24429690 24429690 1] 141183294
[1 25771560 25771560 1] 144184191
[1 17077889 17077889 1] 143584016
[1 2597489 2597489 1] 142983829
[1 24429690 24429690 1] 141783425
[1 1489115 1489115 1] 140739067
[1 27612903 27612903 1] 140138951
[1 22423944 22423944 1] 139538831
[1 25575224 25575224 1] 141607336
[1 332232 332232 1] 141041988
[1 29639007 29639007 1] 140441854
[1 11323876 11323876 1] 141026656
[1 20390180 20390180 1] 142558743
[1 25202255 25202255 1] 144595554
[1 20311132 20311132 1] 146144379
[1 12621730 12621730 1] 145544248
[1 3199182 3199182 1] 145298907
[1 10554604 10554604 1] 145812321
[1 2755591 2755591 1] 145212165
[1 23590182 23590182 1] 147068001
[1 29359416 29359416 1] 149572062
[1 21768826 21768826 1] 151238151
[1 27336328 27336328 1] 150638027
[1 15550552 15550552 1] 151664249
[1 12262755 12262755 1] 151346969
[1 23387982 23387982 1] 151947143
[1 14090033 14090033 1] 152547266
[1 3299709 3299709 1] 151093435
[1 27860000 27860000 1] 153410089
[1 9112298 9112298 1] 153765947
[1 19475777 19475777 1] 155195503
[1 19068978 19068978 1] 156593998
[1 16047642 16047642 1] 155393617
[1 23665124 23665124 1] 155993834
[1 19054082 19054082 1] 154793534
[1 10508861 10508861 1] 155293671
[1 17909212 17909212 1] 156566856
[1 23669087 23669087 1] 158433023
[1 8590931 8590931 1] 158730213
[1 6473731 6473731 1] 157011938
[1 794584 794584 1] 158212314
[1 27149315 27149315 1] 157612165
[1 20037526 20037526 1] 158502155
[1 22278612 22278612 1] 157902059
[1 21021531 21021531 1] 156701739
[1 21305625 21305625 1] 157301888
[1 18703136 18703136 1] 155501459
[1 15138378 15138378 1] 156101645
[1 14826622 14826622 1] 156521403
[1 14248627 14248627 1] 155921372
[1 18792351 18792351 1] 157355425
[1 22634226 22634226 1] 157955623
[1 2755591 2755591 1] 156755332
[1 27149315 27149315 1] 156155231
[1 13712351 13712351 1] 156990312
[1 20009098 20009098 1] 158471798
[1 6588712 6588712 1] 157871450
[1 14522072 14522072 1] 158778827
[1 26533150 26533150 1] 161047518
[1 12999171 12999171 1] 160447290
[1 15256191 15256191 1] 159847149
[1 22836611 22836611 1] 161692767
[1 1928578 1928578 1] 161304656
[1 8498977 8498977 1] 161647574
[1 4238336 4238336 1] 160534018
[1 754553 754553 1] 161134201
[1 23360100 23360100 1] 162613627
[1 16448567 16448567 1] 163789456
[1 6377018 6377018 1] 163856636
[1 14392736 14392736 1] 164753594
[1 26491299 26491299 1] 167021766
[1 6453196 6453196 1] 167145484
[1 6055806 6055806 1] 167221920
[1 14423429 14423429 1] 168198065
[1 19552529 19552529 1] 169639988
[1 24760236 24760236 1] 169039740
[1 24322198 24322198 1] 171088321
[1 9289673 9289673 1] 171575431
[1 28806446 28806446 1] 174202277
[1 2755591 2755591 1] 173602140
[1 2238284 2238284 1] 173233614
[1 7370164 7370164 1] 172633448
[1 3565422 3565422 1] 172404470

Results: 100.00 83510379

Standard Error: 2.09703e+06
Mean Waiting Time: 8.35104e+07
Statistics for REP_PROB_PERCENT: 40

----------------------------------------
Running client with REP_PROB_PERCENT: 60
**********************************
DTU - OS Challenge - Client v0.20
**********************************
Total requests: 500
Start: 1
Difficulty: 30000000
Repetition probability (%): 60
Request delay (us): 600000
Priority disabled

[1 6930887 6930887 1] 740534
[1 4636916 4636916 1] 628976
[1 4238336 4238336 1] 472014
[1 29760493 29760493 1] 3164921
[1 4636916 4636916 1] 2564759
[1 490028 490028 1] 2015525
[1 22520060 22520060 1] 3834495
[1 17513927 17513927 1] 5104092
[1 4238336 4238336 1] 4503980
[1 4238336 4238336 1] 4769118
[1 13455737 13455737 1] 5369319
[1 16956430 16956430 1] 5992854
[1 21021531 21021531 1] 7752776
[1 23665124 23665124 1] 9715887
[1 18703136 18703136 1] 11105594
[1 21021531 21021531 1] 10505586
[1 4238336 4238336 1] 9905397
[1 15898168 15898168 1] 11021306
[1 19018457 19018457 1] 12479302
[1 4238336 4238336 1] 11879120
[1 23665124 23665124 1] 11278944
[1 18703136 18703136 1] 10678740
[1 6898538 6898538 1] 10804190
[1 23594325 23594325 1] 12661543
[1 4636916 4636916 1] 11461101
[1 19018457 19018457 1] 12061391
[1 6930887 6930887 1] 11748979
[1 14268981 14268981 1] 12349193
[1 12999171 12999171 1] 12549666
[1 15497282 15497282 1] 13560482
[1 21021531 21021531 1] 12960182
[1 27336328 27336328 1] 15255893
[1 13455737 13455737 1] 14655812
[1 4238336 4238336 1] 12855214
[1 27336328 27336328 1] 13455437
[1 19018457 19018457 1] 14056166
[1 18703136 18703136 1] 12648758
[1 23665124 23665124 1] 13249019
[1 21100546 21100546 1] 14449445
[1 4238336 4238336 1] 13849295
[1 26426809 26426809 1] 14813569
[1 29947179 29947179 1] 17345516
[1 27336328 27336328 1] 18161652
[1 21021531 21021531 1] 16961287
[1 19393585 19393585 1] 18761959
[1 17513927 17513927 1] 17561555
[1 13993369 13993369 1] 17814845
[1 18703136 18703136 1] 17214690
[1 19393585 19393585 1] 16614478
[1 6297540 6297540 1] 16667903
[1 13480571 13480571 1] 17467791
[1 17513927 17513927 1] 16867671
[1 2066602 2066602 1] 16482534
[1 27612903 27612903 1] 18785689
[1 19018457 19018457 1] 18185523
[1 4636916 4636916 1] 17585412
[1 4238336 4238336 1] 16984732
[1 23209442 23209442 1] 18869603
[1 24429690 24429690 1] 20841727
[1 23665124 23665124 1] 19040653
[1 13455737 13455737 1] 19640891
[1 27612903 27612903 1] 20241107
[1 27905772 27905772 1] 21366277
[1 12890676 12890676 1] 22128680
[1 18703136 18703136 1] 21528458
[1 18777857 18777857 1] 22915427
[1 14872354 14872354 1] 23870867
[1 12276966 12276966 1] 24570415
[1 16956430 16956430 1] 23970249
[1 17513927 17513927 1] 23370100
[1 17513927 17513927 1] 22169793
[1 16956430 16956430 1] 21569104
[1 27336328 27336328 1] 22769993
[1 13363369 13363369 1] 22403400
[1 19018457 19018457 1] 21203097
[1 27612903 27612903 1] 21803288
[1 19018457 19018457 1] 20840213
[1 19018457 19018457 1] 21440426
[1 19700724 19700724 1] 22640777
[1 14268981 14268981 1] 22040620
[1 2597489 2597489 1] 20509763
[1 8888229 8888229 1] 20924017
[1 19018457 19018457 1] 20323941
[1 29441501 29441501 1] 22787983
[1 19018457 19018457 1] 21587559
[1 4238336 4238336 1] 22187770
[1 21021531 21021531 1] 20627479
[1 2275857 2275857 1] 21227696
[1 23665124 23665124 1] 20027354
[1 6930887 6930887 1] 18226781
[1 18703136 18703136 1] 19427198
[1 16956430 16956430 1] 18827050
[1 3975408 3975408 1] 18042078
[1 6276122 6276122 1] 18095767
[1 21021531 21021531 1] 17495633
[1 13455737 13455737 1] 16895450
[1 4636916 4636916 1] 16295303
[1 21021531 21021531 1] 15094789
[1 18703136 18703136 1] 15695045
[1 16956430 16956430 1] 14494708
[1 4636916 4636916 1] 12854821
[1 19018457 19018457 1] 11654452
[1 7322405 7322405 1] 14655470
[1 18703136 18703136 1] 13455040
[1 26426809 26426809 1] 14055230
[1 4238336 4238336 1] 12254750
[1 18703136 18703136 1] 11115206
[1 12067918 12067918 1] 12315647
[1 16956430 16956430 1] 11715371
[1 9512184 9512184 1] 11510506
[1 18295500 18295500 1] 12828051
[1 16206726 16206726 1] 13931778
[1 19700724 19700724 1] 12131022
[1 22520060 22520060 1] 13331570
[1 17513927 17513927 1] 12731336
[1 8338083 8338083 1] 12409648
[1 6930887 6930887 1] 11809508
[1 6939508 6939508 1] 11943141
[1 27905772 27905772 1] 11342923
[1 19018457 19018457 1] 10742787
[1 18703136 18703136 1] 10142516
[1 24887344 24887344 1] 12171271
[1 21100546 21100546 1] 11571069
[1 6898538 6898538 1] 10370583
[1 23665124 23665124 1] 10970912
[1 17513927 17513927 1] 9770545
[1 6473731 6473731 1] 9847343
[1 26811306 26811306 1] 12364378
[1 22520060 22520060 1] 11764319
[1 19393585 19393585 1] 9963765
[1 21021531 21021531 1] 10563947
[1 19018457 19018457 1] 11164203
[1 22520060 22520060 1] 10145947
[1 8213259 8213259 1] 10746102
[1 21305625 21305625 1] 13561119
[1 4238336 4238336 1] 12360808
[1 18703136 18703136 1] 12961101
[1 20145551 20145551 1] 14496121
[1 19290072 19290072 1] 16119998
[1 17487132 17487132 1] 17412320
[1 7684931 7684931 1] 17649734
[1 27905772 27905772 1] 17049595
[1 18703136 18703136 1] 16449540
[1 23387982 23387982 1] 18395731
[1 1252997 1252997 1] 17931302
[1 4636916 4636916 1] 17331146
[1 6473731 6473731 1] 16730933
[1 21021531 21021531 1] 17426622
[1 17681096 17681096 1] 18027711
[1 6911341 6911341 1] 17571457
[1 23327685 23327685 1] 19462838
[1 29760493 29760493 1] 20062327
[1 16855543 16855543 1] 20662529
[1 21021531 21021531 1] 19462244
[1 7418419 7418419 1] 19702309
[1 23089413 23089413 1] 21602840
[1 19700724 19700724 1] 21003232
[1 6939508 6939508 1] 20403048
[1 7418419 7418419 1] 19802775
[1 6473731 6473731 1] 18002234
[1 18703136 18703136 1] 16801834
[1 4636916 4636916 1] 17402060
[1 26426809 26426809 1] 18602456
[1 2275857 2275857 1] 19202716
[1 16855543 16855543 1] 15601590
[1 27612903 27612903 1] 14401229
[1 13455737 13455737 1] 16201796
[1 27612903 27612903 1] 15001538
[1 18703136 18703136 1] 13801210
[1 15996659 15996659 1] 14900319
[1 27336328 27336328 1] 14300139
[1 19393585 19393585 1] 13699990
[1 19054082 19054082 1] 15084617
[1 16956430 16956430 1] 14484379
[1 26811973 26811973 1] 16706302
[1 73851 73851 1] 16114346
[1 22520060 22520060 1] 14913961
[1 15996659 15996659 1] 15514178
[1 21021531 21021531 1] 14313842
[1 26340714 26340714 1] 16474836
[1 15256191 15256191 1] 17544453
[1 18703136 18703136 1] 15743926
[1 27612903 27612903 1] 15143736
[1 23327685 23327685 1] 16944358
[1 8888229 8888229 1] 16344211
[1 22218005 22218005 1] 16884159
[1 11614770 11614770 1] 17496893
[1 12981777 12981777 1] 18266117
[1 26426809 26426809 1] 17065776
[1 23089413 23089413 1] 17665962
[1 4445885 4445885 1] 16942399
[1 20223206 20223206 1] 18472306
[1 4238336 4238336 1] 17271796
[1 19018457 19018457 1] 17872207
[1 12262755 12262755 1] 17997943
[1 22520060 22520060 1] 16797526
[1 16956430 16956430 1] 17397842
[1 4636916 4636916 1] 16197348
[1 26902022 26902022 1] 18403459
[1 26426809 26426809 1] 17803243
[1 26426809 26426809 1] 17203155
[1 27949909 27949909 1] 19640944
[1 19290072 19290072 1] 17240337
[1 21021531 21021531 1] 16640179
[1 6473731 6473731 1] 19041045
[1 7684931 7684931 1] 17840620
[1 21021531 21021531 1] 18440993
[1 11999755 11999755 1] 17677671
[1 2251747 2251747 1] 17323909
[1 4319530 4319530 1] 17183699
[1 4636916 4636916 1] 16583531
[1 7418419 7418419 1] 18113498
[1 24549798 24549798 1] 18713589
[1 4636916 4636916 1] 17513258
[1 18012498 18012498 1] 18845430
[1 8213259 8213259 1] 18245408
[1 27612903 27612903 1] 19715574
[1 25519126 25519126 1] 20315905
[1 15256191 15256191 1] 20880738
[1 19700724 19700724 1] 18480025
[1 25209189 25209189 1] 22081093
[1 19700724 19700724 1] 21481079
[1 29760493 29760493 1] 19680487
[1 8338083 8338083 1] 19080302
[1 29760493 29760493 1] 17879892
[1 16956430 16956430 1] 20280643
[1 10697698 10697698 1] 18431577
[1 19393585 19393585 1] 19110403
[1 23571044 23571044 1] 20310854
[1 29760493 29760493 1] 17910123
[1 7418419 7418419 1] 16709109
[1 24887344 24887344 1] 18510329
[1 4238336 4238336 1] 19710762
[1 6473731 6473731 1] 16109029
[1 22520060 22520060 1] 15508862
[1 18703136 18703136 1] 14908681
[1 22520060 22520060 1] 14308446
[1 26811306 26811306 1] 17310108
[1 27905772 27905772 1] 14223405
[1 10636430 10636430 1] 14823559
[1 6930887 6930887 1] 13998961
[1 9202901 9202901 1] 14599158
[1 19018457 19018457 1] 13398806
[1 21717989 21717989 1] 15183544
[1 11585796 11585796 1] 15810458
[1 6898538 6898538 1] 14610094
[1 2275857 2275857 1] 15210404
[1 12655341 12655341 1] 15351895
[1 18703136 18703136 1] 14151555
[1 19018457 19018457 1] 14751728
[1 10956043 10956043 1] 14701618
[1 6911341 6911341 1] 13501296
[1 18703136 18703136 1] 14101508
[1 5526310 5526310 1] 13490026
[1 22495426 22495426 1] 15249972
[1 9806368 9806368 1] 15678151
[1 24504235 24504235 1] 17670589
[1 16631627 16631627 1] 18870602
[1 21021531 21021531 1] 16469819
[1 21021531 21021531 1] 15269466
[1 24429690 24429690 1] 15869726
[1 4238336 4238336 1] 17670338
[1 23665124 23665124 1] 17070114
[1 2275857 2275857 1] 18270517
[1 2597489 2597489 1] 14669439
[1 7893530 7893530 1] 14890305
[1 27336328 27336328 1] 11289196
[1 7418419 7418419 1] 13089799
[1 13363369 13363369 1] 13689994
[1 21021531 21021531 1] 12489646
[1 4319530 4319530 1] 10088847
[1 26426809 26426809 1] 14290176
[1 27612903 27612903 1] 11889529
[1 6939508 6939508 1] 9488735
[1 12262755 12262755 1] 8888677
[1 29441501 29441501 1] 10689262
[1 6898538 6898538 1] 9191038
[1 14152275 14152275 1] 9791090
[1 17681096 17681096 1] 8590956
[1 27612903 27612903 1] 9172603
[1 17077889 17077889 1] 9772972
[1 11027285 11027285 1] 9748502
[1 22520060 22520060 1] 7947873
[1 21021531 21021531 1] 9148252
[1 17077889 17077889 1] 8548002
[1 19018457 19018457 1] 6147404
[1 4238336 4238336 1] 6747641
[1 15996659 15996659 1] 7347882
[1 3228459 3228459 1] 5885670
[1 3967638 3967638 1] 5698516
[1 26620484 26620484 1] 7897035
[1 27949909 27949909 1] 7296882
[1 16956430 16956430 1] 6696664
[1 12645730 12645730 1] 7424097
[1 23665124 23665124 1] 6823947
[1 21021531 21021531 1] 6223636
[1 21021531 21021531 1] 5623476
[1 23631234 23631234 1] 7541478
[1 8338083 8338083 1] 6941393
[1 13160359 13160359 1] 7722350
[1 29110700 29110700 1] 10163721
[1 17513927 17513927 1] 9563616
[1 6898538 6898538 1] 10557947
[1 20668364 20668364 1] 11158236
[1 23319848 23319848 1] 12412609
[1 4238336 4238336 1] 11812485
[1 12539391 12539391 1] 12525367
[1 22520060 22520060 1] 13420623
[1 25745792 25745792 1] 14621147
[1 12981777 12981777 1] 14020993
[1 20631492 20631492 1] 14990333
[1 18703136 18703136 1] 13188792
[1 23665124 23665124 1] 13789978
[1 19393585 19393585 1] 12588649
[1 27336328 27336328 1] 14390108
[1 5035326 5035326 1] 12521392
[1 24187517 24187517 1] 14443167
[1 21305625 21305625 1] 13842988
[1 17077889 17077889 1] 13242859
[1 15256191 15256191 1] 12440887
[1 3785405 3785405 1] 13041081
[1 29760493 29760493 1] 11840840
[1 15539863 15539863 1] 12883541
[1 17513927 17513927 1] 12283376
[1 22692686 22692686 1] 14054038
[1 17077889 17077889 1] 13453920
[1 5433484 5433484 1] 13422902
[1 19393585 19393585 1] 12222601
[1 16956430 16956430 1] 12822750
[1 18469912 18469912 1] 13566187
[1 6898538 6898538 1] 11765703
[1 19290072 19290072 1] 12365876
[1 27612903 27612903 1] 12966064
[1 18777857 18777857 1] 11974299
[1 12740050 12740050 1] 12574468
[1 4238336 4238336 1] 11374155
[1 16077376 16077376 1] 12468190
[1 4238336 4238336 1] 11868026
[1 9343769 9343769 1] 12244970
[1 6898538 6898538 1] 13093392
[1 19544919 19544919 1] 13693553
[1 13455737 13455737 1] 12493240
[1 8888229 8888229 1] 11893091
[1 14311575 14311575 1] 12795959
[1 19018457 19018457 1] 12195816
[1 13550254 13550254 1] 13017328
[1 22520060 22520060 1] 11816987
[1 19018457 19018457 1] 12417190
[1 15138378 15138378 1] 12813048
[1 24415776 24415776 1] 14812257
[1 12032920 12032920 1] 15477252
[1 17513927 17513927 1] 14877039
[1 16011018 16011018 1] 15965786
[1 22520060 22520060 1] 14765301
[1 3228459 3228459 1] 15365499
[1 21021531 21021531 1] 14165059
[1 4666329 4666329 1] 14060049
[1 13550254 13550254 1] 12259564
[1 4238336 4238336 1] 13459826
[1 4238336 4238336 1] 12859677
[1 2575056 2575056 1] 11934108
[1 2963859 2963859 1] 11645614
[1 4636916 4636916 1] 11045516
[1 23631234 23631234 1] 11978944
[1 20372662 20372662 1] 12579130
[1 10613074 10613074 1] 12490418
[1 12276966 12276966 1] 11290154
[1 8338083 8338083 1] 11890465
[1 12336504 12336504 1] 12023126
[1 29639007 29639007 1] 14534917
[1 27949909 27949909 1] 13901433
[1 5414640 5414640 1] 14501631
[1 24880227 24880227 1] 15889640
[1 10387678 10387678 1] 16390904
[1 27963982 27963982 1] 18766086
[1 14887561 14887561 1] 19724643
[1 17487132 17487132 1] 19124411
[1 24433519 24433519 1] 21071732
[1 23665124 23665124 1] 20471605
[1 18295500 18295500 1] 19871466
[1 24627322 24627322 1] 21838874
[1 22994985 22994985 1] 23712873
[1 19018457 19018457 1] 25050687
[1 23794428 23794428 1] 25650875
[1 22970073 22970073 1] 26844764
[1 21245831 21245831 1] 28477182
[1 26370348 26370348 1] 30634964
[1 19393585 19393585 1] 30034897
[1 11614770 11614770 1] 29846040
[1 27963982 27963982 1] 29245877
[1 9653715 9653715 1] 30446268
[1 21021531 21021531 1] 28380369
[1 3189436 3189436 1] 28980689
[1 29760493 29760493 1] 27780131
[1 24945487 24945487 1] 29828546
[1 24887344 24887344 1] 28628131
[1 16956430 16956430 1] 29228347
[1 14989684 14989684 1] 29588050
[1 4238336 4238336 1] 28987842
[1 7418419 7418419 1] 28387681
[1 23089413 23089413 1] 27780900
[1 14152275 14152275 1] 28381101
[1 11449123 11449123 1] 28981162
[1 24102748 24102748 1] 29752829
[1 25311777 25311777 1] 31857075
[1 3725219 3725219 1] 31652322
[1 19290072 19290072 1] 31052102
[1 18703136 18703136 1] 30451945
[1 18703136 18703136 1] 29851714
[1 18703136 18703136 1] 29251679
[1 5748721 5748721 1] 29248856
[1 9121309 9121309 1] 29610565
[1 18295500 18295500 1] 29010532
[1 7076377 7076377 1] 29148941
[1 9121309 9121309 1] 28079131
[1 1252716 1252716 1] 28679315
[1 25771560 25771560 1] 30252398
[1 17077889 17077889 1] 29652244
[1 2597489 2597489 1] 29052102
[1 24429690 24429690 1] 27851794
[1 19018457 19018457 1] 28452026
[1 24429690 24429690 1] 27251742
[1 27612903 27612903 1] 26204573
[1 21021531 21021531 1] 25604321
[1 4238336 4238336 1] 25004206
[1 1489115 1489115 1] 26805287
[1 332232 332232 1] 24438331
[1 29639007 29639007 1] 23838205
[1 11323876 11323876 1] 24421267
[1 15996659 15996659 1] 23821155
[1 25202255 25202255 1] 25930249
[1 6473731 6473731 1] 25330145
[1 19018457 19018457 1] 24729993
[1 3199182 3199182 1] 24461102
[1 10554604 10554604 1] 24963797
[1 22520060 22520060 1] 24363619
[1 23590182 23590182 1] 26226254
[1 29359416 29359416 1] 28684402
[1 21768826 21768826 1] 30398789
[1 27336328 27336328 1] 29798661
[1 15550552 15550552 1] 30954720
[1 14090033 14090033 1] 31820242
[1 23387982 23387982 1] 31220091
[1 12262755 12262755 1] 30619919
[1 25311777 25311777 1] 30019769
[1 27860000 27860000 1] 32365790
[1 9112298 9112298 1] 32723583
[1 6930887 6930887 1] 33591753
[1 19475777 19475777 1] 34191956
[1 6898538 6898538 1] 32391495
[1 19054082 19054082 1] 31791324
[1 23665124 23665124 1] 32991713
[1 10508861 10508861 1] 32296399
[1 17909212 17909212 1] 33574235
[1 23669087 23669087 1] 35469613
[1 8590931 8590931 1] 35774365
[1 6473731 6473731 1] 34055770
[1 16956430 16956430 1] 34656008
[1 794584 794584 1] 35256152
[1 20037526 20037526 1] 35548042
[1 19018457 19018457 1] 34947886
[1 21305625 21305625 1] 34347741
[1 18703136 18703136 1] 32543478
[1 21021531 21021531 1] 33747666
[1 15138378 15138378 1] 33147522
[1 14826622 14826622 1] 33484296
[1 19018457 19018457 1] 32884372
[1 22634226 22634226 1] 34644426
[1 16956430 16956430 1] 32843848
[1 19018457 19018457 1] 34044078
[1 22520060 22520060 1] 33443971
[1 13712351 13712351 1] 33677653
[1 19018457 19018457 1] 33077402
[1 18777857 18777857 1] 32477239
[1 14522072 14522072 1] 33392368
[1 12999171 12999171 1] 32192019
[1 7418419 7418419 1] 32792262
[1 15256191 15256191 1] 31591951
[1 22836611 22836611 1] 33384239
[1 1928578 1928578 1] 32982480
[1 8498977 8498977 1] 33261095
[1 754553 754553 1] 32739280
[1 4238336 4238336 1] 32138984
[1 23360100 23360100 1] 34027039
[1 18703136 18703136 1] 32826488
[1 332232 332232 1] 33426826
[1 22520060 22520060 1] 32226300
[1 26491299 26491299 1] 34423013
[1 6453196 6453196 1] 34495346
[1 6055806 6055806 1] 34523342
[1 14423429 14423429 1] 35425646
[1 4319530 4319530 1] 34825456
[1 3228459 3228459 1] 34225302
[1 24322198 24322198 1] 36231969
[1 19018457 19018457 1] 35631783
[1 28806446 28806446 1] 38070848
[1 22520060 22520060 1] 37470822
[1 2238284 2238284 1] 37103562
[1 18703136 18703136 1] 36503411
[1 3565422 3565422 1] 36272823

Results: 100.00 18547096

Standard Error: 359541
Mean Waiting Time: 1.85471e+07
Statistics for REP_PROB_PERCENT: 60

----------------------------------------
Running client with REP_PROB_PERCENT: 80
**********************************
DTU - OS Challenge - Client v0.20
**********************************
Total requests: 500
Start: 1
Difficulty: 30000000
Repetition probability (%): 80
Request delay (us): 600000
Priority disabled

[1 6930887 6930887 1] 719536
[1 6930887 6930887 1] 119390
[1 4238336 4238336 1] 429933
[1 29760493 29760493 1] 3126595
[1 6930887 6930887 1] 2526383
[1 4238336 4238336 1] 1926296
[1 4238336 4238336 1] 2509279
[1 22520060 22520060 1] 3709659
[1 4238336 4238336 1] 1308999
[1 6930887 6930887 1] 1909197
[1 6930887 6930887 1] 3109579
[1 6930887 6930887 1] 708827
[1 21021531 21021531 1] 2300854
[1 21021531 21021531 1] 500203
[1 4238336 4238336 1] 1100447
[1 29760493 29760493 1] 1700868
[1 4238336 4238336 1] 145
[1 4238336 4238336 1] 211
[1 19018457 19018457 1] 1968419
[1 29760493 29760493 1] 768142
[1 4238336 4238336 1] 1368326
[1 4238336 4238336 1] 168021
[1 6898538 6898538 1] 712828
[1 23594325 23594325 1] 2741546
[1 19018457 19018457 1] 2141398
[1 6930887 6930887 1] 1541330
[1 14268981 14268981 1] 2574281
[1 6930887 6930887 1] 1974107
[1 19018457 19018457 1] 1373956
[1 15497282 15497282 1] 2398534
[1 21021531 21021531 1] 1798460
[1 27336328 27336328 1] 4088685
[1 6930887 6930887 1] 3488534
[1 19018457 19018457 1] 2888400
[1 27336328 27336328 1] 2288241
[1 4238336 4238336 1] 1688142
[1 29760493 29760493 1] 2089818
[1 21100546 21100546 1] 3290141
[1 4238336 4238336 1] 2690020
[1 4238336 4238336 1] 1489707
[1 26426809 26426809 1] 3673326
[1 14268981 14268981 1] 3073192
[1 19393585 19393585 1] 994116
[1 4238336 4238336 1] 2194437
[1 27336328 27336328 1] 3994932
[1 4238336 4238336 1] 1594302
[1 19393585 19393585 1] 4595100
[1 6930887 6930887 1] 3394792
[1 21021531 21021531 1] 2794750
[1 6297540 6297540 1] 1051980
[1 13480571 13480571 1] 1855424
[1 6930887 6930887 1] 655079
[1 6930887 6930887 1] 1255304
[1 27612903 27612903 1] 3035066
[1 19018457 19018457 1] 2434936
[1 6930887 6930887 1] 1834768
[1 4238336 4238336 1] 1234546
[1 23209442 23209442 1] 3232290
[1 27336328 27336328 1] 2632119
[1 29760493 29760493 1] 831624
[1 6930887 6930887 1] 1431808
[1 27612903 27612903 1] 2031959
[1 27905772 27905772 1] 3258330
[1 12890676 12890676 1] 4028262
[1 4238336 4238336 1] 3428086
[1 27336328 27336328 1] 2827940
[1 14872354 14872354 1] 3834041
[1 6930887 6930887 1] 3913710
[1 6930887 6930887 1] 3313555
[1 27336328 27336328 1] 2713403
[1 27905772 27905772 1] 912904
[1 6930887 6930887 1] 2113278
[1 12276966 12276966 1] 4513885
[1 6930887 6930887 1] 1513168
[1 27612903 27612903 1] 312925
[1 19018457 19018457 1] 112
[1 14268981 14268981 1] 1437086
[1 19018457 19018457 1] 236799
[1 19700724 19700724 1] 2037367
[1 19018457 19018457 1] 836965
[1 19393585 19393585 1] 129
[1 23594325 23594325 1] 108
[1 19018457 19018457 1] 156
[1 29441501 29441501 1] 3089882
[1 19018457 19018457 1] 1889511
[1 4238336 4238336 1] 2489745
[1 2275857 2275857 1] 1527982
[1 21021531 21021531 1] 927812
[1 29760493 29760493 1] 327750
[1 4238336 4238336 1] 599
[1 6930887 6930887 1] 115
[1 6930887 6930887 1] 320
[1 27612903 27612903 1] 113
[1 6930887 6930887 1] 134
[1 21021531 21021531 1] 135
[1 6930887 6930887 1] 139
[1 6930887 6930887 1] 110
[1 4238336 4238336 1] 123
[1 21021531 21021531 1] 232
[1 6930887 6930887 1] 176
[1 6930887 6930887 1] 130
[1 26426809 26426809 1] 403
[1 4238336 4238336 1] 226
[1 6930887 6930887 1] 146
[1 4238336 4238336 1] 109
[1 19018457 19018457 1] 237
[1 4238336 4238336 1] 190
[1 6930887 6930887 1] 573
[1 4238336 4238336 1] 197
[1 6930887 6930887 1] 225
[1 18295500 18295500 1] 1903457
[1 22520060 22520060 1] 703000
[1 29760493 29760493 1] 1303269
[1 6930887 6930887 1] 102788
[1 19700724 19700724 1] 731
[1 4238336 4238336 1] 644
[1 6930887 6930887 1] 112
[1 27905772 27905772 1] 115239
[1 6939508 6939508 1] 715523
[1 19018457 19018457 1] 112
[1 4238336 4238336 1] 103
[1 24887344 24887344 1] 2693281
[1 6930887 6930887 1] 292649
[1 21100546 21100546 1] 2093247
[1 6898538 6898538 1] 892873
[1 29760493 29760493 1] 1493046
[1 19700724 19700724 1] 144
[1 19018457 19018457 1] 132
[1 22520060 22520060 1] 115
[1 19018457 19018457 1] 134
[1 21021531 21021531 1] 288
[1 19393585 19393585 1] 113
[1 8213259 8213259 1] 865260
[1 22520060 22520060 1] 265116
[1 4238336 4238336 1] 126
[1 4238336 4238336 1] 593
[1 4238336 4238336 1] 129
[1 6939508 6939508 1] 113
[1 15497282 15497282 1] 128
[1 29760493 29760493 1] 109
[1 7684931 7684931 1] 798431
[1 27905772 27905772 1] 198332
[1 4238336 4238336 1] 673
[1 23387982 23387982 1] 2450503
[1 1252997 1252997 1] 2011421
[1 6930887 6930887 1] 1411254
[1 19700724 19700724 1] 811088
[1 21021531 21021531 1] 1443134
[1 17681096 17681096 1] 2043349
[1 6911341 6911341 1] 1570250
[1 23327685 23327685 1] 3436380
[1 21021531 21021531 1] 1635853
[1 4238336 4238336 1] 2836281
[1 29760493 29760493 1] 2236098
[1 4238336 4238336 1] 1035798
[1 19700724 19700724 1] 2261545
[1 23089413 23089413 1] 2861723
[1 4238336 4238336 1] 1061281
[1 6939508 6939508 1] 1661418
[1 2275857 2275857 1] 461160
[1 26426809 26426809 1] 119
[1 19700724 19700724 1] 111
[1 6930887 6930887 1] 114
[1 4238336 4238336 1] 253
[1 6930887 6930887 1] 109
[1 4238336 4238336 1] 100
[1 27612903 27612903 1] 127
[1 27612903 27612903 1] 154
[1 4238336 4238336 1] 105
[1 27336328 27336328 1] 1063313
[1 15996659 15996659 1] 1663446
[1 19393585 19393585 1] 463204
[1 6930887 6930887 1] 1383979
[1 19054082 19054082 1] 1984226
[1 26811973 26811973 1] 3619675
[1 22520060 22520060 1] 1819223
[1 23327685 23327685 1] 3019544
[1 15996659 15996659 1] 2419451
[1 21021531 21021531 1] 1218894
[1 26340714 26340714 1] 3370472
[1 15256191 15256191 1] 4422071
[1 23327685 23327685 1] 3821801
[1 27612903 27612903 1] 2021282
[1 4238336 4238336 1] 2621546
[1 23594325 23594325 1] 3221882
[1 22218005 22218005 1] 3773457
[1 22218005 22218005 1] 3173271
[1 19700724 19700724 1] 2573174
[1 26426809 26426809 1] 1372827
[1 27612903 27612903 1] 772622
[1 23089413 23089413 1] 1973043
[1 20223206 20223206 1] 2291629
[1 19018457 19018457 1] 1691533
[1 4238336 4238336 1] 1091312
[1 19700724 19700724 1] 491137
[1 6930887 6930887 1] 124
[1 22520060 22520060 1] 108
[1 6930887 6930887 1] 110
[1 26426809 26426809 1] 2213921
[1 26902022 26902022 1] 2814206
[1 26426809 26426809 1] 1613665
[1 19700724 19700724 1] 413312
[1 14872354 14872354 1] 1013507
[1 21021531 21021531 1] 118
[1 7684931 7684931 1] 113
[1 15497282 15497282 1] 757
[1 21021531 21021531 1] 812
[1 4238336 4238336 1] 48740
[1 11999755 11999755 1] 1249105
[1 19018457 19018457 1] 648909
[1 6930887 6930887 1] 504
[1 24549798 24549798 1] 2565590
[1 23594325 23594325 1] 765119
[1 6930887 6930887 1] 1365315
[1 8213259 8213259 1] 165049
[1 4238336 4238336 1] 1965491
[1 25519126 25519126 1] 2685088
[1 27612903 27612903 1] 2084902
[1 19700724 19700724 1] 1484798
[1 19700724 19700724 1] 884640
[1 15256191 15256191 1] 284542
[1 6930887 6930887 1] 149
[1 29760493 29760493 1] 133
[1 4238336 4238336 1] 113
[1 19700724 19700724 1] 128
[1 29760493 29760493 1] 122
[1 10697698 10697698 1] 1108584
[1 19393585 19393585 1] 1762236
[1 23571044 23571044 1] 2962547
[1 4238336 4238336 1] 2362435
[1 29760493 29760493 1] 561971
[1 24887344 24887344 1] 1162254
[1 19018457 19018457 1] 108
[1 4238336 4238336 1] 122
[1 19700724 19700724 1] 117
[1 22520060 22520060 1] 107
[1 4238336 4238336 1] 123
[1 22520060 22520060 1] 161
[1 10636430 10636430 1] 1108537
[1 27905772 27905772 1] 508492
[1 6930887 6930887 1] 161
[1 6930887 6930887 1] 129
[1 19018457 19018457 1] 119
[1 26426809 26426809 1] 139
[1 6898538 6898538 1] 9331
[1 2275857 2275857 1] 609517
[1 11585796 11585796 1] 1209693
[1 12655341 12655341 1] 1325307
[1 19018457 19018457 1] 725238
[1 4238336 4238336 1] 125068
[1 19393585 19393585 1] 118
[1 4238336 4238336 1] 111
[1 6911341 6911341 1] 144
[1 5526310 5526310 1] 575828
[1 22495426 22495426 1] 2361152
[1 9806368 9806368 1] 2817145
[1 27336328 27336328 1] 2216982
[1 4238336 4238336 1] 2204633
[1 2275857 2275857 1] 2804866
[1 16631627 16631627 1] 3405138
[1 29760493 29760493 1] 1604519
[1 21021531 21021531 1] 1004355
[1 27336328 27336328 1] 404184
[1 21021531 21021531 1] 113
[1 19393585 19393585 1] 140
[1 19700724 19700724 1] 110
[1 26426809 26426809 1] 118
[1 27905772 27905772 1] 131
[1 4238336 4238336 1] 110
[1 21021531 21021531 1] 114
[1 27612903 27612903 1] 120
[1 27336328 27336328 1] 111
[1 29441501 29441501 1] 137
[1 4238336 4238336 1] 117
[1 6939508 6939508 1] 148
[1 19700724 19700724 1] 162
[1 14152275 14152275 1] 1483612
[1 6898538 6898538 1] 883471
[1 17681096 17681096 1] 283360
[1 17077889 17077889 1] 1779331
[1 19018457 19018457 1] 579019
[1 27612903 27612903 1] 1179203
[1 21021531 21021531 1] 109
[1 17077889 17077889 1] 204
[1 22520060 22520060 1] 132
[1 15996659 15996659 1] 111
[1 4238336 4238336 1] 124
[1 19018457 19018457 1] 128
[1 26426809 26426809 1] 139
[1 29760493 29760493 1] 134
[1 6939508 6939508 1] 1121026
[1 14872354 14872354 1] 2321318
[1 26620484 26620484 1] 2921717
[1 29760493 29760493 1] 520977
[1 6930887 6930887 1] 1721201
[1 21021531 21021531 1] 243
[1 21021531 21021531 1] 116
[1 26426809 26426809 1] 125
[1 4238336 4238336 1] 117
[1 13160359 13160359 1] 1370973
[1 26426809 26426809 1] 770863
[1 6930887 6930887 1] 170681
[1 23387982 23387982 1] 1168
[1 6898538 6898538 1] 115
[1 21021531 21021531 1] 117
[1 4238336 4238336 1] 125
[1 12539391 12539391 1] 1304772
[1 25745792 25745792 1] 3426788
[1 19700724 19700724 1] 2826648
[1 22520060 22520060 1] 2226525
[1 29760493 29760493 1] 425970
[1 27336328 27336328 1] 1026215
[1 26426809 26426809 1] 1626341
[1 4238336 4238336 1] 149
[1 19393585 19393585 1] 132
[1 5035326 5035326 1] 511893
[1 24187517 24187517 1] 2524028
[1 17077889 17077889 1] 1323734
[1 4238336 4238336 1] 1923893
[1 15256191 15256191 1] 515068
[1 3785405 3785405 1] 1115321
[1 29760493 29760493 1] 504
[1 21021531 21021531 1] 100
[1 6930887 6930887 1] 153
[1 29760493 29760493 1] 437
[1 17077889 17077889 1] 148
[1 12655341 12655341 1] 112
[1 6930887 6930887 1] 141
[1 19393585 19393585 1] 114
[1 18469912 18469912 1] 2386052
[1 15497282 15497282 1] 1185565
[1 27612903 27612903 1] 1785955
[1 6898538 6898538 1] 585586
[1 4238336 4238336 1] 173
[1 27336328 27336328 1] 184
[1 4238336 4238336 1] 148
[1 16077376 16077376 1] 1674282
[1 4238336 4238336 1] 1074246
[1 9343769 9343769 1] 1481681
[1 19544919 19544919 1] 2966285
[1 6930887 6930887 1] 1766016
[1 23594325 23594325 1] 1165835
[1 6898538 6898538 1] 2366141
[1 14311575 14311575 1] 2063915
[1 19018457 19018457 1] 1463731
[1 13550254 13550254 1] 2393771
[1 19018457 19018457 1] 1793733
[1 22520060 22520060 1] 1193580
[1 27336328 27336328 1] 593406
[1 2275857 2275857 1] 123
[1 12032920 12032920 1] 1248250
[1 6930887 6930887 1] 648129
[1 16011018 16011018 1] 1715230
[1 26426809 26426809 1] 1115093
[1 22520060 22520060 1] 514922
[1 21021531 21021531 1] 283
[1 22520060 22520060 1] 140
[1 4238336 4238336 1] 157
[1 4238336 4238336 1] 156
[1 13550254 13550254 1] 122
[1 4238336 4238336 1] 117
[1 2963859 2963859 1] 296667
[1 6930887 6930887 1] 864
[1 15996659 15996659 1] 779
[1 26426809 26426809 1] 876
[1 10613074 10613074 1] 1093498
[1 4238336 4238336 1] 493421
[1 12276966 12276966 1] 161
[1 27612903 27612903 1] 100
[1 29639007 29639007 1] 3099833
[1 5414640 5414640 1] 3058894
[1 4238336 4238336 1] 1858518
[1 14872354 14872354 1] 1258417
[1 14872354 14872354 1] 2458835
[1 27963982 27963982 1] 3677802
[1 6930887 6930887 1] 3077686
[1 29760493 29760493 1] 2477500
[1 18295500 18295500 1] 676952
[1 29760493 29760493 1] 1277210
[1 27612903 27612903 1] 1877493
[1 6930887 6930887 1] 76877
[1 23594325 23594325 1] 101
[1 14311575 14311575 1] 492
[1 19018457 19018457 1] 132
[1 22970073 22970073 1] 2457204
[1 19393585 19393585 1] 2921024
[1 27963982 27963982 1] 1120567
[1 29760493 29760493 1] 3521366
[1 27336328 27336328 1] 2320922
[1 22218005 22218005 1] 1720786
[1 21245831 21245831 1] 4121484
[1 21021531 21021531 1] 262093
[1 3189436 3189436 1] 862242
[1 29760493 29760493 1] 123
[1 24945487 24945487 1] 2611625
[1 6930887 6930887 1] 2011366
[1 24887344 24887344 1] 1411092
[1 4238336 4238336 1] 810935
[1 4238336 4238336 1] 210603
[1 4238336 4238336 1] 138
[1 21021531 21021531 1] 156
[1 14152275 14152275 1] 746
[1 23089413 23089413 1] 130
[1 6930887 6930887 1] 222
[1 6930887 6930887 1] 772
[1 29760493 29760493 1] 106
[1 15497282 15497282 1] 112
[1 4238336 4238336 1] 128
[1 4238336 4238336 1] 117
[1 4238336 4238336 1] 122
[1 5748721 5748721 1] 591911
[1 18295500 18295500 1] 350879
[1 9121309 9121309 1] 951314
[1 7076377 7076377 1] 746370
[1 1252716 1252716 1] 281099
[1 9121309 9121309 1] 152
[1 25771560 25771560 1] 2679670
[1 17077889 17077889 1] 2079503
[1 27336328 27336328 1] 278519
[1 19393585 19393585 1] 1479476
[1 19018457 19018457 1] 878694
[1 27336328 27336328 1] 103
[1 1489115 1489115 1] 148637
[1 27612903 27612903 1] 108
[1 21021531 21021531 1] 1063
[1 4238336 4238336 1] 117
[1 332232 332232 1] 33894
[1 29639007 29639007 1] 1214
[1 11323876 11323876 1] 1180992
[1 15996659 15996659 1] 580788
[1 25202255 25202255 1] 2657409
[1 19018457 19018457 1] 1457133
[1 19700724 19700724 1] 2057316
[1 3199182 3199182 1] 1189063
[1 10554604 10554604 1] 1695517
[1 22520060 22520060 1] 1095209
[1 23590182 23590182 1] 3039407
[1 29359416 29359416 1] 5547833
[1 21768826 21768826 1] 7274512
[1 27336328 27336328 1] 6674404
[1 15550552 15550552 1] 7699255
[1 14090033 14090033 1] 8585303
[1 23387982 23387982 1] 7985170
[1 19700724 19700724 1] 7385038
[1 6930887 6930887 1] 6784885
[1 27860000 27860000 1] 9144442
[1 14152275 14152275 1] 8544354
[1 6930887 6930887 1] 9407135
[1 29760493 29760493 1] 8806994
[1 6898538 6898538 1] 8206844
[1 19475777 19475777 1] 10007372
[1 19054082 19054082 1] 7606759
[1 26426809 26426809 1] 7006456
[1 17909212 17909212 1] 8301844
[1 23669087 23669087 1] 10189215
[1 8590931 8590931 1] 10506657
[1 794584 794584 1] 9988876
[1 6930887 6930887 1] 9388724
[1 19700724 19700724 1] 8788508
[1 20037526 20037526 1] 10291452
[1 4238336 4238336 1] 7290599
[1 4238336 4238336 1] 9091264
[1 19018457 19018457 1] 9691418
[1 21021531 21021531 1] 8491123
[1 27336328 27336328 1] 7890938
[1 14826622 14826622 1] 8245839
[1 19018457 19018457 1] 7645633
[1 19018457 19018457 1] 8826020
[1 22634226 22634226 1] 9426227
[1 6930887 6930887 1] 7625713
[1 22520060 22520060 1] 8225815
[1 13712351 13712351 1] 8459986
[1 27336328 27336328 1] 7259471
[1 19018457 19018457 1] 7859682
[1 27336328 27336328 1] 6659365
[1 19018457 19018457 1] 5458956
[1 4238336 4238336 1] 6059166
[1 15256191 15256191 1] 4858844
[1 22836611 22836611 1] 6699412
[1 1928578 1928578 1] 6301213
[1 8498977 8498977 1] 6610270
[1 754553 754553 1] 6088906
[1 332232 332232 1] 4288206
[1 22520060 22520060 1] 3087974
[1 4238336 4238336 1] 4888595
[1 4238336 4238336 1] 3688188
[1 4238336 4238336 1] 5488814
[1 4238336 4238336 1] 2487782
[1 6930887 6930887 1] 1977783
[1 4238336 4238336 1] 777496
[1 26426809 26426809 1] 177322
[1 19018457 19018457 1] 1377670
[1 6453196 6453196 1] 2578019
[1 21021531 21021531 1] 212
[1 19018457 19018457 1] 136
[1 25202255 25202255 1] 117
[1 22520060 22520060 1] 391
[1 2238284 2238284 1] 227390
[1 4238336 4238336 1] 126
[1 3565422 3565422 1] 376515

Results: 100.00 1753481

Standard Error: 103372
Mean Waiting Time: 1.75348e+06
Statistics for REP_PROB_PERCENT: 80

----------------------------------------
