Running client with REP_PROB_PERCENT: 0
**********************************
DTU - OS Challenge - Client v0.20
**********************************
Total requests: 500
Start: 1
Difficulty: 30000000
Repetition probability (%): 0
Request delay (us): 600000
Priority disabled

[1 6930887 6930887 1] 500621
[1 4636916 4636916 1] 339798
[1 4238336 4238336 1] 305726
[1 29760493 29760493 1] 2124085
[1 19641422 19641422 1] 2973424
[1 490028 490028 1] 2409853
[1 22520060 22520060 1] 3446295
[1 17513927 17513927 1] 4116228
[1 10383427 10383427 1] 4295525
[1 13455737 13455737 1] 4686940
[1 11595369 11595369 1] 4965912
[1 16956430 16956430 1] 5620327
[1 21021531 21021531 1] 6566625
[1 23665124 23665124 1] 7751120
[1 18703136 18703136 1] 8588105
[1 1979803 1979803 1] 8145451
[1 5723059 5723059 1] 8002902
[1 15898168 15898168 1] 8676948
[1 19018457 19018457 1] 9578003
[1 6478043 6478043 1] 9466922
[1 3377374 3377374 1] 9120312
[1 24544920 24544920 1] 10375409
[1 6898538 6898538 1] 10337584
[1 23594325 23594325 1] 11670261
[1 28664371 28664371 1] 13416566
[1 4803527 4803527 1] 13208855
[1 14268981 14268981 1] 13772778
[1 29241874 29241874 1] 15553648
[1 12999171 12999171 1] 16010807
[1 15497282 15497282 1] 16630261
[1 14420926 14420926 1] 17196057
[1 27336328 27336328 1] 18879823
[1 19126506 19126506 1] 19848102
[1 12621730 12621730 1] 20218023
[1 23925858 23925858 1] 21459542
[1 24353896 24353896 1] 22736916
[1 21100546 21100546 1] 23919327
[1 18233368 18233368 1] 24926929
[1 25990365 25990365 1] 26591720
[1 10313751 10313751 1] 26887315
[1 26426809 26426809 1] 28590004
[1 29947179 29947179 1] 30552218
[1 19393585 19393585 1] 31605488
[1 28502652 28502652 1] 33430917
[1 4612400 4612400 1] 33224467
[1 4095061 4095061 1] 32969868
[1 13993369 13993369 1] 33559021
[1 4210013 4210013 1] 33316433
[1 9698587 9698587 1] 33540947
[1 6297540 6297540 1] 33472059
[1 13480571 13480571 1] 34015490
[1 25960379 25960379 1] 35604849
[1 2066602 2066602 1] 35179091
[1 27612903 27612903 1] 36913815
[1 3570493 3570493 1] 36618369
[1 260757 260757 1] 36040945
[1 5560281 5560281 1] 35916254
[1 23209442 23209442 1] 37285795
[1 24429690 24429690 1] 38765615
[1 27346620 27346620 1] 40483954
[1 744730 744730 1] 39946727
[1 13108118 13108118 1] 40448485
[1 27905772 27905772 1] 42238329
[1 12890676 12890676 1] 42728373
[1 11698928 11698928 1] 43117579
[1 18777857 18777857 1] 44105573
[1 14872354 14872354 1] 44761220
[1 12276966 12276966 1] 45200748
[1 23964684 23964684 1] 46654767
[1 10028625 10028625 1] 46901384
[1 332872 332872 1] 46329301
[1 10048830 10048830 1] 46583787
[1 5530020 5530020 1] 46450855
[1 13363369 13363369 1] 46978101
[1 7486716 7486716 1] 47010892
[1 11518150 11518150 1] 47383205
[1 19700724 19700724 1] 48449539
[1 18002246 18002246 1] 49369318
[1 19493452 19493452 1] 50415275
[1 20243556 20243556 1] 51530271
[1 2597489 2597489 1] 51154099
[1 8888229 8888229 1] 51307043
[1 18792351 18792351 1] 52295077
[1 29441501 29441501 1] 54193589
[1 26087765 26087765 1] 55908929
[1 5324915 5324915 1] 55822736
[1 2275857 2275857 1] 55442840
[1 27346492 27346492 1] 57324518
[1 1148366 1148366 1] 56822012
[1 20281937 20281937 1] 57952911
[1 16452552 16452552 1] 58755585
[1 11899229 11899229 1] 59181956
[1 3975408 3975408 1] 58922697
[1 6276122 6276122 1] 58861708
[1 794396 794396 1] 58328996
[1 24661238 24661238 1] 59850592
[1 573794 573794 1] 59300475
[1 15894429 15894429 1] 60073351
[1 7231012 7231012 1] 60096423
[1 14639530 14639530 1] 60749777
[1 7322405 7322405 1] 60767549
[1 12255764 12255764 1] 61200657
[1 17854539 17854539 1] 62105781
[1 12436841 12436841 1] 62572180
[1 15344819 15344819 1] 63272770
[1 22670689 22670689 1] 64606833
[1 12067918 12067918 1] 65041587
[1 20466997 20466997 1] 66182428
[1 16987744 16987744 1] 67030712
[1 9512184 9512184 1] 67237276
[1 18295500 18295500 1] 68197010
[1 16206726 16206726 1] 68975956
[1 2755591 2755591 1] 68615578
[1 3268140 3268140 1] 68299912
[1 12469787 12469787 1] 68760404
[1 8338083 8338083 1] 68866273
[1 20388465 20388465 1] 70065628
[1 6939508 6939508 1] 70054151
[1 25228805 25228805 1] 71606276
[1 22278612 22278612 1] 72893488
[1 17127829 17127829 1] 73757314
[1 24887344 24887344 1] 75369903
[1 2035569 2035569 1] 74946743
[1 27755423 27755423 1] 76801943
[1 24613811 24613811 1] 78309442
[1 19321802 19321802 1] 79352043
[1 6473731 6473731 1] 79304376
[1 26811306 26811306 1] 80991122
[1 15178737 15178737 1] 81694590
[1 14248627 14248627 1] 82298476
[1 503466 503466 1] 81740842
[1 12473417 12473417 1] 82191415
[1 8213259 8213259 1] 82291505
[1 24167638 24167638 1] 83936519
[1 21305625 21305625 1] 85220547
[1 24544920 24544920 1] 84620416
[1 13911900 13911900 1] 85236148
[1 20145551 20145551 1] 86386506
[1 19290072 19290072 1] 87481208
[1 17487132 17487132 1] 88399556
[1 7684931 7684931 1] 88462799
[1 21845895 21845895 1] 89749080
[1 7370164 7370164 1] 89781411
[1 23387982 23387982 1] 91205394
[1 1252997 1252997 1] 90711718
[1 2713774 2713774 1] 90347637
[1 12739669 12739669 1] 90850146
[1 17681096 17681096 1] 91770742
[1 17116467 17116467 1] 92639535
[1 6911341 6911341 1] 92646666
[1 23327685 23327685 1] 94035323
[1 16855543 16855543 1] 94883968
[1 7379108 7379108 1] 94918341
[1 18219757 18219757 1] 95888581
[1 7418419 7418419 1] 95931500
[1 23089413 23089413 1] 97308993
[1 25032173 25032173 1] 98874296
[1 29262010 29262010 1] 100782206
[1 28625211 28625211 1] 102627676
[1 7467588 7467588 1] 102668311
[1 25319302 25319302 1] 104282972
[1 26667373 26667373 1] 105958757
[1 20401256 20401256 1] 107108327
[1 24044600 24044600 1] 108569271
[1 21229905 21229905 1] 109828053
[1 15939812 15939812 1] 110612085
[1 16915668 16915668 1] 111462137
[1 29346229 29346229 1] 113359526
[1 4829151 4829151 1] 113177139
[1 15996659 15996659 1] 113960228
[1 5789225 5789225 1] 113854089
[1 9867270 9867270 1] 114097969
[1 19054082 19054082 1] 115124803
[1 15740085 15740085 1] 115888370
[1 26811973 26811973 1] 117602628
[1 73851 73851 1] 117008889
[1 15905386 15905386 1] 117783672
[1 7739300 7739300 1] 117850400
[1 23606043 23606043 1] 119298100
[1 26340714 26340714 1] 120981115
[1 15256191 15256191 1] 121709419
[1 6942591 6942591 1] 121713361
[1 10108582 10108582 1] 121994982
[1 21499337 21499337 1] 123242919
[1 6371156 6371156 1] 123180990
[1 22218005 22218005 1] 124496579
[1 11614770 11614770 1] 124907358
[1 12981777 12981777 1] 125435345
[1 6247256 6247256 1] 125373315
[1 18348143 18348143 1] 126366797
[1 4445885 4445885 1] 126151134
[1 20223206 20223206 1] 127293134
[1 27679568 27679568 1] 129076644
[1 21690614 21690614 1] 130343927
[1 12262755 12262755 1] 130797514
[1 1154260 1154260 1] 130297732
[1 12828203 12828203 1] 130804102
[1 24723507 24723507 1] 132343048
[1 26902022 26902022 1] 134043139
[1 20390869 20390869 1] 135219010
[1 6235190 6235190 1] 135161373
[1 27949909 27949909 1] 136978013
[1 27210499 27210499 1] 138764296
[1 18518809 18518809 1] 139782489
[1 4686249 4686249 1] 139588251
[1 19033334 19033334 1] 140628011
[1 20321649 20321649 1] 141768478
[1 11999755 11999755 1] 142199279
[1 2251747 2251747 1] 141801950
[1 573794 573794 1] 140996633
[1 4319530 4319530 1] 141596950
[1 24549798 24549798 1] 142538648
[1 26086991 26086991 1] 144199574
[1 10003034 10003034 1] 144460654
[1 18012498 18012498 1] 145419733
[1 21294893 21294893 1] 146669025
[1 25519126 25519126 1] 148297047
[1 24613997 24613997 1] 149839669
[1 25209189 25209189 1] 151401709
[1 8703730 8703730 1] 151545584
[1 15032461 15032461 1] 152239913
[1 21543922 21543922 1] 153510240
[1 2026305 2026305 1] 153085195
[1 18388028 18388028 1] 154078880
[1 2266749 2266749 1] 153675895
[1 1308903 1308903 1] 153189466
[1 10697698 10697698 1] 153519572
[1 23571044 23571044 1] 154978041
[1 15132003 15132003 1] 155688434
[1 24806404 24806404 1] 157238702
[1 24887344 24887344 1] 156638572
[1 9908539 9908539 1] 156895983
[1 12895152 12895152 1] 157415451
[1 12282135 12282135 1] 157878308
[1 171693 171693 1] 157292887
[1 20516128 20516128 1] 158470041
[1 13755630 13755630 1] 159064666
[1 15590965 15590965 1] 159816651
[1 10636430 10636430 1] 160140628
[1 2576336 2576336 1] 159764557
[1 9202901 9202901 1] 159963876
[1 19407972 19407972 1] 161052242
[1 12260290 12260290 1] 161514856
[1 21717989 21717989 1] 162803169
[1 11585796 11585796 1] 163210516
[1 13053145 13053145 1] 163746137
[1 27658391 27658391 1] 165579257
[1 12655341 12655341 1] 166087414
[1 10000570 10000570 1] 166363235
[1 1174233 1174233 1] 165865247
[1 10956043 10956043 1] 166229525
[1 20409118 20409118 1] 167418889
[1 16266762 16266762 1] 168252596
[1 5526310 5526310 1] 168179279
[1 22495426 22495426 1] 169561851
[1 9806368 9806368 1] 169821229
[1 24504235 24504235 1] 171378702
[1 16631627 16631627 1] 172228164
[1 7226058 7226058 1] 172281537
[1 16673169 16673169 1] 173149217
[1 7390359 7390359 1] 173198438
[1 6947387 6947387 1] 173208066
[1 24429690 24429690 1] 172607991
[1 10634995 10634995 1] 172936060
[1 27056553 27056553 1] 174698075
[1 7893530 7893530 1] 174792214
[1 28532291 28532291 1] 176699965
[1 27756971 27756971 1] 178533945
[1 16819081 16819081 1] 179411090
[1 24218594 24218594 1] 180930895
[1 6418628 6418628 1] 180906368
[1 18561887 18561887 1] 181941544
[1 10788356 10788356 1] 182293957
[1 2720091 2720091 1] 181942500
[1 26059480 26059480 1] 183637355
[1 1858970 1858970 1] 183199466
[1 14152275 14152275 1] 183853071
[1 16047642 16047642 1] 184672857
[1 10925434 10925434 1] 185027629
[1 17077889 17077889 1] 185925100
[1 3524567 3524567 1] 185636945
[1 11027285 11027285 1] 186005774
[1 5790418 5790418 1] 185916572
[1 29372261 29372261 1] 187877688
[1 7100238 7100238 1] 187892099
[1 9473060 9473060 1] 188116603
[1 22648519 22648519 1] 189472760
[1 21990784 21990784 1] 190753579
[1 3228459 3228459 1] 190429233
[1 3967638 3967638 1] 190168958
[1 26620484 26620484 1] 191845965
[1 27770479 27770479 1] 193637221
[1 27149315 27149315 1] 195392759
[1 23665124 23665124 1] 195286904
[1 12645730 12645730 1] 195887193
[1 11089439 11089439 1] 195647695
[1 7211389 7211389 1] 195666662
[1 23631234 23631234 1] 197122468
[1 25933682 25933682 1] 198802172
[1 13160359 13160359 1] 199363878
[1 29110700 29110700 1] 201351870
[1 24101840 24101840 1] 202871369
[1 20668364 20668364 1] 204086806
[1 20228795 20228795 1] 205275775
[1 23319848 23319848 1] 206734915
[1 18217463 18217463 1] 207730278
[1 12539391 12539391 1] 208220559
[1 25745792 25745792 1] 209877821
[1 7355116 7355116 1] 209926042
[1 12796158 12796158 1] 210454761
[1 20631492 20631492 1] 211674813
[1 4462952 4462952 1] 211465626
[1 11035022 11035022 1] 211845227
[1 18393741 18393741 1] 212873989
[1 3614031 3614031 1] 212593383
[1 5035326 5035326 1] 212433949
[1 24187517 24187517 1] 213951462
[1 2033003 2033003 1] 213531069
[1 27746140 27746140 1] 215406600
[1 3785405 3785405 1] 215138948
[1 28974581 28974581 1] 217060451
[1 6039022 6039022 1] 216985408
[1 15539863 15539863 1] 217732304
[1 16235380 16235380 1] 218528516
[1 22692686 22692686 1] 219878929
[1 18299905 18299905 1] 220863872
[1 5433484 5433484 1] 220734603
[1 6199760 6199760 1] 220674538
[1 15889745 15889745 1] 221446168
[1 18469912 18469912 1] 222453548
[1 8663951 8663951 1] 222624174
[1 29777561 29777561 1] 224638098
[1 17675106 17675106 1] 225581272
[1 12740050 12740050 1] 226107557
[1 6588712 6588712 1] 226087666
[1 1519935 1519935 1] 225623500
[1 16077376 16077376 1] 226447142
[1 29593615 29593615 1] 228467206
[1 9343769 9343769 1] 228693227
[1 19544919 19544919 1] 229810418
[1 27376883 27376883 1] 231613475
[1 27876983 27876983 1] 233449734
[1 13124031 13124031 1] 234017848
[1 14311575 14311575 1] 234688307
[1 11186594 11186594 1] 235074620
[1 13550254 13550254 1] 235674640
[1 8803075 8803075 1] 235860177
[1 17734714 17734714 1] 236835253
[1 15138378 15138378 1] 237643544
[1 24415776 24415776 1] 239502206
[1 12032920 12032920 1] 240025529
[1 9806733 9806733 1] 240402929
[1 16011018 16011018 1] 241313584
[1 24760236 24760236 1] 243029775
[1 7745692 7745692 1] 243202641
[1 22423944 22423944 1] 244886330
[1 4666329 4666329 1] 244739858
[1 20449292 20449292 1] 246322863
[1 6894019 6894019 1] 246346284
[1 11836837 11836837 1] 246994279
[1 2575056 2575056 1] 246657704
[1 2963859 2963859 1] 246334732
[1 8714905 8714905 1] 246615973
[1 20372662 20372662 1] 247878775
[1 3689686 3689686 1] 247606686
[1 10613074 10613074 1] 247949966
[1 5756852 5756852 1] 247888668
[1 26349251 26349251 1] 249622199
[1 12336504 12336504 1] 250108501
[1 29639007 29639007 1] 252290999
[1 5414640 5414640 1] 252168812
[1 7721121 7721121 1] 252281392
[1 24880227 24880227 1] 254014178
[1 10387678 10387678 1] 254324283
[1 27963982 27963982 1] 256186180
[1 14887561 14887561 1] 256886301
[1 127956 127956 1] 256297332
[1 24433519 24433519 1] 257843530
[1 21066343 21066343 1] 259092506
[1 10245197 10245197 1] 259391793
[1 24627322 24627322 1] 260964765
[1 22994985 22994985 1] 262424584
[1 23794428 23794428 1] 263930380
[1 22152041 22152041 1] 265311076
[1 22970073 22970073 1] 266736214
[1 21245831 21245831 1] 268021980
[1 26370348 26370348 1] 269774457
[1 20982031 20982031 1] 271027864
[1 9653715 9653715 1] 271308110
[1 18057523 18057523 1] 272316533
[1 18626925 18626925 1] 273388331
[1 3189436 3189436 1] 273084012
[1 15829205 15829205 1] 273878356
[1 22630444 22630444 1] 275275067
[1 24945487 24945487 1] 276883088
[1 26684279 26684279 1] 278631546
[1 6250263 6250263 1] 278582244
[1 14989684 14989684 1] 279308691
[1 21539849 21539849 1] 280625236
[1 1208325 1208325 1] 280133379
[1 11449123 11449123 1] 280547270
[1 7927336 7927336 1] 280648068
[1 3937458 3937458 1] 280396815
[1 24102748 24102748 1] 281929739
[1 25311777 25311777 1] 283576711
[1 3725219 3725219 1] 283300785
[1 27621704 27621704 1] 285149427
[1 15209934 15209934 1] 285893046
[1 17053960 17053960 1] 286811170
[1 2862807 2862807 1] 286463147
[1 5748721 5748721 1] 286371562
[1 9121309 9121309 1] 286569563
[1 1742699 1742699 1] 286121160
[1 7076377 7076377 1] 286134428
[1 1252716 1252716 1] 285642819
[1 2825172 2825172 1] 285286411
[1 25771560 25771560 1] 286981264
[1 15554011 15554011 1] 287753265
[1 22178225 22178225 1] 289104565
[1 25816540 25816540 1] 290770748
[1 24429690 24429690 1] 290170659
[1 13945054 13945054 1] 290797572
[1 1489115 1489115 1] 290328118
[1 15405990 15405990 1] 291084109
[1 2028068 2028068 1] 290660950
[1 25575224 25575224 1] 292316301
[1 332232 332232 1] 291745972
[1 2292123 2292123 1] 291348805
[1 11323876 11323876 1] 291750308
[1 20390180 20390180 1] 292960146
[1 25202255 25202255 1] 294608416
[1 20311132 20311132 1] 295820712
[1 3967858 3967858 1] 295574631
[1 3199182 3199182 1] 295255869
[1 10554604 10554604 1] 295586331
[1 26152434 26152434 1] 297303631
[1 23590182 23590182 1] 298801074
[1 29359416 29359416 1] 300816230
[1 21768826 21768826 1] 302152542
[1 26138723 26138723 1] 303880166
[1 15550552 15550552 1] 304699013
[1 14090033 14090033 1] 305347729
[1 21443182 21443182 1] 306633786
[1 12990416 12990416 1] 307185882
[1 3299709 3299709 1] 306877778
[1 27860000 27860000 1] 308751865
[1 9112298 9112298 1] 308949998
[1 19475777 19475777 1] 310052078
[1 19068978 19068978 1] 311148124
[1 21742588 21742588 1] 312474527
[1 16723383 16723383 1] 313349688
[1 9544267 9544267 1] 313594323
[1 10508861 10508861 1] 313930168
[1 17909212 17909212 1] 314936668
[1 23669087 23669087 1] 316438081
[1 8590931 8590931 1] 316601823
[1 794584 794584 1] 316073021
[1 2651477 2651477 1] 315706910
[1 4095821 4095821 1] 315475022
[1 20037526 20037526 1] 316641553
[1 1538840 1538840 1] 316176629
[1 5897491 5897491 1] 316103321
[1 1101361 1101361 1] 315599032
[1 6247644 6247644 1] 315550948
[1 13080929 13080929 1] 316112295
[1 14826622 14826622 1] 316830906
[1 10917956 10917956 1] 317202789
[1 22634226 22634226 1] 318607887
[1 3274571 3274571 1] 318301755
[1 6220854 6220854 1] 318255017
[1 7107723 7107723 1] 318285744
[1 13712351 13712351 1] 318900039
[1 20009098 20009098 1] 320073586
[1 7689127 7689127 1] 320162060
[1 14522072 14522072 1] 320845475
[1 26533150 26533150 1] 322585166
[1 28140529 28140529 1] 324504899
[1 9228399 9228399 1] 324730302
[1 22836611 22836611 1] 326166403
[1 1928578 1928578 1] 325738675
[1 8498977 8498977 1] 325895182
[1 754553 754553 1] 325362799
[1 11126088 11126088 1] 325755732
[1 23360100 23360100 1] 327253437
[1 16448567 16448567 1] 328127800
[1 6377018 6377018 1] 328100411
[1 14392736 14392736 1] 328858864
[1 26491299 26491299 1] 330608541
[1 6453196 6453196 1] 330587092
[1 6055806 6055806 1] 330522600
[1 14423429 14423429 1] 331204507
[1 19552529 19552529 1] 332367097
[1 5019594 5019594 1] 332240436
[1 24322198 24322198 1] 333837936
[1 9289673 9289673 1] 334059809
[1 28806446 28806446 1] 336023289
[1 12796158 12796158 1] 335423362
[1 2238284 2238284 1] 335021591
[1 5466128 5466128 1] 334909761
[1 3565422 3565422 1] 334626779

Results: 100.00 168804649

Standard Error: 4.48648e+06
Mean Waiting Time: 1.68805e+08
Statistics for REP_PROB_PERCENT: 0

----------------------------------------
Running client with REP_PROB_PERCENT: 20
**********************************
DTU - OS Challenge - Client v0.20
**********************************
Total requests: 500
Start: 1
Difficulty: 30000000
Repetition probability (%): 20
Request delay (us): 600000
Priority disabled

[1 6930887 6930887 1] 608424
[1 4636916 4636916 1] 416180
[1 4238336 4238336 1] 372699
[1 29760493 29760493 1] 2672500
[1 19641422 19641422 1] 3843245
[1 490028 490028 1] 3285969
[1 22520060 22520060 1] 4694570
[1 17513927 17513927 1] 5668268
[1 10383427 10383427 1] 5996649
[1 10383427 10383427 1] 5996454
[1 13455737 13455737 1] 6596683
[1 16956430 16956430 1] 6911493
[1 21021531 21021531 1] 8182791
[1 23665124 23665124 1] 9688493
[1 18703136 18703136 1] 10757464
[1 1979803 1979803 1] 10333860
[1 5723059 5723059 1] 10245486
[1 15898168 15898168 1] 11056037
[1 19018457 19018457 1] 12139634
[1 5723059 5723059 1] 11539604
[1 3377374 3377374 1] 11243225
[1 24544920 24544920 1] 12836135
[1 6898538 6898538 1] 12851947
[1 19018457 19018457 1] 13757239
[1 4636916 4636916 1] 13156894
[1 23594325 23594325 1] 14357473
[1 14268981 14268981 1] 13843704
[1 29241874 29241874 1] 15855648
[1 12999171 12999171 1] 16420667
[1 15497282 15497282 1] 17202279
[1 1979803 1979803 1] 16602156
[1 27336328 27336328 1] 18446551
[1 19126506 19126506 1] 19552878
[1 12621730 12621730 1] 20083448
[1 27336328 27336328 1] 19483380
[1 24353896 24353896 1] 21053816
[1 4238336 4238336 1] 21747018
[1 21100546 21100546 1] 22347431
[1 25990365 25990365 1] 23479289
[1 10313751 10313751 1] 23797925
[1 26426809 26426809 1] 25537212
[1 29947179 29947179 1] 27644882
[1 19393585 19393585 1] 28799607
[1 27336328 27336328 1] 28199461
[1 4612400 4612400 1] 28011731
[1 4095061 4095061 1] 27778114
[1 13993369 13993369 1] 28426271
[1 4210013 4210013 1] 28203445
[1 9698587 9698587 1] 28467265
[1 6297540 6297540 1] 28430621
[1 13480571 13480571 1] 29036942
[1 25960379 25960379 1] 30764268
[1 2066602 2066602 1] 30349974
[1 27612903 27612903 1] 32228680
[1 19018457 19018457 1] 31628572
[1 260757 260757 1] 31051769
[1 5723059 5723059 1] 30451628
[1 23209442 23209442 1] 31932171
[1 24429690 24429690 1] 33522032
[1 27346620 27346620 1] 35477325
[1 744730 744730 1] 34944316
[1 13108118 13108118 1] 35522741
[1 27905772 27905772 1] 37429444
[1 4210013 4210013 1] 37380436
[1 12890676 12890676 1] 37980707
[1 18777857 18777857 1] 38440081
[1 14872354 14872354 1] 39167051
[1 16956430 16956430 1] 39076606
[1 12276966 12276966 1] 39676866
[1 4612400 4612400 1] 38476576
[1 332872 332872 1] 37906273
[1 10048830 10048830 1] 38206742
[1 16956430 16956430 1] 37606598
[1 13363369 13363369 1] 38203693
[1 27346620 27346620 1] 37603617
[1 11518150 11518150 1] 38161931
[1 19700724 19700724 1] 39584219
[1 14268981 14268981 1] 38983949
[1 19493452 19493452 1] 40144233
[1 20243556 20243556 1] 41478678
[1 2597489 2597489 1] 41130571
[1 8888229 8888229 1] 41379270
[1 18792351 18792351 1] 42482564
[1 29441501 29441501 1] 44662170
[1 26087765 26087765 1] 46405945
[1 5324915 5324915 1] 46282108
[1 2275857 2275857 1] 45886970
[1 27346492 27346492 1] 47769857
[1 1148366 1148366 1] 47272708
[1 20281937 20281937 1] 48508059
[1 16452552 16452552 1] 49455608
[1 11899229 11899229 1] 49932334
[1 3975408 3975408 1] 49691940
[1 6276122 6276122 1] 49658036
[1 794396 794396 1] 49129209
[1 24661238 24661238 1] 50744406
[1 573794 573794 1] 50195789
[1 4210013 4210013 1] 49595518
[1 7231012 7231012 1] 49646309
[1 14639530 14639530 1] 50362725
[1 7322405 7322405 1] 50419861
[1 12255764 12255764 1] 50925841
[1 18703136 18703136 1] 50325809
[1 19641422 19641422 1] 49725507
[1 4238336 4238336 1] 49125406
[1 22670689 22670689 1] 50622963
[1 12067918 12067918 1] 51115117
[1 16956430 16956430 1] 50514875
[1 16987744 16987744 1] 51437905
[1 9512184 9512184 1] 51694373
[1 18295500 18295500 1] 52738095
[1 16206726 16206726 1] 53600230
[1 2755591 2755591 1] 53252078
[1 4612400 4612400 1] 52651951
[1 12469787 12469787 1] 53179852
[1 8338083 8338083 1] 53335321
[1 20388465 20388465 1] 54588697
[1 6939508 6939508 1] 54615972
[1 25228805 25228805 1] 56329787
[1 22278612 22278612 1] 57882739
[1 17127829 17127829 1] 58860724
[1 24887344 24887344 1] 60557313
[1 2035569 2035569 1] 60145873
[1 27755423 27755423 1] 62064280
[1 6898538 6898538 1] 61464031
[1 25960379 25960379 1] 60864038
[1 6473731 6473731 1] 60849652
[1 26811306 26811306 1] 62671541
[1 2755591 2755591 1] 62071277
[1 14248627 14248627 1] 62769775
[1 503466 503466 1] 62216183
[1 19393585 19393585 1] 61616046
[1 8213259 8213259 1] 61765775
[1 24167638 24167638 1] 63366227
[1 24544920 24544920 1] 64098545
[1 21305625 21305625 1] 64698810
[1 13911900 13911900 1] 64764244
[1 20145551 20145551 1] 65983484
[1 19290072 19290072 1] 67128038
[1 17487132 17487132 1] 68108636
[1 7684931 7684931 1] 68200135
[1 21845895 21845895 1] 69579966
[1 7370164 7370164 1] 69652856
[1 23387982 23387982 1] 71200260
[1 1252997 1252997 1] 70714913
[1 2713774 2713774 1] 70361343
[1 6473731 6473731 1] 69761144
[1 17681096 17681096 1] 70799186
[1 17116467 17116467 1] 71734876
[1 6911341 6911341 1] 71747186
[1 23327685 23327685 1] 73248060
[1 16855543 16855543 1] 74169784
[1 7379108 7379108 1] 74246095
[1 18219757 18219757 1] 75309928
[1 7418419 7418419 1] 75386050
[1 23089413 23089413 1] 76900236
[1 25032173 25032173 1] 78600936
[1 29262010 29262010 1] 80700877
[1 28625211 28625211 1] 82701384
[1 7467588 7467588 1] 82780234
[1 6473731 6473731 1] 81579802
[1 12255764 12255764 1] 82180019
[1 20401256 20401256 1] 82842389
[1 7370164 7370164 1] 82242378
[1 21229905 21229905 1] 83569553
[1 15939812 15939812 1] 84420807
[1 16915668 16915668 1] 85348731
[1 27346620 27346620 1] 84748520
[1 4829151 4829151 1] 84583085
[1 15996659 15996659 1] 85432683
[1 27336328 27336328 1] 84832424
[1 9867270 9867270 1] 85129802
[1 19054082 19054082 1] 86275628
[1 15740085 15740085 1] 87124341
[1 26811973 26811973 1] 88985529
[1 73851 73851 1] 88392041
[1 15905386 15905386 1] 89255925
[1 7739300 7739300 1] 89370461
[1 23606043 23606043 1] 90930356
[1 26340714 26340714 1] 92722230
[1 15256191 15256191 1] 93501834
[1 6942591 6942591 1] 93531063
[1 8888229 8888229 1] 92930727
[1 7370164 7370164 1] 92330541
[1 6371156 6371156 1] 92310732
[1 22218005 22218005 1] 93744795
[1 11614770 11614770 1] 94215826
[1 12981777 12981777 1] 94809152
[1 6247256 6247256 1] 94780541
[1 18348143 18348143 1] 95859930
[1 4445885 4445885 1] 95664840
[1 20223206 20223206 1] 96915762
[1 27679568 27679568 1] 98853602
[1 5723059 5723059 1] 98253497
[1 12262755 12262755 1] 98789362
[1 1154260 1154260 1] 98294485
[1 20401256 20401256 1] 98268064
[1 12828203 12828203 1] 98868253
[1 26902022 26902022 1] 100130498
[1 20390869 20390869 1] 101393950
[1 6235190 6235190 1] 101362297
[1 27949909 27949909 1] 103359538
[1 27210499 27210499 1] 105252754
[1 18518809 18518809 1] 106337617
[1 19290072 19290072 1] 105566591
[1 4686249 4686249 1] 106166843
[1 20321649 20321649 1] 106828306
[1 11999755 11999755 1] 107323163
[1 2251747 2251747 1] 106928294
[1 4319530 4319530 1] 106744189
[1 573794 573794 1] 106144103
[1 24549798 24549798 1] 107812818
[1 26086991 26086991 1] 109587214
[1 2713774 2713774 1] 108989468
[1 18012498 18012498 1] 110029226
[1 21294893 21294893 1] 111374209
[1 25519126 25519126 1] 113098203
[1 24613997 24613997 1] 114774958
[1 25209189 25209189 1] 116498224
[1 8703730 8703730 1] 116696393
[1 15740085 15740085 1] 116888901
[1 15032461 15032461 1] 117489200
[1 2026305 2026305 1] 116480496
[1 18388028 18388028 1] 117579728
[1 2266749 2266749 1] 117189730
[1 1308903 1308903 1] 116711058
[1 10697698 10697698 1] 117097892
[1 23571044 23571044 1] 118661211
[1 15132003 15132003 1] 119453709
[1 24887344 24887344 1] 120527431
[1 24806404 24806404 1] 121127643
[1 9908539 9908539 1] 120838777
[1 12895152 12895152 1] 121417522
[1 12282135 12282135 1] 121944357
[1 171693 171693 1] 121360041
[1 4210013 4210013 1] 120159614
[1 7739300 7739300 1] 120759945
[1 15590965 15590965 1] 120992512
[1 10636430 10636430 1] 121374734
[1 2576336 2576336 1] 121010779
[1 9202901 9202901 1] 121258306
[1 19407972 19407972 1] 122436965
[1 12260290 12260290 1] 122959169
[1 21717989 21717989 1] 124337904
[1 11585796 11585796 1] 124782753
[1 13053145 13053145 1] 125368868
[1 27658391 27658391 1] 127315156
[1 12655341 12655341 1] 127864958
[1 10000570 10000570 1] 128207106
[1 1174233 1174233 1] 127715789
[1 10956043 10956043 1] 128128476
[1 20409118 20409118 1] 129415826
[1 16266762 16266762 1] 130321195
[1 5526310 5526310 1] 130231438
[1 22495426 22495426 1] 131710491
[1 9806368 9806368 1] 132012330
[1 24504235 24504235 1] 133674991
[1 16631627 16631627 1] 134614120
[1 25990365 25990365 1] 133477203
[1 7226058 7226058 1] 134677513
[1 10383427 10383427 1] 134077287
[1 24429690 24429690 1] 132276759
[1 503466 503466 1] 132876987
[1 10634995 10634995 1] 132650811
[1 2597489 2597489 1] 132050800
[1 7893530 7893530 1] 132174564
[1 28532291 28532291 1] 134240900
[1 27756971 27756971 1] 136159637
[1 16819081 16819081 1] 137107104
[1 24218594 24218594 1] 138739656
[1 4319530 4319530 1] 136929900
[1 29441501 29441501 1] 137530146
[1 6418628 6418628 1] 138730447
[1 12262755 12262755 1] 135729347
[1 27336328 27336328 1] 138130439
[1 6939508 6939508 1] 136329784
[1 14152275 14152275 1] 136433417
[1 16047642 16047642 1] 137334219
[1 17681096 17681096 1] 136733861
[1 17077889 17077889 1] 137759195
[1 3524567 3524567 1] 137482952
[1 11027285 11027285 1] 137885450
[1 5790418 5790418 1] 137814490
[1 17077889 17077889 1] 137214348
[1 7100238 7100238 1] 137261051
[1 10383427 10383427 1] 136060656
[1 15996659 15996659 1] 136660830
[1 21990784 21990784 1] 137499445
[1 3228459 3228459 1] 137200046
[1 3967638 3967638 1] 136964595
[1 27949909 27949909 1] 138212173
[1 26620484 26620484 1] 138812332
[1 27149315 27149315 1] 140129500
[1 12645730 12645730 1] 140700690
[1 23665124 23665124 1] 140100539
[1 18219757 18219757 1] 139500400
[1 7211389 7211389 1] 139565483
[1 23631234 23631234 1] 141136689
[1 25933682 25933682 1] 142938337
[1 13160359 13160359 1] 143554596
[1 29110700 29110700 1] 145651847
[1 4612400 4612400 1] 145051735
[1 20668364 20668364 1] 146360560
[1 20228795 20228795 1] 147618734
[1 23319848 23319848 1] 149179601
[1 18217463 18217463 1] 150267895
[1 12539391 12539391 1] 150822835
[1 25745792 25745792 1] 152592513
[1 7355116 7355116 1] 152669122
[1 12796158 12796158 1] 153252175
[1 20631492 20631492 1] 154569651
[1 4462952 4462952 1] 154382918
[1 11035022 11035022 1] 154805259
[1 18393741 18393741 1] 155942595
[1 3614031 3614031 1] 155677542
[1 5035326 5035326 1] 155546487
[1 24187517 24187517 1] 157193233
[1 21305625 21305625 1] 156593058
[1 27746140 27746140 1] 158552317
[1 3785405 3785405 1] 158299912
[1 2026305 2026305 1] 159799035
[1 28974581 28974581 1] 160399301
[1 15539863 15539863 1] 160657584
[1 4612400 4612400 1] 160057352
[1 22692686 22692686 1] 161563490
[1 18299905 18299905 1] 162659112
[1 5433484 5433484 1] 162562147
[1 27149315 27149315 1] 161961919
[1 15889745 15889745 1] 162831592
[1 18469912 18469912 1] 163942686
[1 8663951 8663951 1] 164143574
[1 29777561 29777561 1] 166296105
[1 16047642 16047642 1] 165696035
[1 12740050 12740050 1] 166271816
[1 6588712 6588712 1] 166278875
[1 4238336 4238336 1] 165678837
[1 16077376 16077376 1] 166562220
[1 29593615 29593615 1] 168741403
[1 9343769 9343769 1] 168999403
[1 6898538 6898538 1] 169613007
[1 19544919 19544919 1] 170213350
[1 8888229 8888229 1] 170988033
[1 27876983 27876983 1] 171588292
[1 14311575 14311575 1] 171710194
[1 11186594 11186594 1] 172148230
[1 13550254 13550254 1] 172809248
[1 8803075 8803075 1] 173025971
[1 7739300 7739300 1] 172425766
[1 15138378 15138378 1] 173225045
[1 24415776 24415776 1] 174884471
[1 12032920 12032920 1] 175414310
[1 10048830 10048830 1] 174814109
[1 16011018 16011018 1] 175679497
[1 24760236 24760236 1] 177365529
[1 7745692 7745692 1] 177483092
[1 22423944 22423944 1] 178948988
[1 4666329 4666329 1] 178776436
[1 20449292 20449292 1] 180064749
[1 13550254 13550254 1] 178864321
[1 4238336 4238336 1] 179464493
[1 2575056 2575056 1] 178502286
[1 2963859 2963859 1] 178175202
[1 8714905 8714905 1] 178378437
[1 20372662 20372662 1] 179646562
[1 3689686 3689686 1] 179388262
[1 12276966 12276966 1] 178571855
[1 8338083 8338083 1] 179172253
[1 10613074 10613074 1] 179772471
[1 12336504 12336504 1] 179116248
[1 29639007 29639007 1] 181243637
[1 5414640 5414640 1] 181145308
[1 7721121 7721121 1] 181264257
[1 24880227 24880227 1] 182986664
[1 10387678 10387678 1] 183348594
[1 27963982 27963982 1] 185335165
[1 14887561 14887561 1] 186107695
[1 127956 127956 1] 185519011
[1 24433519 24433519 1] 187215440
[1 11035022 11035022 1] 186615115
[1 10245197 10245197 1] 186965699
[1 24627322 24627322 1] 188652572
[1 22994985 22994985 1] 190279049
[1 23794428 23794428 1] 191877889
[1 22152041 22152041 1] 193325624
[1 22970073 22970073 1] 194848248
[1 21245831 21245831 1] 196222091
[1 26370348 26370348 1] 198227542
[1 20982031 20982031 1] 199562595
[1 9653715 9653715 1] 199853837
[1 18057523 18057523 1] 200925363
[1 18626925 18626925 1] 202052282
[1 3189436 3189436 1] 201747475
[1 15829205 15829205 1] 202611757
[1 22630444 22630444 1] 204107386
[1 24945487 24945487 1] 205815341
[1 26684279 26684279 1] 207681941
[1 6250263 6250263 1] 207661236
[1 14989684 14989684 1] 208445242
[1 21539849 21539849 1] 209837835
[1 1208325 1208325 1] 209349681
[1 11449123 11449123 1] 209813364
[1 7927336 7927336 1] 209950242
[1 3937458 3937458 1] 209715431
[1 24102748 24102748 1] 211349614
[1 25311777 25311777 1] 213089976
[1 3725219 3725219 1] 212836420
[1 19290072 19290072 1] 212236260
[1 10313751 10313751 1] 212432863
[1 15209934 15209934 1] 213033097
[1 2862807 2862807 1] 212095310
[1 5748721 5748721 1] 212027214
[1 9121309 9121309 1] 212258335
[1 1742699 1742699 1] 211819639
[1 7076377 7076377 1] 211875008
[1 1252716 1252716 1] 211390304
[1 2825172 2825172 1] 211051987
[1 22278612 22278612 1] 211011537
[1 24429690 24429690 1] 210411479
[1 17077889 17077889 1] 212211913
[1 2597489 2597489 1] 211611824
[1 24429690 24429690 1] 209811302
[1 25771560 25771560 1] 212812169
[1 1489115 1489115 1] 209347484
[1 15405990 15405990 1] 210196421
[1 2028068 2028068 1] 209785225
[1 25575224 25575224 1] 211551367
[1 332232 332232 1] 210982051
[1 2292123 2292123 1] 210594584
[1 11323876 11323876 1] 211031980
[1 20390180 20390180 1] 212301900
[1 25202255 25202255 1] 214020102
[1 12621730 12621730 1] 214750713
[1 20311132 20311132 1] 215350867
[1 3199182 3199182 1] 214447654
[1 10554604 10554604 1] 214826519
[1 2755591 2755591 1] 214226379
[1 23590182 23590182 1] 215798406
[1 29359416 29359416 1] 217895937
[1 27336328 27336328 1] 218700437
[1 21768826 21768826 1] 219300683
[1 15550552 15550552 1] 219541548
[1 14090033 14090033 1] 220247737
[1 12262755 12262755 1] 221026919
[1 21443182 21443182 1] 221627123
[1 3299709 3299709 1] 220732714
[1 27860000 27860000 1] 222721668
[1 9112298 9112298 1] 222966508
[1 19475777 19475777 1] 224170675
[1 19068978 19068978 1] 225340034
[1 27755423 27755423 1] 224739817
[1 16723383 16723383 1] 225691312
[1 9544267 9544267 1] 225975678
[1 10508861 10508861 1] 226339483
[1 17909212 17909212 1] 227382215
[1 23669087 23669087 1] 228957254
[1 8590931 8590931 1] 229146946
[1 794584 794584 1] 228620401
[1 6473731 6473731 1] 227419893
[1 27149315 27149315 1] 228020150
[1 20037526 20037526 1] 228669706
[1 1538840 1538840 1] 228212276
[1 5897491 5897491 1] 228158439
[1 15138378 15138378 1] 227060020
[1 1101361 1101361 1] 227660175
[1 13080929 13080929 1] 227667711
[1 14826622 14826622 1] 228441677
[1 14248627 14248627 1] 227841541
[1 22634226 22634226 1] 229318917
[1 18792351 18792351 1] 228718662
[1 6220854 6220854 1] 228686651
[1 27149315 27149315 1] 228086498
[1 13712351 13712351 1] 228743822
[1 20009098 20009098 1] 229990666
[1 7689127 7689127 1] 230107836
[1 14522072 14522072 1] 230847462
[1 26533150 26533150 1] 232703383
[1 12999171 12999171 1] 232103045
[1 9228399 9228399 1] 232358335
[1 22836611 22836611 1] 233867312
[1 1928578 1928578 1] 233442282
[1 8498977 8498977 1] 233621104
[1 754553 754553 1] 233090867
[1 11126088 11126088 1] 233514201
[1 23360100 23360100 1] 235069408
[1 16448567 16448567 1] 235991119
[1 6377018 6377018 1] 235978695
[1 14392736 14392736 1] 236704091
[1 26491299 26491299 1] 238547026
[1 6453196 6453196 1] 238539805
[1 6055806 6055806 1] 238501175
[1 14423429 14423429 1] 239264608
[1 24760236 24760236 1] 239877110
[1 19552529 19552529 1] 240477420
[1 24322198 24322198 1] 241556618
[1 9289673 9289673 1] 241817346
[1 12796158 12796158 1] 243257570
[1 28806446 28806446 1] 243857757
[1 7370164 7370164 1] 242264846
[1 2238284 2238284 1] 242864995
[1 3565422 3565422 1] 241992340

Results: 100.00 125398044

Standard Error: 3.17702e+06
Mean Waiting Time: 1.25398e+08
Statistics for REP_PROB_PERCENT: 20

----------------------------------------
Running client with REP_PROB_PERCENT: 40
**********************************
DTU - OS Challenge - Client v0.20
**********************************
Total requests: 500
Start: 1
Difficulty: 30000000
Repetition probability (%): 40
Request delay (us): 600000
Priority disabled

[1 6930887 6930887 1] 638380
[1 4636916 4636916 1] 461112
[1 4238336 4238336 1] 385048
[1 29760493 29760493 1] 2761356
[1 19641422 19641422 1] 3998189
[1 490028 490028 1] 3443804
[1 22520060 22520060 1] 4926335
[1 4238336 4238336 1] 5334992
[1 17513927 17513927 1] 5935341
[1 13455737 13455737 1] 5978809
[1 4238336 4238336 1] 5378569
[1 16956430 16956430 1] 6336888
[1 21021531 21021531 1] 7663290
[1 23665124 23665124 1] 9226123
[1 18703136 18703136 1] 10355863
[1 21021531 21021531 1] 9755804
[1 4238336 4238336 1] 9155576
[1 15898168 15898168 1] 10025443
[1 23665124 23665124 1] 9983705
[1 19018457 19018457 1] 11184107
[1 4238336 4238336 1] 10583845
[1 18703136 18703136 1] 9383634
[1 6898538 6898538 1] 9413182
[1 23594325 23594325 1] 10976364
[1 4636916 4636916 1] 9775888
[1 19018457 19018457 1] 10376202
[1 14268981 14268981 1] 10484293
[1 29241874 29241874 1] 12587006
[1 12999171 12999171 1] 13190087
[1 15497282 15497282 1] 14014504
[1 21021531 21021531 1] 13414325
[1 27336328 27336328 1] 15328729
[1 13455737 13455737 1] 14728618
[1 12621730 12621730 1] 15294849
[1 27336328 27336328 1] 14694607
[1 4238336 4238336 1] 14094391
[1 23665124 23665124 1] 14242437
[1 4238336 4238336 1] 14842673
[1 21100546 21100546 1] 15442931
[1 10313751 10313751 1] 14594771
[1 26426809 26426809 1] 16448986
[1 29947179 29947179 1] 18617495
[1 27336328 27336328 1] 19202426
[1 19393585 19393585 1] 19802698
[1 4612400 4612400 1] 19029771
[1 21021531 21021531 1] 18429540
[1 13993369 13993369 1] 19117742
[1 19393585 19393585 1] 17917306
[1 18703136 18703136 1] 18517536
[1 6297540 6297540 1] 17896330
[1 17513927 17513927 1] 17959666
[1 13480571 13480571 1] 18559971
[1 2066602 2066602 1] 17551713
[1 27612903 27612903 1] 19525660
[1 19018457 19018457 1] 18925525
[1 260757 260757 1] 18349382
[1 4238336 4238336 1] 17749183
[1 23209442 23209442 1] 19281469
[1 24429690 24429690 1] 20936880
[1 27346620 27346620 1] 22837088
[1 13455737 13455737 1] 22236845
[1 23665124 23665124 1] 21636659
[1 27905772 27905772 1] 23610035
[1 12890676 12890676 1] 24194823
[1 18703136 18703136 1] 23594685
[1 18777857 18777857 1] 24715884
[1 14872354 14872354 1] 25493043
[1 16956430 16956430 1] 25428063
[1 12276966 12276966 1] 26028393
[1 4612400 4612400 1] 23627303
[1 16956430 16956430 1] 23027075
[1 27336328 27336328 1] 24227530
[1 4612400 4612400 1] 24827855
[1 13363369 13363369 1] 23649262
[1 27346620 27346620 1] 23049005
[1 19018457 19018457 1] 22448949
[1 14268981 14268981 1] 23044407
[1 19700724 19700724 1] 23644711
[1 19493452 19493452 1] 24247064
[1 19493452 19493452 1] 23646844
[1 2597489 2597489 1] 23287468
[1 8888229 8888229 1] 23506007
[1 18792351 18792351 1] 24642130
[1 19493452 19493452 1] 25568089
[1 29441501 29441501 1] 26768435
[1 4238336 4238336 1] 26168310
[1 2275857 2275857 1] 25177016
[1 23665124 23665124 1] 26501564
[1 27346492 27346492 1] 27101697
[1 20281937 20281937 1] 27781396
[1 29241874 29241874 1] 26580915
[1 16956430 16956430 1] 27181230
[1 3975408 3975408 1] 26349149
[1 6276122 6276122 1] 26321816
[1 4636916 4636916 1] 24593714
[1 794396 794396 1] 25794171
[1 18703136 18703136 1] 23993461
[1 13455737 13455737 1] 25193971
[1 7231012 7231012 1] 24046052
[1 16956430 16956430 1] 23445897
[1 7322405 7322405 1] 23515460
[1 18703136 18703136 1] 23434366
[1 4238336 4238336 1] 22233892
[1 19018457 19018457 1] 21633709
[1 12255764 12255764 1] 24034609
[1 19641422 19641422 1] 22834219
[1 12067918 12067918 1] 22134697
[1 10313751 10313751 1] 20934313
[1 16956430 16956430 1] 21534554
[1 9512184 9512184 1] 21196711
[1 18295500 18295500 1] 22276103
[1 16206726 16206726 1] 23168496
[1 2755591 2755591 1] 22823565
[1 4612400 4612400 1] 22223280
[1 12469787 12469787 1] 22776800
[1 8338083 8338083 1] 22942866
[1 20388465 20388465 1] 24223652
[1 6939508 6939508 1] 24262696
[1 25228805 25228805 1] 25995353
[1 22278612 22278612 1] 27454995
[1 10313751 10313751 1] 26854746
[1 24887344 24887344 1] 28590369
[1 23665124 23665124 1] 27578193
[1 6898538 6898538 1] 26978029
[1 2035569 2035569 1] 28178541
[1 17513927 17513927 1] 26377783
[1 6473731 6473731 1] 26381738
[1 26811306 26811306 1] 28268772
[1 2755591 2755591 1] 27668682
[1 21021531 21021531 1] 27785022
[1 14248627 14248627 1] 28385305
[1 19393585 19393585 1] 27184826
[1 2755591 2755591 1] 26737427
[1 8213259 8213259 1] 27337760
[1 21305625 21305625 1] 28096659
[1 18703136 18703136 1] 27496414
[1 13911900 13911900 1] 28215992
[1 20145551 20145551 1] 29452839
[1 19290072 19290072 1] 30638144
[1 17487132 17487132 1] 31647852
[1 7684931 7684931 1] 31748864
[1 27905772 27905772 1] 31148732
[1 7370164 7370164 1] 31224929
[1 23387982 23387982 1] 32769124
[1 1252997 1252997 1] 32284542
[1 2713774 2713774 1] 31932884
[1 6473731 6473731 1] 31332792
[1 17681096 17681096 1] 32359164
[1 794396 794396 1] 31759081
[1 6911341 6911341 1] 31799065
[1 23327685 23327685 1] 33335443
[1 16855543 16855543 1] 34296760
[1 29760493 29760493 1] 33696464
[1 18219757 18219757 1] 34815617
[1 7418419 7418419 1] 34902441
[1 23089413 23089413 1] 36443024
[1 25032173 25032173 1] 38139507
[1 29262010 29262010 1] 40245970
[1 7418419 7418419 1] 39645648
[1 12255764 12255764 1] 39128486
[1 16855543 16855543 1] 36127529
[1 7467588 7467588 1] 39728727
[1 6473731 6473731 1] 38528397
[1 27612903 27612903 1] 35527444
[1 7370164 7370164 1] 37328006
[1 18703136 18703136 1] 34327003
[1 27346620 27346620 1] 34927272
[1 4636916 4636916 1] 37928145
[1 13455737 13455737 1] 36727924
[1 27336328 27336328 1] 34604955
[1 15996659 15996659 1] 35205046
[1 19393585 19393585 1] 34004759
[1 19054082 19054082 1] 35168829
[1 16956430 16956430 1] 34568760
[1 26811973 26811973 1] 36450977
[1 73851 73851 1] 35857677
[1 15996659 15996659 1] 35257520
[1 7231012 7231012 1] 34057241
[1 2755591 2755591 1] 34657427
[1 26340714 26340714 1] 35893460
[1 23327685 23327685 1] 36094649
[1 15256191 15256191 1] 36694805
[1 8888229 8888229 1] 35494325
[1 7370164 7370164 1] 34894261
[1 27346620 27346620 1] 34294119
[1 22218005 22218005 1] 35736329
[1 11614770 11614770 1] 36205979
[1 12981777 12981777 1] 36809027
[1 6247256 6247256 1] 36787859
[1 18348143 18348143 1] 37896147
[1 4445885 4445885 1] 37708167
[1 20223206 20223206 1] 38968601
[1 19493452 19493452 1] 38368462
[1 4238336 4238336 1] 37769104
[1 12262755 12262755 1] 38299451
[1 16956430 16956430 1] 37699319
[1 4636916 4636916 1] 37671625
[1 12828203 12828203 1] 38271925
[1 26902022 26902022 1] 39555593
[1 20390869 20390869 1] 40887482
[1 18348143 18348143 1] 40287380
[1 27949909 27949909 1] 42270559
[1 27210499 27210499 1] 44160986
[1 7231012 7231012 1] 43560897
[1 19290072 19290072 1] 42788616
[1 4686249 4686249 1] 43388832
[1 21021531 21021531 1] 42188516
[1 11999755 11999755 1] 42693968
[1 2251747 2251747 1] 42300093
[1 4319530 4319530 1] 42097270
[1 4636916 4636916 1] 41497163
[1 24549798 24549798 1] 43205971
[1 26086991 26086991 1] 45020946
[1 2713774 2713774 1] 44420769
[1 18012498 18012498 1] 45474017
[1 21294893 21294893 1] 46840738
[1 25519126 25519126 1] 48605714
[1 24613997 24613997 1] 50294110
[1 25209189 25209189 1] 52035148
[1 15256191 15256191 1] 51648619
[1 16956430 16956430 1] 51048427
[1 8703730 8703730 1] 52248979
[1 8338083 8338083 1] 50040032
[1 2026305 2026305 1] 50640316
[1 2266749 2266749 1] 49685089
[1 1308903 1308903 1] 49224547
[1 10697698 10697698 1] 49643758
[1 4238336 4238336 1] 50717200
[1 23571044 23571044 1] 51317401
[1 19393585 19393585 1] 50116947
[1 24887344 24887344 1] 49516963
[1 9908539 9908539 1] 49830287
[1 18703136 18703136 1] 48012616
[1 26086991 26086991 1] 49813219
[1 6473731 6473731 1] 49213073
[1 12895152 12895152 1] 50413524
[1 2755591 2755591 1] 48612935
[1 15590965 15590965 1] 48859209
[1 10636430 10636430 1] 49243289
[1 2576336 2576336 1] 48878694
[1 9202901 9202901 1] 49130804
[1 29241874 29241874 1] 48530786
[1 12260290 12260290 1] 49060229
[1 21717989 21717989 1] 50472619
[1 11585796 11585796 1] 50950575
[1 13053145 13053145 1] 51554987
[1 6898538 6898538 1] 50954857
[1 12655341 12655341 1] 51523404
[1 10000570 10000570 1] 51850885
[1 18703136 18703136 1] 51250640
[1 10956043 10956043 1] 51683231
[1 20409118 20409118 1] 52967120
[1 6911341 6911341 1] 52366946
[1 5526310 5526310 1] 52278118
[1 22495426 22495426 1] 53747035
[1 9806368 9806368 1] 54053300
[1 24504235 24504235 1] 55717022
[1 24429690 24429690 1] 53657030
[1 13053145 13053145 1] 56058114
[1 4238336 4238336 1] 55457893
[1 21021531 21021531 1] 54257311
[1 16631627 16631627 1] 56658373
[1 2597489 2597489 1] 52456810
[1 21021531 21021531 1] 53056979
[1 23665124 23665124 1] 54857781
[1 7893530 7893530 1] 52578170
[1 28532291 28532291 1] 54596015
[1 27756971 27756971 1] 56554426
[1 16819081 16819081 1] 57513741
[1 21021531 21021531 1] 56913659
[1 27336328 27336328 1] 56298108
[1 6418628 6418628 1] 56898260
[1 4319530 4319530 1] 55097701
[1 29441501 29441501 1] 55697778
[1 6939508 6939508 1] 54497460
[1 12262755 12262755 1] 53897272
[1 14152275 14152275 1] 54601946
[1 17681096 17681096 1] 54882437
[1 16047642 16047642 1] 55482533
[1 17077889 17077889 1] 55865623
[1 27612903 27612903 1] 55265577
[1 11027285 11027285 1] 55684962
[1 5790418 5790418 1] 55620980
[1 17077889 17077889 1] 55020794
[1 7100238 7100238 1] 55076874
[1 15996659 15996659 1] 54476775
[1 4238336 4238336 1] 53876634
[1 21990784 21990784 1] 55310567
[1 3228459 3228459 1] 55009677
[1 3967638 3967638 1] 54785709
[1 26620484 26620484 1] 56689769
[1 27949909 27949909 1] 56089587
[1 27149315 27149315 1] 58010006
[1 18219757 18219757 1] 57375111
[1 12645730 12645730 1] 58575311
[1 21021531 21021531 1] 56774864
[1 23665124 23665124 1] 57975160
[1 23631234 23631234 1] 58344772
[1 25933682 25933682 1] 60137001
[1 13160359 13160359 1] 60750861
[1 29110700 29110700 1] 62828704
[1 4612400 4612400 1] 62228381
[1 20668364 20668364 1] 63531480
[1 6898538 6898538 1] 62931471
[1 4238336 4238336 1] 63894680
[1 23319848 23319848 1] 64494955
[1 12539391 12539391 1] 64459536
[1 25745792 25745792 1] 66244891
[1 7355116 7355116 1] 66327115
[1 2755591 2755591 1] 65727136
[1 20631492 20631492 1] 67020200
[1 23665124 23665124 1] 66233451
[1 18703136 18703136 1] 65633308
[1 4462952 4462952 1] 66833619
[1 3614031 3614031 1] 65367960
[1 5035326 5035326 1] 65235323
[1 24187517 24187517 1] 66876363
[1 21305625 21305625 1] 66276216
[1 17077889 17077889 1] 65676031
[1 3785405 3785405 1] 65427036
[1 15256191 15256191 1] 64827063
[1 2026305 2026305 1] 64226825
[1 4612400 4612400 1] 64466234
[1 15539863 15539863 1] 65066371
[1 17077889 17077889 1] 65375435
[1 22692686 22692686 1] 65975602
[1 27149315 27149315 1] 64679517
[1 5433484 5433484 1] 65279620
[1 15889745 15889745 1] 65545041
[1 18469912 18469912 1] 66647142
[1 19290072 19290072 1] 65446589
[1 16047642 16047642 1] 64846425
[1 27612903 27612903 1] 66046840
[1 12740050 12740050 1] 65426787
[1 6588712 6588712 1] 65435412
[1 4238336 4238336 1] 64835153
[1 16077376 16077376 1] 65721828
[1 29593615 29593615 1] 67837031
[1 9343769 9343769 1] 68099525
[1 8888229 8888229 1] 67489838
[1 6898538 6898538 1] 68690230
[1 19544919 19544919 1] 69290429
[1 13455737 13455737 1] 68090177
[1 14311575 14311575 1] 68214290
[1 14248627 14248627 1] 67614205
[1 13550254 13550254 1] 68263905
[1 8803075 8803075 1] 68478000
[1 2755591 2755591 1] 67877908
[1 15138378 15138378 1] 68681219
[1 24415776 24415776 1] 70344714
[1 12032920 12032920 1] 70873178
[1 4612400 4612400 1] 70273111
[1 16011018 16011018 1] 71157645
[1 24760236 24760236 1] 72841540
[1 2755591 2755591 1] 72241397
[1 22423944 22423944 1] 73704159
[1 4666329 4666329 1] 73537415
[1 13550254 13550254 1] 71736740
[1 4238336 4238336 1] 72337007
[1 4238336 4238336 1] 72937312
[1 2575056 2575056 1] 71374258
[1 2963859 2963859 1] 71044665
[1 4636916 4636916 1] 70444542
[1 23631234 23631234 1] 71133311
[1 20372662 20372662 1] 71733592
[1 12276966 12276966 1] 70353474
[1 10613074 10613074 1] 71554021
[1 8338083 8338083 1] 70953876
[1 12336504 12336504 1] 70892777
[1 29639007 29639007 1] 73043091
[1 5414640 5414640 1] 72945945
[1 7721121 7721121 1] 73063132
[1 24880227 24880227 1] 74738938
[1 10387678 10387678 1] 75110260
[1 27963982 27963982 1] 77125588
[1 17487132 17487132 1] 77308255
[1 14887561 14887561 1] 77908577
[1 24433519 24433519 1] 78988698
[1 18295500 18295500 1] 77788217
[1 23665124 23665124 1] 78388447
[1 24627322 24627322 1] 79497982
[1 22994985 22994985 1] 81035746
[1 23794428 23794428 1] 82657848
[1 19018457 19018457 1] 82057704
[1 22970073 22970073 1] 83600625
[1 21245831 21245831 1] 84985831
[1 26370348 26370348 1] 86833628
[1 20982031 20982031 1] 88147002
[1 9653715 9653715 1] 88432342
[1 18057523 18057523 1] 89480995
[1 18626925 18626925 1] 90587290
[1 3189436 3189436 1] 90282503
[1 21021531 21021531 1] 89682428
[1 22630444 22630444 1] 91157036
[1 24945487 24945487 1] 92839240
[1 16956430 16956430 1] 92239057
[1 6250263 6250263 1] 92212392
[1 14989684 14989684 1] 92997554
[1 7418419 7418419 1] 93796619
[1 21539849 21539849 1] 94396888
[1 11449123 11449123 1] 94258988
[1 7927336 7927336 1] 94393875
[1 23089413 23089413 1] 93793624
[1 24102748 24102748 1] 95423755
[1 25311777 25311777 1] 97164505
[1 19290072 19290072 1] 96309280
[1 3725219 3725219 1] 96909401
[1 15209934 15209934 1] 97124903
[1 10313751 10313751 1] 96524690
[1 18703136 18703136 1] 95924437
[1 5748721 5748721 1] 95859900
[1 18295500 18295500 1] 95509949
[1 9121309 9121309 1] 96110114
[1 7076377 7076377 1] 95569732
[1 1252716 1252716 1] 95085648
[1 2825172 2825172 1] 94747202
[1 25771560 25771560 1] 96496621
[1 17077889 17077889 1] 95896303
[1 2597489 2597489 1] 95296086
[1 24429690 24429690 1] 93495656
[1 22278612 22278612 1] 94696059
[1 24429690 24429690 1] 94095846
[1 1489115 1489115 1] 93033941
[1 22423944 22423944 1] 91833580
[1 27612903 27612903 1] 92433865
[1 25575224 25575224 1] 93592855
[1 332232 332232 1] 93023479
[1 29639007 29639007 1] 92423256
[1 11323876 11323876 1] 92873037
[1 20390180 20390180 1] 94195198
[1 25202255 25202255 1] 95921841
[1 12621730 12621730 1] 96606743
[1 20311132 20311132 1] 97207024
[1 3199182 3199182 1] 96302818
[1 2755591 2755591 1] 96082835
[1 10554604 10554604 1] 96683030
[1 23590182 23590182 1] 97662294
[1 29359416 29359416 1] 99754637
[1 27336328 27336328 1] 100546698
[1 21768826 21768826 1] 101146917
[1 15550552 15550552 1] 101381541
[1 12262755 12262755 1] 100893152
[1 14090033 14090033 1] 102093525
[1 23387982 23387982 1] 101493467
[1 3299709 3299709 1] 100598618
[1 27860000 27860000 1] 102568790
[1 9112298 9112298 1] 102812284
[1 19475777 19475777 1] 103996158
[1 16047642 16047642 1] 103952615
[1 23665124 23665124 1] 104552810
[1 19054082 19054082 1] 103352312
[1 19068978 19068978 1] 105153023
[1 10508861 10508861 1] 103724579
[1 17909212 17909212 1] 104781375
[1 23669087 23669087 1] 106357735
[1 8590931 8590931 1] 106548728
[1 794584 794584 1] 106021962
[1 6473731 6473731 1] 104821457
[1 27149315 27149315 1] 105421826
[1 20037526 20037526 1] 106084000
[1 21305625 21305625 1] 104883721
[1 21021531 21021531 1] 104283438
[1 18703136 18703136 1] 103083111
[1 15138378 15138378 1] 103683424
[1 22278612 22278612 1] 105483938
[1 14826622 14826622 1] 103856410
[1 14248627 14248627 1] 103256189
[1 22634226 22634226 1] 104740982
[1 2755591 2755591 1] 103540546
[1 18792351 18792351 1] 104140845
[1 27149315 27149315 1] 102940433
[1 13712351 13712351 1] 103604814
[1 20009098 20009098 1] 104853038
[1 6588712 6588712 1] 104252871
[1 14522072 14522072 1] 104979881
[1 26533150 26533150 1] 106828393
[1 12999171 12999171 1] 106228137
[1 15256191 15256191 1] 105627977
[1 22836611 22836611 1] 107134427
[1 1928578 1928578 1] 106713017
[1 8498977 8498977 1] 106900319
[1 4238336 4238336 1] 105769801
[1 754553 754553 1] 106369945
[1 23360100 23360100 1] 107325353
[1 16448567 16448567 1] 108245206
[1 6377018 6377018 1] 108234848
[1 14392736 14392736 1] 108996078
[1 26491299 26491299 1] 110859953
[1 6453196 6453196 1] 110854756
[1 6055806 6055806 1] 110813437
[1 14423429 14423429 1] 111545283
[1 24760236 24760236 1] 112143815
[1 19552529 19552529 1] 112743975
[1 24322198 24322198 1] 113788050
[1 9289673 9289673 1] 114074200
[1 2755591 2755591 1] 115522620
[1 28806446 28806446 1] 116122909
[1 2238284 2238284 1] 115128673
[1 7370164 7370164 1] 114528505
[1 3565422 3565422 1] 114254551

Results: 100.00 55126053

Standard Error: 1.37572e+06
Mean Waiting Time: 5.51261e+07
Statistics for REP_PROB_PERCENT: 40

----------------------------------------
Running client with REP_PROB_PERCENT: 60
**********************************
DTU - OS Challenge - Client v0.20
**********************************
Total requests: 500
Start: 1
Difficulty: 30000000
Repetition probability (%): 60
Request delay (us): 600000
Priority disabled

[1 6930887 6930887 1] 641498
[1 4636916 4636916 1] 481294
[1 4238336 4238336 1] 381855
[1 29760493 29760493 1] 2750935
[1 4636916 4636916 1] 2150962
[1 490028 490028 1] 1597924
[1 22520060 22520060 1] 3109209
[1 17513927 17513927 1] 4131374
[1 4238336 4238336 1] 3531231
[1 13455737 13455737 1] 4178589
[1 4238336 4238336 1] 3578322
[1 16956430 16956430 1] 4670654
[1 21021531 21021531 1] 5977581
[1 23665124 23665124 1] 7560734
[1 18703136 18703136 1] 8687686
[1 21021531 21021531 1] 8087541
[1 4238336 4238336 1] 7487313
[1 15898168 15898168 1] 8351647
[1 19018457 19018457 1] 9501345
[1 18703136 18703136 1] 7700869
[1 23665124 23665124 1] 8301055
[1 4238336 4238336 1] 8901240
[1 6898538 6898538 1] 7740593
[1 19018457 19018457 1] 8733344
[1 23594325 23594325 1] 9333563
[1 4636916 4636916 1] 8133236
[1 6930887 6930887 1] 8252723
[1 14268981 14268981 1] 8852912
[1 12999171 12999171 1] 8858184
[1 21021531 21021531 1] 9094302
[1 15497282 15497282 1] 9694378
[1 19018457 19018457 1] 9812122
[1 27336328 27336328 1] 9211944
[1 27336328 27336328 1] 11012459
[1 4238336 4238336 1] 8611867
[1 13455737 13455737 1] 10412362
[1 23665124 23665124 1] 8756679
[1 4238336 4238336 1] 9356835
[1 21100546 21100546 1] 9956937
[1 18703136 18703136 1] 8156550
[1 26426809 26426809 1] 10005764
[1 29947179 29947179 1] 12159467
[1 27336328 27336328 1] 12735771
[1 17513927 17513927 1] 12135568
[1 19393585 19393585 1] 13335986
[1 21021531 21021531 1] 11535334
[1 18703136 18703136 1] 11622006
[1 19393585 19393585 1] 11021970
[1 13993369 13993369 1] 12222417
[1 6297540 6297540 1] 10999268
[1 17513927 17513927 1] 11037557
[1 13480571 13480571 1] 11637961
[1 2066602 2066602 1] 10625762
[1 19018457 19018457 1] 11963123
[1 27612903 27612903 1] 12563317
[1 4636916 4636916 1] 11362889
[1 4238336 4238336 1] 10762637
[1 23209442 23209442 1] 12303964
[1 24429690 24429690 1] 13982145
[1 27612903 27612903 1] 13381936
[1 13455737 13455737 1] 12781700
[1 23665124 23665124 1] 12181570
[1 27905772 27905772 1] 14185459
[1 18703136 18703136 1] 14181276
[1 12890676 12890676 1] 14781423
[1 18777857 18777857 1] 15327137
[1 14872354 14872354 1] 16143082
[1 27336328 27336328 1] 14879905
[1 17513927 17513927 1] 14279787
[1 12276966 12276966 1] 16680402
[1 16956430 16956430 1] 16080227
[1 17513927 17513927 1] 15480117
[1 16956430 16956430 1] 13679618
[1 19018457 19018457 1] 13115333
[1 13363369 13363369 1] 14315639
[1 27612903 27612903 1] 13715453
[1 19018457 19018457 1] 13143994
[1 19700724 19700724 1] 14344258
[1 14268981 14268981 1] 13744085
[1 19018457 19018457 1] 12543663
[1 2597489 2597489 1] 12176658
[1 8888229 8888229 1] 12384079
[1 19018457 19018457 1] 11784116
[1 4238336 4238336 1] 13294077
[1 19018457 19018457 1] 12694057
[1 29441501 29441501 1] 13894501
[1 21021531 21021531 1] 11705629
[1 2275857 2275857 1] 12305841
[1 16956430 16956430 1] 9905268
[1 18703136 18703136 1] 10505439
[1 23665124 23665124 1] 11105518
[1 6930887 6930887 1] 9305093
[1 3975408 3975408 1] 9070369
[1 6276122 6276122 1] 9048148
[1 21021531 21021531 1] 8447931
[1 18703136 18703136 1] 6647297
[1 16956430 16956430 1] 5446915
[1 21021531 21021531 1] 6047113
[1 4636916 4636916 1] 7247557
[1 13455737 13455737 1] 7847751
[1 7322405 7322405 1] 5523800
[1 26426809 26426809 1] 4923662
[1 19018457 19018457 1] 2522956
[1 4238336 4238336 1] 3123123
[1 18703136 18703136 1] 4323552
[1 4636916 4636916 1] 3723419
[1 12067918 12067918 1] 3036494
[1 18703136 18703136 1] 1836164
[1 16956430 16956430 1] 2436355
[1 9512184 9512184 1] 2136814
[1 18295500 18295500 1] 3319570
[1 22520060 22520060 1] 3775145
[1 17513927 17513927 1] 3174886
[1 16206726 16206726 1] 4375482
[1 19700724 19700724 1] 2574366
[1 6930887 6930887 1] 2146636
[1 8338083 8338083 1] 2746775
[1 6939508 6939508 1] 2192046
[1 18703136 18703136 1] 391450
[1 27905772 27905772 1] 1591944
[1 19018457 19018457 1] 991806
[1 24887344 24887344 1] 2306898
[1 21100546 21100546 1] 1706777
[1 23665124 23665124 1] 1106669
[1 6898538 6898538 1] 506312
[1 17513927 17513927 1] 104
[1 6473731 6473731 1] 593113
[1 21021531 21021531 1] 692640
[1 22520060 22520060 1] 1893112
[1 19393585 19393585 1] 92530
[1 19018457 19018457 1] 1293081
[1 26811306 26811306 1] 2493466
[1 22520060 22520060 1] 151222
[1 8213259 8213259 1] 751474
[1 4238336 4238336 1] 766909
[1 21305625 21305625 1] 1967299
[1 18703136 18703136 1] 1367030
[1 20145551 20145551 1] 2039692
[1 19290072 19290072 1] 3213996
[1 17487132 17487132 1] 4216219
[1 27905772 27905772 1] 3718409
[1 18703136 18703136 1] 3118226
[1 7684931 7684931 1] 4318726
[1 23387982 23387982 1] 4662243
[1 4636916 4636916 1] 3578194
[1 1252997 1252997 1] 4178376
[1 6473731 6473731 1] 2977984
[1 17681096 17681096 1] 4010669
[1 21021531 21021531 1] 3410563
[1 6911341 6911341 1] 3451114
[1 23327685 23327685 1] 4993345
[1 29760493 29760493 1] 5329627
[1 16855543 16855543 1] 5929802
[1 21021531 21021531 1] 4729395
[1 7418419 7418419 1] 4813562
[1 19700724 19700724 1] 5755344
[1 4636916 4636916 1] 2154176
[1 2275857 2275857 1] 3954659
[1 6473731 6473731 1] 2754275
[1 7418419 7418419 1] 4554890
[1 6939508 6939508 1] 5155139
[1 26426809 26426809 1] 3354583
[1 18703136 18703136 1] 1554027
[1 13455737 13455737 1] 953863
[1 16855543 16855543 1] 353648
[1 23089413 23089413 1] 6355521
[1 27612903 27612903 1] 119
[1 27612903 27612903 1] 100
[1 18703136 18703136 1] 105
[1 19393585 19393585 1] 251812
[1 27336328 27336328 1] 851982
[1 15996659 15996659 1] 1452203
[1 16956430 16956430 1] 1166887
[1 19054082 19054082 1] 1767069
[1 26811973 26811973 1] 3048680
[1 73851 73851 1] 2455280
[1 22520060 22520060 1] 1255016
[1 21021531 21021531 1] 654994
[1 15996659 15996659 1] 1855322
[1 26340714 26340714 1] 2479319
[1 23327685 23327685 1] 2684580
[1 15256191 15256191 1] 3284835
[1 18703136 18703136 1] 1484289
[1 27612903 27612903 1] 884215
[1 8888229 8888229 1] 2084543
[1 22218005 22218005 1] 2333556
[1 11614770 11614770 1] 2815249
[1 12981777 12981777 1] 3457368
[1 26426809 26426809 1] 2257123
[1 23089413 23089413 1] 2857267
[1 4445885 4445885 1] 2072414
[1 20223206 20223206 1] 3353622
[1 19018457 19018457 1] 2753576
[1 4238336 4238336 1] 2153447
[1 12262755 12262755 1] 2678517
[1 4636916 4636916 1] 877904
[1 22520060 22520060 1] 1478130
[1 16956430 16956430 1] 2078450
[1 26426809 26426809 1] 2153317
[1 26902022 26902022 1] 2753524
[1 26426809 26426809 1] 1553155
[1 6473731 6473731 1] 2912163
[1 7684931 7684931 1] 1711941
[1 27949909 27949909 1] 3512424
[1 19290072 19290072 1] 1111865
[1 21021531 21021531 1] 511790
[1 21021531 21021531 1] 2312178
[1 11999755 11999755 1] 1093433
[1 2251747 2251747 1] 702016
[1 4319530 4319530 1] 495517
[1 4636916 4636916 1] 110
[1 7418419 7418419 1] 1649153
[1 4636916 4636916 1] 1048855
[1 24549798 24549798 1] 2249408
[1 18012498 18012498 1] 2115618
[1 8213259 8213259 1] 1515360
[1 25519126 25519126 1] 3279726
[1 27612903 27612903 1] 2679592
[1 19700724 19700724 1] 3803110
[1 25209189 25209189 1] 4403166
[1 16956430 16956430 1] 2602763
[1 8338083 8338083 1] 1402461
[1 29760493 29760493 1] 202214
[1 19700724 19700724 1] 802322
[1 15256191 15256191 1] 3203011
[1 29760493 29760493 1] 2002669
[1 10697698 10697698 1] 976099
[1 24887344 24887344 1] 743229
[1 23571044 23571044 1] 2543729
[1 19393585 19393585 1] 1343405
[1 4238336 4238336 1] 1943671
[1 29760493 29760493 1] 143074
[1 26811306 26811306 1] 102
[1 7418419 7418419 1] 102
[1 6473731 6473731 1] 636
[1 22520060 22520060 1] 100
[1 18703136 18703136 1] 113
[1 22520060 22520060 1] 130
[1 10636430 10636430 1] 965476
[1 27905772 27905772 1] 365395
[1 9202901 9202901 1] 839752
[1 6930887 6930887 1] 239646
[1 19018457 19018457 1] 133
[1 21717989 21717989 1] 1995937
[1 2275857 2275857 1] 1867594
[1 6898538 6898538 1] 1267492
[1 11585796 11585796 1] 2467853
[1 18703136 18703136 1] 632947
[1 12655341 12655341 1] 1833324
[1 19018457 19018457 1] 1233138
[1 10956043 10956043 1] 1037677
[1 18703136 18703136 1] 437495
[1 6911341 6911341 1] 152
[1 5526310 5526310 1] 493814
[1 22495426 22495426 1] 2053098
[1 9806368 9806368 1] 2350279
[1 24504235 24504235 1] 4037236
[1 16631627 16631627 1] 4978714
[1 2275857 2275857 1] 4378659
[1 4238336 4238336 1] 3778349
[1 23665124 23665124 1] 3177992
[1 21021531 21021531 1] 1377652
[1 24429690 24429690 1] 1977831
[1 21021531 21021531 1] 2578032
[1 2597489 2597489 1] 777489
[1 7893530 7893530 1] 908745
[1 26426809 26426809 1] 308649
[1 13363369 13363369 1] 284
[1 7418419 7418419 1] 95
[1 21021531 21021531 1] 804
[1 27612903 27612903 1] 102
[1 27336328 27336328 1] 98
[1 29441501 29441501 1] 95
[1 4319530 4319530 1] 97
[1 6939508 6939508 1] 965
[1 12262755 12262755 1] 1378
[1 17681096 17681096 1] 85171
[1 14152275 14152275 1] 1285706
[1 6898538 6898538 1] 685441
[1 27612903 27612903 1] 957988
[1 17077889 17077889 1] 1558273
[1 17077889 17077889 1] 173200
[1 11027285 11027285 1] 1373622
[1 21021531 21021531 1] 773505
[1 22520060 22520060 1] 148
[1 15996659 15996659 1] 95
[1 4238336 4238336 1] 104
[1 19018457 19018457 1] 136
[1 3228459 3228459 1] 289413
[1 3967638 3967638 1] 361190
[1 16956430 16956430 1] 1294787
[1 26620484 26620484 1] 2495268
[1 27949909 27949909 1] 1895187
[1 21021531 21021531 1] 665145
[1 21021531 21021531 1] 64809
[1 23665124 23665124 1] 1265369
[1 12645730 12645730 1] 1865596
[1 23631234 23631234 1] 2153700
[1 8338083 8338083 1] 1553534
[1 13160359 13160359 1] 2169253
[1 17513927 17513927 1] 3635126
[1 29110700 29110700 1] 4235373
[1 6898538 6898538 1] 4347991
[1 20668364 20668364 1] 4948076
[1 23319848 23319848 1] 5896744
[1 4238336 4238336 1] 5296492
[1 12539391 12539391 1] 5858180
[1 22520060 22520060 1] 6444876
[1 25745792 25745792 1] 7645287
[1 12981777 12981777 1] 7045105
[1 20631492 20631492 1] 7756995
[1 23665124 23665124 1] 6556530
[1 19393585 19393585 1] 5356152
[1 27336328 27336328 1] 7157002
[1 18703136 18703136 1] 5956450
[1 5035326 5035326 1] 5220124
[1 21305625 21305625 1] 6253936
[1 24187517 24187517 1] 6854190
[1 17077889 17077889 1] 5653705
[1 29760493 29760493 1] 4205115
[1 3785405 3785405 1] 5405662
[1 15256191 15256191 1] 4805386
[1 15539863 15539863 1] 5043729
[1 17513927 17513927 1] 4443547
[1 22692686 22692686 1] 5938681
[1 17077889 17077889 1] 5338527
[1 5433484 5433484 1] 5238954
[1 16956430 16956430 1] 4638762
[1 19393585 19393585 1] 4038613
[1 27612903 27612903 1] 4539218
[1 18469912 18469912 1] 5139397
[1 6898538 6898538 1] 3338849
[1 19290072 19290072 1] 3938920
[1 4238336 4238336 1] 2715443
[1 12740050 12740050 1] 3915904
[1 18777857 18777857 1] 3315693
[1 16077376 16077376 1] 3594830
[1 4238336 4238336 1] 2994720
[1 9343769 9343769 1] 3253495
[1 6898538 6898538 1] 3837690
[1 19544919 19544919 1] 4438001
[1 8888229 8888229 1] 2637454
[1 13455737 13455737 1] 3237628
[1 19018457 19018457 1] 2743101
[1 14311575 14311575 1] 3343224
[1 22520060 22520060 1] 2172110
[1 19018457 19018457 1] 2772167
[1 13550254 13550254 1] 3372563
[1 15138378 15138378 1] 2971682
[1 24415776 24415776 1] 4615028
[1 12032920 12032920 1] 5123245
[1 17513927 17513927 1] 4523101
[1 16011018 16011018 1] 5396919
[1 21021531 21021531 1] 3596352
[1 3228459 3228459 1] 4796787
[1 22520060 22520060 1] 4196569
[1 4666329 4666329 1] 3428449
[1 4238336 4238336 1] 2828566
[1 4238336 4238336 1] 2228454
[1 13550254 13550254 1] 1628218
[1 2575056 2575056 1] 1265186
[1 4636916 4636916 1] 336117
[1 2963859 2963859 1] 936366
[1 20372662 20372662 1] 1873967
[1 23631234 23631234 1] 1273817
[1 10613074 10613074 1] 1648181
[1 8338083 8338083 1] 1047979
[1 12276966 12276966 1] 447813
[1 12336504 12336504 1] 1133370
[1 29639007 29639007 1] 3279095
[1 27949909 27949909 1] 2583721
[1 5414640 5414640 1] 3183858
[1 24880227 24880227 1] 4287579
[1 10387678 10387678 1] 4655413
[1 27963982 27963982 1] 6634242
[1 17487132 17487132 1] 6796354
[1 14887561 14887561 1] 7396408
[1 24433519 24433519 1] 8458012
[1 23665124 23665124 1] 7857850
[1 18295500 18295500 1] 7257642
[1 24627322 24627322 1] 8963597
[1 22994985 22994985 1] 10482228
[1 23794428 23794428 1] 12090358
[1 19018457 19018457 1] 11490281
[1 22970073 22970073 1] 13021592
[1 21245831 21245831 1] 14393353
[1 19393585 19393585 1] 15614962
[1 26370348 26370348 1] 16215258
[1 27963982 27963982 1] 14727566
[1 11614770 11614770 1] 15327901
[1 9653715 9653715 1] 15928123
[1 3189436 3189436 1] 14430085
[1 29760493 29760493 1] 13229657
[1 21021531 21021531 1] 13830030
[1 16956430 16956430 1] 14364906
[1 24887344 24887344 1] 13764585
[1 24945487 24945487 1] 14965183
[1 14989684 14989684 1] 14543977
[1 4238336 4238336 1] 13943759
[1 7418419 7418419 1] 13343518
[1 14152275 14152275 1] 13193035
[1 23089413 23089413 1] 12592868
[1 11449123 11449123 1] 13793303
[1 24102748 24102748 1] 14209759
[1 25311777 25311777 1] 15940669
[1 3725219 3725219 1] 15682894
[1 18703136 18703136 1] 14482407
[1 19290072 19290072 1] 15082529
[1 18703136 18703136 1] 13882196
[1 18703136 18703136 1] 13281972
[1 5748721 5748721 1] 13209578
[1 18295500 18295500 1] 12843847
[1 9121309 9121309 1] 13444091
[1 7076377 7076377 1] 12888915
[1 1252716 1252716 1] 12400997
[1 9121309 9121309 1] 11800887
[1 25771560 25771560 1] 13566596
[1 17077889 17077889 1] 12966345
[1 24429690 24429690 1] 10565721
[1 2597489 2597489 1] 12366247
[1 24429690 24429690 1] 11165831
[1 19018457 19018457 1] 11766259
[1 21021531 21021531 1] 8902671
[1 4238336 4238336 1] 8302417
[1 27612903 27612903 1] 9502947
[1 1489115 1489115 1] 10104228
[1 332232 332232 1] 7733153
[1 29639007 29639007 1] 7132894
[1 11323876 11323876 1] 7581162
[1 15996659 15996659 1] 6981094
[1 6473731 6473731 1] 8116788
[1 25202255 25202255 1] 8716964
[1 19018457 19018457 1] 7516621
[1 3199182 3199182 1] 7212741
[1 10554604 10554604 1] 7590043
[1 22520060 22520060 1] 6990023
[1 23590182 23590182 1] 8569874
[1 29359416 29359416 1] 10682154
[1 27336328 27336328 1] 11488068
[1 21768826 21768826 1] 12088236
[1 15550552 15550552 1] 12295496
[1 12262755 12262755 1] 11785669
[1 23387982 23387982 1] 12385766
[1 14090033 14090033 1] 12985985
[1 25311777 25311777 1] 11185516
[1 27860000 27860000 1] 13153419
[1 9112298 9112298 1] 13390658
[1 19475777 19475777 1] 14579614
[1 23665124 23665124 1] 13379105
[1 6930887 6930887 1] 13979478
[1 19054082 19054082 1] 12178776
[1 6898538 6898538 1] 12779030
[1 10508861 10508861 1] 12546703
[1 17909212 17909212 1] 13589882
[1 23669087 23669087 1] 15172192
[1 8590931 8590931 1] 15366799
[1 794584 794584 1] 14839963
[1 16956430 16956430 1] 14239755
[1 6473731 6473731 1] 13639636
[1 19018457 19018457 1] 14294294
[1 21305625 21305625 1] 13694169
[1 18703136 18703136 1] 11893555
[1 15138378 15138378 1] 12493767
[1 20037526 20037526 1] 14894613
[1 21021531 21021531 1] 13093920
[1 19018457 19018457 1] 12066262
[1 14826622 14826622 1] 12666588
[1 22634226 22634226 1] 13559849
[1 16956430 16956430 1] 11759175
[1 19018457 19018457 1] 12959674
[1 22520060 22520060 1] 12359458
[1 18777857 18777857 1] 11257277
[1 13712351 13712351 1] 12457874
[1 19018457 19018457 1] 11857716
[1 14522072 14522072 1] 12014742
[1 12999171 12999171 1] 10814432
[1 7418419 7418419 1] 11414702
[1 15256191 15256191 1] 10214287
[1 22836611 22836611 1] 11701598
[1 1928578 1928578 1] 11279990
[1 8498977 8498977 1] 11467287
[1 4238336 4238336 1] 10335876
[1 754553 754553 1] 10936173
[1 332232 332232 1] 11288922
[1 23360100 23360100 1] 11889209
[1 22520060 22520060 1] 10088602
[1 18703136 18703136 1] 10688857
[1 26491299 26491299 1] 11937554
[1 6453196 6453196 1] 11932127
[1 6055806 6055806 1] 11895225
[1 4319530 4319530 1] 12028538
[1 14423429 14423429 1] 12628752
[1 3228459 3228459 1] 11428359
[1 19018457 19018457 1] 12484143
[1 24322198 24322198 1] 13084485
[1 22520060 22520060 1] 14015302
[1 28806446 28806446 1] 14615539
[1 2238284 2238284 1] 13622540
[1 18703136 18703136 1] 13022455
[1 3565422 3565422 1] 12753895

Results: 100.00 6397886

Standard Error: 223643
Mean Waiting Time: 6.39789e+06
Statistics for REP_PROB_PERCENT: 60

----------------------------------------
Running client with REP_PROB_PERCENT: 80
**********************************
DTU - OS Challenge - Client v0.20
**********************************
Total requests: 500
Start: 1
Difficulty: 30000000
Repetition probability (%): 80
Request delay (us): 600000
Priority disabled

[1 6930887 6930887 1] 631063
[1 6930887 6930887 1] 30931
[1 4238336 4238336 1] 386046
[1 6930887 6930887 1] 2158176
[1 29760493 29760493 1] 2758384
[1 4238336 4238336 1] 1558000
[1 4238336 4238336 1] 1856799
[1 6930887 6930887 1] 1256780
[1 4238336 4238336 1] 656616
[1 6930887 6930887 1] 56525
[1 6930887 6930887 1] 2457098
[1 22520060 22520060 1] 3058086
[1 29760493 29760493 1] 1626192
[1 21021531 21021531 1] 425694
[1 4238336 4238336 1] 1025994
[1 21021531 21021531 1] 2230474
[1 4238336 4238336 1] 155
[1 4238336 4238336 1] 230
[1 4238336 4238336 1] 1143959
[1 19018457 19018457 1] 1744154
[1 29760493 29760493 1] 543804
[1 4238336 4238336 1] 99
[1 6898538 6898538 1] 624619
[1 23594325 23594325 1] 2241243
[1 19018457 19018457 1] 1641060
[1 6930887 6930887 1] 1040839
[1 19018457 19018457 1] 555030
[1 14268981 14268981 1] 1755375
[1 6930887 6930887 1] 1155234
[1 15497282 15497282 1] 1427066
[1 21021531 21021531 1] 826880
[1 6930887 6930887 1] 2148208
[1 4238336 4238336 1] 347622
[1 19018457 19018457 1] 1548074
[1 27336328 27336328 1] 2748408
[1 27336328 27336328 1] 947966
[1 21100546 21100546 1] 1927432
[1 4238336 4238336 1] 1327265
[1 29760493 29760493 1] 727130
[1 4238336 4238336 1] 126993
[1 26426809 26426809 1] 2438692
[1 14268981 14268981 1] 1838582
[1 19393585 19393585 1] 3034727
[1 6930887 6930887 1] 1834257
[1 4238336 4238336 1] 33663
[1 27336328 27336328 1] 2434435
[1 4238336 4238336 1] 633984
[1 21021531 21021531 1] 1234219
[1 19393585 19393585 1] 123
[1 6297540 6297540 1] 600649
[1 13480571 13480571 1] 1279169
[1 6930887 6930887 1] 78668
[1 6930887 6930887 1] 679032
[1 6930887 6930887 1] 1340797
[1 19018457 19018457 1] 1940954
[1 4238336 4238336 1] 740459
[1 27612903 27612903 1] 2541042
[1 23209442 23209442 1] 2283093
[1 6930887 6930887 1] 482468
[1 27612903 27612903 1] 1082621
[1 27336328 27336328 1] 1682877
[1 29760493 29760493 1] 135
[1 27905772 27905772 1] 2559439
[1 27336328 27336328 1] 1974827
[1 4238336 4238336 1] 2575135
[1 12890676 12890676 1] 3175381
[1 14872354 14872354 1] 2755944
[1 27336328 27336328 1] 1489721
[1 6930887 6930887 1] 889523
[1 12276966 12276966 1] 3290454
[1 6930887 6930887 1] 289417
[1 6930887 6930887 1] 2690323
[1 6930887 6930887 1] 2090040
[1 27905772 27905772 1] 196
[1 27612903 27612903 1] 185
[1 19018457 19018457 1] 128
[1 19700724 19700724 1] 1813242
[1 19018457 19018457 1] 12700
[1 19018457 19018457 1] 613059
[1 14268981 14268981 1] 1213204
[1 19393585 19393585 1] 113
[1 23594325 23594325 1] 113
[1 19018457 19018457 1] 120
[1 29441501 29441501 1] 2711906
[1 19018457 19018457 1] 1511406
[1 4238336 4238336 1] 2111703
[1 2275857 2275857 1] 1126565
[1 21021531 21021531 1] 526545
[1 29760493 29760493 1] 97
[1 4238336 4238336 1] 103
[1 6930887 6930887 1] 105
[1 6930887 6930887 1] 120
[1 27612903 27612903 1] 110
[1 6930887 6930887 1] 716
[1 21021531 21021531 1] 130
[1 6930887 6930887 1] 109
[1 6930887 6930887 1] 115
[1 4238336 4238336 1] 105
[1 21021531 21021531 1] 107
[1 6930887 6930887 1] 429
[1 6930887 6930887 1] 113
[1 26426809 26426809 1] 266
[1 4238336 4238336 1] 110
[1 6930887 6930887 1] 167
[1 4238336 4238336 1] 120
[1 19018457 19018457 1] 126
[1 4238336 4238336 1] 122
[1 6930887 6930887 1] 115
[1 4238336 4238336 1] 139
[1 6930887 6930887 1] 125
[1 18295500 18295500 1] 1668898
[1 22520060 22520060 1] 468704
[1 29760493 29760493 1] 1068951
[1 6930887 6930887 1] 801
[1 19700724 19700724 1] 108
[1 4238336 4238336 1] 140
[1 6930887 6930887 1] 97
[1 6939508 6939508 1] 628169
[1 27905772 27905772 1] 27997
[1 19018457 19018457 1] 126
[1 4238336 4238336 1] 127
[1 29760493 29760493 1] 1068259
[1 6898538 6898538 1] 468116
[1 24887344 24887344 1] 2268460
[1 21100546 21100546 1] 1668440
[1 6930887 6930887 1] 113
[1 19700724 19700724 1] 119
[1 19018457 19018457 1] 89
[1 22520060 22520060 1] 91
[1 19018457 19018457 1] 1151
[1 21021531 21021531 1] 95
[1 19393585 19393585 1] 99
[1 8213259 8213259 1] 744108
[1 22520060 22520060 1] 143952
[1 4238336 4238336 1] 107
[1 4238336 4238336 1] 939
[1 4238336 4238336 1] 100
[1 6939508 6939508 1] 94
[1 15497282 15497282 1] 95
[1 29760493 29760493 1] 101
[1 27905772 27905772 1] 107473
[1 7684931 7684931 1] 707656
[1 4238336 4238336 1] 100
[1 23387982 23387982 1] 2138297
[1 1252997 1252997 1] 1654730
[1 6930887 6930887 1] 1054674
[1 19700724 19700724 1] 454582
[1 17681096 17681096 1] 1621719
[1 21021531 21021531 1] 1021667
[1 6911341 6911341 1] 1063336
[1 23327685 23327685 1] 2617271
[1 4238336 4238336 1] 216647
[1 21021531 21021531 1] 816838
[1 29760493 29760493 1] 1416868
[1 4238336 4238336 1] 2017178
[1 6939508 6939508 1] 916658
[1 23089413 23089413 1] 2117103
[1 19700724 19700724 1] 1516911
[1 4238336 4238336 1] 316434
[1 2275857 2275857 1] 117
[1 26426809 26426809 1] 151
[1 19700724 19700724 1] 1192
[1 6930887 6930887 1] 538
[1 4238336 4238336 1] 93
[1 6930887 6930887 1] 128
[1 4238336 4238336 1] 108
[1 27612903 27612903 1] 101
[1 27612903 27612903 1] 970
[1 4238336 4238336 1] 98
[1 15996659 15996659 1] 1474250
[1 19393585 19393585 1] 273882
[1 27336328 27336328 1] 874178
[1 19054082 19054082 1] 1733455
[1 6930887 6930887 1] 1133253
[1 15996659 15996659 1] 1798415
[1 23327685 23327685 1] 2398617
[1 21021531 21021531 1] 597982
[1 22520060 22520060 1] 1198305
[1 26811973 26811973 1] 2998804
[1 26340714 26340714 1] 2401549
[1 23327685 23327685 1] 2607984
[1 15256191 15256191 1] 3208345
[1 23594325 23594325 1] 2007865
[1 27612903 27612903 1] 807537
[1 4238336 4238336 1] 1407728
[1 22218005 22218005 1] 2242760
[1 19700724 19700724 1] 1042570
[1 22218005 22218005 1] 1642629
[1 23089413 23089413 1] 442483
[1 26426809 26426809 1] 117
[1 27612903 27612903 1] 120
[1 4238336 4238336 1] 657843
[1 20223206 20223206 1] 1858348
[1 19700724 19700724 1] 57679
[1 19018457 19018457 1] 1258140
[1 6930887 6930887 1] 94
[1 22520060 22520060 1] 110
[1 6930887 6930887 1] 98
[1 14872354 14872354 1] 662473
[1 26902022 26902022 1] 2463199
[1 26426809 26426809 1] 1262774
[1 26426809 26426809 1] 1863070
[1 19700724 19700724 1] 62309
[1 21021531 21021531 1] 116
[1 7684931 7684931 1] 1157
[1 15497282 15497282 1] 103
[1 21021531 21021531 1] 123
[1 11999755 11999755 1] 1072512
[1 19018457 19018457 1] 472363
[1 4238336 4238336 1] 342
[1 6930887 6930887 1] 129
[1 6930887 6930887 1] 1044438
[1 24549798 24549798 1] 2244821
[1 23594325 23594325 1] 444212
[1 4238336 4238336 1] 1644577
[1 8213259 8213259 1] 102
[1 19700724 19700724 1] 1145575
[1 27612903 27612903 1] 1745838
[1 25519126 25519126 1] 2346091
[1 19700724 19700724 1] 545513
[1 15256191 15256191 1] 96
[1 6930887 6930887 1] 298
[1 29760493 29760493 1] 114
[1 4238336 4238336 1] 105
[1 19700724 19700724 1] 991
[1 29760493 29760493 1] 546
[1 10697698 10697698 1] 972544
[1 19393585 19393585 1] 1343998
[1 23571044 23571044 1] 2544467
[1 4238336 4238336 1] 1944299
[1 24887344 24887344 1] 743847
[1 29760493 29760493 1] 143729
[1 19018457 19018457 1] 99
[1 4238336 4238336 1] 687
[1 19700724 19700724 1] 144
[1 22520060 22520060 1] 108
[1 4238336 4238336 1] 156
[1 22520060 22520060 1] 106
[1 10636430 10636430 1] 998370
[1 27905772 27905772 1] 398330
[1 6930887 6930887 1] 99
[1 6930887 6930887 1] 98
[1 19018457 19018457 1] 214
[1 26426809 26426809 1] 102
[1 11585796 11585796 1] 1062188
[1 2275857 2275857 1] 461821
[1 6898538 6898538 1] 106
[1 19018457 19018457 1] 550538
[1 12655341 12655341 1] 1150841
[1 4238336 4238336 1] 125
[1 19393585 19393585 1] 774
[1 4238336 4238336 1] 114
[1 6911341 6911341 1] 104
[1 5526310 5526310 1] 497892
[1 22495426 22495426 1] 2083523
[1 27336328 27336328 1] 1782243
[1 9806368 9806368 1] 2382403
[1 16631627 16631627 1] 2714896
[1 4238336 4238336 1] 1514541
[1 2275857 2275857 1] 2114649
[1 21021531 21021531 1] 314220
[1 29760493 29760493 1] 914429
[1 27336328 27336328 1] 527
[1 21021531 21021531 1] 431
[1 19393585 19393585 1] 100
[1 19700724 19700724 1] 103
[1 26426809 26426809 1] 370
[1 27905772 27905772 1] 108
[1 4238336 4238336 1] 124
[1 21021531 21021531 1] 113
[1 27612903 27612903 1] 107
[1 27336328 27336328 1] 116
[1 29441501 29441501 1] 101
[1 4238336 4238336 1] 103
[1 6939508 6939508 1] 629
[1 19700724 19700724 1] 102
[1 6898538 6898538 1] 682177
[1 17681096 17681096 1] 81899
[1 14152275 14152275 1] 1282500
[1 17077889 17077889 1] 1562436
[1 27612903 27612903 1] 962298
[1 19018457 19018457 1] 362260
[1 21021531 21021531 1] 403
[1 17077889 17077889 1] 119
[1 22520060 22520060 1] 144
[1 15996659 15996659 1] 142
[1 4238336 4238336 1] 111
[1 19018457 19018457 1] 542
[1 26426809 26426809 1] 105
[1 29760493 29760493 1] 113
[1 26620484 26620484 1] 2465339
[1 6930887 6930887 1] 1264894
[1 14872354 14872354 1] 1865160
[1 6939508 6939508 1] 664821
[1 29760493 29760493 1] 64675
[1 21021531 21021531 1] 114
[1 21021531 21021531 1] 105
[1 26426809 26426809 1] 198
[1 4238336 4238336 1] 111
[1 26426809 26426809 1] 589138
[1 13160359 13160359 1] 1189270
[1 6930887 6930887 1] 1736
[1 23387982 23387982 1] 123
[1 6898538 6898538 1] 124
[1 21021531 21021531 1] 124
[1 4238336 4238336 1] 126
[1 12539391 12539391 1] 1144630
[1 19700724 19700724 1] 2315067
[1 25745792 25745792 1] 2915208
[1 26426809 26426809 1] 1114604
[1 22520060 22520060 1] 1714819
[1 27336328 27336328 1] 514524
[1 29760493 29760493 1] 673
[1 4238336 4238336 1] 97
[1 19393585 19393585 1] 101
[1 5035326 5035326 1] 452506
[1 24187517 24187517 1] 2214994
[1 17077889 17077889 1] 1014608
[1 4238336 4238336 1] 1614697
[1 3785405 3785405 1] 760601
[1 15256191 15256191 1] 160456
[1 29760493 29760493 1] 105
[1 21021531 21021531 1] 724
[1 6930887 6930887 1] 802
[1 29760493 29760493 1] 342
[1 17077889 17077889 1] 318
[1 12655341 12655341 1] 105
[1 6930887 6930887 1] 95
[1 19393585 19393585 1] 134
[1 18469912 18469912 1] 1689854
[1 15497282 15497282 1] 489283
[1 27612903 27612903 1] 1089636
[1 6898538 6898538 1] 103
[1 4238336 4238336 1] 117
[1 27336328 27336328 1] 109
[1 4238336 4238336 1] 126
[1 16077376 16077376 1] 1476142
[1 4238336 4238336 1] 875955
[1 9343769 9343769 1] 1136591
[1 19544919 19544919 1] 2337802
[1 23594325 23594325 1] 537299
[1 6930887 6930887 1] 1137486
[1 6898538 6898538 1] 1737654
[1 14311575 14311575 1] 1318963
[1 19018457 19018457 1] 718853
[1 19018457 19018457 1] 766614
[1 13550254 13550254 1] 1366817
[1 22520060 22520060 1] 166513
[1 27336328 27336328 1] 546
[1 2275857 2275857 1] 305
[1 12032920 12032920 1] 1102624
[1 6930887 6930887 1] 502450
[1 26426809 26426809 1] 879243
[1 22520060 22520060 1] 279121
[1 16011018 16011018 1] 1479545
[1 21021531 21021531 1] 111
[1 22520060 22520060 1] 151
[1 4238336 4238336 1] 125
[1 4238336 4238336 1] 99
[1 13550254 13550254 1] 112
[1 4238336 4238336 1] 131
[1 2963859 2963859 1] 266633
[1 6930887 6930887 1] 104
[1 15996659 15996659 1] 122
[1 26426809 26426809 1] 255
[1 10613074 10613074 1] 979131
[1 4238336 4238336 1] 378789
[1 12276966 12276966 1] 137
[1 27612903 27612903 1] 106
[1 29639007 29639007 1] 2725851
[1 14872354 14872354 1] 2016779
[1 5414640 5414640 1] 2617167
[1 14872354 14872354 1] 816472
[1 4238336 4238336 1] 1416734
[1 6930887 6930887 1] 2181077
[1 29760493 29760493 1] 380521
[1 27963982 27963982 1] 2781149
[1 27612903 27612903 1] 980648
[1 29760493 29760493 1] 1580915
[1 18295500 18295500 1] 122
[1 6930887 6930887 1] 405
[1 23594325 23594325 1] 128
[1 14311575 14311575 1] 103
[1 19018457 19018457 1] 120
[1 22970073 22970073 1] 2109278
[1 19393585 19393585 1] 2279225
[1 27963982 27963982 1] 478623
[1 21245831 21245831 1] 3479636
[1 29760493 29760493 1] 2879376
[1 22218005 22218005 1] 1078788
[1 27336328 27336328 1] 1678943
[1 3189436 3189436 1] 294293
[1 21021531 21021531 1] 114
[1 29760493 29760493 1] 124
[1 6930887 6930887 1] 1689407
[1 24887344 24887344 1] 1089116
[1 24945487 24945487 1] 2289571
[1 4238336 4238336 1] 489029
[1 4238336 4238336 1] 106
[1 4238336 4238336 1] 222
[1 21021531 21021531 1] 119
[1 14152275 14152275 1] 104
[1 23089413 23089413 1] 98
[1 6930887 6930887 1] 136
[1 6930887 6930887 1] 238
[1 29760493 29760493 1] 137
[1 15497282 15497282 1] 109
[1 4238336 4238336 1] 156
[1 4238336 4238336 1] 103
[1 4238336 4238336 1] 115
[1 5748721 5748721 1] 509701
[1 18295500 18295500 1] 232928
[1 9121309 9121309 1] 833183
[1 7076377 7076377 1] 651940
[1 1252716 1252716 1] 168354
[1 9121309 9121309 1] 102
[1 25771560 25771560 1] 2377328
[1 19018457 19018457 1] 576635
[1 17077889 17077889 1] 1777029
[1 19393585 19393585 1] 1176840
[1 27336328 27336328 1] 93
[1 27336328 27336328 1] 166
[1 1489115 1489115 1] 133165
[1 27612903 27612903 1] 109
[1 21021531 21021531 1] 138
[1 4238336 4238336 1] 99
[1 332232 332232 1] 29201
[1 29639007 29639007 1] 117
[1 11323876 11323876 1] 1032624
[1 15996659 15996659 1] 432578
[1 25202255 25202255 1] 2316253
[1 19700724 19700724 1] 1716138
[1 19018457 19018457 1] 1115963
[1 3199182 3199182 1] 808425
[1 22520060 22520060 1] 576927
[1 10554604 10554604 1] 1177199
[1 23590182 23590182 1] 2184902
[1 29359416 29359416 1] 4301446
[1 21768826 21768826 1] 5716858
[1 27336328 27336328 1] 5116808
[1 15550552 15550552 1] 5949434
[1 19700724 19700724 1] 5459397
[1 23387982 23387982 1] 6059574
[1 14090033 14090033 1] 6659803
[1 6930887 6930887 1] 4859381
[1 27860000 27860000 1] 6848203
[1 14152275 14152275 1] 6248124
[1 19475777 19475777 1] 7452797
[1 6898538 6898538 1] 5652295
[1 29760493 29760493 1] 6252414
[1 26426809 26426809 1] 4451888
[1 6930887 6930887 1] 6852644
[1 19054082 19054082 1] 5051929
[1 17909212 17909212 1] 5500690
[1 23669087 23669087 1] 7090351
[1 8590931 8590931 1] 7286195
[1 794584 794584 1] 6759394
[1 6930887 6930887 1] 6159227
[1 19700724 19700724 1] 5559025
[1 4238336 4238336 1] 5639570
[1 20037526 20037526 1] 6839985
[1 27336328 27336328 1] 4439302
[1 19018457 19018457 1] 6239902
[1 4238336 4238336 1] 3839197
[1 21021531 21021531 1] 5039589
[1 14826622 14826622 1] 4592070
[1 19018457 19018457 1] 3992011
[1 19018457 19018457 1] 4868687
[1 6930887 6930887 1] 3668258
[1 22634226 22634226 1] 5468765
[1 22520060 22520060 1] 4268498
[1 15256191 15256191 1] 718576
[1 27336328 27336328 1] 2519194
[1 4238336 4238336 1] 1919072
[1 27336328 27336328 1] 3119462
[1 13712351 13712351 1] 4319784
[1 19018457 19018457 1] 1318953
[1 19018457 19018457 1] 3719591
[1 22836611 22836611 1] 2218363
[1 1928578 1928578 1] 1800483
[1 8498977 8498977 1] 1973951
[1 4238336 4238336 1] 243579
[1 754553 754553 1] 1443967
[1 4238336 4238336 1] 843806
[1 332232 332232 1] 102
[1 4238336 4238336 1] 651
[1 22520060 22520060 1] 106
[1 4238336 4238336 1] 136
[1 6453196 6453196 1] 586678
[1 6930887 6930887 1] 1692
[1 19018457 19018457 1] 98
[1 4238336 4238336 1] 148
[1 26426809 26426809 1] 113
[1 21021531 21021531 1] 113
[1 19018457 19018457 1] 892
[1 25202255 25202255 1] 651
[1 22520060 22520060 1] 103
[1 2238284 2238284 1] 199292
[1 4238336 4238336 1] 109
[1 3565422 3565422 1] 320618

Results: 100.00 1104946

Standard Error: 68397.9
Mean Waiting Time: 1.10495e+06
Statistics for REP_PROB_PERCENT: 80

----------------------------------------
