Running client with REP_PROB_PERCENT: 0
**********************************
DTU - OS Challenge - Client v0.20
**********************************
Total requests: 500
Start: 1
Difficulty: 30000000
Repetition probability (%): 0
Request delay (us): 600000
Priority disabled

[1 6930887 6930887 1] 583017
[1 4636916 4636916 1] 365782
[1 4238336 4238336 1] 339567
[1 29760493 29760493 1] 2399169
[1 19641422 19641422 1] 3448785
[1 490028 490028 1] 2890799
[1 22520060 22520060 1] 4161685
[1 17513927 17513927 1] 5077444
[1 10383427 10383427 1] 5358678
[1 13455737 13455737 1] 5955216
[1 11595369 11595369 1] 6357188
[1 16956430 16956430 1] 7461035
[1 21021531 21021531 1] 9161873
[1 23665124 23665124 1] 11124118
[1 18703136 18703136 1] 12542453
[1 1979803 1979803 1] 12153799
[1 5723059 5723059 1] 12158607
[1 15898168 15898168 1] 13254615
[1 19018457 19018457 1] 14673053
[1 6478043 6478043 1] 14764977
[1 3377374 3377374 1] 14534238
[1 24544920 24544920 1] 16595447
[1 6898538 6898538 1] 16721308
[1 23594325 23594325 1] 18622091
[1 28664371 28664371 1] 21021856
[1 4803527 4803527 1] 20919687
[1 14268981 14268981 1] 21825046
[1 29241874 29241874 1] 24300206
[1 12999171 12999171 1] 25063120
[1 15497282 15497282 1] 26081517
[1 14420926 14420926 1] 26997005
[1 27336328 27336328 1] 29320443
[1 19126506 19126506 1] 30743113
[1 12621730 12621730 1] 31460872
[1 23925858 23925858 1] 33355039
[1 24353896 24353896 1] 35295808
[1 21100546 21100546 1] 36931911
[1 18233368 18233368 1] 38260765
[1 25990365 25990365 1] 40403881
[1 10313751 10313751 1] 40889250
[1 26426809 26426809 1] 43094363
[1 29947179 29947179 1] 45677418
[1 19393585 19393585 1] 47111099
[1 28502652 28502652 1] 49489801
[1 4612400 4612400 1] 49370497
[1 4095061 4095061 1] 49198451
[1 13993369 13993369 1] 50087530
[1 4210013 4210013 1] 49933171
[1 9698587 9698587 1] 50349278
[1 6297540 6297540 1] 50411760
[1 13480571 13480571 1] 51220003
[1 25960379 25960379 1] 53475558
[1 2066602 2066602 1] 53072842
[1 27612903 27612903 1] 55411879
[1 3570493 3570493 1] 55184915
[1 260757 260757 1] 54612224
[1 5560281 5560281 1] 54593074
[1 23209442 23209442 1] 56428198
[1 24429690 24429690 1] 58385496
[1 27346620 27346620 1] 60649077
[1 744730 744730 1] 60126673
[1 13108118 13108118 1] 60897991
[1 27905772 27905772 1] 63229604
[1 12890676 12890676 1] 63973671
[1 11698928 11698928 1] 64613593
[1 18777857 18777857 1] 65972116
[1 14872354 14872354 1] 66931760
[1 12276966 12276966 1] 67634801
[1 23964684 23964684 1] 69577095
[1 10028625 10028625 1] 70017416
[1 332872 332872 1] 69452091
[1 10048830 10048830 1] 69900616
[1 5530020 5530020 1] 69876695
[1 13363369 13363369 1] 70659767
[1 7486716 7486716 1] 70839325
[1 11518150 11518150 1] 71439873
[1 19700724 19700724 1] 72904972
[1 18002246 18002246 1] 74188078
[1 19493452 19493452 1] 75624765
[1 20243556 20243556 1] 77143936
[1 2597489 2597489 1] 76815222
[1 8888229 8888229 1] 77140331
[1 18792351 18792351 1] 78516617
[1 29441501 29441501 1] 81012000
[1 26087765 26087765 1] 83148815
[1 5324915 5324915 1] 83109291
[1 2275857 2275857 1] 82746872
[1 27346492 27346492 1] 85219301
[1 1148366 1148366 1] 84763569
[1 20281937 20281937 1] 86325811
[1 16452552 16452552 1] 87436909
[1 11899229 11899229 1] 88183093
[1 3975408 3975408 1] 87997397
[1 6276122 6276122 1] 88052855
[1 794396 794396 1] 87535647
[1 24661238 24661238 1] 89530106
[1 573794 573794 1] 89000989
[1 15894429 15894429 1] 90186949
[1 7231012 7231012 1] 90406428
[1 14639530 14639530 1] 91332445
[1 7322405 7322405 1] 91553428
[1 12255764 12255764 1] 92227980
[1 17854539 17854539 1] 93486405
[1 12436841 12436841 1] 94183275
[1 15344819 15344819 1] 95199495
[1 22670689 22670689 1] 97367008
[1 12067918 12067918 1] 98125601
[1 20466997 20466997 1] 99689548
[1 16987744 16987744 1] 100858025
[1 9512184 9512184 1] 101257733
[1 18295500 18295500 1] 102732160
[1 16206726 16206726 1] 103815924
[1 2755591 2755591 1] 103501758
[1 3268140 3268140 1] 103241630
[1 12469787 12469787 1] 103945139
[1 8338083 8338083 1] 104213094
[1 20388465 20388465 1] 105863805
[1 6939508 6939508 1] 105979474
[1 25228805 25228805 1] 108061175
[1 22278612 22278612 1] 109823467
[1 17127829 17127829 1] 111027837
[1 24887344 24887344 1] 113100766
[1 2035569 2035569 1] 112727579
[1 27755423 27755423 1] 115300418
[1 24613811 24613811 1] 117301551
[1 19321802 19321802 1] 118715174
[1 6473731 6473731 1] 118796894
[1 26811306 26811306 1] 120994386
[1 15178737 15178737 1] 121979551
[1 14248627 14248627 1] 122903051
[1 503466 503466 1] 122354143
[1 12473417 12473417 1] 123046485
[1 8213259 8213259 1] 123303554
[1 24167638 24167638 1] 125254618
[1 21305625 21305625 1] 126969692
[1 24544920 24544920 1] 126369591
[1 13911900 13911900 1] 127237521
[1 20145551 20145551 1] 128767212
[1 19290072 19290072 1] 130187395
[1 17487132 17487132 1] 131498208
[1 7684931 7684931 1] 131699621
[1 21845895 21845895 1] 133385300
[1 7370164 7370164 1] 133554687
[1 23387982 23387982 1] 135416304
[1 1252997 1252997 1] 135001827
[1 2713774 2713774 1] 134713085
[1 12739669 12739669 1] 135430065
[1 17681096 17681096 1] 136670243
[1 17116467 17116467 1] 137861949
[1 6911341 6911341 1] 137999313
[1 23327685 23327685 1] 140004184
[1 16855543 16855543 1] 141185041
[1 7379108 7379108 1] 141356844
[1 18219757 18219757 1] 142652939
[1 7418419 7418419 1] 142825230
[1 23089413 23089413 1] 144641164
[1 25032173 25032173 1] 146707613
[1 29262010 29262010 1] 149162267
[1 28625211 28625211 1] 151608807
[1 7467588 7467588 1] 151787898
[1 25319302 25319302 1] 153888782
[1 26667373 26667373 1] 156049018
[1 20401256 20401256 1] 157566349
[1 24044600 24044600 1] 159508229
[1 21229905 21229905 1] 161161754
[1 15939812 15939812 1] 162196408
[1 16915668 16915668 1] 163359564
[1 29346229 29346229 1] 165836036
[1 4829151 4829151 1] 165812354
[1 15996659 15996659 1] 166911404
[1 5789225 5789225 1] 166916789
[1 9867270 9867270 1] 167349477
[1 19054082 19054082 1] 168744424
[1 15740085 15740085 1] 169793730
[1 26811973 26811973 1] 172000590
[1 73851 73851 1] 171408115
[1 15905386 15905386 1] 172503621
[1 7739300 7739300 1] 172709212
[1 23606043 23606043 1] 174640407
[1 26340714 26340714 1] 176778504
[1 15256191 15256191 1] 177761755
[1 6942591 6942591 1] 177908646
[1 10108582 10108582 1] 178362038
[1 21499337 21499337 1] 180081763
[1 6371156 6371156 1] 180143530
[1 22218005 22218005 1] 181923716
[1 11614770 11614770 1] 182535694
[1 12981777 12981777 1] 183297859
[1 6247256 6247256 1] 183349846
[1 18348143 18348143 1] 184693633
[1 4445885 4445885 1] 184561509
[1 20223206 20223206 1] 186095035
[1 27679568 27679568 1] 188440723
[1 21690614 21690614 1] 190132739
[1 12262755 12262755 1] 190829096
[1 1154260 1154260 1] 190347801
[1 12828203 12828203 1] 191117097
[1 24723507 24723507 1] 193159478
[1 26902022 26902022 1] 195403189
[1 20390869 20390869 1] 196921083
[1 6235190 6235190 1] 196970698
[1 27949909 27949909 1] 199291326
[1 27210499 27210499 1] 201521239
[1 18518809 18518809 1] 202905933
[1 4686249 4686249 1] 202794237
[1 19033334 19033334 1] 204218930
[1 20321649 20321649 1] 205745768
[1 11999755 11999755 1] 206432868
[1 2251747 2251747 1] 206068569
[1 4319530 4319530 1] 205917762
[1 573794 573794 1] 205317632
[1 24549798 24549798 1] 207277082
[1 26086991 26086991 1] 209398883
[1 10003034 10003034 1] 209858391
[1 18012498 18012498 1] 211154967
[1 21294893 21294893 1] 212785115
[1 25519126 25519126 1] 214848681
[1 24613997 24613997 1] 216836030
[1 25209189 25209189 1] 218948114
[1 8703730 8703730 1] 219279699
[1 15032461 15032461 1] 220242721
[1 21543922 21543922 1] 221980262
[1 2026305 2026305 1] 221640922
[1 18388028 18388028 1] 222984351
[1 2266749 2266749 1] 222627768
[1 1308903 1308903 1] 222167257
[1 10697698 10697698 1] 222791583
[1 23571044 23571044 1] 224633831
[1 15132003 15132003 1] 225617560
[1 24806404 24806404 1] 227585631
[1 24887344 24887344 1] 226985552
[1 9908539 9908539 1] 227432388
[1 12895152 12895152 1] 228177685
[1 12282135 12282135 1] 228865378
[1 171693 171693 1] 228282970
[1 20516128 20516128 1] 229892710
[1 13755630 13755630 1] 230760838
[1 15590965 15590965 1] 231778816
[1 10636430 10636430 1] 232288236
[1 2576336 2576336 1] 231956759
[1 9202901 9202901 1] 232312170
[1 19407972 19407972 1] 233741077
[1 12260290 12260290 1] 234428430
[1 21717989 21717989 1] 236108097
[1 11585796 11585796 1] 236720157
[1 13053145 13053145 1] 237491126
[1 27658391 27658391 1] 239822632
[1 12655341 12655341 1] 240556862
[1 10000570 10000570 1] 241004507
[1 1174233 1174233 1] 240528463
[1 10956043 10956043 1] 241075127
[1 20409118 20409118 1] 242611691
[1 16266762 16266762 1] 243704200
[1 5526310 5526310 1] 243675869
[1 22495426 22495426 1] 245410194
[1 9806368 9806368 1] 245834685
[1 24504235 24504235 1] 247859478
[1 16631627 16631627 1] 249002261
[1 7226058 7226058 1] 249156481
[1 16673169 16673169 1] 250286276
[1 7390359 7390359 1] 250454954
[1 6947387 6947387 1] 250635687
[1 24429690 24429690 1] 250035452
[1 10634995 10634995 1] 250541122
[1 27056553 27056553 1] 252838813
[1 7893530 7893530 1] 253058433
[1 28532291 28532291 1] 255455592
[1 27756971 27756971 1] 257776987
[1 16819081 16819081 1] 258961303
[1 24218594 24218594 1] 260891173
[1 6418628 6418628 1] 260968910
[1 18561887 18561887 1] 262339504
[1 10788356 10788356 1] 262874708
[1 2720091 2720091 1] 262559937
[1 26059480 26059480 1] 264734603
[1 1858970 1858970 1] 264328392
[1 14152275 14152275 1] 265269689
[1 16047642 16047642 1] 266334012
[1 10925434 10925434 1] 266914385
[1 17077889 17077889 1] 268112304
[1 3524567 3524567 1] 267878423
[1 11027285 11027285 1] 268429065
[1 5790418 5790418 1] 268431934
[1 29372261 29372261 1] 270959733
[1 7100238 7100238 1] 271087619
[1 9473060 9473060 1] 271472969
[1 22648519 22648519 1] 273274916
[1 21990784 21990784 1] 275093468
[1 3228459 3228459 1] 274846846
[1 3967638 3967638 1] 274661981
[1 26620484 26620484 1] 276845558
[1 27770479 27770479 1] 279147562
[1 27149315 27149315 1] 281385116
[1 12645730 12645730 1] 282120430
[1 23665124 23665124 1] 281520252
[1 11089439 11089439 1] 282139434
[1 7211389 7211389 1] 282291993
[1 23631234 23631234 1] 284164909
[1 25933682 25933682 1] 286300822
[1 13160359 13160359 1] 287077545
[1 29110700 29110700 1] 289568818
[1 24101840 24101840 1] 291495279
[1 20668364 20668364 1] 293064673
[1 20228795 20228795 1] 294593807
[1 23319848 23319848 1] 296437461
[1 18217463 18217463 1] 297744868
[1 12539391 12539391 1] 298471090
[1 25745792 25745792 1] 300535706
[1 7355116 7355116 1] 300708250
[1 12796158 12796158 1] 301488276
[1 20631492 20631492 1] 303031912
[1 4462952 4462952 1] 302924453
[1 11035022 11035022 1] 303465881
[1 18393741 18393741 1] 304771059
[1 3614031 3614031 1] 304548392
[1 5035326 5035326 1] 304475217
[1 24187517 24187517 1] 306396533
[1 2033003 2033003 1] 306009423
[1 27746140 27746140 1] 308350091
[1 3785405 3785405 1] 308143618
[1 28974581 28974581 1] 310581356
[1 6039022 6039022 1] 310630261
[1 15539863 15539863 1] 311663675
[1 16235380 16235380 1] 312772936
[1 22692686 22692686 1] 314591722
[1 18299905 18299905 1] 315915002
[1 5433484 5433484 1] 315927246
[1 6199760 6199760 1] 315973684
[1 15889745 15889745 1] 317040392
[1 18469912 18469912 1] 318426842
[1 8663951 8663951 1] 318722776
[1 29777561 29777561 1] 321223573
[1 17675106 17675106 1] 322463064
[1 12740050 12740050 1] 323193757
[1 6588712 6588712 1] 323277589
[1 1519935 1519935 1] 322833547
[1 16077376 16077376 1] 323883218
[1 29593615 29593615 1] 326330022
[1 9343769 9343769 1] 326763232
[1 19544919 19544919 1] 328256543
[1 27376883 27376883 1] 330498042
[1 27876983 27876983 1] 332800418
[1 13124031 13124031 1] 333576415
[1 14311575 14311575 1] 334471046
[1 11186594 11186594 1] 335034788
[1 13550254 13550254 1] 335957377
[1 8803075 8803075 1] 336293757
[1 17734714 17734714 1] 337558818
[1 15138378 15138378 1] 338552721
[1 24415776 24415776 1] 340545368
[1 12032920 12032920 1] 341239770
[1 9806733 9806733 1] 341659221
[1 16011018 16011018 1] 342727932
[1 24760236 24760236 1] 344706703
[1 7745692 7745692 1] 344910259
[1 22423944 22423944 1] 346651569
[1 4666329 4666329 1] 346539558
[1 20449292 20449292 1] 348063494
[1 6894019 6894019 1] 348180991
[1 11836837 11836837 1] 348808119
[1 2575056 2575056 1] 348475898
[1 2963859 2963859 1] 348184363
[1 8714905 8714905 1] 348494639
[1 20372662 20372662 1] 350072071
[1 3689686 3689686 1] 349852198
[1 10613074 10613074 1] 350362683
[1 5756852 5756852 1] 350365914
[1 26349251 26349251 1] 352569731
[1 12336504 12336504 1] 353243138
[1 29639007 29639007 1] 355728296
[1 5414640 5414640 1] 355695621
[1 7721121 7721121 1] 355900491
[1 24880227 24880227 1] 357899962
[1 10387678 10387678 1] 358380455
[1 27963982 27963982 1] 360673164
[1 14887561 14887561 1] 361616244
[1 127956 127956 1] 361029274
[1 24433519 24433519 1] 363010172
[1 21066343 21066343 1] 364607977
[1 10245197 10245197 1] 365070197
[1 24627322 24627322 1] 367077439
[1 22994985 22994985 1] 368902982
[1 23794428 23794428 1] 370776077
[1 22152041 22152041 1] 372482518
[1 22970073 22970073 1] 374273818
[1 21245831 21245831 1] 375890498
[1 26370348 26370348 1] 378062362
[1 20982031 20982031 1] 379649557
[1 9653715 9653715 1] 380062131
[1 18057523 18057523 1] 381347241
[1 18626925 18626925 1] 382668577
[1 3189436 3189436 1] 382415081
[1 15829205 15829205 1] 383472968
[1 22630444 22630444 1] 385240351
[1 24945487 24945487 1] 387241012
[1 26684279 26684279 1] 389432785
[1 6250263 6250263 1] 389503305
[1 14989684 14989684 1] 390505781
[1 21539849 21539849 1] 392145933
[1 1208325 1208325 1] 391670378
[1 11449123 11449123 1] 392257813
[1 7927336 7927336 1] 392481588
[1 3937458 3937458 1] 392289923
[1 24102748 24102748 1] 394179684
[1 25311777 25311777 1] 396245263
[1 3725219 3725219 1] 396033978
[1 27621704 27621704 1] 398304247
[1 15209934 15209934 1] 399282652
[1 17053960 17053960 1] 400475822
[1 2862807 2862807 1] 400175530
[1 5748721 5748721 1] 400171624
[1 9121309 9121309 1] 400507656
[1 1742699 1742699 1] 400086968
[1 7076377 7076377 1] 400238780
[1 1252716 1252716 1] 399767574
[1 2825172 2825172 1] 399458212
[1 25771560 25771560 1] 401586426
[1 15554011 15554011 1] 402607219
[1 22178225 22178225 1] 404309484
[1 24429690 24429690 1] 405839368
[1 25816540 25816540 1] 406439528
[1 13945054 13945054 1] 406691419
[1 1489115 1489115 1] 406247576
[1 15405990 15405990 1] 407269488
[1 2028068 2028068 1] 406878045
[1 25575224 25575224 1] 408943437
[1 332232 332232 1] 408378826
[1 2292123 2292123 1] 408017763
[1 11323876 11323876 1] 408629928
[1 20390180 20390180 1] 410162344
[1 25202255 25202255 1] 412224903
[1 20311132 20311132 1] 413762117
[1 3967858 3967858 1] 413570605
[1 3199182 3199182 1] 413304879
[1 10554604 10554604 1] 413809490
[1 26152434 26152434 1] 415952144
[1 23590182 23590182 1] 417801546
[1 29359416 29359416 1] 420561373
[1 21768826 21768826 1] 422273651
[1 26138723 26138723 1] 424440691
[1 15550552 15550552 1] 425490757
[1 14090033 14090033 1] 426485542
[1 21443182 21443182 1] 428105294
[1 12990416 12990416 1] 428866621
[1 3299709 3299709 1] 428610493
[1 27860000 27860000 1] 430899833
[1 9112298 9112298 1] 431248380
[1 19475777 19475777 1] 432689396
[1 19068978 19068978 1] 434059512
[1 21742588 21742588 1] 435752751
[1 16723383 16723383 1] 436892377
[1 9544267 9544267 1] 437286612
[1 10508861 10508861 1] 437789670
[1 17909212 17909212 1] 439093315
[1 23669087 23669087 1] 440966352
[1 8590931 8590931 1] 441263709
[1 794584 794584 1] 440746177
[1 2651477 2651477 1] 440424030
[1 4095821 4095821 1] 440250138
[1 20037526 20037526 1] 441792826
[1 1538840 1538840 1] 441357083
[1 5897491 5897491 1] 441373941
[1 1101361 1101361 1] 440888737
[1 6247644 6247644 1] 440941167
[1 13080929 13080929 1] 441703311
[1 14826622 14826622 1] 442643026
[1 10917956 10917956 1] 443198986
[1 22634226 22634226 1] 444965474
[1 3274571 3274571 1] 444718422
[1 6220854 6220854 1] 444764674
[1 7107723 7107723 1] 444908666
[1 13712351 13712351 1] 445738868
[1 20009098 20009098 1] 447285456
[1 7689127 7689127 1] 447483150
[1 14522072 14522072 1] 448384320
[1 26533150 26533150 1] 450553195
[1 28140529 28140529 1] 452868552
[1 9228399 9228399 1] 453262892
[1 22836611 22836611 1] 455031860
[1 1928578 1928578 1] 454628843
[1 8498977 8498977 1] 454917027
[1 754553 754553 1] 454395490
[1 11126088 11126088 1] 454948763
[1 23360100 23360100 1] 456830105
[1 16448567 16448567 1] 458013033
[1 6377018 6377018 1] 458078649
[1 14392736 14392736 1] 458980405
[1 26491299 26491299 1] 461158556
[1 6453196 6453196 1] 461228901
[1 6055806 6055806 1] 461254591
[1 14423429 14423429 1] 462303797
[1 19552529 19552529 1] 463746924
[1 5019594 5019594 1] 463664593
[1 24322198 24322198 1] 465606053
[1 9289673 9289673 1] 465979604
[1 28806446 28806446 1] 468385757
[1 12796158 12796158 1] 467785629
[1 2238284 2238284 1] 467415823
[1 5466128 5466128 1] 467379646
[1 3565422 3565422 1] 467147751

Results: 100.00 240762510

Standard Error: 6.20566e+06
Mean Waiting Time: 2.40763e+08
Statistics for REP_PROB_PERCENT: 0

----------------------------------------
Running client with REP_PROB_PERCENT: 20
**********************************
DTU - OS Challenge - Client v0.20
**********************************
Total requests: 500
Start: 1
Difficulty: 30000000
Repetition probability (%): 20
Request delay (us): 600000
Priority disabled

[1 6930887 6930887 1] 721658
[1 4636916 4636916 1] 685964
[1 4238336 4238336 1] 530954
[1 29760493 29760493 1] 3138016
[1 19641422 19641422 1] 4597284
[1 490028 490028 1] 4048612
[1 22520060 22520060 1] 5851403
[1 17513927 17513927 1] 7111509
[1 10383427 10383427 1] 7595924
[1 13455737 13455737 1] 8402883
[1 10383427 10383427 1] 7802819
[1 16956430 16956430 1] 8991431
[1 21021531 21021531 1] 10600943
[1 23665124 23665124 1] 12560426
[1 18703136 18703136 1] 13934973
[1 1979803 1979803 1] 13541824
[1 5723059 5723059 1] 13536608
[1 15898168 15898168 1] 14598903
[1 19018457 19018457 1] 15994245
[1 5723059 5723059 1] 15394067
[1 3377374 3377374 1] 15150574
[1 24544920 24544920 1] 17115385
[1 6898538 6898538 1] 17235653
[1 19018457 19018457 1] 18494984
[1 23594325 23594325 1] 19095240
[1 4636916 4636916 1] 17894938
[1 14268981 14268981 1] 18783168
[1 29241874 29241874 1] 21300243
[1 12999171 12999171 1] 22090952
[1 15497282 15497282 1] 23113159
[1 1979803 1979803 1] 22512989
[1 27336328 27336328 1] 24804847
[1 19126506 19126506 1] 26243129
[1 27336328 27336328 1] 26481798
[1 12621730 12621730 1] 27082022
[1 24353896 24353896 1] 28431046
[1 21100546 21100546 1] 30040770
[1 4238336 4238336 1] 29440297
[1 25990365 25990365 1] 31562559
[1 10313751 10313751 1] 32039845
[1 26426809 26426809 1] 34206335
[1 29947179 29947179 1] 36810688
[1 27336328 27336328 1] 37748828
[1 19393585 19393585 1] 38349094
[1 4612400 4612400 1] 37653050
[1 4095061 4095061 1] 37480148
[1 13993369 13993369 1] 38362077
[1 4210013 4210013 1] 38197552
[1 9698587 9698587 1] 38687174
[1 6297540 6297540 1] 38744226
[1 13480571 13480571 1] 39558633
[1 25960379 25960379 1] 41668858
[1 2066602 2066602 1] 41285044
[1 27612903 27612903 1] 43579040
[1 19018457 19018457 1] 42978919
[1 260757 260757 1] 42405957
[1 5723059 5723059 1] 41806003
[1 23209442 23209442 1] 43641122
[1 24429690 24429690 1] 45604125
[1 27346620 27346620 1] 47881000
[1 744730 744730 1] 47359325
[1 13108118 13108118 1] 48343481
[1 27905772 27905772 1] 51967330
[1 12890676 12890676 1] 53068266
[1 4210013 4210013 1] 52468558
[1 18777857 18777857 1] 53879631
[1 14872354 14872354 1] 55218139
[1 12276966 12276966 1] 55979528
[1 16956430 16956430 1] 55379399
[1 4612400 4612400 1] 54779303
[1 332872 332872 1] 54213618
[1 10048830 10048830 1] 54664508
[1 16956430 16956430 1] 54064300
[1 13363369 13363369 1] 54961706
[1 27346620 27346620 1] 54361585
[1 11518150 11518150 1] 55003973
[1 19700724 19700724 1] 56498137
[1 14268981 14268981 1] 55897946
[1 19493452 19493452 1] 57382369
[1 20243556 20243556 1] 58898201
[1 2597489 2597489 1] 58566202
[1 8888229 8888229 1] 58890914
[1 18792351 18792351 1] 60268866
[1 29441501 29441501 1] 62766308
[1 26087765 26087765 1] 64931086
[1 5324915 5324915 1] 64885341
[1 2275857 2275857 1] 64563677
[1 27346492 27346492 1] 66858733
[1 1148366 1148366 1] 66378806
[1 20281937 20281937 1] 67936208
[1 16452552 16452552 1] 69127801
[1 11899229 11899229 1] 69767417
[1 3975408 3975408 1] 69578819
[1 6276122 6276122 1] 69629658
[1 794396 794396 1] 69111357
[1 24661238 24661238 1] 71087026
[1 573794 573794 1] 70548478
[1 4210013 4210013 1] 69948293
[1 7231012 7231012 1] 70112888
[1 14639530 14639530 1] 71088199
[1 7322405 7322405 1] 71307464
[1 12255764 12255764 1] 72048981
[1 18703136 18703136 1] 71448869
[1 19641422 19641422 1] 70848750
[1 4238336 4238336 1] 70248574
[1 22670689 22670689 1] 72027611
[1 12067918 12067918 1] 72735824
[1 16956430 16956430 1] 72135714
[1 16987744 16987744 1] 73336052
[1 9512184 9512184 1] 73746683
[1 18295500 18295500 1] 75123085
[1 16206726 16206726 1] 76220831
[1 2755591 2755591 1] 75907495
[1 4612400 4612400 1] 75307367
[1 12469787 12469787 1] 76012084
[1 8338083 8338083 1] 76289157
[1 20388465 20388465 1] 77844479
[1 6939508 6939508 1] 77968737
[1 25228805 25228805 1] 80034158
[1 22278612 22278612 1] 81758030
[1 17127829 17127829 1] 82958432
[1 24887344 24887344 1] 84993650
[1 2035569 2035569 1] 84604004
[1 6898538 6898538 1] 86347621
[1 27755423 27755423 1] 86947843
[1 25960379 25960379 1] 85747470
[1 6473731 6473731 1] 85825828
[1 26811306 26811306 1] 88028339
[1 2755591 2755591 1] 87428306
[1 14248627 14248627 1] 88305858
[1 503466 503466 1] 87757852
[1 19393585 19393585 1] 87157682
[1 8213259 8213259 1] 87406935
[1 24167638 24167638 1] 89333039
[1 21305625 21305625 1] 90980782
[1 24544920 24544920 1] 90380671
[1 13911900 13911900 1] 91215469
[1 20145551 20145551 1] 92751318
[1 19290072 19290072 1] 94154363
[1 17487132 17487132 1] 95375056
[1 7684931 7684931 1] 95579266
[1 21845895 21845895 1] 97322474
[1 7370164 7370164 1] 97486488
[1 23387982 23387982 1] 99393659
[1 1252997 1252997 1] 98924093
[1 2713774 2713774 1] 98605753
[1 6473731 6473731 1] 98005623
[1 17681096 17681096 1] 99276055
[1 17116467 17116467 1] 100471883
[1 6911341 6911341 1] 100590501
[1 23327685 23327685 1] 102441115
[1 16855543 16855543 1] 103635564
[1 7379108 7379108 1] 103805541
[1 18219757 18219757 1] 105180788
[1 7418419 7418419 1] 105359501
[1 23089413 23089413 1] 107190849
[1 25032173 25032173 1] 109218757
[1 29262010 29262010 1] 111669504
[1 28625211 28625211 1] 114131934
[1 7467588 7467588 1] 114306480
[1 6473731 6473731 1] 113106195
[1 12255764 12255764 1] 113706401
[1 20401256 20401256 1] 114659728
[1 7370164 7370164 1] 114059608
[1 21229905 21229905 1] 115661569
[1 15939812 15939812 1] 116719108
[1 16915668 16915668 1] 117880673
[1 27346620 27346620 1] 117280608
[1 4829151 4829151 1] 117207577
[1 27336328 27336328 1] 117702339
[1 15996659 15996659 1] 118302550
[1 9867270 9867270 1] 118132369
[1 19054082 19054082 1] 119555261
[1 15740085 15740085 1] 120592179
[1 26811973 26811973 1] 122792474
[1 73851 73851 1] 122199974
[1 15905386 15905386 1] 123266149
[1 7739300 7739300 1] 123473455
[1 23606043 23606043 1] 125327655
[1 26340714 26340714 1] 127468006
[1 15256191 15256191 1] 128460170
[1 6942591 6942591 1] 128583922
[1 8888229 8888229 1] 127983794
[1 7370164 7370164 1] 127383667
[1 6371156 6371156 1] 127446490
[1 22218005 22218005 1] 129172266
[1 11614770 11614770 1] 129781580
[1 12981777 12981777 1] 130568250
[1 6247256 6247256 1] 130619197
[1 18348143 18348143 1] 131958083
[1 4445885 4445885 1] 131823129
[1 20223206 20223206 1] 133367084
[1 27679568 27679568 1] 135785949
[1 5723059 5723059 1] 135185796
[1 12262755 12262755 1] 135861335
[1 1154260 1154260 1] 135384488
[1 12828203 12828203 1] 136140867
[1 20401256 20401256 1] 135540692
[1 26902022 26902022 1] 137822448
[1 20390869 20390869 1] 139367224
[1 6235190 6235190 1] 139425840
[1 27949909 27949909 1] 141819895
[1 27210499 27210499 1] 144068098
[1 18518809 18518809 1] 145402575
[1 4686249 4686249 1] 145291202
[1 19290072 19290072 1] 144691150
[1 20321649 20321649 1] 146266176
[1 11999755 11999755 1] 146913451
[1 2251747 2251747 1] 146548262
[1 573794 573794 1] 145798513
[1 4319530 4319530 1] 146398766
[1 24549798 24549798 1] 147760800
[1 26086991 26086991 1] 149914436
[1 2713774 2713774 1] 149314228
[1 18012498 18012498 1] 150703890
[1 21294893 21294893 1] 152356619
[1 25519126 25519126 1] 154869459
[1 24613997 24613997 1] 156846389
[1 25209189 25209189 1] 158896192
[1 8703730 8703730 1] 159200684
[1 15740085 15740085 1] 159669711
[1 15032461 15032461 1] 160269845
[1 2026305 2026305 1] 159279272
[1 18388028 18388028 1] 160610140
[1 2266749 2266749 1] 160246330
[1 1308903 1308903 1] 159783192
[1 10697698 10697698 1] 160305424
[1 23571044 23571044 1] 162206851
[1 15132003 15132003 1] 163214430
[1 24887344 24887344 1] 164656721
[1 24806404 24806404 1] 165256926
[1 9908539 9908539 1] 165081123
[1 12895152 12895152 1] 165885277
[1 12282135 12282135 1] 166556317
[1 171693 171693 1] 165974854
[1 7739300 7739300 1] 165374594
[1 4210013 4210013 1] 164774452
[1 15590965 15590965 1] 165798674
[1 10636430 10636430 1] 166309667
[1 2576336 2576336 1] 165982172
[1 9202901 9202901 1] 166347458
[1 19407972 19407972 1] 167788495
[1 12260290 12260290 1] 168504410
[1 21717989 21717989 1] 170181483
[1 11585796 11585796 1] 170793690
[1 13053145 13053145 1] 171582382
[1 27658391 27658391 1] 173902631
[1 12655341 12655341 1] 174630966
[1 10000570 10000570 1] 175073778
[1 1174233 1174233 1] 174596099
[1 10956043 10956043 1] 175130211
[1 20409118 20409118 1] 176669673
[1 16266762 16266762 1] 178134665
[1 5526310 5526310 1] 178294019
[1 22495426 22495426 1] 180377632
[1 9806368 9806368 1] 180809370
[1 24504235 24504235 1] 182785927
[1 16631627 16631627 1] 183944483
[1 7226058 7226058 1] 184112753
[1 25990365 25990365 1] 182912468
[1 24429690 24429690 1] 181712188
[1 503466 503466 1] 182312372
[1 10383427 10383427 1] 183512711
[1 10634995 10634995 1] 182288430
[1 2597489 2597489 1] 181688272
[1 7893530 7893530 1] 181931679
[1 28532291 28532291 1] 184439136
[1 27756971 27756971 1] 186794108
[1 16819081 16819081 1] 188064357
[1 24218594 24218594 1] 190004831
[1 6939508 6939508 1] 187712997
[1 4319530 4319530 1] 188313099
[1 27336328 27336328 1] 189513608
[1 6418628 6418628 1] 190113790
[1 29441501 29441501 1] 188913418
[1 12262755 12262755 1] 187112998
[1 14152275 14152275 1] 187997103
[1 16047642 16047642 1] 189073944
[1 17681096 17681096 1] 188473784
[1 17077889 17077889 1] 189663398
[1 3524567 3524567 1] 189430106
[1 11027285 11027285 1] 190009322
[1 5790418 5790418 1] 190013592
[1 17077889 17077889 1] 189413440
[1 7100238 7100238 1] 189562687
[1 15996659 15996659 1] 188962466
[1 10383427 10383427 1] 188362403
[1 21990784 21990784 1] 190172301
[1 3228459 3228459 1] 189931361
[1 3967638 3967638 1] 189751514
[1 26620484 26620484 1] 191967818
[1 27949909 27949909 1] 191367559
[1 27149315 27149315 1] 193593357
[1 18219757 18219757 1] 193124309
[1 23665124 23665124 1] 193724599
[1 12645730 12645730 1] 194324771
[1 7211389 7211389 1] 193276414
[1 23631234 23631234 1] 195182907
[1 25933682 25933682 1] 197299581
[1 13160359 13160359 1] 198085968
[1 29110700 29110700 1] 200569384
[1 4612400 4612400 1] 199969243
[1 20668364 20668364 1] 201568816
[1 20228795 20228795 1] 203092225
[1 23319848 23319848 1] 204981401
[1 18217463 18217463 1] 206294374
[1 12539391 12539391 1] 207028094
[1 25745792 25745792 1] 209122986
[1 7355116 7355116 1] 209287487
[1 12796158 12796158 1] 210021434
[1 20631492 20631492 1] 211581523
[1 4462952 4462952 1] 211456157
[1 11035022 11035022 1] 212022290
[1 18393741 18393741 1] 213357037
[1 3614031 3614031 1] 213132923
[1 5035326 5035326 1] 213058025
[1 24187517 24187517 1] 214985778
[1 21305625 21305625 1] 214385464
[1 27746140 27746140 1] 216697998
[1 3785405 3785405 1] 216495345
[1 28974581 28974581 1] 218942615
[1 2026305 2026305 1] 218342507
[1 15539863 15539863 1] 219358360
[1 4612400 4612400 1] 218758208
[1 22692686 22692686 1] 220524339
[1 18299905 18299905 1] 221840650
[1 5433484 5433484 1] 221809080
[1 27149315 27149315 1] 221208981
[1 15889745 15889745 1] 222268793
[1 18469912 18469912 1] 223614379
[1 8663951 8663951 1] 223943933
[1 29777561 29777561 1] 226506783
[1 16047642 16047642 1] 225906683
[1 12740050 12740050 1] 226648860
[1 4238336 4238336 1] 226137531
[1 6588712 6588712 1] 226737711
[1 16077376 16077376 1] 227221951
[1 29593615 29593615 1] 229727023
[1 9343769 9343769 1] 230130071
[1 19544919 19544919 1] 231588635
[1 6898538 6898538 1] 230988486
[1 27876983 27876983 1] 233319017
[1 8888229 8888229 1] 232719002
[1 14311575 14311575 1] 233606376
[1 11186594 11186594 1] 234179831
[1 13550254 13550254 1] 234987323
[1 8803075 8803075 1] 235307926
[1 7739300 7739300 1] 234707688
[1 15138378 15138378 1] 235686782
[1 24415776 24415776 1] 237639862
[1 12032920 12032920 1] 238313127
[1 10048830 10048830 1] 237712926
[1 16011018 16011018 1] 238792412
[1 24760236 24760236 1] 240812508
[1 7745692 7745692 1] 241024285
[1 22423944 22423944 1] 242799213
[1 4666329 4666329 1] 242688766
[1 20449292 20449292 1] 244259078
[1 13550254 13550254 1] 243058750
[1 4238336 4238336 1] 243658925
[1 2575056 2575056 1] 242726256
[1 2963859 2963859 1] 242440443
[1 8714905 8714905 1] 242761494
[1 20372662 20372662 1] 244310167
[1 3689686 3689686 1] 244095816
[1 10613074 10613074 1] 244599244
[1 12276966 12276966 1] 243398898
[1 8338083 8338083 1] 243999177
[1 12336504 12336504 1] 244094057
[1 29639007 29639007 1] 246706052
[1 5414640 5414640 1] 246664012
[1 7721121 7721121 1] 246872451
[1 24880227 24880227 1] 248878437
[1 10387678 10387678 1] 249371472
[1 27963982 27963982 1] 251699999
[1 14887561 14887561 1] 252644004
[1 127956 127956 1] 252057079
[1 24433519 24433519 1] 254036365
[1 11035022 11035022 1] 253436217
[1 10245197 10245197 1] 253906879
[1 24627322 24627322 1] 255924946
[1 22994985 22994985 1] 257725061
[1 23794428 23794428 1] 259608285
[1 22152041 22152041 1] 261361100
[1 22970073 22970073 1] 263219303
[1 21245831 21245831 1] 264858597
[1 26370348 26370348 1] 267051005
[1 20982031 20982031 1] 268708175
[1 9653715 9653715 1] 269171529
[1 18057523 18057523 1] 270464165
[1 18626925 18626925 1] 271840064
[1 3189436 3189436 1] 271573243
[1 15829205 15829205 1] 272613191
[1 22630444 22630444 1] 274382583
[1 24945487 24945487 1] 276388599
[1 26684279 26684279 1] 278560261
[1 6250263 6250263 1] 278611710
[1 14989684 14989684 1] 279578434
[1 21539849 21539849 1] 281274111
[1 1208325 1208325 1] 280801967
[1 11449123 11449123 1] 281399542
[1 7927336 7927336 1] 281623017
[1 3937458 3937458 1] 281434852
[1 24102748 24102748 1] 283357584
[1 25311777 25311777 1] 285426809
[1 3725219 3725219 1] 285211861
[1 19290072 19290072 1] 284611764
[1 15209934 15209934 1] 285593650
[1 10313751 10313751 1] 284993652
[1 2862807 2862807 1] 284692289
[1 5748721 5748721 1] 284690965
[1 9121309 9121309 1] 285050967
[1 1742699 1742699 1] 284631102
[1 7076377 7076377 1] 284764212
[1 1252716 1252716 1] 284294381
[1 2825172 2825172 1] 283988979
[1 25771560 25771560 1] 286071855
[1 24429690 24429690 1] 283070923
[1 22278612 22278612 1] 284271220
[1 17077889 17077889 1] 285471716
[1 2597489 2597489 1] 284871465
[1 24429690 24429690 1] 283671176
[1 1489115 1489115 1] 282626684
[1 15405990 15405990 1] 283642047
[1 2028068 2028068 1] 283256781
[1 25575224 25575224 1] 285339229
[1 332232 332232 1] 284773465
[1 2292123 2292123 1] 284411980
[1 11323876 11323876 1] 284993889
[1 20390180 20390180 1] 286574233
[1 25202255 25202255 1] 288610121
[1 20311132 20311132 1] 290150074
[1 12621730 12621730 1] 289549934
[1 3199182 3199182 1] 289283262
[1 10554604 10554604 1] 289795438
[1 2755591 2755591 1] 289195328
[1 23590182 23590182 1] 291084892
[1 29359416 29359416 1] 293543388
[1 21768826 21768826 1] 295215972
[1 27336328 27336328 1] 294615919
[1 15550552 15550552 1] 295678881
[1 14090033 14090033 1] 296590600
[1 21443182 21443182 1] 298221835
[1 12262755 12262755 1] 297621568
[1 3299709 3299709 1] 297363919
[1 27860000 27860000 1] 299692474
[1 9112298 9112298 1] 300051565
[1 19475777 19475777 1] 301488212
[1 27755423 27755423 1] 302283724
[1 19068978 19068978 1] 302883887
[1 16723383 16723383 1] 303414532
[1 9544267 9544267 1] 303804629
[1 10508861 10508861 1] 304302463
[1 17909212 17909212 1] 305607646
[1 23669087 23669087 1] 307551498
[1 8590931 8590931 1] 307845597
[1 794584 794584 1] 307328720
[1 27149315 27149315 1] 306728575
[1 6473731 6473731 1] 306128411
[1 20037526 20037526 1] 307627374
[1 1538840 1538840 1] 307195683
[1 5897491 5897491 1] 307376340
[1 1101361 1101361 1] 306933952
[1 15138378 15138378 1] 306333667
[1 13080929 13080929 1] 307258798
[1 14826622 14826622 1] 308202658
[1 14248627 14248627 1] 307602490
[1 22634226 22634226 1] 309456011
[1 18792351 18792351 1] 308855927
[1 27149315 27149315 1] 308296221
[1 6220854 6220854 1] 308896497
[1 13712351 13712351 1] 309139037
[1 20009098 20009098 1] 310633318
[1 7689127 7689127 1] 310844747
[1 14522072 14522072 1] 311791049
[1 26533150 26533150 1] 313952369
[1 12999171 12999171 1] 313352101
[1 9228399 9228399 1] 313726010
[1 22836611 22836611 1] 315658275
[1 1928578 1928578 1] 315282171
[1 8498977 8498977 1] 315590298
[1 754553 754553 1] 315069262
[1 11126088 11126088 1] 315659675
[1 23360100 23360100 1] 317544332
[1 16448567 16448567 1] 318671291
[1 6377018 6377018 1] 318741702
[1 14392736 14392736 1] 319671864
[1 26491299 26491299 1] 321879075
[1 6453196 6453196 1] 321954963
[1 6055806 6055806 1] 321992180
[1 14423429 14423429 1] 322917255
[1 19552529 19552529 1] 324425344
[1 24760236 24760236 1] 323825114
[1 24322198 24322198 1] 325814842
[1 9289673 9289673 1] 326183918
[1 28806446 28806446 1] 328593422
[1 12796158 12796158 1] 327993260
[1 2238284 2238284 1] 327630164
[1 7370164 7370164 1] 327029968
[1 3565422 3565422 1] 326803953

Results: 100.00 170917911

Standard Error: 4.2599e+06
Mean Waiting Time: 1.70918e+08
Statistics for REP_PROB_PERCENT: 20

----------------------------------------
Running client with REP_PROB_PERCENT: 40
**********************************
DTU - OS Challenge - Client v0.20
**********************************
Total requests: 500
Start: 1
Difficulty: 30000000
Repetition probability (%): 40
Request delay (us): 600000
Priority disabled

[1 6930887 6930887 1] 759218
[1 4636916 4636916 1] 640980
[1 4238336 4238336 1] 485654
[1 29760493 29760493 1] 3148867
[1 19641422 19641422 1] 4608654
[1 490028 490028 1] 4060257
[1 22520060 22520060 1] 5833100
[1 17513927 17513927 1] 7129708
[1 4238336 4238336 1] 6529608
[1 4238336 4238336 1] 6755471
[1 13455737 13455737 1] 7355652
[1 16956430 16956430 1] 7938394
[1 21021531 21021531 1] 9563860
[1 23665124 23665124 1] 11503216
[1 18703136 18703136 1] 12849555
[1 4238336 4238336 1] 11649284
[1 21021531 21021531 1] 12249510
[1 15898168 15898168 1] 12720883
[1 19018457 19018457 1] 14114124
[1 23665124 23665124 1] 12913773
[1 4238336 4238336 1] 13513999
[1 18703136 18703136 1] 12313646
[1 6898538 6898538 1] 12436339
[1 19018457 19018457 1] 13703642
[1 23594325 23594325 1] 14303854
[1 4636916 4636916 1] 13103538
[1 14268981 14268981 1] 13998467
[1 29241874 29241874 1] 16467785
[1 12999171 12999171 1] 17228663
[1 21021531 21021531 1] 17818266
[1 15497282 15497282 1] 18418423
[1 27336328 27336328 1] 20186155
[1 13455737 13455737 1] 19585949
[1 27336328 27336328 1] 19751342
[1 12621730 12621730 1] 20351572
[1 4238336 4238336 1] 19151258
[1 21100546 21100546 1] 20773794
[1 4238336 4238336 1] 20173715
[1 23665124 23665124 1] 19573591
[1 10313751 10313751 1] 20064882
[1 26426809 26426809 1] 22221667
[1 29947179 29947179 1] 24766890
[1 27336328 27336328 1] 25589457
[1 19393585 19393585 1] 26189685
[1 4612400 4612400 1] 25479489
[1 21021531 21021531 1] 24879296
[1 13993369 13993369 1] 25749121
[1 19393585 19393585 1] 24548784
[1 18703136 18703136 1] 25148907
[1 6297540 6297540 1] 24610660
[1 13480571 13480571 1] 25421143
[1 17513927 17513927 1] 24820933
[1 2066602 2066602 1] 24440185
[1 27612903 27612903 1] 26726815
[1 19018457 19018457 1] 26126666
[1 260757 260757 1] 25553462
[1 4238336 4238336 1] 24953371
[1 23209442 23209442 1] 26784563
[1 24429690 24429690 1] 28774660
[1 23665124 23665124 1] 29833775
[1 13455737 13455737 1] 30434071
[1 27346620 27346620 1] 31034247
[1 27905772 27905772 1] 32173276
[1 12890676 12890676 1] 33005768
[1 18703136 18703136 1] 32405589
[1 18777857 18777857 1] 33767410
[1 14872354 14872354 1] 34728600
[1 12276966 12276966 1] 35416814
[1 4612400 4612400 1] 34216376
[1 27336328 27336328 1] 33616063
[1 16956430 16956430 1] 32415775
[1 16956430 16956430 1] 34816621
[1 4612400 4612400 1] 33016036
[1 13363369 13363369 1] 33220730
[1 27346620 27346620 1] 32620398
[1 19018457 19018457 1] 32020243
[1 19700724 19700724 1] 33483461
[1 14268981 14268981 1] 32883186
[1 19493452 19493452 1] 33715989
[1 19493452 19493452 1] 34316875
[1 2597489 2597489 1] 33388963
[1 8888229 8888229 1] 33724182
[1 18792351 18792351 1] 35094299
[1 19493452 19493452 1] 36361247
[1 29441501 29441501 1] 37561543
[1 4238336 4238336 1] 36960845
[1 2275857 2275857 1] 35999362
[1 27346492 27346492 1] 38276908
[1 23665124 23665124 1] 37676768
[1 20281937 20281937 1] 39211792
[1 16956430 16956430 1] 38611587
[1 29241874 29241874 1] 38011437
[1 3975408 3975408 1] 37827589
[1 6276122 6276122 1] 37889661
[1 794396 794396 1] 37373032
[1 4636916 4636916 1] 36172748
[1 13455737 13455737 1] 36772890
[1 18703136 18703136 1] 35572619
[1 7231012 7231012 1] 35732324
[1 16956430 16956430 1] 35132195
[1 7322405 7322405 1] 35349397
[1 12255764 12255764 1] 36037335
[1 18703136 18703136 1] 35437127
[1 4238336 4238336 1] 34236879
[1 19641422 19641422 1] 34837079
[1 19018457 19018457 1] 33636754
[1 16956430 16956430 1] 33701622
[1 10313751 10313751 1] 33101452
[1 12067918 12067918 1] 34301798
[1 9512184 9512184 1] 33494868
[1 18295500 18295500 1] 34809718
[1 16206726 16206726 1] 35952216
[1 4612400 4612400 1] 35039698
[1 2755591 2755591 1] 35639845
[1 12469787 12469787 1] 35756426
[1 8338083 8338083 1] 36035810
[1 20388465 20388465 1] 37578038
[1 6939508 6939508 1] 37707740
[1 25228805 25228805 1] 39752969
[1 22278612 22278612 1] 41544228
[1 10313751 10313751 1] 40944182
[1 24887344 24887344 1] 42964086
[1 2035569 2035569 1] 42577735
[1 23665124 23665124 1] 41977587
[1 17513927 17513927 1] 40777193
[1 6898538 6898538 1] 41377468
[1 6473731 6473731 1] 40853018
[1 2755591 2755591 1] 42462615
[1 26811306 26811306 1] 43062850
[1 14248627 14248627 1] 43350766
[1 19393585 19393585 1] 42150388
[1 21021531 21021531 1] 42750615
[1 8213259 8213259 1] 42410559
[1 2755591 2755591 1] 41810491
[1 18703136 18703136 1] 42858462
[1 21305625 21305625 1] 43458578
[1 13911900 13911900 1] 43728573
[1 20145551 20145551 1] 45252210
[1 19290072 19290072 1] 46683244
[1 17487132 17487132 1] 47980991
[1 7684931 7684931 1] 48203491
[1 27905772 27905772 1] 47603467
[1 7370164 7370164 1] 47766775
[1 23387982 23387982 1] 49627481
[1 1252997 1252997 1] 49190358
[1 2713774 2713774 1] 48871267
[1 6473731 6473731 1] 48271101
[1 17681096 17681096 1] 49521346
[1 794396 794396 1] 48921132
[1 6911341 6911341 1] 49040634
[1 23327685 23327685 1] 50887548
[1 16855543 16855543 1] 52039634
[1 29760493 29760493 1] 51439360
[1 18219757 18219757 1] 52739980
[1 7418419 7418419 1] 52917391
[1 23089413 23089413 1] 54733921
[1 25032173 25032173 1] 56762699
[1 29262010 29262010 1] 59237677
[1 7418419 7418419 1] 58637670
[1 12255764 12255764 1] 58213815
[1 7467588 7467588 1] 58814207
[1 16855543 16855543 1] 55212667
[1 4636916 4636916 1] 57013424
[1 6473731 6473731 1] 57613656
[1 27346620 27346620 1] 54012330
[1 7370164 7370164 1] 56413224
[1 13455737 13455737 1] 55813096
[1 27612903 27612903 1] 54612537
[1 18703136 18703136 1] 53412241
[1 15996659 15996659 1] 54520426
[1 27336328 27336328 1] 53919285
[1 19393585 19393585 1] 53319058
[1 19054082 19054082 1] 54717466
[1 16956430 16956430 1] 54117324
[1 26811973 26811973 1] 56327348
[1 73851 73851 1] 55734911
[1 15996659 15996659 1] 55134758
[1 2755591 2755591 1] 54534617
[1 7231012 7231012 1] 53934449
[1 26340714 26340714 1] 56180629
[1 15256191 15256191 1] 57181129
[1 23327685 23327685 1] 56581064
[1 8888229 8888229 1] 55980839
[1 7370164 7370164 1] 55380753
[1 27346620 27346620 1] 54780565
[1 22218005 22218005 1] 56487701
[1 11614770 11614770 1] 57121412
[1 12981777 12981777 1] 57893277
[1 6247256 6247256 1] 57945717
[1 18348143 18348143 1] 59281110
[1 4445885 4445885 1] 59152916
[1 4238336 4238336 1] 59513223
[1 20223206 20223206 1] 60713676
[1 19493452 19493452 1] 60113404
[1 12262755 12262755 1] 60180626
[1 16956430 16956430 1] 59580513
[1 12828203 12828203 1] 60321121
[1 4636916 4636916 1] 59720927
[1 26902022 26902022 1] 61927145
[1 18348143 18348143 1] 62992893
[1 20390869 20390869 1] 63593070
[1 27949909 27949909 1] 65348695
[1 27210499 27210499 1] 67587110
[1 7231012 7231012 1] 66986960
[1 4686249 4686249 1] 66898042
[1 21021531 21021531 1] 65697746
[1 19290072 19290072 1] 66297887
[1 11999755 11999755 1] 66361046
[1 2251747 2251747 1] 65998706
[1 4319530 4319530 1] 65885041
[1 4636916 4636916 1] 65284899
[1 24549798 24549798 1] 67251083
[1 2713774 2713774 1] 68790281
[1 26086991 26086991 1] 69390472
[1 18012498 18012498 1] 70060182
[1 21294893 21294893 1] 71700028
[1 25519126 25519126 1] 73773661
[1 24613997 24613997 1] 75738674
[1 25209189 25209189 1] 77767396
[1 8703730 8703730 1] 78079777
[1 15256191 15256191 1] 77479638
[1 16956430 16956430 1] 76879509
[1 2026305 2026305 1] 76489942
[1 8338083 8338083 1] 75889627
[1 2266749 2266749 1] 75524620
[1 1308903 1308903 1] 75060899
[1 10697698 10697698 1] 75578982
[1 19393585 19393585 1] 76250705
[1 24887344 24887344 1] 75650522
[1 23571044 23571044 1] 77451087
[1 4238336 4238336 1] 76850862
[1 9908539 9908539 1] 76086073
[1 12895152 12895152 1] 76897545
[1 6473731 6473731 1] 75697174
[1 26086991 26086991 1] 76297372
[1 2755591 2755591 1] 75096886
[1 18703136 18703136 1] 74496844
[1 15590965 15590965 1] 75521399
[1 10636430 10636430 1] 76037470
[1 2576336 2576336 1] 75706812
[1 9202901 9202901 1] 76076989
[1 29241874 29241874 1] 75476852
[1 12260290 12260290 1] 76175335
[1 21717989 21717989 1] 77850568
[1 11585796 11585796 1] 78465682
[1 6898538 6898538 1] 78632224
[1 13053145 13053145 1] 79232489
[1 12655341 12655341 1] 79361054
[1 10000570 10000570 1] 79808214
[1 18703136 18703136 1] 79208078
[1 10956043 10956043 1] 79780507
[1 20409118 20409118 1] 81334313
[1 6911341 6911341 1] 80734112
[1 5526310 5526310 1] 80733265
[1 22495426 22495426 1] 82504114
[1 9806368 9806368 1] 82923420
[1 24504235 24504235 1] 84893200
[1 21021531 21021531 1] 82418571
[1 21021531 21021531 1] 83618825
[1 13053145 13053145 1] 85419504
[1 16631627 16631627 1] 86019582
[1 4238336 4238336 1] 84819300
[1 2597489 2597489 1] 81818507
[1 23665124 23665124 1] 84219253
[1 24429690 24429690 1] 83018825
[1 7893530 7893530 1] 82041805
[1 28532291 28532291 1] 84423584
[1 27756971 27756971 1] 86716249
[1 16819081 16819081 1] 87886262
[1 21021531 21021531 1] 87286174
[1 6418628 6418628 1] 87356557
[1 27336328 27336328 1] 86756414
[1 4319530 4319530 1] 85555931
[1 29441501 29441501 1] 86156089
[1 12262755 12262755 1] 84355633
[1 6939508 6939508 1] 84955820
[1 14152275 14152275 1] 85377431
[1 17681096 17681096 1] 85867315
[1 16047642 16047642 1] 86467538
[1 17077889 17077889 1] 87048607
[1 27612903 27612903 1] 86448575
[1 11027285 11027285 1] 87002549
[1 5790418 5790418 1] 87005717
[1 17077889 17077889 1] 86405576
[1 7100238 7100238 1] 86539951
[1 4238336 4238336 1] 85339662
[1 15996659 15996659 1] 85939851
[1 21990784 21990784 1] 87035551
[1 3228459 3228459 1] 86773690
[1 3967638 3967638 1] 86599057
[1 26620484 26620484 1] 88800451
[1 27949909 27949909 1] 88200337
[1 27149315 27149315 1] 90562135
[1 12645730 12645730 1] 91380819
[1 23665124 23665124 1] 90780685
[1 18219757 18219757 1] 90180517
[1 21021531 21021531 1] 89580386
[1 23631234 23631234 1] 91484519
[1 25933682 25933682 1] 93587027
[1 13160359 13160359 1] 94371455
[1 29110700 29110700 1] 96922699
[1 4612400 4612400 1] 96322522
[1 20668364 20668364 1] 97882921
[1 6898538 6898538 1] 97282737
[1 23319848 23319848 1] 99171170
[1 4238336 4238336 1] 98571019
[1 12539391 12539391 1] 99301788
[1 25745792 25745792 1] 101385765
[1 7355116 7355116 1] 101550235
[1 2755591 2755591 1] 100950079
[1 20631492 20631492 1] 102519452
[1 23665124 23665124 1] 101784710
[1 4462952 4462952 1] 102384935
[1 18703136 18703136 1] 101184565
[1 3614031 3614031 1] 100963903
[1 5035326 5035326 1] 100885260
[1 24187517 24187517 1] 102867165
[1 17077889 17077889 1] 101666835
[1 21305625 21305625 1] 102266996
[1 3785405 3785405 1] 101465112
[1 15256191 15256191 1] 100864931
[1 2026305 2026305 1] 100264769
[1 15539863 15539863 1] 101296152
[1 4612400 4612400 1] 100695979
[1 22692686 22692686 1] 102490077
[1 17077889 17077889 1] 101889993
[1 5433484 5433484 1] 101859772
[1 27149315 27149315 1] 101259577
[1 15889745 15889745 1] 102323778
[1 18469912 18469912 1] 103658622
[1 19290072 19290072 1] 102458307
[1 27612903 27612903 1] 103058429
[1 16047642 16047642 1] 101858166
[1 12740050 12740050 1] 102596711
[1 4238336 4238336 1] 102081834
[1 6588712 6588712 1] 102682061
[1 16077376 16077376 1] 103157220
[1 29593615 29593615 1] 105648273
[1 9343769 9343769 1] 106027956
[1 19544919 19544919 1] 107509888
[1 6898538 6898538 1] 106909652
[1 8888229 8888229 1] 105709080
[1 13455737 13455737 1] 106309437
[1 14311575 14311575 1] 106619409
[1 14248627 14248627 1] 106019214
[1 13550254 13550254 1] 106841005
[1 8803075 8803075 1] 107182608
[1 2755591 2755591 1] 106582386
[1 15138378 15138378 1] 107562158
[1 24415776 24415776 1] 109585371
[1 12032920 12032920 1] 110242098
[1 4612400 4612400 1] 109641935
[1 16011018 16011018 1] 110734533
[1 2755591 2755591 1] 112112822
[1 24760236 24760236 1] 112713021
[1 22423944 22423944 1] 113868061
[1 4666329 4666329 1] 113752946
[1 4238336 4238336 1] 113152804
[1 13550254 13550254 1] 111952373
[1 4238336 4238336 1] 112552588
[1 2575056 2575056 1] 111618300
[1 2963859 2963859 1] 111327694
[1 4636916 4636916 1] 110727528
[1 20372662 20372662 1] 112249053
[1 23631234 23631234 1] 111648912
[1 12276966 12276966 1] 110952332
[1 10613074 10613074 1] 112152707
[1 8338083 8338083 1] 111552512
[1 12336504 12336504 1] 111662423
[1 29639007 29639007 1] 114263190
[1 5414640 5414640 1] 114235634
[1 7721121 7721121 1] 114443212
[1 24880227 24880227 1] 116451067
[1 10387678 10387678 1] 116931049
[1 27963982 27963982 1] 119254592
[1 14887561 14887561 1] 120228532
[1 17487132 17487132 1] 119628458
[1 24433519 24433519 1] 121623227
[1 23665124 23665124 1] 121023085
[1 18295500 18295500 1] 120422953
[1 24627322 24627322 1] 122392856
[1 22994985 22994985 1] 124246305
[1 23794428 23794428 1] 126119730
[1 19018457 19018457 1] 125519614
[1 22970073 22970073 1] 127318395
[1 21245831 21245831 1] 128934234
[1 26370348 26370348 1] 131082484
[1 20982031 20982031 1] 132669062
[1 9653715 9653715 1] 133074412
[1 18057523 18057523 1] 134355103
[1 18626925 18626925 1] 135709037
[1 3189436 3189436 1] 135447958
[1 21021531 21021531 1] 134847942
[1 22630444 22630444 1] 136631422
[1 24945487 24945487 1] 138635055
[1 16956430 16956430 1] 138034826
[1 6250263 6250263 1] 138083849
[1 14989684 14989684 1] 139046876
[1 7418419 7418419 1] 140091984
[1 21539849 21539849 1] 140692136
[1 11449123 11449123 1] 140685715
[1 7927336 7927336 1] 140912286
[1 23089413 23089413 1] 140312471
[1 24102748 24102748 1] 142234118
[1 25311777 25311777 1] 144267702
[1 3725219 3725219 1] 144055346
[1 19290072 19290072 1] 143455104
[1 10313751 10313751 1] 143837409
[1 18703136 18703136 1] 143237235
[1 15209934 15209934 1] 144437589
[1 5748721 5748721 1] 143233465
[1 9121309 9121309 1] 143582731
[1 18295500 18295500 1] 142982570
[1 7076377 7076377 1] 143121709
[1 1252716 1252716 1] 142650367
[1 2825172 2825172 1] 142343857
[1 25771560 25771560 1] 144436799
[1 22278612 22278612 1] 142636332
[1 24429690 24429690 1] 142036117
[1 17077889 17077889 1] 143836746
[1 2597489 2597489 1] 143236598
[1 24429690 24429690 1] 141435985
[1 1489115 1489115 1] 141004390
[1 27612903 27612903 1] 140404144
[1 22423944 22423944 1] 139803928
[1 25575224 25575224 1] 141916437
[1 29639007 29639007 1] 140750805
[1 332232 332232 1] 141351055
[1 11323876 11323876 1] 141350559
[1 20390180 20390180 1] 142902142
[1 25202255 25202255 1] 145014105
[1 20311132 20311132 1] 146532871
[1 12621730 12621730 1] 145932664
[1 3199182 3199182 1] 145666553
[1 10554604 10554604 1] 146167520
[1 2755591 2755591 1] 145567347
[1 23590182 23590182 1] 147449872
[1 29359416 29359416 1] 149966209
[1 21768826 21768826 1] 151632941
[1 27336328 27336328 1] 151032775
[1 15550552 15550552 1] 152052707
[1 14090033 14090033 1] 152924634
[1 23387982 23387982 1] 152324478
[1 12262755 12262755 1] 151724243
[1 3299709 3299709 1] 151471156
[1 27860000 27860000 1] 153781032
[1 9112298 9112298 1] 154128931
[1 19475777 19475777 1] 155572610
[1 19068978 19068978 1] 157017866
[1 23665124 23665124 1] 156417796
[1 16047642 16047642 1] 155817453
[1 19054082 19054082 1] 155217274
[1 10508861 10508861 1] 155721200
[1 17909212 17909212 1] 156992429
[1 23669087 23669087 1] 158876375
[1 8590931 8590931 1] 159182511
[1 27149315 27149315 1] 158066276
[1 6473731 6473731 1] 157466170
[1 794584 794584 1] 158666520
[1 20037526 20037526 1] 158965818
[1 22278612 22278612 1] 158365614
[1 18703136 18703136 1] 155964933
[1 21021531 21021531 1] 157165350
[1 21305625 21305625 1] 157765516
[1 15138378 15138378 1] 156565334
[1 14826622 14826622 1] 156952323
[1 14248627 14248627 1] 156352271
[1 22634226 22634226 1] 158099366
[1 18792351 18792351 1] 157499260
[1 2755591 2755591 1] 156899129
[1 27149315 27149315 1] 156299004
[1 13712351 13712351 1] 157127340
[1 20009098 20009098 1] 158599643
[1 6588712 6588712 1] 157999591
[1 14522072 14522072 1] 158914678
[1 26533150 26533150 1] 161143123
[1 12999171 12999171 1] 160543119
[1 15256191 15256191 1] 159942962
[1 22836611 22836611 1] 161737695
[1 1928578 1928578 1] 161341986
[1 8498977 8498977 1] 161638949
[1 754553 754553 1] 161119589
[1 4238336 4238336 1] 160519430
[1 23360100 23360100 1] 162383550
[1 16448567 16448567 1] 163527893
[1 6377018 6377018 1] 163604742
[1 14392736 14392736 1] 164532629
[1 26491299 26491299 1] 166803320
[1 6453196 6453196 1] 166880575
[1 6055806 6055806 1] 166921519
[1 14423429 14423429 1] 167846436
[1 19552529 19552529 1] 169318536
[1 24760236 24760236 1] 168718400
[1 24322198 24322198 1] 170664350
[1 9289673 9289673 1] 171043147
[1 28806446 28806446 1] 173483651
[1 2755591 2755591 1] 172883466
[1 2238284 2238284 1] 172518444
[1 7370164 7370164 1] 171918362
[1 3565422 3565422 1] 171689622

Results: 100.00 83733909

Standard Error: 2.09685e+06
Mean Waiting Time: 8.37339e+07
Statistics for REP_PROB_PERCENT: 40

----------------------------------------
Running client with REP_PROB_PERCENT: 60
**********************************
DTU - OS Challenge - Client v0.20
**********************************
Total requests: 500
Start: 1
Difficulty: 30000000
Repetition probability (%): 60
Request delay (us): 600000
Priority disabled

[1 6930887 6930887 1] 746019
[1 4636916 4636916 1] 631467
[1 4238336 4238336 1] 470861
[1 29760493 29760493 1] 3144596
[1 4636916 4636916 1] 2544566
[1 490028 490028 1] 1995861
[1 22520060 22520060 1] 3770180
[1 17513927 17513927 1] 5007712
[1 4238336 4238336 1] 4407533
[1 4238336 4238336 1] 4601260
[1 13455737 13455737 1] 5201412
[1 16956430 16956430 1] 5790030
[1 21021531 21021531 1] 7379909
[1 23665124 23665124 1] 9282860
[1 18703136 18703136 1] 10658816
[1 4238336 4238336 1] 9458569
[1 21021531 21021531 1] 10058744
[1 15898168 15898168 1] 10524132
[1 4238336 4238336 1] 11307170
[1 19018457 19018457 1] 11907317
[1 23665124 23665124 1] 10707009
[1 18703136 18703136 1] 10106911
[1 6898538 6898538 1] 10227495
[1 23594325 23594325 1] 12085819
[1 19018457 19018457 1] 11485657
[1 4636916 4636916 1] 10885539
[1 6930887 6930887 1] 11173515
[1 14268981 14268981 1] 11773708
[1 12999171 12999171 1] 11931854
[1 21021531 21021531 1] 12358557
[1 15497282 15497282 1] 12958797
[1 4238336 4238336 1] 12208704
[1 19018457 19018457 1] 13409073
[1 27336328 27336328 1] 12808912
[1 13455737 13455737 1] 14009273
[1 27336328 27336328 1] 14609565
[1 23665124 23665124 1] 12608524
[1 21100546 21100546 1] 13808931
[1 4238336 4238336 1] 13208768
[1 18703136 18703136 1] 12008328
[1 26426809 26426809 1] 14163664
[1 29947179 29947179 1] 16692948
[1 19393585 19393585 1] 18174089
[1 27336328 27336328 1] 17574013
[1 21021531 21021531 1] 16373670
[1 17513927 17513927 1] 16973858
[1 13993369 13993369 1] 17240029
[1 19393585 19393585 1] 16039693
[1 18703136 18703136 1] 16639884
[1 6297540 6297540 1] 16098061
[1 13480571 13480571 1] 16922061
[1 17513927 17513927 1] 16321809
[1 2066602 2066602 1] 15938000
[1 19018457 19018457 1] 17636161
[1 27612903 27612903 1] 18236241
[1 4238336 4238336 1] 16435792
[1 4636916 4636916 1] 17035947
[1 23209442 23209442 1] 18260698
[1 24429690 24429690 1] 20207060
[1 27612903 27612903 1] 19606864
[1 13455737 13455737 1] 19006637
[1 23665124 23665124 1] 18406420
[1 27905772 27905772 1] 20794298
[1 12890676 12890676 1] 21540869
[1 18703136 18703136 1] 20940661
[1 18777857 18777857 1] 22308895
[1 14872354 14872354 1] 23270740
[1 27336328 27336328 1] 22151216
[1 12276966 12276966 1] 23951936
[1 17513927 17513927 1] 22751505
[1 17513927 17513927 1] 21551047
[1 16956430 16956430 1] 23351691
[1 16956430 16956430 1] 20950987
[1 13363369 13363369 1] 21777673
[1 27612903 27612903 1] 21177562
[1 19018457 19018457 1] 20577405
[1 19018457 19018457 1] 20249940
[1 19018457 19018457 1] 20850178
[1 19700724 19700724 1] 22050672
[1 14268981 14268981 1] 21450428
[1 2597489 2597489 1] 19927435
[1 19018457 19018457 1] 19650205
[1 8888229 8888229 1] 20250318
[1 29441501 29441501 1] 22135666
[1 4238336 4238336 1] 21535530
[1 19018457 19018457 1] 20935340
[1 2275857 2275857 1] 20573188
[1 23665124 23665124 1] 19372679
[1 21021531 21021531 1] 19973037
[1 18703136 18703136 1] 18772621
[1 6930887 6930887 1] 17572361
[1 16956430 16956430 1] 18172588
[1 3975408 3975408 1] 17390330
[1 6276122 6276122 1] 17461371
[1 13455737 13455737 1] 16261036
[1 21021531 21021531 1] 16861193
[1 16956430 16956430 1] 13860377
[1 4636916 4636916 1] 15660946
[1 18703136 18703136 1] 15060741
[1 21021531 21021531 1] 14460641
[1 7322405 7322405 1] 14016198
[1 26426809 26426809 1] 13416097
[1 18703136 18703136 1] 12815952
[1 4636916 4636916 1] 12215820
[1 19018457 19018457 1] 11015534
[1 4238336 4238336 1] 11615688
[1 18703136 18703136 1] 10471292
[1 12067918 12067918 1] 11671574
[1 16956430 16956430 1] 11071511
[1 9512184 9512184 1] 10863716
[1 18295500 18295500 1] 12265477
[1 16206726 16206726 1] 13376204
[1 22520060 22520060 1] 12776277
[1 19700724 19700724 1] 11575988
[1 17513927 17513927 1] 12176198
[1 8338083 8338083 1] 11855484
[1 6930887 6930887 1] 11255328
[1 6939508 6939508 1] 11381307
[1 19018457 19018457 1] 10180993
[1 27905772 27905772 1] 10781130
[1 18703136 18703136 1] 9580858
[1 24887344 24887344 1] 11636805
[1 21100546 21100546 1] 11036567
[1 23665124 23665124 1] 10436412
[1 6898538 6898538 1] 9836247
[1 17513927 17513927 1] 9236105
[1 6473731 6473731 1] 9312662
[1 26811306 26811306 1] 11539415
[1 22520060 22520060 1] 10939179
[1 21021531 21021531 1] 9738928
[1 19393585 19393585 1] 9138729
[1 19018457 19018457 1] 10339076
[1 22520060 22520060 1] 8836141
[1 8213259 8213259 1] 9436429
[1 21305625 21305625 1] 10478752
[1 18703136 18703136 1] 9878578
[1 4238336 4238336 1] 9278488
[1 20145551 20145551 1] 10787121
[1 19290072 19290072 1] 12218427
[1 17487132 17487132 1] 13447399
[1 27905772 27905772 1] 13053286
[1 18703136 18703136 1] 12453069
[1 7684931 7684931 1] 13653492
[1 23387982 23387982 1] 14319579
[1 4636916 4636916 1] 13252972
[1 6473731 6473731 1] 12652938
[1 1252997 1252997 1] 13853287
[1 21021531 21021531 1] 13355531
[1 17681096 17681096 1] 13955793
[1 6911341 6911341 1] 13566399
[1 23327685 23327685 1] 15444188
[1 16855543 16855543 1] 16633273
[1 29760493 29760493 1] 16033164
[1 21021531 21021531 1] 15432988
[1 7418419 7418419 1] 15608020
[1 23089413 23089413 1] 17443994
[1 19700724 19700724 1] 16843852
[1 6939508 6939508 1] 16243635
[1 6473731 6473731 1] 13842942
[1 7418419 7418419 1] 15643547
[1 26426809 26426809 1] 14443184
[1 2275857 2275857 1] 15043282
[1 4636916 4636916 1] 13242901
[1 18703136 18703136 1] 12642738
[1 13455737 13455737 1] 12042597
[1 16855543 16855543 1] 11442452
[1 27612903 27612903 1] 10842278
[1 27612903 27612903 1] 10241997
[1 18703136 18703136 1] 9641844
[1 15996659 15996659 1] 10727491
[1 19393585 19393585 1] 9527100
[1 27336328 27336328 1] 10127332
[1 16956430 16956430 1] 10330903
[1 19054082 19054082 1] 10931173
[1 26811973 26811973 1] 12602044
[1 73851 73851 1] 12011038
[1 21021531 21021531 1] 10210432
[1 15996659 15996659 1] 11410918
[1 22520060 22520060 1] 10810677
[1 26340714 26340714 1] 12418241
[1 15256191 15256191 1] 13439848
[1 8888229 8888229 1] 12239457
[1 23327685 23327685 1] 12839630
[1 18703136 18703136 1] 11639314
[1 27612903 27612903 1] 11039136
[1 22218005 22218005 1] 12768571
[1 11614770 11614770 1] 13399894
[1 12981777 12981777 1] 14150838
[1 26426809 26426809 1] 12950568
[1 23089413 23089413 1] 13550704
[1 4445885 4445885 1] 12816644
[1 20223206 20223206 1] 14334437
[1 19018457 19018457 1] 13734324
[1 4238336 4238336 1] 13134165
[1 12262755 12262755 1] 13826013
[1 22520060 22520060 1] 12625753
[1 16956430 16956430 1] 13225929
[1 4636916 4636916 1] 12025646
[1 26902022 26902022 1] 14242007
[1 26426809 26426809 1] 13641837
[1 26426809 26426809 1] 13041670
[1 21021531 21021531 1] 14170766
[1 7684931 7684931 1] 13570602
[1 6473731 6473731 1] 14770891
[1 19290072 19290072 1] 12970357
[1 21021531 21021531 1] 12370198
[1 27949909 27949909 1] 15371040
[1 11999755 11999755 1] 13071091
[1 2251747 2251747 1] 12706382
[1 4636916 4636916 1] 11960887
[1 4319530 4319530 1] 12561065
[1 24549798 24549798 1] 13981609
[1 7418419 7418419 1] 13381490
[1 4636916 4636916 1] 12781315
[1 18012498 18012498 1] 14071057
[1 8213259 8213259 1] 13470961
[1 25519126 25519126 1] 15646555
[1 27612903 27612903 1] 15046419
[1 25209189 25209189 1] 17117226
[1 19700724 19700724 1] 16517095
[1 15256191 15256191 1] 15916884
[1 29760493 29760493 1] 14716571
[1 16956430 16956430 1] 15316753
[1 8338083 8338083 1] 14116494
[1 29760493 29760493 1] 12916132
[1 19700724 19700724 1] 13516325
[1 10697698 10697698 1] 13469995
[1 19393585 19393585 1] 14133992
[1 4238336 4238336 1] 14734174
[1 29760493 29760493 1] 12933696
[1 23571044 23571044 1] 15334392
[1 6473731 6473731 1] 11133105
[1 26811306 26811306 1] 12333558
[1 7418419 7418419 1] 11733438
[1 24887344 24887344 1] 13533921
[1 22520060 22520060 1] 9332707
[1 22520060 22520060 1] 10533062
[1 18703136 18703136 1] 9932864
[1 10636430 10636430 1] 9848676
[1 27905772 27905772 1] 9248518
[1 6930887 6930887 1] 9003304
[1 19018457 19018457 1] 8416087
[1 9202901 9202901 1] 9616424
[1 21717989 21717989 1] 10085681
[1 11585796 11585796 1] 10701282
[1 2275857 2275857 1] 10100978
[1 6898538 6898538 1] 9500862
[1 19018457 19018457 1] 9640665
[1 18703136 18703136 1] 9040419
[1 12655341 12655341 1] 10240814
[1 10956043 10956043 1] 9605047
[1 18703136 18703136 1] 9004818
[1 6911341 6911341 1] 8404811
[1 5526310 5526310 1] 8384560
[1 22495426 22495426 1] 10203423
[1 9806368 9806368 1] 10671253
[1 24504235 24504235 1] 12646717
[1 2275857 2275857 1] 13179619
[1 21021531 21021531 1] 10178841
[1 16631627 16631627 1] 13779897
[1 21021531 21021531 1] 11379163
[1 23665124 23665124 1] 11979319
[1 4238336 4238336 1] 12579437
[1 2597489 2597489 1] 9578712
[1 24429690 24429690 1] 10779133
[1 26426809 26426809 1] 9217043
[1 13363369 13363369 1] 8616772
[1 7418419 7418419 1] 8016613
[1 21021531 21021531 1] 7416421
[1 29441501 29441501 1] 5615773
[1 7893530 7893530 1] 9817317
[1 27336328 27336328 1] 6215872
[1 27612903 27612903 1] 6816252
[1 4319530 4319530 1] 5015681
[1 6939508 6939508 1] 4415457
[1 12262755 12262755 1] 3815228
[1 14152275 14152275 1] 4705333
[1 6898538 6898538 1] 4105134
[1 17681096 17681096 1] 3504874
[1 27612903 27612903 1] 4099264
[1 17077889 17077889 1] 4699461
[1 11027285 11027285 1] 4646015
[1 21021531 21021531 1] 4045911
[1 17077889 17077889 1] 3445769
[1 15996659 15996659 1] 2245188
[1 19018457 19018457 1] 1044759
[1 4238336 4238336 1] 1644910
[1 22520060 22520060 1] 2845570
[1 3228459 3228459 1] 782531
[1 3967638 3967638 1] 597273
[1 16956430 16956430 1] 1597507
[1 26620484 26620484 1] 2797855
[1 27949909 27949909 1] 2197714
[1 12645730 12645730 1] 2350478
[1 21021531 21021531 1] 1150151
[1 23665124 23665124 1] 1750306
[1 21021531 21021531 1] 549986
[1 23631234 23631234 1] 2476895
[1 8338083 8338083 1] 1876689
[1 13160359 13160359 1] 2658332
[1 17513927 17513927 1] 4507892
[1 29110700 29110700 1] 5108025
[1 20668364 20668364 1] 6062204
[1 6898538 6898538 1] 5462092
[1 23319848 23319848 1] 7305047
[1 4238336 4238336 1] 6704896
[1 12539391 12539391 1] 7458773
[1 25745792 25745792 1] 9555187
[1 12981777 12981777 1] 8955002
[1 22520060 22520060 1] 8354918
[1 20631492 20631492 1] 9901706
[1 27336328 27336328 1] 9301518
[1 23665124 23665124 1] 8701341
[1 19393585 19393585 1] 7501011
[1 18703136 18703136 1] 8101234
[1 5035326 5035326 1] 7426662
[1 24187517 24187517 1] 9384184
[1 21305625 21305625 1] 8784000
[1 17077889 17077889 1] 8183809
[1 15256191 15256191 1] 7387847
[1 29760493 29760493 1] 6787662
[1 3785405 3785405 1] 7988091
[1 15539863 15539863 1] 7807752
[1 17513927 17513927 1] 7207607
[1 22692686 22692686 1] 8976156
[1 17077889 17077889 1] 8375933
[1 5433484 5433484 1] 8340179
[1 16956430 16956430 1] 7740058
[1 19393585 19393585 1] 7139918
[1 6898538 6898538 1] 6732157
[1 18469912 18469912 1] 8532749
[1 19290072 19290072 1] 7332392
[1 27612903 27612903 1] 7932568
[1 4238336 4238336 1] 6254363
[1 12740050 12740050 1] 7454734
[1 18777857 18777857 1] 6854609
[1 16077376 16077376 1] 7334268
[1 4238336 4238336 1] 6734127
[1 9343769 9343769 1] 7119615
[1 19544919 19544919 1] 8563835
[1 6898538 6898538 1] 7963659
[1 8888229 8888229 1] 6763334
[1 13455737 13455737 1] 7363486
[1 14311575 14311575 1] 7661710
[1 19018457 19018457 1] 7061669
[1 22520060 22520060 1] 6680732
[1 13550254 13550254 1] 7881102
[1 19018457 19018457 1] 7280868
[1 15138378 15138378 1] 7677530
[1 24415776 24415776 1] 9656817
[1 12032920 12032920 1] 10347737
[1 17513927 17513927 1] 9747656
[1 16011018 16011018 1] 10838374
[1 3228459 3228459 1] 10238319
[1 22520060 22520060 1] 9638149
[1 21021531 21021531 1] 9037865
[1 4666329 4666329 1] 8960381
[1 13550254 13550254 1] 7159727
[1 4238336 4238336 1] 7759968
[1 4238336 4238336 1] 8360193
[1 2575056 2575056 1] 6817822
[1 2963859 2963859 1] 6532990
[1 4636916 4636916 1] 5932780
[1 20372662 20372662 1] 7544733
[1 23631234 23631234 1] 6944640
[1 8338083 8338083 1] 6846258
[1 12276966 12276966 1] 6246204
[1 10613074 10613074 1] 7446528
[1 12336504 12336504 1] 6969297
[1 29639007 29639007 1] 9482229
[1 5414640 5414640 1] 9461700
[1 27949909 27949909 1] 8861576
[1 24880227 24880227 1] 10871207
[1 10387678 10387678 1] 11364132
[1 27963982 27963982 1] 13733128
[1 17487132 17487132 1] 14129367
[1 14887561 14887561 1] 14729723
[1 24433519 24433519 1] 16122819
[1 23665124 23665124 1] 15521156
[1 18295500 18295500 1] 14920979
[1 24627322 24627322 1] 16921083
[1 22994985 22994985 1] 18715260
[1 19018457 19018457 1] 20019899
[1 23794428 23794428 1] 20620081
[1 22970073 22970073 1] 21804541
[1 21245831 21245831 1] 23459654
[1 26370348 26370348 1] 25629320
[1 19393585 19393585 1] 25029153
[1 9653715 9653715 1] 25470413
[1 11614770 11614770 1] 24870294
[1 27963982 27963982 1] 24270172
[1 3189436 3189436 1] 23998458
[1 21021531 21021531 1] 23398332
[1 29760493 29760493 1] 22798215
[1 24945487 24945487 1] 24841147
[1 24887344 24887344 1] 23640907
[1 16956430 16956430 1] 24241053
[1 4238336 4238336 1] 24007576
[1 14989684 14989684 1] 24607727
[1 7418419 7418419 1] 23407510
[1 11449123 11449123 1] 24001641
[1 14152275 14152275 1] 23401498
[1 23089413 23089413 1] 22801275
[1 24102748 24102748 1] 24707716
[1 25311777 25311777 1] 26765214
[1 3725219 3725219 1] 26553145
[1 18703136 18703136 1] 24152501
[1 18703136 18703136 1] 24752642
[1 18703136 18703136 1] 25352825
[1 19290072 19290072 1] 25953053
[1 5748721 5748721 1] 24154578
[1 18295500 18295500 1] 23908218
[1 9121309 9121309 1] 24508422
[1 7076377 7076377 1] 24048802
[1 1252716 1252716 1] 23579333
[1 9121309 9121309 1] 22979180
[1 2597489 2597489 1] 23871786
[1 24429690 24429690 1] 22671467
[1 19018457 19018457 1] 23271677
[1 25771560 25771560 1] 25072154
[1 17077889 17077889 1] 24472022
[1 24429690 24429690 1] 22071294
[1 1489115 1489115 1] 21626359
[1 27612903 27612903 1] 21026208
[1 21021531 21021531 1] 20426022
[1 4238336 4238336 1] 19825918
[1 332232 332232 1] 19262138
[1 29639007 29639007 1] 18661981
[1 11323876 11323876 1] 19245509
[1 15996659 15996659 1] 18645348
[1 25202255 25202255 1] 20681436
[1 19018457 19018457 1] 19481167
[1 6473731 6473731 1] 20081368
[1 3199182 3199182 1] 19216941
[1 10554604 10554604 1] 19724428
[1 22520060 22520060 1] 19124395
[1 23590182 23590182 1] 20988088
[1 29359416 29359416 1] 23522659
[1 27336328 27336328 1] 24603697
[1 21768826 21768826 1] 25203921
[1 15550552 15550552 1] 25673052
[1 14090033 14090033 1] 26551027
[1 23387982 23387982 1] 25950737
[1 12262755 12262755 1] 25350655
[1 25311777 25311777 1] 24750432
[1 27860000 27860000 1] 27113908
[1 9112298 9112298 1] 27550144
[1 19475777 19475777 1] 28979323
[1 6930887 6930887 1] 28379241
[1 23665124 23665124 1] 27779062
[1 6898538 6898538 1] 27178923
[1 19054082 19054082 1] 26578709
[1 10508861 10508861 1] 27076808
[1 17909212 17909212 1] 28346920
[1 23669087 23669087 1] 30221985
[1 8590931 8590931 1] 30514336
[1 794584 794584 1] 29996469
[1 16956430 16956430 1] 29396308
[1 6473731 6473731 1] 28796148
[1 20037526 20037526 1] 30287469
[1 21021531 21021531 1] 28486837
[1 19018457 19018457 1] 29687278
[1 18703136 18703136 1] 27286476
[1 21305625 21305625 1] 29087085
[1 15138378 15138378 1] 27886781
[1 14826622 14826622 1] 28254702
[1 19018457 19018457 1] 27654524
[1 22634226 22634226 1] 29428016
[1 19018457 19018457 1] 28827752
[1 16956430 16956430 1] 27627407
[1 22520060 22520060 1] 28227647
[1 18777857 18777857 1] 27249410
[1 19018457 19018457 1] 27849557
[1 13712351 13712351 1] 28449672
[1 14522072 14522072 1] 28143090
[1 15256191 15256191 1] 26342715
[1 12999171 12999171 1] 26942873
[1 7418419 7418419 1] 27543014
[1 22836611 22836611 1] 28107771
[1 1928578 1928578 1] 27708161
[1 8498977 8498977 1] 27981983
[1 754553 754553 1] 27459912
[1 4238336 4238336 1] 26860014
[1 23360100 23360100 1] 28705439
[1 332232 332232 1] 28105307
[1 18703136 18703136 1] 27505138
[1 22520060 22520060 1] 26905017
[1 26491299 26491299 1] 29068168
[1 6453196 6453196 1] 29176841
[1 6055806 6055806 1] 29203638
[1 14423429 14423429 1] 30118741
[1 4319530 4319530 1] 29518575
[1 3228459 3228459 1] 28918546
[1 24322198 24322198 1] 30837468
[1 19018457 19018457 1] 30237341
[1 28806446 28806446 1] 32631596
[1 22520060 22520060 1] 32031946
[1 2238284 2238284 1] 31689151
[1 18703136 18703136 1] 31088999
[1 3565422 3565422 1] 30859663

Results: 100.00 14810810

Standard Error: 338684
Mean Waiting Time: 1.48108e+07
Statistics for REP_PROB_PERCENT: 60

----------------------------------------
Running client with REP_PROB_PERCENT: 80
**********************************
DTU - OS Challenge - Client v0.20
**********************************
Total requests: 500
Start: 1
Difficulty: 30000000
Repetition probability (%): 80
Request delay (us): 600000
Priority disabled

[1 6930887 6930887 1] 722413
[1 6930887 6930887 1] 122245
[1 4238336 4238336 1] 428684
[1 29760493 29760493 1] 3133449
[1 4238336 4238336 1] 1933081
[1 6930887 6930887 1] 2533287
[1 22520060 22520060 1] 3709384
[1 4238336 4238336 1] 2509115
[1 6930887 6930887 1] 3109293
[1 4238336 4238336 1] 1308821
[1 6930887 6930887 1] 1908975
[1 6930887 6930887 1] 708727
[1 21021531 21021531 1] 2300724
[1 4238336 4238336 1] 1100443
[1 29760493 29760493 1] 1700597
[1 21021531 21021531 1] 500319
[1 4238336 4238336 1] 140
[1 4238336 4238336 1] 111
[1 19018457 19018457 1] 2012565
[1 4238336 4238336 1] 212145
[1 29760493 29760493 1] 812293
[1 4238336 4238336 1] 1412462
[1 6898538 6898538 1] 716664
[1 23594325 23594325 1] 2591895
[1 19018457 19018457 1] 1991736
[1 6930887 6930887 1] 1391620
[1 14268981 14268981 1] 2299397
[1 19018457 19018457 1] 1099013
[1 6930887 6930887 1] 1699184
[1 15497282 15497282 1] 2126135
[1 21021531 21021531 1] 1526054
[1 6930887 6930887 1] 3196975
[1 27336328 27336328 1] 1996482
[1 19018457 19018457 1] 2596731
[1 27336328 27336328 1] 3797266
[1 4238336 4238336 1] 1396446
[1 21100546 21100546 1] 3026855
[1 4238336 4238336 1] 2426783
[1 29760493 29760493 1] 1826653
[1 4238336 4238336 1] 1226478
[1 26426809 26426809 1] 3431229
[1 14268981 14268981 1] 2830948
[1 19393585 19393585 1] 4261842
[1 27336328 27336328 1] 3661646
[1 21021531 21021531 1] 2461240
[1 4238336 4238336 1] 1861098
[1 6930887 6930887 1] 3061458
[1 19393585 19393585 1] 660720
[1 4238336 4238336 1] 1260980
[1 6297540 6297540 1] 720753
[1 13480571 13480571 1] 1520143
[1 6930887 6930887 1] 920013
[1 6930887 6930887 1] 319762
[1 27612903 27612903 1] 2938261
[1 4238336 4238336 1] 1137710
[1 19018457 19018457 1] 2338115
[1 6930887 6930887 1] 1737993
[1 23209442 23209442 1] 2971432
[1 27612903 27612903 1] 1771123
[1 27336328 27336328 1] 2371303
[1 29760493 29760493 1] 570851
[1 6930887 6930887 1] 1171053
[1 27905772 27905772 1] 2961660
[1 12890676 12890676 1] 3702346
[1 27336328 27336328 1] 2502022
[1 4238336 4238336 1] 3102547
[1 14872354 14872354 1] 3456279
[1 6930887 6930887 1] 3607657
[1 12276966 12276966 1] 4207805
[1 27336328 27336328 1] 2407321
[1 6930887 6930887 1] 3007446
[1 6930887 6930887 1] 1807194
[1 27905772 27905772 1] 606858
[1 27612903 27612903 1] 6752
[1 6930887 6930887 1] 1207126
[1 19018457 19018457 1] 174
[1 14268981 14268981 1] 1469296
[1 19018457 19018457 1] 869118
[1 19700724 19700724 1] 2069460
[1 19018457 19018457 1] 268966
[1 19393585 19393585 1] 130
[1 23594325 23594325 1] 131
[1 19018457 19018457 1] 122
[1 29441501 29441501 1] 3044274
[1 4238336 4238336 1] 2444232
[1 19018457 19018457 1] 1844089
[1 2275857 2275857 1] 1479528
[1 21021531 21021531 1] 879359
[1 29760493 29760493 1] 279212
[1 4238336 4238336 1] 113
[1 6930887 6930887 1] 95
[1 6930887 6930887 1] 113
[1 27612903 27612903 1] 907
[1 6930887 6930887 1] 99
[1 21021531 21021531 1] 142
[1 6930887 6930887 1] 125
[1 6930887 6930887 1] 173
[1 4238336 4238336 1] 115
[1 21021531 21021531 1] 137
[1 6930887 6930887 1] 332
[1 6930887 6930887 1] 126
[1 26426809 26426809 1] 505
[1 4238336 4238336 1] 124
[1 6930887 6930887 1] 116
[1 4238336 4238336 1] 111
[1 19018457 19018457 1] 115
[1 4238336 4238336 1] 113
[1 6930887 6930887 1] 143
[1 4238336 4238336 1] 105
[1 6930887 6930887 1] 121
[1 18295500 18295500 1] 1908755
[1 29760493 29760493 1] 1308675
[1 22520060 22520060 1] 708516
[1 6930887 6930887 1] 108306
[1 19700724 19700724 1] 135
[1 4238336 4238336 1] 107
[1 6930887 6930887 1] 104
[1 6939508 6939508 1] 707899
[1 27905772 27905772 1] 107717
[1 19018457 19018457 1] 231
[1 4238336 4238336 1] 110
[1 24887344 24887344 1] 2634745
[1 21100546 21100546 1] 2034501
[1 6898538 6898538 1] 834094
[1 29760493 29760493 1] 1434341
[1 6930887 6930887 1] 234030
[1 19700724 19700724 1] 334
[1 19018457 19018457 1] 140
[1 22520060 22520060 1] 117
[1 19018457 19018457 1] 128
[1 21021531 21021531 1] 119
[1 19393585 19393585 1] 110
[1 8213259 8213259 1] 854717
[1 22520060 22520060 1] 254637
[1 4238336 4238336 1] 137
[1 4238336 4238336 1] 939
[1 4238336 4238336 1] 117
[1 6939508 6939508 1] 113
[1 15497282 15497282 1] 180
[1 29760493 29760493 1] 1397
[1 7684931 7684931 1] 790579
[1 27905772 27905772 1] 190430
[1 4238336 4238336 1] 109
[1 23387982 23387982 1] 2442707
[1 1252997 1252997 1] 1972660
[1 6930887 6930887 1] 1372340
[1 19700724 19700724 1] 772262
[1 17681096 17681096 1] 2035897
[1 21021531 21021531 1] 1435858
[1 6911341 6911341 1] 1559455
[1 23327685 23327685 1] 3467003
[1 21021531 21021531 1] 1666503
[1 4238336 4238336 1] 1066374
[1 4238336 4238336 1] 2866935
[1 29760493 29760493 1] 2266877
[1 23089413 23089413 1] 2856858
[1 19700724 19700724 1] 2256733
[1 6939508 6939508 1] 1656599
[1 4238336 4238336 1] 1056434
[1 2275857 2275857 1] 455140
[1 26426809 26426809 1] 135
[1 19700724 19700724 1] 155
[1 6930887 6930887 1] 222
[1 4238336 4238336 1] 118
[1 6930887 6930887 1] 134
[1 4238336 4238336 1] 158
[1 27612903 27612903 1] 836
[1 27612903 27612903 1] 1027
[1 4238336 4238336 1] 143
[1 15996659 15996659 1] 1678876
[1 19393585 19393585 1] 478516
[1 27336328 27336328 1] 1078713
[1 19054082 19054082 1] 2024991
[1 6930887 6930887 1] 1424826
[1 26811973 26811973 1] 3709474
[1 15996659 15996659 1] 2509241
[1 23327685 23327685 1] 3109395
[1 21021531 21021531 1] 1308949
[1 22520060 22520060 1] 1909141
[1 26340714 26340714 1] 3485995
[1 15256191 15256191 1] 4502753
[1 23594325 23594325 1] 3302422
[1 4238336 4238336 1] 2702254
[1 27612903 27612903 1] 2102092
[1 23327685 23327685 1] 3902669
[1 22218005 22218005 1] 3877217
[1 26426809 26426809 1] 1476520
[1 19700724 19700724 1] 2676841
[1 22218005 22218005 1] 3276993
[1 23089413 23089413 1] 2076724
[1 27612903 27612903 1] 876387
[1 20223206 20223206 1] 2377083
[1 19018457 19018457 1] 1777166
[1 4238336 4238336 1] 1176980
[1 19700724 19700724 1] 576824
[1 6930887 6930887 1] 116
[1 22520060 22520060 1] 127
[1 6930887 6930887 1] 103
[1 26426809 26426809 1] 1601171
[1 26426809 26426809 1] 2201475
[1 26902022 26902022 1] 2801677
[1 19700724 19700724 1] 400898
[1 14872354 14872354 1] 1001158
[1 21021531 21021531 1] 114
[1 7684931 7684931 1] 110
[1 15497282 15497282 1] 138
[1 21021531 21021531 1] 110
[1 11999755 11999755 1] 1249290
[1 4238336 4238336 1] 48978
[1 19018457 19018457 1] 649236
[1 6930887 6930887 1] 192
[1 24549798 24549798 1] 2616914
[1 4238336 4238336 1] 2016766
[1 8213259 8213259 1] 216225
[1 6930887 6930887 1] 1416688
[1 23594325 23594325 1] 816514
[1 19700724 19700724 1] 1613011
[1 27612903 27612903 1] 2213288
[1 19700724 19700724 1] 1012857
[1 25519126 25519126 1] 2813474
[1 15256191 15256191 1] 412688
[1 6930887 6930887 1] 156
[1 29760493 29760493 1] 129
[1 4238336 4238336 1] 116
[1 19700724 19700724 1] 156
[1 29760493 29760493 1] 171
[1 10697698 10697698 1] 1111892
[1 23571044 23571044 1] 2994202
[1 29760493 29760493 1] 593373
[1 4238336 4238336 1] 2394085
[1 19393585 19393585 1] 1793868
[1 24887344 24887344 1] 1193711
[1 19018457 19018457 1] 92
[1 4238336 4238336 1] 181
[1 19700724 19700724 1] 330
[1 22520060 22520060 1] 110
[1 4238336 4238336 1] 573
[1 22520060 22520060 1] 138
[1 10636430 10636430 1] 1094917
[1 27905772 27905772 1] 493918
[1 6930887 6930887 1] 194
[1 6930887 6930887 1] 130
[1 19018457 19018457 1] 110
[1 26426809 26426809 1] 123
[1 11585796 11585796 1] 1259275
[1 6898538 6898538 1] 58980
[1 2275857 2275857 1] 659252
[1 12655341 12655341 1] 1315957
[1 19018457 19018457 1] 715811
[1 4238336 4238336 1] 115703
[1 19393585 19393585 1] 132
[1 4238336 4238336 1] 130
[1 6911341 6911341 1] 94
[1 5526310 5526310 1] 569913
[1 22495426 22495426 1] 2365368
[1 9806368 9806368 1] 2784748
[1 27336328 27336328 1] 2184628
[1 2275857 2275857 1] 2728494
[1 21021531 21021531 1] 928019
[1 27336328 27336328 1] 327849
[1 16631627 16631627 1] 3328784
[1 29760493 29760493 1] 1528273
[1 4238336 4238336 1] 2128468
[1 21021531 21021531 1] 149
[1 19393585 19393585 1] 128
[1 19700724 19700724 1] 114
[1 26426809 26426809 1] 1061
[1 27905772 27905772 1] 131
[1 4238336 4238336 1] 138
[1 21021531 21021531 1] 166
[1 27612903 27612903 1] 161
[1 27336328 27336328 1] 1278
[1 29441501 29441501 1] 117
[1 4238336 4238336 1] 127
[1 6939508 6939508 1] 139
[1 19700724 19700724 1] 1093
[1 14152275 14152275 1] 1475017
[1 17681096 17681096 1] 274716
[1 6898538 6898538 1] 874908
[1 27612903 27612903 1] 1193014
[1 19018457 19018457 1] 592857
[1 17077889 17077889 1] 1793278
[1 21021531 21021531 1] 104
[1 17077889 17077889 1] 124
[1 22520060 22520060 1] 121
[1 15996659 15996659 1] 127
[1 4238336 4238336 1] 791
[1 19018457 19018457 1] 132
[1 26426809 26426809 1] 137
[1 29760493 29760493 1] 139
[1 26620484 26620484 1] 2773600
[1 29760493 29760493 1] 372843
[1 14872354 14872354 1] 2173457
[1 6930887 6930887 1] 1573248
[1 6939508 6939508 1] 973145
[1 21021531 21021531 1] 112
[1 21021531 21021531 1] 259
[1 26426809 26426809 1] 112
[1 4238336 4238336 1] 297
[1 13160359 13160359 1] 1358984
[1 26426809 26426809 1] 758807
[1 6930887 6930887 1] 158585
[1 23387982 23387982 1] 132
[1 6898538 6898538 1] 104
[1 21021531 21021531 1] 151
[1 4238336 4238336 1] 113
[1 12539391 12539391 1] 1294158
[1 25745792 25745792 1] 3391658
[1 19700724 19700724 1] 2791547
[1 22520060 22520060 1] 2191339
[1 26426809 26426809 1] 1591054
[1 29760493 29760493 1] 390723
[1 27336328 27336328 1] 991017
[1 4238336 4238336 1] 112
[1 19393585 19393585 1] 127
[1 5035326 5035326 1] 516324
[1 24187517 24187517 1] 2569790
[1 4238336 4238336 1] 1969688
[1 17077889 17077889 1] 1369480
[1 3785405 3785405 1] 1164517
[1 15256191 15256191 1] 564389
[1 29760493 29760493 1] 113
[1 21021531 21021531 1] 111
[1 6930887 6930887 1] 117
[1 29760493 29760493 1] 113
[1 17077889 17077889 1] 697
[1 12655341 12655341 1] 129
[1 6930887 6930887 1] 123
[1 19393585 19393585 1] 198
[1 18469912 18469912 1] 1922976
[1 27612903 27612903 1] 1322825
[1 15497282 15497282 1] 722628
[1 6898538 6898538 1] 122487
[1 4238336 4238336 1] 120
[1 27336328 27336328 1] 135
[1 4238336 4238336 1] 98
[1 16077376 16077376 1] 1676241
[1 4238336 4238336 1] 1076081
[1 9343769 9343769 1] 1450021
[1 6898538 6898538 1] 2292459
[1 19544919 19544919 1] 2892687
[1 23594325 23594325 1] 1092251
[1 6930887 6930887 1] 1692395
[1 19018457 19018457 1] 1392635
[1 14311575 14311575 1] 1992774
[1 13550254 13550254 1] 2206157
[1 19018457 19018457 1] 1606015
[1 22520060 22520060 1] 1005891
[1 27336328 27336328 1] 405736
[1 2275857 2275857 1] 1894
[1 12032920 12032920 1] 1243316
[1 6930887 6930887 1] 643124
[1 16011018 16011018 1] 1717465
[1 26426809 26426809 1] 1117279
[1 22520060 22520060 1] 517101
[1 21021531 21021531 1] 115
[1 22520060 22520060 1] 112
[1 4238336 4238336 1] 113
[1 4238336 4238336 1] 108
[1 13550254 13550254 1] 112
[1 4238336 4238336 1] 135
[1 2963859 2963859 1] 298783
[1 6930887 6930887 1] 109
[1 15996659 15996659 1] 131
[1 26426809 26426809 1] 136
[1 10613074 10613074 1] 1121324
[1 4238336 4238336 1] 521250
[1 12276966 12276966 1] 118
[1 27612903 27612903 1] 115
[1 29639007 29639007 1] 3164809
[1 5414640 5414640 1] 3123263
[1 14872354 14872354 1] 2523071
[1 14872354 14872354 1] 1322757
[1 4238336 4238336 1] 1922857
[1 27963982 27963982 1] 3668443
[1 6930887 6930887 1] 3068151
[1 29760493 29760493 1] 2468010
[1 27612903 27612903 1] 1867806
[1 6930887 6930887 1] 67212
[1 18295500 18295500 1] 667533
[1 29760493 29760493 1] 1267719
[1 23594325 23594325 1] 465
[1 14311575 14311575 1] 128
[1 19018457 19018457 1] 114
[1 22970073 22970073 1] 2435872
[1 21245831 21245831 1] 4083983
[1 19393585 19393585 1] 2883533
[1 27336328 27336328 1] 2283515
[1 29760493 29760493 1] 3483816
[1 22218005 22218005 1] 1683246
[1 27963982 27963982 1] 1083028
[1 3189436 3189436 1] 815299
[1 21021531 21021531 1] 215251
[1 29760493 29760493 1] 122
[1 24945487 24945487 1] 2584245
[1 24887344 24887344 1] 1383695
[1 4238336 4238336 1] 783578
[1 6930887 6930887 1] 1984099
[1 4238336 4238336 1] 183518
[1 4238336 4238336 1] 110
[1 21021531 21021531 1] 170
[1 14152275 14152275 1] 119
[1 23089413 23089413 1] 163
[1 6930887 6930887 1] 380
[1 6930887 6930887 1] 169
[1 29760493 29760493 1] 416
[1 15497282 15497282 1] 122
[1 4238336 4238336 1] 112
[1 4238336 4238336 1] 135
[1 4238336 4238336 1] 122
[1 5748721 5748721 1] 597523
[1 9121309 9121309 1] 949296
[1 18295500 18295500 1] 349099
[1 7076377 7076377 1] 731949
[1 1252716 1252716 1] 262465
[1 9121309 9121309 1] 400
[1 25771560 25771560 1] 2727772
[1 17077889 17077889 1] 2127641
[1 27336328 27336328 1] 327173
[1 19018457 19018457 1] 927368
[1 19393585 19393585 1] 1527590
[1 27336328 27336328 1] 106
[1 1489115 1489115 1] 149082
[1 27612903 27612903 1] 140
[1 21021531 21021531 1] 160
[1 4238336 4238336 1] 108
[1 332232 332232 1] 33746
[1 29639007 29639007 1] 111
[1 11323876 11323876 1] 1216278
[1 15996659 15996659 1] 616116
[1 25202255 25202255 1] 2647110
[1 19700724 19700724 1] 2047063
[1 19018457 19018457 1] 1446932
[1 3199182 3199182 1] 1182631
[1 22520060 22520060 1] 1087669
[1 10554604 10554604 1] 1687832
[1 23590182 23590182 1] 2992307
[1 29359416 29359416 1] 5506941
[1 21768826 21768826 1] 7186802
[1 27336328 27336328 1] 6586724
[1 15550552 15550552 1] 7614297
[1 23387982 23387982 1] 7910005
[1 14090033 14090033 1] 8510142
[1 6930887 6930887 1] 6709682
[1 19700724 19700724 1] 7309909
[1 27860000 27860000 1] 9034179
[1 14152275 14152275 1] 8434025
[1 6930887 6930887 1] 9306563
[1 6898538 6898538 1] 8106287
[1 19475777 19475777 1] 9906737
[1 26426809 26426809 1] 6905982
[1 19054082 19054082 1] 7506173
[1 29760493 29760493 1] 8706518
[1 17909212 17909212 1] 8249561
[1 23669087 23669087 1] 10156360
[1 8590931 8590931 1] 10451067
[1 794584 794584 1] 9933222
[1 19700724 19700724 1] 8732842
[1 6930887 6930887 1] 9333079
[1 27336328 27336328 1] 7869983
[1 4238336 4238336 1] 7269868
[1 21021531 21021531 1] 8470255
[1 20037526 20037526 1] 10270768
[1 4238336 4238336 1] 9070441
[1 19018457 19018457 1] 9670619
[1 14826622 14826622 1] 8233051
[1 19018457 19018457 1] 7632877
[1 19018457 19018457 1] 8865201
[1 22634226 22634226 1] 9465332
[1 22520060 22520060 1] 8265047
[1 6930887 6930887 1] 7664862
[1 27336328 27336328 1] 7321396
[1 19018457 19018457 1] 7921596
[1 27336328 27336328 1] 6721162
[1 4238336 4238336 1] 6120956
[1 13712351 13712351 1] 8521831
[1 19018457 19018457 1] 5520830
[1 15256191 15256191 1] 4920735
[1 22836611 22836611 1] 6696843
[1 1928578 1928578 1] 6298150
[1 8498977 8498977 1] 6584490
[1 754553 754553 1] 6063382
[1 4238336 4238336 1] 5463291
[1 4238336 4238336 1] 3662711
[1 4238336 4238336 1] 4863048
[1 332232 332232 1] 4262993
[1 22520060 22520060 1] 3062675
[1 4238336 4238336 1] 2462514
[1 6930887 6930887 1] 1957707
[1 26426809 26426809 1] 157242
[1 4238336 4238336 1] 757390
[1 19018457 19018457 1] 1357620
[1 6453196 6453196 1] 2557896
[1 21021531 21021531 1] 130
[1 19018457 19018457 1] 109
[1 25202255 25202255 1] 149
[1 22520060 22520060 1] 128
[1 2238284 2238284 1] 227357
[1 4238336 4238336 1] 1053
[1 3565422 3565422 1] 368873

Results: 100.00 1718782

Standard Error: 102745
Mean Waiting Time: 1.71878e+06
Statistics for REP_PROB_PERCENT: 80

----------------------------------------
