Running client with DIFFICULTY: 10
**********************************
DTU - OS Challenge - Client v0.20
**********************************
Total requests: 200
Start: 1
Difficulty: 10
Repetition probability (%): 0
Request delay (us): 600000
Priority disabled

[1 7 7 1] 147
[1 6 6 1] 152
[1 6 6 1] 271
[1 3 3 1] 143
[1 2 2 1] 177
[1 8 8 1] 312
[1 10 10 1] 176
[1 7 7 1] 168
[1 7 7 1] 193
[1 7 7 1] 185
[1 9 9 1] 161
[1 10 10 1] 595
[1 1 1 1] 149
[1 4 4 1] 772
[1 6 6 1] 216
[1 3 3 1] 514
[1 9 9 1] 173
[1 8 8 1] 315
[1 7 7 1] 209
[1 3 3 1] 157
[1 4 4 1] 154
[1 10 10 1] 505
[1 8 8 1] 189
[1 5 5 1] 176
[1 1 1 1] 238
[1 7 7 1] 200
[1 1 1 1] 192
[1 4 4 1] 222
[1 1 1 1] 168
[1 2 2 1] 152
[1 6 6 1] 193
[1 8 8 1] 203
[1 6 6 1] 13938
[1 10 10 1] 216
[1 8 8 1] 172
[1 6 6 1] 209
[1 6 6 1] 202
[1 8 8 1] 211
[1 5 5 1] 252
[1 1 1 1] 329
[1 9 9 1] 428
[1 9 9 1] 552
[1 5 5 1] 198
[1 2 2 1] 184
[1 10 10 1] 178
[1 1 1 1] 202
[1 9 9 1] 1532
[1 3 3 1] 189
[1 7 7 1] 194
[1 10 10 1] 231
[1 1 1 1] 185
[1 9 9 1] 166
[1 2 2 1] 171
[1 3 3 1] 167
[1 3 3 1] 612
[1 7 7 1] 133
[1 1 1 1] 205
[1 2 2 1] 655
[1 10 10 1] 165
[1 10 10 1] 209
[1 10 10 1] 193
[1 8 8 1] 189
[1 2 2 1] 158
[1 6 6 1] 168
[1 8 8 1] 190
[1 7 7 1] 175
[1 4 4 1] 179
[1 6 6 1] 160
[1 4 4 1] 178
[1 5 5 1] 175
[1 2 2 1] 155
[1 10 10 1] 195
[1 10 10 1] 172
[1 9 9 1] 163
[1 6 6 1] 142
[1 10 10 1] 177
[1 4 4 1] 224
[1 6 6 1] 859
[1 2 2 1] 164
[1 6 6 1] 201
[1 9 9 1] 234
[1 9 9 1] 173
[1 1 1 1] 174
[1 1 1 1] 357
[1 5 5 1] 167
[1 5 5 1] 163
[1 7 7 1] 169
[1 2 2 1] 196
[1 6 6 1] 197
[1 7 7 1] 180
[1 2 2 1] 206
[1 9 9 1] 322
[1 8 8 1] 156
[1 2 2 1] 197
[1 6 6 1] 161
[1 8 8 1] 168
[1 4 4 1] 165
[1 9 9 1] 173
[1 2 2 1] 213
[1 10 10 1] 1652
[1 5 5 1] 1260
[1 4 4 1] 1173
[1 9 9 1] 238
[1 1 1 1] 563
[1 9 9 1] 257
[1 9 9 1] 1299
[1 8 8 1] 180
[1 7 7 1] 165
[1 4 4 1] 158
[1 4 4 1] 424
[1 10 10 1] 158
[1 6 6 1] 207
[1 1 1 1] 222
[1 10 10 1] 187
[1 7 7 1] 1194
[1 3 3 1] 188
[1 5 5 1] 182
[1 8 8 1] 340
[1 5 5 1] 1648
[1 2 2 1] 169
[1 9 9 1] 207
[1 4 4 1] 167
[1 9 9 1] 175
[1 3 3 1] 174
[1 1 1 1] 186
[1 2 2 1] 984
[1 1 1 1] 132
[1 6 6 1] 193
[1 7 7 1] 166
[1 7 7 1] 170
[1 6 6 1] 202
[1 7 7 1] 167
[1 9 9 1] 214
[1 8 8 1] 180
[1 5 5 1] 182
[1 10 10 1] 170
[1 10 10 1] 164
[1 1 1 1] 280
[1 2 2 1] 1078
[1 2 2 1] 237
[1 1 1 1] 146
[1 5 5 1] 171
[1 4 4 1] 199
[1 2 2 1] 164
[1 7 7 1] 214
[1 4 4 1] 196
[1 9 9 1] 2514
[1 6 6 1] 239
[1 7 7 1] 191
[1 1 1 1] 184
[1 5 5 1] 622
[1 3 3 1] 166
[1 8 8 1] 191
[1 7 7 1] 176
[1 9 9 1] 180
[1 3 3 1] 214
[1 3 3 1] 240
[1 10 10 1] 199
[1 1 1 1] 151
[1 8 8 1] 895
[1 2 2 1] 193
[1 3 3 1] 188
[1 6 6 1] 195
[1 10 10 1] 773
[1 5 5 1] 164
[1 2 2 1] 183
[1 8 8 1] 173
[1 9 9 1] 210
[1 1 1 1] 169
[1 9 9 1] 167
[1 5 5 1] 18891
[1 10 10 1] 173
[1 2 2 1] 176
[1 5 5 1] 731
[1 3 3 1] 576
[1 1 1 1] 365
[1 6 6 1] 439
[1 10 10 1] 166
[1 3 3 1] 618
[1 4 4 1] 570
[1 1 1 1] 369
[1 1 1 1] 195
[1 2 2 1] 161
[1 7 7 1] 181
[1 6 6 1] 195
[1 5 5 1] 233
[1 10 10 1] 183
[1 7 7 1] 166
[1 6 6 1] 208
[1 3 3 1] 210
[1 5 5 1] 306
[1 6 6 1] 171
[1 8 8 1] 724
[1 4 4 1] 192
[1 5 5 1] 224
[1 10 10 1] 179
[1 3 3 1] 803
[1 7 7 1] 160
[1 2 2 1] 219
[1 9 9 1] 236

Results: 100.00 464

Standard Error: 116.8
Mean Waiting Time: 464.145
Statistics for DIFFICULTIES: 10

----------------------------------------
Running client with DIFFICULTY: 100
**********************************
DTU - OS Challenge - Client v0.20
**********************************
Total requests: 200
Start: 1
Difficulty: 100
Repetition probability (%): 0
Request delay (us): 600000
Priority disabled

[1 87 87 1] 270
[1 16 16 1] 1130
[1 36 36 1] 200
[1 93 93 1] 546
[1 22 22 1] 161
[1 28 28 1] 190
[1 60 60 1] 188
[1 27 27 1] 377
[1 27 27 1] 183
[1 37 37 1] 203
[1 69 69 1] 220
[1 30 30 1] 2613
[1 31 31 1] 233
[1 24 24 1] 224
[1 36 36 1] 193
[1 3 3 1] 249
[1 59 59 1] 172
[1 68 68 1] 225
[1 57 57 1] 187
[1 43 43 1] 309
[1 74 74 1] 431
[1 20 20 1] 151
[1 38 38 1] 212
[1 25 25 1] 563
[1 71 71 1] 46601
[1 27 27 1] 181
[1 81 81 1] 192
[1 74 74 1] 177
[1 71 71 1] 777
[1 82 82 1] 174
[1 26 26 1] 201
[1 28 28 1] 171
[1 6 6 1] 168
[1 30 30 1] 182
[1 58 58 1] 235
[1 96 96 1] 183
[1 46 46 1] 545
[1 68 68 1] 175
[1 65 65 1] 391
[1 51 51 1] 177
[1 9 9 1] 173
[1 79 79 1] 194
[1 85 85 1] 187
[1 52 52 1] 181
[1 100 100 1] 193
[1 61 61 1] 185
[1 69 69 1] 172
[1 13 13 1] 736
[1 87 87 1] 221
[1 40 40 1] 210
[1 71 71 1] 637
[1 79 79 1] 171
[1 2 2 1] 199
[1 3 3 1] 238
[1 93 93 1] 199
[1 57 57 1] 226
[1 81 81 1] 171
[1 42 42 1] 230
[1 90 90 1] 191
[1 20 20 1] 169
[1 30 30 1] 197
[1 18 18 1] 3335
[1 72 72 1] 848
[1 76 76 1] 345
[1 28 28 1] 226
[1 57 57 1] 250
[1 54 54 1] 601
[1 66 66 1] 153
[1 84 84 1] 228
[1 25 25 1] 220
[1 72 72 1] 190
[1 30 30 1] 194
[1 20 20 1] 170
[1 69 69 1] 171
[1 16 16 1] 219
[1 50 50 1] 158
[1 24 24 1] 192
[1 46 46 1] 2630
[1 52 52 1] 1039
[1 56 56 1] 179
[1 89 89 1] 186
[1 29 29 1] 185
[1 51 51 1] 170
[1 1 1 1] 17045
[1 65 65 1] 209
[1 15 15 1] 215
[1 57 57 1] 170
[1 92 92 1] 282
[1 66 66 1] 308
[1 37 37 1] 1581
[1 52 52 1] 482
[1 29 29 1] 209
[1 8 8 1] 763
[1 22 22 1] 186
[1 96 96 1] 251
[1 38 38 1] 169
[1 94 94 1] 1266
[1 29 29 1] 158
[1 12 12 1] 179
[1 30 30 1] 176
[1 5 5 1] 959
[1 64 64 1] 174
[1 39 39 1] 179
[1 41 41 1] 185
[1 19 19 1] 178
[1 89 89 1] 190
[1 18 18 1] 260
[1 97 97 1] 182
[1 44 44 1] 183
[1 84 84 1] 218
[1 100 100 1] 222
[1 26 26 1] 721
[1 91 91 1] 243
[1 40 40 1] 203
[1 87 87 1] 253
[1 83 83 1] 209
[1 65 65 1] 734
[1 8 8 1] 215
[1 5 5 1] 171
[1 12 12 1] 178
[1 29 29 1] 185
[1 44 44 1] 972
[1 69 69 1] 532
[1 23 23 1] 242
[1 11 11 1] 152
[1 2 2 1] 219
[1 31 31 1] 520
[1 6 6 1] 171
[1 37 37 1] 213
[1 27 27 1] 212
[1 66 66 1] 243
[1 17 17 1] 523
[1 59 59 1] 1171
[1 38 38 1] 223
[1 25 25 1] 153
[1 20 20 1] 218
[1 100 100 1] 186
[1 51 51 1] 212
[1 72 72 1] 1025
[1 32 32 1] 221
[1 31 31 1] 197
[1 95 95 1] 330
[1 64 64 1] 205
[1 82 82 1] 220
[1 97 97 1] 275
[1 74 74 1] 216
[1 69 69 1] 216
[1 96 96 1] 1428
[1 67 67 1] 188
[1 41 41 1] 177
[1 85 85 1] 207
[1 43 43 1] 212
[1 8 8 1] 162
[1 57 57 1] 219
[1 19 19 1] 135
[1 13 13 1] 171
[1 73 73 1] 269
[1 10 10 1] 167
[1 11 11 1] 202
[1 88 88 1] 579
[1 2 2 1] 1161
[1 73 73 1] 174
[1 56 56 1] 188
[1 100 100 1] 226
[1 5 5 1] 198
[1 12 12 1] 277
[1 68 68 1] 156
[1 29 29 1] 248
[1 51 51 1] 170
[1 59 59 1] 454
[1 25 25 1] 256
[1 70 70 1] 1916
[1 82 82 1] 216
[1 85 85 1] 199
[1 73 73 1] 370
[1 51 51 1] 192
[1 86 86 1] 187
[1 100 100 1] 245
[1 43 43 1] 613
[1 14 14 1] 221
[1 91 91 1] 190
[1 91 91 1] 165
[1 82 82 1] 193
[1 37 37 1] 295
[1 56 56 1] 228
[1 5 5 1] 552
[1 70 70 1] 170
[1 77 77 1] 206
[1 56 56 1] 199
[1 43 43 1] 205
[1 85 85 1] 200
[1 6 6 1] 168
[1 68 68 1] 178
[1 14 14 1] 180
[1 55 55 1] 217
[1 60 60 1] 503
[1 3 3 1] 197
[1 7 7 1] 374
[1 22 22 1] 184
[1 69 69 1] 197

Results: 100.00 661

Standard Error: 136.523
Mean Waiting Time: 562.75
Statistics for DIFFICULTIES: 100

----------------------------------------
Running client with DIFFICULTY: 1000
**********************************
DTU - OS Challenge - Client v0.20
**********************************
Total requests: 200
Start: 1
Difficulty: 1000
Repetition probability (%): 0
Request delay (us): 600000
Priority disabled

[1 887 887 1] 339
[1 916 916 1] 355
[1 336 336 1] 199
[1 493 493 1] 231
[1 422 422 1] 213
[1 28 28 1] 422
[1 60 60 1] 265
[1 927 927 1] 319
[1 427 427 1] 250
[1 737 737 1] 284
[1 369 369 1] 226
[1 430 430 1] 1373
[1 531 531 1] 276
[1 124 124 1] 200
[1 136 136 1] 220
[1 803 803 1] 305
[1 59 59 1] 189
[1 168 168 1] 227
[1 457 457 1] 235
[1 43 43 1] 201
[1 374 374 1] 797
[1 920 920 1] 314
[1 538 538 1] 237
[1 325 325 1] 196
[1 371 371 1] 232
[1 527 527 1] 245
[1 981 981 1] 884
[1 874 874 1] 255
[1 171 171 1] 198
[1 282 282 1] 242
[1 926 926 1] 331
[1 328 328 1] 200
[1 506 506 1] 237
[1 730 730 1] 268
[1 858 858 1] 13395
[1 896 896 1] 385
[1 546 546 1] 625
[1 368 368 1] 217
[1 365 365 1] 278
[1 751 751 1] 298
[1 809 809 1] 269
[1 179 179 1] 191
[1 585 585 1] 249
[1 652 652 1] 297
[1 400 400 1] 282
[1 61 61 1] 188
[1 369 369 1] 235
[1 13 13 1] 150
[1 587 587 1] 294
[1 540 540 1] 246
[1 571 571 1] 345
[1 379 379 1] 485
[1 602 602 1] 269
[1 903 903 1] 574
[1 493 493 1] 643
[1 757 757 1] 1475
[1 281 281 1] 1580
[1 442 442 1] 256
[1 690 690 1] 268
[1 620 620 1] 2558
[1 730 730 1] 267
[1 118 118 1] 210
[1 772 772 1] 303
[1 676 676 1] 837
[1 928 928 1] 346
[1 857 857 1] 385
[1 354 354 1] 203
[1 966 966 1] 320
[1 684 684 1] 359
[1 625 625 1] 235
[1 872 872 1] 233
[1 830 830 1] 244
[1 20 20 1] 200
[1 369 369 1] 248
[1 716 716 1] 299
[1 150 150 1] 233
[1 724 724 1] 266
[1 246 246 1] 201
[1 452 452 1] 674
[1 556 556 1] 268
[1 489 489 1] 268
[1 229 229 1] 211
[1 351 351 1] 288
[1 501 501 1] 1273
[1 765 765 1] 262
[1 915 915 1] 403
[1 857 857 1] 319
[1 492 492 1] 662
[1 366 366 1] 224
[1 937 937 1] 321
[1 552 552 1] 291
[1 229 229 1] 229
[1 408 408 1] 244
[1 122 122 1] 195
[1 396 396 1] 250
[1 238 238 1] 202
[1 794 794 1] 359
[1 429 429 1] 374
[1 12 12 1] 432
[1 530 530 1] 253
[1 405 405 1] 218
[1 764 764 1] 1540
[1 539 539 1] 238
[1 841 841 1] 281
[1 819 819 1] 292
[1 689 689 1] 294
[1 918 918 1] 302
[1 997 997 1] 306
[1 744 744 1] 365
[1 184 184 1] 351
[1 500 500 1] 938
[1 726 726 1] 255
[1 591 591 1] 285
[1 140 140 1] 240
[1 787 787 1] 284
[1 83 83 1] 176
[1 465 465 1] 251
[1 508 508 1] 239
[1 805 805 1] 276
[1 612 612 1] 1351
[1 829 829 1] 289
[1 344 344 1] 230
[1 569 569 1] 251
[1 423 423 1] 207
[1 811 811 1] 272
[1 802 802 1] 304
[1 731 731 1] 1775
[1 306 306 1] 233
[1 737 737 1] 253
[1 627 627 1] 265
[1 466 466 1] 868
[1 417 417 1] 207
[1 259 259 1] 202
[1 638 638 1] 901
[1 625 625 1] 307
[1 920 920 1] 327
[1 900 900 1] 273
[1 551 551 1] 538
[1 72 72 1] 199
[1 132 132 1] 238
[1 931 931 1] 313
[1 895 895 1] 455
[1 164 164 1] 973
[1 982 982 1] 1129
[1 997 997 1] 295
[1 774 774 1] 255
[1 669 669 1] 259
[1 96 96 1] 217
[1 467 467 1] 260
[1 341 341 1] 193
[1 685 685 1] 434
[1 543 543 1] 208
[1 108 108 1] 228
[1 757 757 1] 296
[1 419 419 1] 772
[1 413 413 1] 887
[1 173 173 1] 224
[1 10 10 1] 201
[1 211 211 1] 234
[1 588 588 1] 296
[1 302 302 1] 1169
[1 373 373 1] 205
[1 256 256 1] 244
[1 600 600 1] 235
[1 905 905 1] 278
[1 812 812 1] 265
[1 668 668 1] 230
[1 229 229 1] 963
[1 151 151 1] 217
[1 659 659 1] 213
[1 225 225 1] 1139
[1 270 270 1] 220
[1 82 82 1] 248
[1 85 85 1] 684
[1 973 973 1] 320
[1 851 851 1] 257
[1 386 386 1] 261
[1 300 300 1] 783
[1 43 43 1] 618
[1 714 714 1] 317
[1 191 191 1] 369
[1 591 591 1] 248
[1 582 582 1] 510
[1 337 337 1] 806
[1 156 156 1] 205
[1 5 5 1] 222
[1 770 770 1] 253
[1 777 777 1] 306
[1 256 256 1] 221
[1 143 143 1] 176
[1 885 885 1] 1256
[1 206 206 1] 234
[1 568 568 1] 995
[1 614 614 1] 214
[1 755 755 1] 276
[1 260 260 1] 230
[1 203 203 1] 1102
[1 507 507 1] 242
[1 22 22 1] 170
[1 869 869 1] 310

Results: 100.00 461

Standard Error: 93.9057
Mean Waiting Time: 529.115
Statistics for DIFFICULTIES: 1000

----------------------------------------
Running client with DIFFICULTY: 10000
**********************************
DTU - OS Challenge - Client v0.20
**********************************
Total requests: 200
Start: 1
Difficulty: 10000
Repetition probability (%): 0
Request delay (us): 600000
Priority disabled

[1 887 887 1] 287
[1 6916 6916 1] 1078
[1 8336 8336 1] 1707
[1 493 493 1] 681
[1 1422 1422 1] 1058
[1 28 28 1] 199
[1 60 60 1] 147
[1 3927 3927 1] 649
[1 3427 3427 1] 808
[1 5737 5737 1] 1540
[1 5369 5369 1] 1231
[1 6430 6430 1] 1797
[1 1531 1531 1] 574
[1 5124 5124 1] 758
[1 3136 3136 1] 890
[1 9803 9803 1] 1348
[1 3059 3059 1] 588
[1 8168 8168 1] 1225
[1 8457 8457 1] 1133
[1 8043 8043 1] 2674
[1 7374 7374 1] 1553
[1 4920 4920 1] 1962
[1 8538 8538 1] 1202
[1 4325 4325 1] 1832
[1 4371 4371 1] 850
[1 3527 3527 1] 737
[1 8981 8981 1] 1194
[1 1874 1874 1] 479
[1 9171 9171 1] 1778
[1 7282 7282 1] 1359
[1 926 926 1] 357
[1 6328 6328 1] 1668
[1 6506 6506 1] 932
[1 1730 1730 1] 434
[1 5858 5858 1] 853
[1 3896 3896 1] 861
[1 546 546 1] 305
[1 3368 3368 1] 1400
[1 365 365 1] 299
[1 3751 3751 1] 783
[1 6809 6809 1] 991
[1 7179 7179 1] 1058
[1 3585 3585 1] 555
[1 2652 2652 1] 487
[1 2400 2400 1] 456
[1 5061 5061 1] 1085
[1 3369 3369 1] 569
[1 13 13 1] 188
[1 8587 8587 1] 1175
[1 7540 7540 1] 1158
[1 571 571 1] 273
[1 379 379 1] 207
[1 6602 6602 1] 1546
[1 2903 2903 1] 494
[1 493 493 1] 219
[1 757 757 1] 269
[1 281 281 1] 186
[1 9442 9442 1] 1306
[1 9690 9690 1] 2537
[1 6620 6620 1] 932
[1 4730 4730 1] 1511
[1 8118 8118 1] 1146
[1 5772 5772 1] 1304
[1 676 676 1] 252
[1 8928 8928 1] 1776
[1 7857 7857 1] 1750
[1 2354 2354 1] 465
[1 6966 6966 1] 1839
[1 4684 4684 1] 2059
[1 8625 8625 1] 1136
[1 2872 2872 1] 495
[1 8830 8830 1] 1513
[1 20 20 1] 226
[1 3369 3369 1] 583
[1 6716 6716 1] 958
[1 8150 8150 1] 1120
[1 724 724 1] 493
[1 2246 2246 1] 1162
[1 3452 3452 1] 605
[1 3556 3556 1] 552
[1 7489 7489 1] 1220
[1 8229 8229 1] 1176
[1 2351 2351 1] 466
[1 1501 1501 1] 389
[1 7765 7765 1] 1095
[1 4915 4915 1] 1176
[1 5857 5857 1] 1609
[1 6492 6492 1] 3309
[1 8366 8366 1] 1170
[1 1937 1937 1] 1068
[1 2552 2552 1] 618
[1 9229 9229 1] 1712
[1 5408 5408 1] 1407
[1 6122 6122 1] 1796
[1 4396 4396 1] 704
[1 1238 1238 1] 329
[1 3794 3794 1] 927
[1 4429 4429 1] 661
[1 1012 1012 1] 3110
[1 9530 9530 1] 1383
[1 2405 2405 1] 1628
[1 5764 5764 1] 878
[1 4539 4539 1] 745
[1 6841 6841 1] 1245
[1 4819 4819 1] 764
[1 689 689 1] 210
[1 7918 7918 1] 1320
[1 6997 6997 1] 1015
[1 7744 7744 1] 1129
[1 2184 2184 1] 444
[1 5500 5500 1] 884
[1 6726 6726 1] 1519
[1 5591 5591 1] 2273
[1 8140 8140 1] 1115
[1 9787 9787 1] 2074
[1 8083 8083 1] 1159
[1 8465 8465 1] 1144
[1 9508 9508 1] 1933
[1 8805 8805 1] 2846
[1 8612 8612 1] 1230
[1 7829 7829 1] 1740
[1 7344 7344 1] 1583
[1 5569 5569 1] 826
[1 5423 5423 1] 838
[1 3811 3811 1] 608
[1 1802 1802 1] 381
[1 3731 3731 1] 848
[1 1306 1306 1] 680
[1 8737 8737 1] 2127
[1 8627 8627 1] 1305
[1 3466 3466 1] 747
[1 3417 3417 1] 577
[1 3259 3259 1] 688
[1 7638 7638 1] 1121
[1 5625 5625 1] 864
[1 4920 4920 1] 752
[1 1900 1900 1] 389
[1 5551 5551 1] 1140
[1 72 72 1] 130
[1 7132 7132 1] 1864
[1 4931 4931 1] 724
[1 5895 5895 1] 912
[1 164 164 1] 249
[1 7982 7982 1] 1109
[1 2997 2997 1] 508
[1 3774 3774 1] 839
[1 9669 9669 1] 1330
[1 1096 1096 1] 1197
[1 6467 6467 1] 1393
[1 1341 1341 1] 326
[1 7685 7685 1] 1143
[1 5543 5543 1] 802
[1 9108 9108 1] 1930
[1 9757 9757 1] 1255
[1 8419 8419 1] 1155
[1 9413 9413 1] 1341
[1 2173 2173 1] 440
[1 2010 2010 1] 388
[1 5211 5211 1] 1311
[1 7588 7588 1] 2046
[1 9302 9302 1] 1308
[1 7373 7373 1] 2421
[1 1256 1256 1] 516
[1 4600 4600 1] 689
[1 9905 9905 1] 1295
[1 9812 9812 1] 1455
[1 5668 5668 1] 1271
[1 6229 6229 1] 985
[1 9151 9151 1] 1776
[1 6659 6659 1] 993
[1 9225 9225 1] 1303
[1 7270 7270 1] 2218
[1 4082 4082 1] 1438
[1 85 85 1] 211
[1 1973 1973 1] 807
[1 3851 3851 1] 609
[1 5386 5386 1] 1261
[1 9300 9300 1] 2841
[1 6043 6043 1] 1651
[1 714 714 1] 18165
[1 6191 6191 1] 1509
[1 2591 2591 1] 529
[1 8582 8582 1] 1180
[1 9337 9337 1] 1225
[1 1156 1156 1] 335
[1 8005 8005 1] 1114
[1 4770 4770 1] 1517
[1 1777 1777 1] 451
[1 7256 7256 1] 2342
[1 8143 8143 1] 1773
[1 5885 5885 1] 1222
[1 3206 3206 1] 585
[1 9568 9568 1] 2040
[1 614 614 1] 385
[1 2755 2755 1] 479
[1 4260 4260 1] 655
[1 8203 8203 1] 1365
[1 3507 3507 1] 939
[1 2022 2022 1] 480
[1 869 869 1] 777

Results: 100.00 1162

Standard Error: 74.9911
Mean Waiting Time: 687.395
Statistics for DIFFICULTIES: 10000

----------------------------------------
Running client with DIFFICULTY: 100000
**********************************
DTU - OS Challenge - Client v0.20
**********************************
Total requests: 200
Start: 1
Difficulty: 100000
Repetition probability (%): 0
Request delay (us): 600000
Priority disabled

[1 30887 30887 1] 5926
[1 36916 36916 1] 5927
[1 38336 38336 1] 5870
[1 60493 60493 1] 9582
[1 41422 41422 1] 5492
[1 90028 90028 1] 13264
[1 20060 20060 1] 2517
[1 13927 13927 1] 2071
[1 83427 83427 1] 17961
[1 55737 55737 1] 9023
[1 95369 95369 1] 12992
[1 56430 56430 1] 8366
[1 21531 21531 1] 3761
[1 65124 65124 1] 9693
[1 3136 3136 1] 568
[1 79803 79803 1] 13680
[1 23059 23059 1] 5615
[1 98168 98168 1] 12851
[1 18457 18457 1] 2336
[1 78043 78043 1] 9530
[1 77374 77374 1] 10568
[1 44920 44920 1] 6247
[1 98538 98538 1] 13427
[1 94325 94325 1] 13503
[1 64371 64371 1] 9480
[1 3527 3527 1] 582
[1 68981 68981 1] 9564
[1 41874 41874 1] 8392
[1 99171 99171 1] 13380
[1 97282 97282 1] 12571
[1 20926 20926 1] 2577
[1 36328 36328 1] 4890
[1 26506 26506 1] 3165
[1 21730 21730 1] 3862
[1 25858 25858 1] 5032
[1 53896 53896 1] 7994
[1 546 546 1] 248
[1 33368 33368 1] 5498
[1 90365 90365 1] 12845
[1 13751 13751 1] 1817
[1 26809 26809 1] 4617
[1 47179 47179 1] 6492
[1 93585 93585 1] 13250
[1 2652 2652 1] 512
[1 12400 12400 1] 1619
[1 95061 95061 1] 12752
[1 93369 93369 1] 12865
[1 10013 10013 1] 2058
[1 98587 98587 1] 14965
[1 97540 97540 1] 14798
[1 80571 80571 1] 11919
[1 60379 60379 1] 8592
[1 66602 66602 1] 12795
[1 12903 12903 1] 4541
[1 70493 70493 1] 10086
[1 60757 60757 1] 11280
[1 60281 60281 1] 9875
[1 9442 9442 1] 4205
[1 29690 29690 1] 5817
[1 46620 46620 1] 9679
[1 44730 44730 1] 9239
[1 8118 8118 1] 1141
[1 5772 5772 1] 1088
[1 90676 90676 1] 12770
[1 98928 98928 1] 14365
[1 77857 77857 1] 11386
[1 72354 72354 1] 9941
[1 76966 76966 1] 11213
[1 64684 64684 1] 8749
[1 28625 28625 1] 5242
[1 32872 32872 1] 4679
[1 48830 48830 1] 6267
[1 30020 30020 1] 7724
[1 63369 63369 1] 8575
[1 86716 86716 1] 17530
[1 18150 18150 1] 3489
[1 724 724 1] 317
[1 2246 2246 1] 736
[1 93452 93452 1] 12247
[1 43556 43556 1] 8035
[1 97489 97489 1] 15402
[1 88229 88229 1] 16508
[1 92351 92351 1] 12993
[1 41501 41501 1] 5128
[1 87765 87765 1] 11851
[1 24915 24915 1] 5427
[1 75857 75857 1] 15885
[1 46492 46492 1] 6808
[1 48366 48366 1] 7255
[1 81937 81937 1] 16539
[1 52552 52552 1] 7964
[1 99229 99229 1] 13907
[1 75408 75408 1] 11475
[1 76122 76122 1] 10114
[1 94396 94396 1] 13063
[1 61238 61238 1] 9549
[1 73794 73794 1] 10976
[1 94429 94429 1] 13868
[1 31012 31012 1] 4921
[1 39530 39530 1] 4936
[1 22405 22405 1] 3320
[1 55764 55764 1] 8833
[1 54539 54539 1] 6485
[1 36841 36841 1] 5854
[1 44819 44819 1] 6826
[1 70689 70689 1] 8322
[1 67918 67918 1] 10863
[1 66997 66997 1] 10200
[1 87744 87744 1] 12261
[1 12184 12184 1] 2255
[1 95500 95500 1] 13534
[1 6726 6726 1] 1332
[1 55591 55591 1] 8011
[1 68140 68140 1] 11208
[1 69787 69787 1] 9763
[1 38083 38083 1] 22352
[1 88465 88465 1] 13386
[1 39508 39508 1] 6458
[1 28805 28805 1] 4977
[1 78612 78612 1] 11747
[1 27829 27829 1] 3994
[1 87344 87344 1] 11695
[1 35569 35569 1] 8691
[1 55423 55423 1] 7326
[1 13811 13811 1] 1770
[1 21802 21802 1] 2682
[1 73731 73731 1] 10105
[1 11306 11306 1] 1490
[1 78737 78737 1] 9920
[1 48627 48627 1] 10577
[1 3466 3466 1] 607
[1 73417 73417 1] 12037
[1 13259 13259 1] 2477
[1 67638 67638 1] 9778
[1 5625 5625 1] 830
[1 44920 44920 1] 6633
[1 11900 11900 1] 4331
[1 45551 45551 1] 6407
[1 90072 90072 1] 11796
[1 87132 87132 1] 12559
[1 84931 84931 1] 104239
[1 45895 45895 1] 8414
[1 70164 70164 1] 9923
[1 87982 87982 1] 14472
[1 52997 52997 1] 9354
[1 13774 13774 1] 4009
[1 39669 39669 1] 6757
[1 81096 81096 1] 15706
[1 16467 16467 1] 2715
[1 11341 11341 1] 1509
[1 27685 27685 1] 4043
[1 55543 55543 1] 8934
[1 79108 79108 1] 11633
[1 19757 19757 1] 4354
[1 18419 18419 1] 2893
[1 89413 89413 1] 12630
[1 32173 32173 1] 5060
[1 62010 62010 1] 8215
[1 25211 25211 1] 3461
[1 67588 67588 1] 9786
[1 19302 19302 1] 2915
[1 67373 67373 1] 9195
[1 1256 1256 1] 346
[1 44600 44600 1] 8352
[1 29905 29905 1] 4024
[1 39812 39812 1] 4860
[1 15668 15668 1] 2030
[1 46229 46229 1] 6629
[1 29151 29151 1] 4363
[1 96659 96659 1] 13054
[1 89225 89225 1] 33396
[1 67270 67270 1] 9663
[1 54082 54082 1] 8634
[1 40085 40085 1] 4663
[1 11973 11973 1] 3971
[1 73851 73851 1] 9553
[1 5386 5386 1] 797
[1 39300 39300 1] 5438
[1 6043 6043 1] 935
[1 40714 40714 1] 5824
[1 56191 56191 1] 8059
[1 42591 42591 1] 5396
[1 8582 8582 1] 1576
[1 99337 99337 1] 18981
[1 71156 71156 1] 9751
[1 18005 18005 1] 2591
[1 14770 14770 1] 1856
[1 81777 81777 1] 11683
[1 47256 47256 1] 6670
[1 48143 48143 1] 7626
[1 45885 45885 1] 6595
[1 23206 23206 1] 2771
[1 79568 79568 1] 10252
[1 90614 90614 1] 12482
[1 62755 62755 1] 8647
[1 54260 54260 1] 8782
[1 28203 28203 1] 5078
[1 23507 23507 1] 4588
[1 2022 2022 1] 734
[1 90869 90869 1] 17267

Results: 100.00 8482

Standard Error: 165.023
Mean Waiting Time: 2246.43
Statistics for DIFFICULTIES: 100000

----------------------------------------
Running client with DIFFICULTY: 1000000
**********************************
DTU - OS Challenge - Client v0.20
**********************************
Total requests: 200
Start: 1
Difficulty: 1000000
Repetition probability (%): 0
Request delay (us): 600000
Priority disabled

[1 930887 930887 1] 114613
[1 636916 636916 1] 124572
[1 238336 238336 1] 27968
[1 760493 760493 1] 99061
[1 641422 641422 1] 73201
[1 490028 490028 1] 58843
[1 520060 520060 1] 60839
[1 513927 513927 1] 58962
[1 383427 383427 1] 46091
[1 455737 455737 1] 52173
[1 595369 595369 1] 69317
[1 956430 956430 1] 108619
[1 21531 21531 1] 3854
[1 665124 665124 1] 77096
[1 703136 703136 1] 80867
[1 979803 979803 1] 125276
[1 723059 723059 1] 86326
[1 898168 898168 1] 130114
[1 18457 18457 1] 2936
[1 478043 478043 1] 56336
[1 377374 377374 1] 47102
[1 544920 544920 1] 72969
[1 898538 898538 1] 111252
[1 594325 594325 1] 70596
[1 664371 664371 1] 79818
[1 803527 803527 1] 96740
[1 268981 268981 1] 35253
[1 241874 241874 1] 31361
[1 999171 999171 1] 120825
[1 497282 497282 1] 60239
[1 420926 420926 1] 50630
[1 336328 336328 1] 58182
[1 126506 126506 1] 17192
[1 621730 621730 1] 72032
[1 925858 925858 1] 111125
[1 353896 353896 1] 42862
[1 100546 100546 1] 13378
[1 233368 233368 1] 29077
[1 990365 990365 1] 121430
[1 313751 313751 1] 36286
[1 426809 426809 1] 59985
[1 947179 947179 1] 121466
[1 393585 393585 1] 48164
[1 502652 502652 1] 61472
[1 612400 612400 1] 73264
[1 95061 95061 1] 17081
[1 993369 993369 1] 134149
[1 210013 210013 1] 26897
[1 698587 698587 1] 82262
[1 297540 297540 1] 35894
[1 480571 480571 1] 59642
[1 960379 960379 1] 113757
[1 66602 66602 1] 9108
[1 612903 612903 1] 70953
[1 570493 570493 1] 69832
[1 260757 260757 1] 47010
[1 560281 560281 1] 64881
[1 209442 209442 1] 28555
[1 429690 429690 1] 52026
[1 346620 346620 1] 60233
[1 744730 744730 1] 86961
[1 108118 108118 1] 15315
[1 905772 905772 1] 105405
[1 890676 890676 1] 102889
[1 698928 698928 1] 82501
[1 777857 777857 1] 138922
[1 872354 872354 1] 100564
[1 276966 276966 1] 57541
[1 964684 964684 1] 109587
[1 28625 28625 1] 5747
[1 332872 332872 1] 39310
[1 48830 48830 1] 7144
[1 530020 530020 1] 61283
[1 363369 363369 1] 42158
[1 486716 486716 1] 60481
[1 518150 518150 1] 61529
[1 700724 700724 1] 82600
[1 2246 2246 1] 527
[1 493452 493452 1] 85614
[1 243556 243556 1] 81233
[1 597489 597489 1] 119107
[1 888229 888229 1] 104135
[1 792351 792351 1] 89912
[1 441501 441501 1] 52641
[1 87765 87765 1] 16846
[1 324915 324915 1] 39599
[1 275857 275857 1] 41888
[1 346492 346492 1] 40076
[1 148366 148366 1] 19177
[1 281937 281937 1] 33181
[1 452552 452552 1] 52246
[1 899229 899229 1] 102162
[1 975408 975408 1] 126685
[1 276122 276122 1] 63194
[1 794396 794396 1] 89986
[1 661238 661238 1] 80604
[1 573794 573794 1] 68931
[1 894429 894429 1] 103612
[1 231012 231012 1] 29572
[1 639530 639530 1] 73702
[1 322405 322405 1] 40416
[1 255764 255764 1] 31738
[1 854539 854539 1] 148947
[1 436841 436841 1] 52904
[1 344819 344819 1] 43449
[1 670689 670689 1] 77220
[1 67918 67918 1] 9576
[1 466997 466997 1] 59517
[1 987744 987744 1] 117077
[1 512184 512184 1] 63604
[1 295500 295500 1] 37366
[1 206726 206726 1] 25330
[1 755591 755591 1] 88446
[1 268140 268140 1] 32756
[1 469787 469787 1] 54479
[1 338083 338083 1] 39469
[1 388465 388465 1] 45461
[1 939508 939508 1] 109505
[1 228805 228805 1] 27834
[1 278612 278612 1] 33902
[1 127829 127829 1] 24424
[1 887344 887344 1] 100605
[1 35569 35569 1] 4781
[1 755423 755423 1] 86540
[1 613811 613811 1] 73631
[1 321802 321802 1] 39148
[1 473731 473731 1] 55023
[1 811306 811306 1] 92048
[1 178737 178737 1] 21313
[1 248627 248627 1] 30157
[1 503466 503466 1] 58465
[1 473417 473417 1] 57965
[1 213259 213259 1] 26466
[1 167638 167638 1] 22128
[1 305625 305625 1] 37363
[1 544920 544920 1] 63532
[1 911900 911900 1] 109171
[1 145551 145551 1] 18566
[1 290072 290072 1] 33324
[1 487132 487132 1] 64228
[1 684931 684931 1] 78029
[1 845895 845895 1] 95878
[1 370164 370164 1] 43372
[1 387982 387982 1] 44791
[1 252997 252997 1] 31225
[1 713774 713774 1] 82109
[1 739669 739669 1] 84122
[1 681096 681096 1] 79485
[1 116467 116467 1] 14382
[1 911341 911341 1] 106377
[1 327685 327685 1] 39628
[1 855543 855543 1] 99012
[1 379108 379108 1] 46972
[1 219757 219757 1] 44933
[1 418419 418419 1] 53117
[1 89413 89413 1] 12637
[1 32173 32173 1] 4384
[1 262010 262010 1] 31022
[1 625211 625211 1] 121853
[1 467588 467588 1] 130414
[1 319302 319302 1] 38795
[1 667373 667373 1] 110780
[1 401256 401256 1] 83921
[1 44600 44600 1] 6822
[1 229905 229905 1] 32302
[1 939812 939812 1] 122200
[1 915668 915668 1] 113068
[1 346229 346229 1] 42860
[1 829151 829151 1] 101203
[1 996659 996659 1] 119468
[1 789225 789225 1] 97869
[1 867270 867270 1] 105267
[1 54082 54082 1] 10300
[1 740085 740085 1] 88461
[1 811973 811973 1] 95980
[1 73851 73851 1] 10004
[1 905386 905386 1] 109106
[1 739300 739300 1] 154120
[1 606043 606043 1] 76879
[1 340714 340714 1] 41957
[1 256191 256191 1] 31066
[1 942591 942591 1] 113073
[1 108582 108582 1] 17374
[1 499337 499337 1] 61625
[1 371156 371156 1] 43288
[1 218005 218005 1] 28341
[1 614770 614770 1] 73125
[1 981777 981777 1] 126531
[1 247256 247256 1] 32054
[1 348143 348143 1] 43862
[1 445885 445885 1] 55560
[1 223206 223206 1] 29212
[1 679568 679568 1] 78732
[1 690614 690614 1] 79394
[1 262755 262755 1] 33872
[1 154260 154260 1] 21191
[1 828203 828203 1] 101169
[1 723507 723507 1] 86489
[1 902022 902022 1] 102456
[1 390869 390869 1] 46947

Results: 100.00 64074

Standard Error: 797.548
Mean Waiting Time: 12551.1
Statistics for DIFFICULTIES: 1000000

----------------------------------------
Running client with DIFFICULTY: 30000000
**********************************
DTU - OS Challenge - Client v0.20
**********************************
Total requests: 200
Start: 1
Difficulty: 30000000
Repetition probability (%): 0
Request delay (us): 600000
Priority disabled

[1 6930887 6930887 1] 978603
[1 4636916 4636916 1] 997970
[1 4238336 4238336 1] 928671
[1 29760493 29760493 1] 4791458
[1 19641422 19641422 1] 6460778
[1 490028 490028 1] 5917562
[1 22520060 22520060 1] 7987367
[1 17513927 17513927 1] 9517410
[1 10383427 10383427 1] 10529482
[1 13455737 13455737 1] 11580186
[1 11595369 11595369 1] 12371769
[1 16956430 16956430 1] 13724371
[1 21021531 21021531 1] 15441942
[1 23665124 23665124 1] 17533220
[1 18703136 18703136 1] 19047545
[1 1979803 1979803 1] 18672808
[1 5723059 5723059 1] 18726831
[1 15898168 15898168 1] 20249915
[1 19018457 19018457 1] 22716119
[1 6478043 6478043 1] 23001384
[1 3377374 3377374 1] 22787640
[1 24544920 24544920 1] 25007878
[1 6898538 6898538 1] 25180782
[1 23594325 23594325 1] 27305336
[1 28664371 28664371 1] 30647619
[1 4803527 4803527 1] 30594608
[1 14268981 14268981 1] 31599769
[1 29241874 29241874 1] 34376887
[1 12999171 12999171 1] 35272291
[1 15497282 15497282 1] 36659499
[1 14420926 14420926 1] 37714684
[1 27336328 27336328 1] 40233006
[1 19126506 19126506 1] 41891311
[1 12621730 12621730 1] 43257062
[1 23925858 23925858 1] 45755095
[1 24353896 24353896 1] 48264784
[1 21100546 21100546 1] 50446515
[1 18233368 18233368 1] 51960900
[1 25990365 25990365 1] 54366092
[1 10313751 10313751 1] 54906391
[1 26426809 26426809 1] 57237647
[1 29947179 29947179 1] 60046979
[1 19393585 19393585 1] 61802121
[1 28502652 28502652 1] 64438970
[1 4612400 4612400 1] 64414801
[1 4095061 4095061 1] 64266637
[1 13993369 13993369 1] 65229062
[1 4210013 4210013 1] 65101382
[1 9698587 9698587 1] 65584799
[1 6297540 6297540 1] 65677811
[1 13480571 13480571 1] 66581135
[1 25960379 25960379 1] 68945328
[1 2066602 2066602 1] 68576104
[1 27612903 27612903 1] 71017786
[1 3570493 3570493 1] 70815748
[1 260757 260757 1] 70245500
[1 5560281 5560281 1] 70268275
[1 23209442 23209442 1] 72303241
[1 24429690 24429690 1] 74412977
[1 27346620 27346620 1] 76914286
[1 744730 744730 1] 76397432
[1 13108118 13108118 1] 77288655
[1 27905772 27905772 1] 79858213
[1 12890676 12890676 1] 80717129
[1 11698928 11698928 1] 81499074
[1 18777857 18777857 1] 82952593
[1 14872354 14872354 1] 83995990
[1 12276966 12276966 1] 84737326
[1 23964684 23964684 1] 86821529
[1 10028625 10028625 1] 87468312
[1 332872 332872 1] 86905637
[1 10048830 10048830 1] 87481304
[1 5530020 5530020 1] 87497797
[1 13363369 13363369 1] 88377863
[1 7486716 7486716 1] 88599068
[1 11518150 11518150 1] 89357720
[1 19700724 19700724 1] 90974630
[1 18002246 18002246 1] 92548112
[1 19493452 19493452 1] 94173080
[1 20243556 20243556 1] 95796911
[1 2597489 2597489 1] 95488254
[1 8888229 8888229 1] 95870940
[1 18792351 18792351 1] 97343969
[1 29441501 29441501 1] 100489514
[1 26087765 26087765 1] 102829755
[1 5324915 5324915 1] 102825881
[1 2275857 2275857 1] 102479712
[1 27346492 27346492 1] 104897542
[1 1148366 1148366 1] 104422148
[1 20281937 20281937 1] 106071101
[1 16452552 16452552 1] 107340506
[1 11899229 11899229 1] 108135089
[1 3975408 3975408 1] 108075624
[1 6276122 6276122 1] 108216069
[1 794396 794396 1] 107709925
[1 24661238 24661238 1] 110151326
[1 573794 573794 1] 109614751
[1 15894429 15894429 1] 110798045
[1 7231012 7231012 1] 111035500
[1 14639530 14639530 1] 112082075
[1 7322405 7322405 1] 112282619
[1 12255764 12255764 1] 113050137
[1 17854539 17854539 1] 114428215
[1 12436841 12436841 1] 115186516
[1 15344819 15344819 1] 116338540
[1 22670689 22670689 1] 118537659
[1 12067918 12067918 1] 119270418
[1 20466997 20466997 1] 120985254
[1 16987744 16987744 1] 122308186
[1 9512184 9512184 1] 122807817
[1 18295500 18295500 1] 124660710
[1 16206726 16206726 1] 125879043
[1 2755591 2755591 1] 125591901
[1 3268140 3268140 1] 125356960
[1 12469787 12469787 1] 126142360
[1 8338083 8338083 1] 126495888
[1 20388465 20388465 1] 128143622
[1 6939508 6939508 1] 128341653
[1 25228805 25228805 1] 130772792
[1 22278612 22278612 1] 132701298
[1 17127829 17127829 1] 133989522
[1 24887344 24887344 1] 136176279
[1 2035569 2035569 1] 135813190
[1 27755423 27755423 1] 138688326
[1 24613811 24613811 1] 140875786
[1 19321802 19321802 1] 142396881
[1 6473731 6473731 1] 142537539
[1 26811306 26811306 1] 144975952
[1 15178737 15178737 1] 146059170
[1 14248627 14248627 1] 147040845
[1 503466 503466 1] 146500613
[1 12473417 12473417 1] 147311194
[1 8213259 8213259 1] 147617344
[1 24167638 24167638 1] 149727692
[1 21305625 21305625 1] 151473761
[1 24544920 24544920 1] 153601798
[1 13911900 13911900 1] 154562767
[1 20145551 20145551 1] 156223624
[1 19290072 19290072 1] 157890030
[1 17487132 17487132 1] 159227001
[1 7684931 7684931 1] 159692087
[1 21845895 21845895 1] 161810018
[1 7370164 7370164 1] 162015391
[1 23387982 23387982 1] 164026944
[1 1252997 1252997 1] 163567214
[1 2713774 2713774 1] 163268932
[1 12739669 12739669 1] 164098234
[1 17681096 17681096 1] 165833599
[1 17116467 17116467 1] 167139324
[1 6911341 6911341 1] 167294746
[1 23327685 23327685 1] 169265212
[1 16855543 16855543 1] 170573434
[1 7379108 7379108 1] 170781180
[1 18219757 18219757 1] 172264324
[1 7418419 7418419 1] 172517490
[1 23089413 23089413 1] 174711469
[1 25032173 25032173 1] 177036469
[1 29262010 29262010 1] 179938304
[1 28625211 28625211 1] 182663114
[1 7467588 7467588 1] 183110017
[1 25319302 25319302 1] 185771473
[1 26667373 26667373 1] 188420170
[1 20401256 20401256 1] 190093291
[1 24044600 24044600 1] 192326451
[1 21229905 21229905 1] 194305282
[1 15939812 15939812 1] 195747074
[1 16915668 16915668 1] 197139503
[1 29346229 29346229 1] 199963625
[1 4829151 4829151 1] 199907862
[1 15996659 15996659 1] 201074122
[1 5789225 5789225 1] 201120550
[1 9867270 9867270 1] 201635912
[1 19054082 19054082 1] 203154301
[1 15740085 15740085 1] 204305030
[1 26811973 26811973 1] 206663496
[1 73851 73851 1] 206071690
[1 15905386 15905386 1] 207233710
[1 7739300 7739300 1] 207558776
[1 23606043 23606043 1] 209751663
[1 26340714 26340714 1] 212236937
[1 15256191 15256191 1] 213388816
[1 6942591 6942591 1] 213582544
[1 10108582 10108582 1] 214116306
[1 21499337 21499337 1] 216011709
[1 6371156 6371156 1] 216118078
[1 22218005 22218005 1] 217980457
[1 11614770 11614770 1] 218678842
[1 12981777 12981777 1] 219588049
[1 6247256 6247256 1] 219702275
[1 18348143 18348143 1] 221173403
[1 4445885 4445885 1] 221063540
[1 20223206 20223206 1] 222698780
[1 27679568 27679568 1] 225189324
[1 21690614 21690614 1] 227044343
[1 12262755 12262755 1] 227839214
[1 1154260 1154260 1] 227365694
[1 12828203 12828203 1] 228224251
[1 24723507 24723507 1] 230438979
[1 26902022 26902022 1] 232965534
[1 20390869 20390869 1] 235226281

Results: 100.00 117045329

Standard Error: 1.27901e+06
Mean Waiting Time: 1.67315e+07
Statistics for DIFFICULTIES: 30000000

----------------------------------------
