Running client with DIFFICULTY: 10
**********************************
DTU - OS Challenge - Client v0.20
**********************************
Total requests: 200
Start: 1
Difficulty: 10
Repetition probability (%): 0
Request delay (us): 600000
Priority disabled

[1 7 7 1] 204
[1 6 6 1] 173
[1 6 6 1] 226
[1 3 3 1] 1245
[1 2 2 1] 218
[1 8 8 1] 215
[1 10 10 1] 177
[1 7 7 1] 205
[1 7 7 1] 1493
[1 7 7 1] 678
[1 9 9 1] 1005
[1 10 10 1] 214
[1 1 1 1] 1447
[1 4 4 1] 249
[1 6 6 1] 263
[1 3 3 1] 173
[1 9 9 1] 157
[1 8 8 1] 197
[1 7 7 1] 178
[1 3 3 1] 181
[1 4 4 1] 184
[1 10 10 1] 209
[1 8 8 1] 169
[1 5 5 1] 268
[1 1 1 1] 439
[1 7 7 1] 179
[1 1 1 1] 364
[1 4 4 1] 171
[1 1 1 1] 183
[1 2 2 1] 175
[1 6 6 1] 187
[1 8 8 1] 906
[1 6 6 1] 198
[1 10 10 1] 175
[1 8 8 1] 247
[1 6 6 1] 890
[1 6 6 1] 190
[1 8 8 1] 204
[1 5 5 1] 1370
[1 1 1 1] 174
[1 9 9 1] 1194
[1 9 9 1] 177
[1 5 5 1] 2222
[1 2 2 1] 938
[1 10 10 1] 144
[1 1 1 1] 173
[1 9 9 1] 275
[1 3 3 1] 224
[1 7 7 1] 181
[1 10 10 1] 230
[1 1 1 1] 169
[1 9 9 1] 183
[1 2 2 1] 263
[1 3 3 1] 171
[1 3 3 1] 350
[1 7 7 1] 478
[1 1 1 1] 170
[1 2 2 1] 208
[1 10 10 1] 167
[1 10 10 1] 1886
[1 10 10 1] 228
[1 8 8 1] 188
[1 2 2 1] 227
[1 6 6 1] 198
[1 8 8 1] 207
[1 7 7 1] 235
[1 4 4 1] 259
[1 6 6 1] 234
[1 4 4 1] 256
[1 5 5 1] 175
[1 2 2 1] 700
[1 10 10 1] 218
[1 10 10 1] 209
[1 9 9 1] 244
[1 6 6 1] 177
[1 10 10 1] 209
[1 4 4 1] 218
[1 6 6 1] 171
[1 2 2 1] 179
[1 6 6 1] 162
[1 9 9 1] 186
[1 9 9 1] 1043
[1 1 1 1] 878
[1 1 1 1] 173
[1 5 5 1] 222
[1 5 5 1] 231
[1 7 7 1] 174
[1 2 2 1] 242
[1 6 6 1] 705
[1 7 7 1] 1097
[1 2 2 1] 162
[1 9 9 1] 194
[1 8 8 1] 169
[1 2 2 1] 171
[1 6 6 1] 996
[1 8 8 1] 750
[1 4 4 1] 203
[1 9 9 1] 201
[1 2 2 1] 227
[1 10 10 1] 190
[1 5 5 1] 170
[1 4 4 1] 226
[1 9 9 1] 228
[1 1 1 1] 173
[1 9 9 1] 242
[1 9 9 1] 879
[1 8 8 1] 154
[1 7 7 1] 207
[1 4 4 1] 2881
[1 4 4 1] 202
[1 10 10 1] 199
[1 6 6 1] 183
[1 1 1 1] 192
[1 10 10 1] 911
[1 7 7 1] 234
[1 3 3 1] 200
[1 5 5 1] 3246
[1 8 8 1] 244
[1 5 5 1] 235
[1 2 2 1] 211
[1 9 9 1] 176
[1 4 4 1] 220
[1 9 9 1] 199
[1 3 3 1] 185
[1 1 1 1] 215
[1 2 2 1] 146
[1 1 1 1] 169
[1 6 6 1] 213
[1 7 7 1] 235
[1 7 7 1] 157
[1 6 6 1] 201
[1 7 7 1] 337
[1 9 9 1] 400
[1 8 8 1] 143
[1 5 5 1] 552
[1 10 10 1] 296
[1 10 10 1] 268
[1 1 1 1] 175
[1 2 2 1] 209
[1 2 2 1] 177
[1 1 1 1] 291
[1 5 5 1] 179
[1 4 4 1] 187
[1 2 2 1] 1258
[1 7 7 1] 217
[1 4 4 1] 177
[1 9 9 1] 1048
[1 6 6 1] 1368
[1 7 7 1] 210
[1 1 1 1] 1104
[1 5 5 1] 227
[1 3 3 1] 173
[1 8 8 1] 216
[1 7 7 1] 166
[1 9 9 1] 220
[1 3 3 1] 234
[1 3 3 1] 212
[1 10 10 1] 337
[1 1 1 1] 213
[1 8 8 1] 196
[1 2 2 1] 199
[1 3 3 1] 178
[1 6 6 1] 238
[1 10 10 1] 225
[1 5 5 1] 188
[1 2 2 1] 1043
[1 8 8 1] 190
[1 9 9 1] 207
[1 1 1 1] 202
[1 9 9 1] 164
[1 5 5 1] 188
[1 10 10 1] 187
[1 2 2 1] 167
[1 5 5 1] 200
[1 3 3 1] 189
[1 1 1 1] 147
[1 6 6 1] 182
[1 10 10 1] 210
[1 3 3 1] 209
[1 4 4 1] 226
[1 1 1 1] 453
[1 1 1 1] 185
[1 2 2 1] 240
[1 7 7 1] 178
[1 6 6 1] 210
[1 5 5 1] 187
[1 10 10 1] 201
[1 7 7 1] 197
[1 6 6 1] 213
[1 3 3 1] 178
[1 5 5 1] 299
[1 6 6 1] 204
[1 8 8 1] 253
[1 4 4 1] 244
[1 5 5 1] 333
[1 10 10 1] 164
[1 3 3 1] 216
[1 7 7 1] 208
[1 2 2 1] 199
[1 9 9 1] 1745

Results: 100.00 367

Standard Error: 31.2213
Mean Waiting Time: 367.3
Statistics for DIFFICULTIES: 10

----------------------------------------
Running client with DIFFICULTY: 100
**********************************
DTU - OS Challenge - Client v0.20
**********************************
Total requests: 200
Start: 1
Difficulty: 100
Repetition probability (%): 0
Request delay (us): 600000
Priority disabled

[1 87 87 1] 200
[1 16 16 1] 261
[1 36 36 1] 156
[1 93 93 1] 803
[1 22 22 1] 262
[1 28 28 1] 218
[1 60 60 1] 216
[1 27 27 1] 184
[1 27 27 1] 200
[1 37 37 1] 182
[1 69 69 1] 197
[1 30 30 1] 527
[1 31 31 1] 2027
[1 24 24 1] 199
[1 36 36 1] 200
[1 3 3 1] 398
[1 59 59 1] 184
[1 68 68 1] 187
[1 57 57 1] 168
[1 43 43 1] 217
[1 74 74 1] 585
[1 20 20 1] 182
[1 38 38 1] 250
[1 25 25 1] 152
[1 71 71 1] 195
[1 27 27 1] 245
[1 81 81 1] 216
[1 74 74 1] 1256
[1 71 71 1] 234
[1 82 82 1] 187
[1 26 26 1] 183
[1 28 28 1] 189
[1 6 6 1] 155
[1 30 30 1] 841
[1 58 58 1] 278
[1 96 96 1] 202
[1 46 46 1] 210
[1 68 68 1] 191
[1 65 65 1] 194
[1 51 51 1] 207
[1 9 9 1] 206
[1 79 79 1] 202
[1 85 85 1] 199
[1 52 52 1] 222
[1 100 100 1] 223
[1 61 61 1] 226
[1 69 69 1] 193
[1 13 13 1] 202
[1 87 87 1] 181
[1 40 40 1] 669
[1 71 71 1] 208
[1 79 79 1] 207
[1 2 2 1] 222
[1 3 3 1] 972
[1 93 93 1] 232
[1 57 57 1] 190
[1 81 81 1] 216
[1 42 42 1] 187
[1 90 90 1] 199
[1 20 20 1] 235
[1 30 30 1] 207
[1 18 18 1] 186
[1 72 72 1] 235
[1 76 76 1] 200
[1 28 28 1] 188
[1 57 57 1] 190
[1 54 54 1] 190
[1 66 66 1] 168
[1 84 84 1] 964
[1 25 25 1] 165
[1 72 72 1] 834
[1 30 30 1] 165
[1 20 20 1] 207
[1 69 69 1] 1451
[1 16 16 1] 411
[1 50 50 1] 204
[1 24 24 1] 188
[1 46 46 1] 209
[1 52 52 1] 207
[1 56 56 1] 1437
[1 89 89 1] 203
[1 29 29 1] 205
[1 51 51 1] 297
[1 1 1 1] 225
[1 65 65 1] 738
[1 15 15 1] 192
[1 57 57 1] 210
[1 92 92 1] 207
[1 66 66 1] 267
[1 37 37 1] 422
[1 52 52 1] 194
[1 29 29 1] 192
[1 8 8 1] 169
[1 22 22 1] 188
[1 96 96 1] 220
[1 38 38 1] 188
[1 94 94 1] 196
[1 29 29 1] 203
[1 12 12 1] 184
[1 30 30 1] 947
[1 5 5 1] 168
[1 64 64 1] 1308
[1 39 39 1] 201
[1 41 41 1] 161
[1 19 19 1] 196
[1 89 89 1] 265
[1 18 18 1] 203
[1 97 97 1] 170
[1 44 44 1] 187
[1 84 84 1] 232
[1 100 100 1] 179
[1 26 26 1] 216
[1 91 91 1] 169
[1 40 40 1] 279
[1 87 87 1] 203
[1 83 83 1] 272
[1 65 65 1] 179
[1 8 8 1] 206
[1 5 5 1] 215
[1 12 12 1] 178
[1 29 29 1] 291
[1 44 44 1] 162
[1 69 69 1] 208
[1 23 23 1] 242
[1 11 11 1] 187
[1 2 2 1] 201
[1 31 31 1] 195
[1 6 6 1] 170
[1 37 37 1] 209
[1 27 27 1] 168
[1 66 66 1] 231
[1 17 17 1] 217
[1 59 59 1] 235
[1 38 38 1] 210
[1 25 25 1] 207
[1 20 20 1] 260
[1 100 100 1] 254
[1 51 51 1] 388
[1 72 72 1] 170
[1 32 32 1] 166
[1 31 31 1] 221
[1 95 95 1] 165
[1 64 64 1] 190
[1 82 82 1] 189
[1 97 97 1] 181
[1 74 74 1] 219
[1 69 69 1] 414
[1 96 96 1] 173
[1 67 67 1] 171
[1 41 41 1] 200
[1 85 85 1] 206
[1 43 43 1] 184
[1 8 8 1] 182
[1 57 57 1] 1002
[1 19 19 1] 372
[1 13 13 1] 187
[1 73 73 1] 205
[1 10 10 1] 213
[1 11 11 1] 192
[1 88 88 1] 176
[1 2 2 1] 932
[1 73 73 1] 182
[1 56 56 1] 188
[1 100 100 1] 226
[1 5 5 1] 184
[1 12 12 1] 194
[1 68 68 1] 230
[1 29 29 1] 384
[1 51 51 1] 496
[1 59 59 1] 209
[1 25 25 1] 506
[1 70 70 1] 205
[1 82 82 1] 554
[1 85 85 1] 373
[1 73 73 1] 289
[1 51 51 1] 213
[1 86 86 1] 309
[1 100 100 1] 231
[1 43 43 1] 220
[1 14 14 1] 173
[1 91 91 1] 202
[1 91 91 1] 1261
[1 82 82 1] 445
[1 37 37 1] 191
[1 56 56 1] 311
[1 5 5 1] 190
[1 70 70 1] 742
[1 77 77 1] 250
[1 56 56 1] 223
[1 43 43 1] 184
[1 85 85 1] 211
[1 6 6 1] 318
[1 68 68 1] 183
[1 14 14 1] 198
[1 55 55 1] 293
[1 60 60 1] 234
[1 3 3 1] 4813
[1 7 7 1] 158
[1 22 22 1] 178
[1 69 69 1] 241

Results: 100.00 319

Standard Error: 21.4401
Mean Waiting Time: 343.415
Statistics for DIFFICULTIES: 100

----------------------------------------
Running client with DIFFICULTY: 1000
**********************************
DTU - OS Challenge - Client v0.20
**********************************
Total requests: 200
Start: 1
Difficulty: 1000
Repetition probability (%): 0
Request delay (us): 600000
Priority disabled

[1 887 887 1] 276
[1 916 916 1] 1161
[1 336 336 1] 224
[1 493 493 1] 481
[1 422 422 1] 243
[1 28 28 1] 208
[1 60 60 1] 175
[1 927 927 1] 312
[1 427 427 1] 232
[1 737 737 1] 260
[1 369 369 1] 241
[1 430 430 1] 231
[1 531 531 1] 238
[1 124 124 1] 192
[1 136 136 1] 196
[1 803 803 1] 276
[1 59 59 1] 237
[1 168 168 1] 211
[1 457 457 1] 199
[1 43 43 1] 214
[1 374 374 1] 255
[1 920 920 1] 320
[1 538 538 1] 228
[1 325 325 1] 254
[1 371 371 1] 1179
[1 527 527 1] 325
[1 981 981 1] 305
[1 874 874 1] 293
[1 171 171 1] 190
[1 282 282 1] 247
[1 926 926 1] 457
[1 328 328 1] 392
[1 506 506 1] 267
[1 730 730 1] 311
[1 858 858 1] 320
[1 896 896 1] 313
[1 546 546 1] 404
[1 368 368 1] 715
[1 365 365 1] 290
[1 751 751 1] 295
[1 809 809 1] 368
[1 179 179 1] 211
[1 585 585 1] 773
[1 652 652 1] 513
[1 400 400 1] 712
[1 61 61 1] 287
[1 369 369 1] 239
[1 13 13 1] 225
[1 587 587 1] 383
[1 540 540 1] 244
[1 571 571 1] 290
[1 379 379 1] 241
[1 602 602 1] 1713
[1 903 903 1] 327
[1 493 493 1] 219
[1 757 757 1] 248
[1 281 281 1] 227
[1 442 442 1] 307
[1 690 690 1] 269
[1 620 620 1] 269
[1 730 730 1] 317
[1 118 118 1] 197
[1 772 772 1] 312
[1 676 676 1] 282
[1 928 928 1] 325
[1 857 857 1] 300
[1 354 354 1] 262
[1 966 966 1] 286
[1 684 684 1] 251
[1 625 625 1] 291
[1 872 872 1] 280
[1 830 830 1] 284
[1 20 20 1] 179
[1 369 369 1] 209
[1 716 716 1] 265
[1 150 150 1] 246
[1 724 724 1] 953
[1 246 246 1] 209
[1 452 452 1] 244
[1 556 556 1] 256
[1 489 489 1] 271
[1 229 229 1] 352
[1 351 351 1] 659
[1 501 501 1] 202
[1 765 765 1] 286
[1 915 915 1] 338
[1 857 857 1] 1069
[1 492 492 1] 257
[1 366 366 1] 830
[1 937 937 1] 359
[1 552 552 1] 214
[1 229 229 1] 201
[1 408 408 1] 307
[1 122 122 1] 192
[1 396 396 1] 241
[1 238 238 1] 211
[1 794 794 1] 289
[1 429 429 1] 221
[1 12 12 1] 206
[1 530 530 1] 226
[1 405 405 1] 259
[1 764 764 1] 1517
[1 539 539 1] 217
[1 841 841 1] 394
[1 819 819 1] 312
[1 689 689 1] 261
[1 918 918 1] 256
[1 997 997 1] 278
[1 744 744 1] 254
[1 184 184 1] 1692
[1 500 500 1] 224
[1 726 726 1] 279
[1 591 591 1] 232
[1 140 140 1] 188
[1 787 787 1] 1038
[1 83 83 1] 239
[1 465 465 1] 234
[1 508 508 1] 244
[1 805 805 1] 291
[1 612 612 1] 300
[1 829 829 1] 265
[1 344 344 1] 219
[1 569 569 1] 822
[1 423 423 1] 241
[1 811 811 1] 304
[1 802 802 1] 256
[1 731 731 1] 287
[1 306 306 1] 208
[1 737 737 1] 245
[1 627 627 1] 311
[1 466 466 1] 394
[1 417 417 1] 273
[1 259 259 1] 318
[1 638 638 1] 708
[1 625 625 1] 237
[1 920 920 1] 266
[1 900 900 1] 327
[1 551 551 1] 283
[1 72 72 1] 204
[1 132 132 1] 186
[1 931 931 1] 287
[1 895 895 1] 289
[1 164 164 1] 869
[1 982 982 1] 277
[1 997 997 1] 480
[1 774 774 1] 303
[1 669 669 1] 277
[1 96 96 1] 232
[1 467 467 1] 275
[1 341 341 1] 214
[1 685 685 1] 273
[1 543 543 1] 1052
[1 108 108 1] 242
[1 757 757 1] 297
[1 419 419 1] 301
[1 413 413 1] 242
[1 173 173 1] 216
[1 10 10 1] 196
[1 211 211 1] 244
[1 588 588 1] 857
[1 302 302 1] 200
[1 373 373 1] 258
[1 256 256 1] 222
[1 600 600 1] 324
[1 905 905 1] 303
[1 812 812 1] 301
[1 668 668 1] 258
[1 229 229 1] 429
[1 151 151 1] 183
[1 659 659 1] 301
[1 225 225 1] 230
[1 270 270 1] 213
[1 82 82 1] 202
[1 85 85 1] 254
[1 973 973 1] 341
[1 851 851 1] 338
[1 386 386 1] 245
[1 300 300 1] 190
[1 43 43 1] 220
[1 714 714 1] 244
[1 191 191 1] 196
[1 591 591 1] 242
[1 582 582 1] 272
[1 337 337 1] 206
[1 156 156 1] 184
[1 5 5 1] 152
[1 770 770 1] 962
[1 777 777 1] 277
[1 256 256 1] 232
[1 143 143 1] 189
[1 885 885 1] 278
[1 206 206 1] 245
[1 568 568 1] 339
[1 614 614 1] 310
[1 755 755 1] 1031
[1 260 260 1] 214
[1 203 203 1] 278
[1 507 507 1] 228
[1 22 22 1] 177
[1 869 869 1] 309

Results: 100.00 340

Standard Error: 15.4693
Mean Waiting Time: 342.567
Statistics for DIFFICULTIES: 1000

----------------------------------------
Running client with DIFFICULTY: 10000
**********************************
DTU - OS Challenge - Client v0.20
**********************************
Total requests: 200
Start: 1
Difficulty: 10000
Repetition probability (%): 0
Request delay (us): 600000
Priority disabled

[1 887 887 1] 1215
[1 6916 6916 1] 970
[1 8336 8336 1] 1459
[1 493 493 1] 283
[1 1422 1422 1] 394
[1 28 28 1] 184
[1 60 60 1] 224
[1 3927 3927 1] 1422
[1 3427 3427 1] 546
[1 5737 5737 1] 828
[1 5369 5369 1] 865
[1 6430 6430 1] 966
[1 1531 1531 1] 346
[1 5124 5124 1] 780
[1 3136 3136 1] 544
[1 9803 9803 1] 2087
[1 3059 3059 1] 1277
[1 8168 8168 1] 1877
[1 8457 8457 1] 1198
[1 8043 8043 1] 1123
[1 7374 7374 1] 1091
[1 4920 4920 1] 1475
[1 8538 8538 1] 1999
[1 4325 4325 1] 689
[1 4371 4371 1] 670
[1 3527 3527 1] 588
[1 8981 8981 1] 1290
[1 1874 1874 1] 403
[1 9171 9171 1] 1245
[1 7282 7282 1] 1025
[1 926 926 1] 664
[1 6328 6328 1] 947
[1 6506 6506 1] 985
[1 1730 1730 1] 373
[1 5858 5858 1] 1739
[1 3896 3896 1] 646
[1 546 546 1] 271
[1 3368 3368 1] 617
[1 365 365 1] 1030
[1 3751 3751 1] 1284
[1 6809 6809 1] 6069
[1 7179 7179 1] 1095
[1 3585 3585 1] 1209
[1 2652 2652 1] 517
[1 2400 2400 1] 431
[1 5061 5061 1] 1089
[1 3369 3369 1] 561
[1 13 13 1] 166
[1 8587 8587 1] 1219
[1 7540 7540 1] 2363
[1 571 571 1] 231
[1 379 379 1] 1225
[1 6602 6602 1] 1026
[1 2903 2903 1] 518
[1 493 493 1] 264
[1 757 757 1] 306
[1 281 281 1] 188
[1 9442 9442 1] 2081
[1 9690 9690 1] 1665
[1 6620 6620 1] 1855
[1 4730 4730 1] 724
[1 8118 8118 1] 1948
[1 5772 5772 1] 884
[1 676 676 1] 9923
[1 8928 8928 1] 2290
[1 7857 7857 1] 1113
[1 2354 2354 1] 423
[1 6966 6966 1] 1008
[1 4684 4684 1] 1158
[1 8625 8625 1] 2005
[1 2872 2872 1] 482
[1 8830 8830 1] 2411
[1 20 20 1] 166
[1 3369 3369 1] 585
[1 6716 6716 1] 937
[1 8150 8150 1] 1851
[1 724 724 1] 287
[1 2246 2246 1] 518
[1 3452 3452 1] 583
[1 3556 3556 1] 614
[1 7489 7489 1] 1079
[1 8229 8229 1] 1159
[1 2351 2351 1] 451
[1 1501 1501 1] 345
[1 7765 7765 1] 1145
[1 4915 4915 1] 823
[1 5857 5857 1] 1028
[1 6492 6492 1] 7856
[1 8366 8366 1] 1187
[1 1937 1937 1] 414
[1 2552 2552 1] 1177
[1 9229 9229 1] 1296
[1 5408 5408 1] 839
[1 6122 6122 1] 1198
[1 4396 4396 1] 668
[1 1238 1238 1] 349
[1 3794 3794 1] 715
[1 4429 4429 1] 660
[1 1012 1012 1] 1071
[1 9530 9530 1] 1469
[1 2405 2405 1] 1153
[1 5764 5764 1] 1520
[1 4539 4539 1] 684
[1 6841 6841 1] 1194
[1 4819 4819 1] 889
[1 689 689 1] 326
[1 7918 7918 1] 1100
[1 6997 6997 1] 941
[1 7744 7744 1] 1327
[1 2184 2184 1] 396
[1 5500 5500 1] 814
[1 6726 6726 1] 989
[1 5591 5591 1] 766
[1 8140 8140 1] 2103
[1 9787 9787 1] 1303
[1 8083 8083 1] 1098
[1 8465 8465 1] 1179
[1 9508 9508 1] 1935
[1 8805 8805 1] 1151
[1 8612 8612 1] 1207
[1 7829 7829 1] 1076
[1 7344 7344 1] 1533
[1 5569 5569 1] 1564
[1 5423 5423 1] 835
[1 3811 3811 1] 591
[1 1802 1802 1] 1237
[1 3731 3731 1] 941
[1 1306 1306 1] 322
[1 8737 8737 1] 1197
[1 8627 8627 1] 1137
[1 3466 3466 1] 552
[1 3417 3417 1] 594
[1 3259 3259 1] 564
[1 7638 7638 1] 1026
[1 5625 5625 1] 807
[1 4920 4920 1] 739
[1 1900 1900 1] 388
[1 5551 5551 1] 843
[1 72 72 1] 171
[1 7132 7132 1] 1030
[1 4931 4931 1] 758
[1 5895 5895 1] 852
[1 164 164 1] 232
[1 7982 7982 1] 1118
[1 2997 2997 1] 527
[1 3774 3774 1] 1303
[1 9669 9669 1] 1249
[1 1096 1096 1] 324
[1 6467 6467 1] 1564
[1 1341 1341 1] 362
[1 7685 7685 1] 1147
[1 5543 5543 1] 815
[1 9108 9108 1] 1484
[1 9757 9757 1] 2295
[1 8419 8419 1] 12784
[1 9413 9413 1] 1571
[1 2173 2173 1] 449
[1 2010 2010 1] 569
[1 5211 5211 1] 1450
[1 7588 7588 1] 1180
[1 9302 9302 1] 1484
[1 7373 7373 1] 1026
[1 1256 1256 1] 320
[1 4600 4600 1] 993
[1 9905 9905 1] 1694
[1 9812 9812 1] 1662
[1 5668 5668 1] 972
[1 6229 6229 1] 875
[1 9151 9151 1] 2078
[1 6659 6659 1] 961
[1 9225 9225 1] 2811
[1 7270 7270 1] 1172
[1 4082 4082 1] 1586
[1 85 85 1] 565
[1 1973 1973 1] 413
[1 3851 3851 1] 982
[1 5386 5386 1] 1204
[1 9300 9300 1] 1241
[1 6043 6043 1] 913
[1 714 714 1] 256
[1 6191 6191 1] 1360
[1 2591 2591 1] 485
[1 8582 8582 1] 2231
[1 9337 9337 1] 1986
[1 1156 1156 1] 410
[1 8005 8005 1] 1226
[1 4770 4770 1] 706
[1 1777 1777 1] 380
[1 7256 7256 1] 1005
[1 8143 8143 1] 1603
[1 5885 5885 1] 869
[1 3206 3206 1] 547
[1 9568 9568 1] 1275
[1 614 614 1] 284
[1 2755 2755 1] 511
[1 4260 4260 1] 1820
[1 8203 8203 1] 1568
[1 3507 3507 1] 789
[1 2022 2022 1] 397
[1 869 869 1] 249

Results: 100.00 1153

Standard Error: 28.7076
Mean Waiting Time: 545.3
Statistics for DIFFICULTIES: 10000

----------------------------------------
Running client with DIFFICULTY: 100000
**********************************
DTU - OS Challenge - Client v0.20
**********************************
Total requests: 200
Start: 1
Difficulty: 100000
Repetition probability (%): 0
Request delay (us): 600000
Priority disabled

[1 30887 30887 1] 4719
[1 36916 36916 1] 4682
[1 38336 38336 1] 5451
[1 60493 60493 1] 9489
[1 41422 41422 1] 5685
[1 90028 90028 1] 12112
[1 20060 20060 1] 2397
[1 13927 13927 1] 2516
[1 83427 83427 1] 10725
[1 55737 55737 1] 8427
[1 95369 95369 1] 12445
[1 56430 56430 1] 7661
[1 21531 21531 1] 3322
[1 65124 65124 1] 7687
[1 3136 3136 1] 979
[1 79803 79803 1] 10433
[1 23059 23059 1] 2821
[1 98168 98168 1] 12692
[1 18457 18457 1] 2705
[1 78043 78043 1] 10918
[1 77374 77374 1] 10778
[1 44920 44920 1] 5827
[1 98538 98538 1] 12473
[1 94325 94325 1] 12538
[1 64371 64371 1] 8645
[1 3527 3527 1] 621
[1 68981 68981 1] 8739
[1 41874 41874 1] 6513
[1 99171 99171 1] 12983
[1 97282 97282 1] 11357
[1 20926 20926 1] 3345
[1 36328 36328 1] 4950
[1 26506 26506 1] 5359
[1 21730 21730 1] 2592
[1 25858 25858 1] 4381
[1 53896 53896 1] 8065
[1 546 546 1] 270
[1 33368 33368 1] 4771
[1 90365 90365 1] 11751
[1 13751 13751 1] 1781
[1 26809 26809 1] 4170
[1 47179 47179 1] 6948
[1 93585 93585 1] 11516
[1 2652 2652 1] 467
[1 12400 12400 1] 1588
[1 95061 95061 1] 12304
[1 93369 93369 1] 11635
[1 10013 10013 1] 1222
[1 98587 98587 1] 13019
[1 97540 97540 1] 12694
[1 80571 80571 1] 11207
[1 60379 60379 1] 7737
[1 66602 66602 1] 9346
[1 12903 12903 1] 2115
[1 70493 70493 1] 10209
[1 60757 60757 1] 7926
[1 60281 60281 1] 9058
[1 9442 9442 1] 1783
[1 29690 29690 1] 3489
[1 46620 46620 1] 6612
[1 44730 44730 1] 6003
[1 8118 8118 1] 1094
[1 5772 5772 1] 870
[1 90676 90676 1] 13334
[1 98928 98928 1] 13380
[1 77857 77857 1] 14507
[1 72354 72354 1] 9782
[1 76966 76966 1] 9906
[1 64684 64684 1] 8267
[1 28625 28625 1] 4758
[1 32872 32872 1] 4215
[1 48830 48830 1] 6808
[1 30020 30020 1] 4747
[1 63369 63369 1] 20084
[1 86716 86716 1] 13349
[1 18150 18150 1] 3252
[1 724 724 1] 249
[1 2246 2246 1] 1655
[1 93452 93452 1] 12353
[1 43556 43556 1] 6051
[1 97489 97489 1] 12857
[1 88229 88229 1] 16332
[1 92351 92351 1] 11924
[1 41501 41501 1] 6177
[1 87765 87765 1] 12771
[1 24915 24915 1] 3253
[1 75857 75857 1] 10953
[1 46492 46492 1] 6688
[1 48366 48366 1] 7352
[1 81937 81937 1] 11586
[1 52552 52552 1] 7080
[1 99229 99229 1] 16736
[1 75408 75408 1] 10022
[1 76122 76122 1] 10853
[1 94396 94396 1] 13888
[1 61238 61238 1] 12003
[1 73794 73794 1] 11405
[1 94429 94429 1] 12428
[1 31012 31012 1] 4528
[1 39530 39530 1] 5607
[1 22405 22405 1] 3457
[1 55764 55764 1] 7705
[1 54539 54539 1] 8000
[1 36841 36841 1] 5837
[1 44819 44819 1] 6654
[1 70689 70689 1] 9442
[1 67918 67918 1] 12556
[1 66997 66997 1] 10353
[1 87744 87744 1] 11727
[1 12184 12184 1] 1742
[1 95500 95500 1] 13159
[1 6726 6726 1] 910
[1 55591 55591 1] 8367
[1 68140 68140 1] 9899
[1 69787 69787 1] 13919
[1 38083 38083 1] 4870
[1 88465 88465 1] 11103
[1 39508 39508 1] 6923
[1 28805 28805 1] 3614
[1 78612 78612 1] 10555
[1 27829 27829 1] 3541
[1 87344 87344 1] 11218
[1 35569 35569 1] 4156
[1 55423 55423 1] 8790
[1 13811 13811 1] 4339
[1 21802 21802 1] 3950
[1 73731 73731 1] 14679
[1 11306 11306 1] 1425
[1 78737 78737 1] 11332
[1 48627 48627 1] 7701
[1 3466 3466 1] 616
[1 73417 73417 1] 9864
[1 13259 13259 1] 1709
[1 67638 67638 1] 10715
[1 5625 5625 1] 821
[1 44920 44920 1] 5228
[1 11900 11900 1] 2354
[1 45551 45551 1] 6347
[1 90072 90072 1] 11680
[1 87132 87132 1] 11662
[1 84931 84931 1] 10528
[1 45895 45895 1] 6153
[1 70164 70164 1] 10021
[1 87982 87982 1] 11628
[1 52997 52997 1] 7825
[1 13774 13774 1] 1724
[1 39669 39669 1] 5007
[1 81096 81096 1] 10918
[1 16467 16467 1] 2040
[1 11341 11341 1] 1367
[1 27685 27685 1] 4467
[1 55543 55543 1] 7203
[1 79108 79108 1] 10549
[1 19757 19757 1] 2305
[1 18419 18419 1] 2195
[1 89413 89413 1] 11951
[1 32173 32173 1] 4470
[1 62010 62010 1] 8494
[1 25211 25211 1] 4034
[1 67588 67588 1] 9996
[1 19302 19302 1] 4006
[1 67373 67373 1] 8790
[1 1256 1256 1] 327
[1 44600 44600 1] 5999
[1 29905 29905 1] 6641
[1 39812 39812 1] 7154
[1 15668 15668 1] 3146
[1 46229 46229 1] 6785
[1 29151 29151 1] 4748
[1 96659 96659 1] 12814
[1 89225 89225 1] 10549
[1 67270 67270 1] 10205
[1 54082 54082 1] 9302
[1 40085 40085 1] 6228
[1 11973 11973 1] 1608
[1 73851 73851 1] 10531
[1 5386 5386 1] 804
[1 39300 39300 1] 5780
[1 6043 6043 1] 871
[1 40714 40714 1] 5374
[1 56191 56191 1] 8428
[1 42591 42591 1] 6154
[1 8582 8582 1] 1126
[1 99337 99337 1] 13446
[1 71156 71156 1] 11055
[1 18005 18005 1] 2797
[1 14770 14770 1] 3455
[1 81777 81777 1] 15168
[1 47256 47256 1] 10627
[1 48143 48143 1] 7675
[1 45885 45885 1] 7084
[1 23206 23206 1] 4584
[1 79568 79568 1] 11192
[1 90614 90614 1] 11502
[1 62755 62755 1] 8545
[1 54260 54260 1] 7131
[1 28203 28203 1] 3784
[1 23507 23507 1] 2811
[1 2022 2022 1] 456
[1 90869 90869 1] 12173

Results: 100.00 7382

Standard Error: 107.342
Mean Waiting Time: 1912.65
Statistics for DIFFICULTIES: 100000

----------------------------------------
Running client with DIFFICULTY: 1000000
**********************************
DTU - OS Challenge - Client v0.20
**********************************
Total requests: 200
Start: 1
Difficulty: 1000000
Repetition probability (%): 0
Request delay (us): 600000
Priority disabled

[1 930887 930887 1] 109330
[1 636916 636916 1] 75964
[1 238336 238336 1] 29599
[1 760493 760493 1] 89445
[1 641422 641422 1] 76416
[1 490028 490028 1] 59226
[1 520060 520060 1] 61064
[1 513927 513927 1] 59971
[1 383427 383427 1] 48578
[1 455737 455737 1] 53780
[1 595369 595369 1] 69299
[1 956430 956430 1] 111872
[1 21531 21531 1] 2858
[1 665124 665124 1] 76652
[1 703136 703136 1] 82171
[1 979803 979803 1] 115693
[1 723059 723059 1] 107010
[1 898168 898168 1] 109721
[1 18457 18457 1] 4118
[1 478043 478043 1] 56202
[1 377374 377374 1] 45582
[1 544920 544920 1] 66751
[1 898538 898538 1] 103423
[1 594325 594325 1] 70285
[1 664371 664371 1] 77616
[1 803527 803527 1] 96973
[1 268981 268981 1] 36674
[1 241874 241874 1] 30109
[1 999171 999171 1] 115751
[1 497282 497282 1] 58412
[1 420926 420926 1] 50103
[1 336328 336328 1] 39925
[1 126506 126506 1] 16952
[1 621730 621730 1] 74407
[1 925858 925858 1] 108354
[1 353896 353896 1] 41950
[1 100546 100546 1] 14549
[1 233368 233368 1] 29135
[1 990365 990365 1] 137767
[1 313751 313751 1] 39427
[1 426809 426809 1] 52800
[1 947179 947179 1] 108681
[1 393585 393585 1] 49851
[1 502652 502652 1] 60807
[1 612400 612400 1] 74482
[1 95061 95061 1] 13189
[1 993369 993369 1] 123574
[1 210013 210013 1] 27774
[1 698587 698587 1] 165152
[1 297540 297540 1] 36571
[1 480571 480571 1] 56736
[1 960379 960379 1] 116201
[1 66602 66602 1] 9733
[1 612903 612903 1] 76435
[1 570493 570493 1] 67136
[1 260757 260757 1] 31991
[1 560281 560281 1] 64831
[1 209442 209442 1] 25381
[1 429690 429690 1] 51613
[1 346620 346620 1] 41491
[1 744730 744730 1] 87688
[1 108118 108118 1] 14385
[1 905772 905772 1] 106565
[1 890676 890676 1] 111850
[1 698928 698928 1] 84913
[1 777857 777857 1] 91223
[1 872354 872354 1] 100479
[1 276966 276966 1] 33609
[1 964684 964684 1] 119327
[1 28625 28625 1] 4718
[1 332872 332872 1] 40121
[1 48830 48830 1] 7807
[1 530020 530020 1] 68321
[1 363369 363369 1] 44304
[1 486716 486716 1] 57321
[1 518150 518150 1] 66202
[1 700724 700724 1] 117347
[1 2246 2246 1] 1228
[1 493452 493452 1] 57365
[1 243556 243556 1] 29880
[1 597489 597489 1] 79758
[1 888229 888229 1] 102077
[1 792351 792351 1] 98296
[1 441501 441501 1] 55598
[1 87765 87765 1] 13090
[1 324915 324915 1] 38836
[1 275857 275857 1] 34264
[1 346492 346492 1] 41951
[1 148366 148366 1] 19894
[1 281937 281937 1] 34959
[1 452552 452552 1] 56369
[1 899229 899229 1] 103606
[1 975408 975408 1] 111847
[1 276122 276122 1] 36021
[1 794396 794396 1] 92422
[1 661238 661238 1] 77555
[1 573794 573794 1] 67330
[1 894429 894429 1] 103756
[1 231012 231012 1] 28275
[1 639530 639530 1] 77665
[1 322405 322405 1] 54211
[1 255764 255764 1] 42260
[1 854539 854539 1] 137106
[1 436841 436841 1] 49821
[1 344819 344819 1] 40693
[1 670689 670689 1] 85506
[1 67918 67918 1] 12544
[1 466997 466997 1] 75899
[1 987744 987744 1] 158206
[1 512184 512184 1] 58156
[1 295500 295500 1] 36040
[1 206726 206726 1] 37674
[1 755591 755591 1] 93844
[1 268140 268140 1] 34339
[1 469787 469787 1] 67146
[1 338083 338083 1] 40607
[1 388465 388465 1] 48823
[1 939508 939508 1] 113887
[1 228805 228805 1] 30708
[1 278612 278612 1] 34976
[1 127829 127829 1] 16805
[1 887344 887344 1] 126381
[1 35569 35569 1] 5608
[1 755423 755423 1] 87841
[1 613811 613811 1] 73105
[1 321802 321802 1] 39776
[1 473731 473731 1] 59573
[1 811306 811306 1] 100360
[1 178737 178737 1] 22268
[1 248627 248627 1] 30550
[1 503466 503466 1] 60621
[1 473417 473417 1] 58417
[1 213259 213259 1] 27744
[1 167638 167638 1] 21785
[1 305625 305625 1] 44731
[1 544920 544920 1] 65168
[1 911900 911900 1] 107241
[1 145551 145551 1] 18195
[1 290072 290072 1] 37840
[1 487132 487132 1] 58130
[1 684931 684931 1] 81722
[1 845895 845895 1] 97494
[1 370164 370164 1] 44246
[1 387982 387982 1] 46732
[1 252997 252997 1] 31928
[1 713774 713774 1] 88363
[1 739669 739669 1] 87902
[1 681096 681096 1] 82389
[1 116467 116467 1] 15306
[1 911341 911341 1] 109066
[1 327685 327685 1] 40815
[1 855543 855543 1] 104353
[1 379108 379108 1] 45357
[1 219757 219757 1] 27289
[1 418419 418419 1] 50997
[1 89413 89413 1] 11875
[1 32173 32173 1] 4774
[1 262010 262010 1] 33203
[1 625211 625211 1] 71952
[1 467588 467588 1] 59346
[1 319302 319302 1] 40407
[1 667373 667373 1] 79165
[1 401256 401256 1] 46832
[1 44600 44600 1] 5983
[1 229905 229905 1] 27857
[1 939812 939812 1] 110165
[1 915668 915668 1] 108733
[1 346229 346229 1] 41070
[1 829151 829151 1] 96359
[1 996659 996659 1] 114885
[1 789225 789225 1] 90580
[1 867270 867270 1] 100597
[1 54082 54082 1] 6726
[1 740085 740085 1] 90010
[1 811973 811973 1] 93509
[1 73851 73851 1] 10422
[1 905386 905386 1] 105861
[1 739300 739300 1] 90832
[1 606043 606043 1] 71478
[1 340714 340714 1] 41880
[1 256191 256191 1] 31756
[1 942591 942591 1] 127530
[1 108582 108582 1] 14268
[1 499337 499337 1] 60274
[1 371156 371156 1] 44534
[1 218005 218005 1] 27585
[1 614770 614770 1] 74942
[1 981777 981777 1] 168055
[1 247256 247256 1] 46631
[1 348143 348143 1] 41971
[1 445885 445885 1] 54906
[1 223206 223206 1] 27880
[1 679568 679568 1] 79392
[1 690614 690614 1] 85131
[1 262755 262755 1] 32306
[1 154260 154260 1] 21028
[1 828203 828203 1] 95444
[1 723507 723507 1] 84188
[1 902022 902022 1] 107317
[1 390869 390869 1] 48861

Results: 100.00 62614

Standard Error: 779.538
Mean Waiting Time: 12029.5
Statistics for DIFFICULTIES: 1000000

----------------------------------------
Running client with DIFFICULTY: 30000000
**********************************
DTU - OS Challenge - Client v0.20
**********************************
Total requests: 200
Start: 1
Difficulty: 30000000
Repetition probability (%): 0
Request delay (us): 600000
Priority disabled

[1 6930887 6930887 1] 797495
[1 4636916 4636916 1] 729338
[1 4238336 4238336 1] 609583
[1 29760493 29760493 1] 3396984
[1 19641422 19641422 1] 4985811
[1 490028 490028 1] 4440924
[1 22520060 22520060 1] 6347082
[1 17513927 17513927 1] 7711423
[1 10383427 10383427 1] 8262637
[1 13455737 13455737 1] 9217718
[1 11595369 11595369 1] 9911686
[1 16956430 16956430 1] 11195946
[1 21021531 21021531 1] 13020907
[1 23665124 23665124 1] 15135328
[1 18703136 18703136 1] 16709351
[1 1979803 1979803 1] 16338057
[1 5723059 5723059 1] 16429544
[1 15898168 15898168 1] 17768426
[1 19018457 19018457 1] 19345554
[1 6478043 6478043 1] 19482293
[1 3377374 3377374 1] 19264046
[1 24544920 24544920 1] 21459445
[1 6898538 6898538 1] 21736497
[1 23594325 23594325 1] 23884755
[1 28664371 28664371 1] 26486379
[1 4803527 4803527 1] 26420174
[1 14268981 14268981 1] 27404362
[1 29241874 29241874 1] 30063331
[1 12999171 12999171 1] 30907965
[1 15497282 15497282 1] 32064877
[1 14420926 14420926 1] 33092997
[1 27336328 27336328 1] 35651576
[1 19126506 19126506 1] 37532993
[1 12621730 12621730 1] 38332192
[1 23925858 23925858 1] 40393797
[1 24353896 24353896 1] 42589917
[1 21100546 21100546 1] 44347711
[1 18233368 18233368 1] 45780891
[1 25990365 25990365 1] 48104844
[1 10313751 10313751 1] 48662921
[1 26426809 26426809 1] 51126530
[1 29947179 29947179 1] 53844432
[1 19393585 19393585 1] 55403550
[1 28502652 28502652 1] 58058547
[1 4612400 4612400 1] 57974096
[1 4095061 4095061 1] 57831923
[1 13993369 13993369 1] 58968058
[1 4210013 4210013 1] 58903632
[1 9698587 9698587 1] 59377851
[1 6297540 6297540 1] 59533567
[1 13480571 13480571 1] 60472594
[1 25960379 25960379 1] 62786123
[1 2066602 2066602 1] 62418455
[1 27612903 27612903 1] 64906651
[1 3570493 3570493 1] 64702192
[1 260757 260757 1] 64130822
[1 5560281 5560281 1] 64143102
[1 23209442 23209442 1] 66140241
[1 24429690 24429690 1] 68345408
[1 27346620 27346620 1] 70795878
[1 744730 744730 1] 70279457
[1 13108118 13108118 1] 71152554
[1 27905772 27905772 1] 73673022
[1 12890676 12890676 1] 74530461
[1 11698928 11698928 1] 75246814
[1 18777857 18777857 1] 76779244
[1 14872354 14872354 1] 77856387
[1 12276966 12276966 1] 78639341
[1 23964684 23964684 1] 80778350
[1 10028625 10028625 1] 81293791
[1 332872 332872 1] 80730156
[1 10048830 10048830 1] 81262561
[1 5530020 5530020 1] 81271188
[1 13363369 13363369 1] 82195601
[1 7486716 7486716 1] 82445897
[1 11518150 11518150 1] 83136702
[1 19700724 19700724 1] 84753361
[1 18002246 18002246 1] 86189577
[1 19493452 19493452 1] 87796267
[1 20243556 20243556 1] 89496002
[1 2597489 2597489 1] 89186387
[1 8888229 8888229 1] 89590046
[1 18792351 18792351 1] 91119243
[1 29441501 29441501 1] 93848507
[1 26087765 26087765 1] 96165158
[1 5324915 5324915 1] 96185093
[1 2275857 2275857 1] 95856427
[1 27346492 27346492 1] 98365311
[1 1148366 1148366 1] 97896321
[1 20281937 20281937 1] 99864513
[1 16452552 16452552 1] 101247629
[1 11899229 11899229 1] 101957635
[1 3975408 3975408 1] 101794914
[1 6276122 6276122 1] 101888898
[1 794396 794396 1] 101374713
[1 24661238 24661238 1] 103563460
[1 573794 573794 1] 103028347
[1 15894429 15894429 1] 104490138
[1 7231012 7231012 1] 104702500
[1 14639530 14639530 1] 106085654
[1 7322405 7322405 1] 106298843
[1 12255764 12255764 1] 107102463
[1 17854539 17854539 1] 108516719
[1 12436841 12436841 1] 109327915
[1 15344819 15344819 1] 110513710
[1 22670689 22670689 1] 112458101
[1 12067918 12067918 1] 113207345
[1 20466997 20466997 1] 114924366
[1 16987744 16987744 1] 116216314
[1 9512184 9512184 1] 116678409
[1 18295500 18295500 1] 118113208
[1 16206726 16206726 1] 119352478
[1 2755591 2755591 1] 119057783
[1 3268140 3268140 1] 118882383
[1 12469787 12469787 1] 119848759
[1 8338083 8338083 1] 120189474
[1 20388465 20388465 1] 121958963
[1 6939508 6939508 1] 122154840
[1 25228805 25228805 1] 124549142
[1 22278612 22278612 1] 126463719
[1 17127829 17127829 1] 128028141
[1 24887344 24887344 1] 130204481
[1 2035569 2035569 1] 129833900
[1 27755423 27755423 1] 132353655
[1 24613811 24613811 1] 134506910
[1 19321802 19321802 1] 136199507
[1 6473731 6473731 1] 136383351
[1 26811306 26811306 1] 138856057
[1 15178737 15178737 1] 140022965
[1 14248627 14248627 1] 141043988
[1 503466 503466 1] 140501006
[1 12473417 12473417 1] 141639529
[1 8213259 8213259 1] 141969779
[1 24167638 24167638 1] 144094752
[1 21305625 21305625 1] 145855689
[1 24544920 24544920 1] 148063774
[1 13911900 13911900 1] 149034998
[1 20145551 20145551 1] 150885965
[1 19290072 19290072 1] 152476379
[1 17487132 17487132 1] 153854944
[1 7684931 7684931 1] 154113378
[1 21845895 21845895 1] 156022858
[1 7370164 7370164 1] 156278156
[1 23387982 23387982 1] 158333293
[1 1252997 1252997 1] 157877008
[1 2713774 2713774 1] 157588688
[1 12739669 12739669 1] 158470574
[1 17681096 17681096 1] 159810149
[1 17116467 17116467 1] 161092974
[1 6911341 6911341 1] 161289782
[1 23327685 23327685 1] 163276395
[1 16855543 16855543 1] 164602105
[1 7379108 7379108 1] 164846797
[1 18219757 18219757 1] 166258574
[1 7418419 7418419 1] 166502870
[1 23089413 23089413 1] 168543137
[1 25032173 25032173 1] 170803969
[1 29262010 29262010 1] 173471717
[1 28625211 28625211 1] 176037968
[1 7467588 7467588 1] 176258816
[1 25319302 25319302 1] 178441546
[1 26667373 26667373 1] 180772120
[1 20401256 20401256 1] 182466250
[1 24044600 24044600 1] 184579036
[1 21229905 21229905 1] 186338377
[1 15939812 15939812 1] 187479827
[1 16915668 16915668 1] 188757783
[1 29346229 29346229 1] 191345014
[1 4829151 4829151 1] 191274095
[1 15996659 15996659 1] 192415960
[1 5789225 5789225 1] 192441666
[1 9867270 9867270 1] 192943787
[1 19054082 19054082 1] 194420587
[1 15740085 15740085 1] 195619439
[1 26811973 26811973 1] 198010477
[1 73851 73851 1] 197418507
[1 15905386 15905386 1] 198582666
[1 7739300 7739300 1] 198840951
[1 23606043 23606043 1] 200837759
[1 26340714 26340714 1] 203183104
[1 15256191 15256191 1] 204247464
[1 6942591 6942591 1] 204405365
[1 10108582 10108582 1] 204941810
[1 21499337 21499337 1] 206725320
[1 6371156 6371156 1] 206819459
[1 22218005 22218005 1] 208639062
[1 11614770 11614770 1] 209317593
[1 12981777 12981777 1] 210160447
[1 6247256 6247256 1] 210251273
[1 18348143 18348143 1] 211678577
[1 4445885 4445885 1] 211574060
[1 20223206 20223206 1] 213176174
[1 27679568 27679568 1] 215631455
[1 21690614 21690614 1] 217459974
[1 12262755 12262755 1] 218223802
[1 1154260 1154260 1] 217750416
[1 12828203 12828203 1] 218611488
[1 24723507 24723507 1] 220832818
[1 26902022 26902022 1] 223254188
[1 20390869 20390869 1] 224899366

Results: 100.00 110907360

Standard Error: 1.22133e+06
Mean Waiting Time: 1.58542e+07
Statistics for DIFFICULTIES: 30000000

----------------------------------------
