Running client with REP_PROB_PERCENT: 0
**********************************
DTU - OS Challenge - Client v0.20
**********************************
Total requests: 500
Start: 1
Difficulty: 30000000
Repetition probability (%): 0
Request delay (us): 600000
Priority disabled

[1 6930887 6930887 1] 530708
[1 4636916 4636916 1] 351272
[1 4238336 4238336 1] 318277
[1 29760493 29760493 1] 2376092
[1 19641422 19641422 1] 3245089
[1 490028 490028 1] 2681273
[1 22520060 22520060 1] 3859056
[1 17513927 17513927 1] 4536752
[1 10383427 10383427 1] 4714313
[1 13455737 13455737 1] 5119346
[1 11595369 11595369 1] 5390734
[1 16956430 16956430 1] 6036078
[1 21021531 21021531 1] 6994818
[1 23665124 23665124 1] 8170394
[1 18703136 18703136 1] 8986660
[1 1979803 1979803 1] 8536086
[1 5723059 5723059 1] 8369462
[1 15898168 15898168 1] 8969255
[1 19018457 19018457 1] 9773395
[1 6478043 6478043 1] 9657044
[1 3377374 3377374 1] 9310570
[1 24544920 24544920 1] 10543892
[1 6898538 6898538 1] 10450102
[1 23594325 23594325 1] 11620990
[1 28664371 28664371 1] 13178767
[1 4803527 4803527 1] 12941147
[1 14268981 14268981 1] 13461015
[1 29241874 29241874 1] 15120536
[1 12999171 12999171 1] 15494217
[1 15497282 15497282 1] 16052824
[1 14420926 14420926 1] 16534614
[1 27336328 27336328 1] 18004417
[1 19126506 19126506 1] 18847202
[1 12621730 12621730 1] 19229325
[1 23925858 23925858 1] 20482486
[1 24353896 24353896 1] 21815055
[1 21100546 21100546 1] 22922069
[1 18233368 18233368 1] 23781686
[1 25990365 25990365 1] 25265108
[1 10313751 10313751 1] 25499979
[1 26426809 26426809 1] 26973512
[1 29947179 29947179 1] 28837607
[1 19393585 19393585 1] 29825319
[1 28502652 28502652 1] 31534561
[1 4612400 4612400 1] 31307079
[1 4095061 4095061 1] 31037605
[1 13993369 13993369 1] 31572818
[1 4210013 4210013 1] 31314676
[1 9698587 9698587 1] 31499911
[1 6297540 6297540 1] 31408732
[1 13480571 13480571 1] 31904260
[1 25960379 25960379 1] 33414760
[1 2066602 2066602 1] 32982131
[1 27612903 27612903 1] 34624658
[1 3570493 3570493 1] 34314174
[1 260757 260757 1] 33735026
[1 5560281 5560281 1] 33586346
[1 23209442 23209442 1] 34860689
[1 24429690 24429690 1] 36228893
[1 27346620 27346620 1] 37846466
[1 744730 744730 1] 37306273
[1 13108118 13108118 1] 37763260
[1 27905772 27905772 1] 39418852
[1 12890676 12890676 1] 39859811
[1 11698928 11698928 1] 40201310
[1 18777857 18777857 1] 41143792
[1 14872354 14872354 1] 41745343
[1 12276966 12276966 1] 42137995
[1 23964684 23964684 1] 43474014
[1 10028625 10028625 1] 43687589
[1 332872 332872 1] 43114440
[1 10048830 10048830 1] 43331236
[1 5530020 5530020 1] 43178209
[1 13363369 13363369 1] 43664748
[1 7486716 7486716 1] 43673724
[1 11518150 11518150 1] 44016734
[1 19700724 19700724 1] 45026720
[1 18002246 18002246 1] 45887137
[1 19493452 19493452 1] 46856671
[1 20243556 20243556 1] 47892470
[1 2597489 2597489 1] 47502743
[1 8888229 8888229 1] 47619522
[1 18792351 18792351 1] 48543155
[1 29441501 29441501 1] 50362774
[1 26087765 26087765 1] 51878302
[1 5324915 5324915 1] 51709879
[1 2275857 2275857 1] 51293786
[1 27346492 27346492 1] 52912937
[1 1148366 1148366 1] 52405357
[1 20281937 20281937 1] 53445125
[1 16452552 16452552 1] 54177979
[1 11899229 11899229 1] 54546612
[1 3975408 3975408 1] 54272571
[1 6276122 6276122 1] 54189029
[1 794396 794396 1] 53654252
[1 24661238 24661238 1] 55129927
[1 573794 573794 1] 54576136
[1 15894429 15894429 1] 55271607
[1 7231012 7231012 1] 55260122
[1 14639530 14639530 1] 55847513
[1 7322405 7322405 1] 55839962
[1 12255764 12255764 1] 56230509
[1 17854539 17854539 1] 57078622
[1 12436841 12436841 1] 57487977
[1 15344819 15344819 1] 58128140
[1 22670689 22670689 1] 59491219
[1 12067918 12067918 1] 59882850
[1 20466997 20466997 1] 61087810
[1 16987744 16987744 1] 61936635
[1 9512184 9512184 1] 62130957
[1 18295500 18295500 1] 63025666
[1 16206726 16206726 1] 63743984
[1 2755591 2755591 1] 63368106
[1 3268140 3268140 1] 63034796
[1 12469787 12469787 1] 63455611
[1 8338083 8338083 1] 63536849
[1 20388465 20388465 1] 64592251
[1 6939508 6939508 1] 64556439
[1 25228805 25228805 1] 66058349
[1 22278612 22278612 1] 67272625
[1 17127829 17127829 1] 68070390
[1 24887344 24887344 1] 69528695
[1 2035569 2035569 1] 69096032
[1 27755423 27755423 1] 70773744
[1 24613811 24613811 1] 72225549
[1 19321802 19321802 1] 73205416
[1 6473731 6473731 1] 73130797
[1 26811306 26811306 1] 74710655
[1 15178737 15178737 1] 75355557
[1 14248627 14248627 1] 75910893
[1 503466 503466 1] 75351588
[1 12473417 12473417 1] 75792881
[1 8213259 8213259 1] 75865848
[1 24167638 24167638 1] 77228397
[1 21305625 21305625 1] 78364975
[1 24544920 24544920 1] 79800186
[1 13911900 13911900 1] 80332586
[1 20145551 20145551 1] 81373834
[1 19290072 19290072 1] 82361466
[1 17487132 17487132 1] 83182222
[1 7684931 7684931 1] 83214325
[1 21845895 21845895 1] 84397865
[1 7370164 7370164 1] 84400012
[1 23387982 23387982 1] 85774215
[1 1252997 1252997 1] 85275769
[1 2713774 2713774 1] 84897233
[1 12739669 12739669 1] 85335031
[1 17681096 17681096 1] 86295280
[1 17116467 17116467 1] 87097181
[1 6911341 6911341 1] 87058902
[1 23327685 23327685 1] 88358179
[1 16855543 16855543 1] 89133889
[1 7379108 7379108 1] 89136336
[1 18219757 18219757 1] 90022687
[1 7418419 7418419 1] 90024983
[1 23089413 23089413 1] 91320486
[1 25032173 25032173 1] 92854715
[1 29262010 29262010 1] 94637348
[1 28625211 28625211 1] 96373104
[1 7467588 7467588 1] 96383926
[1 25319302 25319302 1] 97862986
[1 26667373 26667373 1] 99488927
[1 20401256 20401256 1] 100591918
[1 24044600 24044600 1] 101963166
[1 21229905 21229905 1] 103017378
[1 15939812 15939812 1] 103746948
[1 16915668 16915668 1] 104565656
[1 29346229 29346229 1] 106387058
[1 4829151 4829151 1] 106164361
[1 15996659 15996659 1] 106819843
[1 5789225 5789225 1] 106674135
[1 9867270 9867270 1] 106849885
[1 19054082 19054082 1] 107809432
[1 15740085 15740085 1] 108505230
[1 26811973 26811973 1] 110134141
[1 73851 73851 1] 109540048
[1 15905386 15905386 1] 110293604
[1 7739300 7739300 1] 110421947
[1 23606043 23606043 1] 112054857
[1 26340714 26340714 1] 114003203
[1 15256191 15256191 1] 114850345
[1 6942591 6942591 1] 114905297
[1 10108582 10108582 1] 115256045
[1 21499337 21499337 1] 116684816
[1 6371156 6371156 1] 116683187
[1 22218005 22218005 1] 118164097
[1 11614770 11614770 1] 118649122
[1 12981777 12981777 1] 119275487
[1 6247256 6247256 1] 119262183
[1 18348143 18348143 1] 120377766
[1 4445885 4445885 1] 120190334
[1 20223206 20223206 1] 121500727
[1 27679568 27679568 1] 123458820
[1 21690614 21690614 1] 124891211
[1 12262755 12262755 1] 125433671
[1 1154260 1154260 1] 124941853
[1 12828203 12828203 1] 125533331
[1 24723507 24723507 1] 127205339
[1 26902022 26902022 1] 129101393
[1 20390869 20390869 1] 130392622
[1 6235190 6235190 1] 130368981
[1 27949909 27949909 1] 132364115
[1 27210499 27210499 1] 134288045
[1 18518809 18518809 1] 135406950
[1 4686249 4686249 1] 135244336
[1 19033334 19033334 1] 136441851
[1 20321649 20321649 1] 137748217
[1 11999755 11999755 1] 138269179
[1 2251747 2251747 1] 137880710
[1 4319530 4319530 1] 137683016
[1 573794 573794 1] 137135476
[1 24549798 24549798 1] 138816662
[1 26086991 26086991 1] 140655943
[1 10003034 10003034 1] 140978570
[1 18012498 18012498 1] 142024987
[1 21294893 21294893 1] 143376753
[1 25519126 25519126 1] 145110921
[1 24613997 24613997 1] 146768986
[1 25209189 25209189 1] 148475899
[1 8703730 8703730 1] 148697823
[1 15032461 15032461 1] 149470315
[1 21543922 21543922 1] 150847602
[1 2026305 2026305 1] 150432093
[1 18388028 18388028 1] 151519828
[1 2266749 2266749 1] 151129865
[1 1308903 1308903 1] 150649047
[1 10697698 10697698 1] 151028479
[1 23571044 23571044 1] 152612579
[1 15132003 15132003 1] 153407167
[1 24806404 24806404 1] 155102850
[1 24887344 24887344 1] 156773214
[1 9908539 9908539 1] 157079954
[1 12895152 12895152 1] 157660499
[1 12282135 12282135 1] 158178469
[1 171693 171693 1] 157594014
[1 20516128 20516128 1] 158872581
[1 13755630 13755630 1] 159533275
[1 15590965 15590965 1] 160354879
[1 10636430 10636430 1] 160717799
[1 2576336 2576336 1] 160352079
[1 9202901 9202901 1] 160587491
[1 19407972 19407972 1] 161756867
[1 12260290 12260290 1] 162274700
[1 21717989 21717989 1] 163654171
[1 11585796 11585796 1] 164106827
[1 13053145 13053145 1] 164697124
[1 27658391 27658391 1] 166646366
[1 12655341 12655341 1] 167202026
[1 10000570 10000570 1] 167515959
[1 1174233 1174233 1] 167022839
[1 10956043 10956043 1] 167431245
[1 20409118 20409118 1] 168696613
[1 16266762 16266762 1] 169585715
[1 5526310 5526310 1] 169489671
[1 22495426 22495426 1] 170949784
[1 9806368 9806368 1] 171244107
[1 24504235 24504235 1] 172862494
[1 16631627 16631627 1] 173763617
[1 7226058 7226058 1] 173821931
[1 16673169 16673169 1] 174741227
[1 7390359 7390359 1] 174810757
[1 6947387 6947387 1] 174839922
[1 24429690 24429690 1] 176462150
[1 10634995 10634995 1] 176830566
[1 27056553 27056553 1] 178675897
[1 7893530 7893530 1] 178795971
[1 28532291 28532291 1] 180817126
[1 27756971 27756971 1] 182737025
[1 16819081 16819081 1] 183658767
[1 24218594 24218594 1] 185251408
[1 6418628 6418628 1] 185231168
[1 18561887 18561887 1] 186302746
[1 10788356 10788356 1] 186683402
[1 2720091 2720091 1] 186323557
[1 26059480 26059480 1] 188096927
[1 1858970 1858970 1] 187666045
[1 14152275 14152275 1] 188353474
[1 16047642 16047642 1] 189207675
[1 10925434 10925434 1] 189594093
[1 17077889 17077889 1] 190537898
[1 3524567 3524567 1] 190256592
[1 11027285 11027285 1] 190653839
[1 5790418 5790418 1] 190578036
[1 29372261 29372261 1] 192640802
[1 7100238 7100238 1] 192677097
[1 9473060 9473060 1] 192935824
[1 22648519 22648519 1] 194376899
[1 21990784 21990784 1] 195766316
[1 3228459 3228459 1] 195457555
[1 3967638 3967638 1] 195214238
[1 26620484 26620484 1] 197024122
[1 27770479 27770479 1] 198951488
[1 27149315 27149315 1] 200806737
[1 12645730 12645730 1] 201350070
[1 23665124 23665124 1] 202889766
[1 11089439 11089439 1] 203289118
[1 7211389 7211389 1] 203344015
[1 23631234 23631234 1] 204867784
[1 25933682 25933682 1] 206590798
[1 13160359 13160359 1] 207208975
[1 29110700 29110700 1] 209229521
[1 24101840 24101840 1] 210782480
[1 20668364 20668364 1] 212033927
[1 20228795 20228795 1] 213249854
[1 23319848 23319848 1] 214743705
[1 18217463 18217463 1] 215782552
[1 12539391 12539391 1] 216321331
[1 25745792 25745792 1] 218045791
[1 7355116 7355116 1] 218103229
[1 12796158 12796158 1] 218653018
[1 20631492 20631492 1] 219893971
[1 4462952 4462952 1] 219692012
[1 11035022 11035022 1] 220077573
[1 18393741 18393741 1] 221126243
[1 3614031 3614031 1] 220849490
[1 5035326 5035326 1] 220702255
[1 24187517 24187517 1] 222396504
[1 2033003 2033003 1] 222015315
[1 27746140 27746140 1] 223991540
[1 3785405 3785405 1] 223728745
[1 28974581 28974581 1] 225724485
[1 6039022 6039022 1] 225663614
[1 15539863 15539863 1] 226456382
[1 16235380 16235380 1] 227310800
[1 22692686 22692686 1] 228751877
[1 18299905 18299905 1] 229791932
[1 5433484 5433484 1] 229682139
[1 6199760 6199760 1] 229633683
[1 15889745 15889745 1] 230455119
[1 18469912 18469912 1] 231510665
[1 8663951 8663951 1] 231691235
[1 29777561 29777561 1] 233765616
[1 17675106 17675106 1] 234753417
[1 12740050 12740050 1] 235287537
[1 6588712 6588712 1] 235274049
[1 1519935 1519935 1] 234808098
[1 16077376 16077376 1] 235626170
[1 29593615 29593615 1] 237652671
[1 9343769 9343769 1] 237880030
[1 19544919 19544919 1] 239029392
[1 27376883 27376883 1] 240860116
[1 27876983 27876983 1] 242721734
[1 13124031 13124031 1] 243280446
[1 14311575 14311575 1] 243945225
[1 11186594 11186594 1] 244344247
[1 13550254 13550254 1] 244950684
[1 8803075 8803075 1] 245131598
[1 17734714 17734714 1] 246104197
[1 15138378 15138378 1] 246855430
[1 24415776 24415776 1] 248437984
[1 12032920 12032920 1] 248904989
[1 9806733 9806733 1] 249176923
[1 16011018 16011018 1] 250026256
[1 24760236 24760236 1] 251622938
[1 7745692 7745692 1] 251712266
[1 22423944 22423944 1] 253122862
[1 4666329 4666329 1] 252940629
[1 20449292 20449292 1] 254182646
[1 6894019 6894019 1] 254202955
[1 11836837 11836837 1] 254672826
[1 2575056 2575056 1] 254319432
[1 2963859 2963859 1] 253991193
[1 8714905 8714905 1] 254181285
[1 20372662 20372662 1] 255402952
[1 3689686 3689686 1] 255153844
[1 10613074 10613074 1] 255539064
[1 5756852 5756852 1] 255455279
[1 26349251 26349251 1] 257205853
[1 12336504 12336504 1] 257742804
[1 29639007 29639007 1] 259801826
[1 5414640 5414640 1] 259681687
[1 7721121 7721121 1] 259771011
[1 24880227 24880227 1] 261376656
[1 10387678 10387678 1] 261703523
[1 27963982 27963982 1] 263597348
[1 14887561 14887561 1] 264321203
[1 127956 127956 1] 263732218
[1 24433519 24433519 1] 265327519
[1 21066343 21066343 1] 266620895
[1 10245197 10245197 1] 266936254
[1 24627322 24627322 1] 268526866
[1 22994985 22994985 1] 269971508
[1 23794428 23794428 1] 271510398
[1 22152041 22152041 1] 272890865
[1 22970073 22970073 1] 274343479
[1 21245831 21245831 1] 275678395
[1 26370348 26370348 1] 277439854
[1 20982031 20982031 1] 278714141
[1 9653715 9653715 1] 278969714
[1 18057523 18057523 1] 279963352
[1 18626925 18626925 1] 281028343
[1 3189436 3189436 1] 280709497
[1 15829205 15829205 1] 281514710
[1 22630444 22630444 1] 282910285
[1 24945487 24945487 1] 284544106
[1 26684279 26684279 1] 286330207
[1 6250263 6250263 1] 286287453
[1 14989684 14989684 1] 287020861
[1 21539849 21539849 1] 288359286
[1 1208325 1208325 1] 287867715
[1 11449123 11449123 1] 288292505
[1 7927336 7927336 1] 288398519
[1 3937458 3937458 1] 288147177
[1 24102748 24102748 1] 289694440
[1 25311777 25311777 1] 291331145
[1 3725219 3725219 1] 291059795
[1 27621704 27621704 1] 292904696
[1 15209934 15209934 1] 293650292
[1 17053960 17053960 1] 294568989
[1 2862807 2862807 1] 294222771
[1 5748721 5748721 1] 294137900
[1 9121309 9121309 1] 294352233
[1 1742699 1742699 1] 293909383
[1 7076377 7076377 1] 293935553
[1 1252716 1252716 1] 293449257
[1 2825172 2825172 1] 293105743
[1 25771560 25771560 1] 294804268
[1 15554011 15554011 1] 295601627
[1 22178225 22178225 1] 296993346
[1 25816540 25816540 1] 298710328
[1 24429690 24429690 1] 300314095
[1 13945054 13945054 1] 300969140
[1 1489115 1489115 1] 300501934
[1 15405990 15405990 1] 301290394
[1 2028068 2028068 1] 300872975
[1 25575224 25575224 1] 302556010
[1 332232 332232 1] 301985296
[1 2292123 2292123 1] 301590671
[1 11323876 11323876 1] 301997423
[1 20390180 20390180 1] 303226502
[1 25202255 25202255 1] 304882772
[1 20311132 20311132 1] 306106478
[1 3967858 3967858 1] 305859566
[1 3199182 3199182 1] 305550277
[1 10554604 10554604 1] 305899477
[1 26152434 26152434 1] 307648088
[1 23590182 23590182 1] 309164459
[1 29359416 29359416 1] 311214900
[1 21768826 21768826 1] 312563276
[1 26138723 26138723 1] 314310053
[1 15550552 15550552 1] 315107267
[1 14090033 14090033 1] 315788528
[1 21443182 21443182 1] 317104997
[1 12990416 12990416 1] 317657261
[1 3299709 3299709 1] 317349182
[1 27860000 27860000 1] 319223001
[1 9112298 9112298 1] 319433001
[1 19475777 19475777 1] 320577285
[1 19068978 19068978 1] 321685455
[1 21742588 21742588 1] 323038347
[1 16723383 16723383 1] 323943339
[1 9544267 9544267 1] 324188242
[1 10508861 10508861 1] 324513084
[1 17909212 17909212 1] 325501665
[1 23669087 23669087 1] 327015115
[1 8590931 8590931 1] 327182987
[1 794584 794584 1] 326653048
[1 2651477 2651477 1] 326291138
[1 4095821 4095821 1] 326053054
[1 20037526 20037526 1] 327246721
[1 1538840 1538840 1] 326782532
[1 5897491 5897491 1] 326706452
[1 1101361 1101361 1] 326205106
[1 6247644 6247644 1] 326166064
[1 13080929 13080929 1] 326730679
[1 14826622 14826622 1] 327466171
[1 10917956 10917956 1] 327849135
[1 22634226 22634226 1] 329277322
[1 3274571 3274571 1] 328969509
[1 6220854 6220854 1] 328925806
[1 7107723 7107723 1] 328965324
[1 13712351 13712351 1] 329610891
[1 20009098 20009098 1] 330824325
[1 7689127 7689127 1] 330915841
[1 14522072 14522072 1] 331624245
[1 26533150 26533150 1] 333414673
[1 28140529 28140529 1] 335360229
[1 9228399 9228399 1] 335588412
[1 22836611 22836611 1] 337060110
[1 1928578 1928578 1] 336636219
[1 8498977 8498977 1] 336808555
[1 754553 754553 1] 336277033
[1 11126088 11126088 1] 336681206
[1 23360100 23360100 1] 338217601
[1 16448567 16448567 1] 339126843
[1 6377018 6377018 1] 339116259
[1 14392736 14392736 1] 339797392
[1 26491299 26491299 1] 341562901
[1 6453196 6453196 1] 341537170
[1 6055806 6055806 1] 341482356
[1 14423429 14423429 1] 342163360
[1 19552529 19552529 1] 343318922
[1 5019594 5019594 1] 343168305
[1 24322198 24322198 1] 344780239
[1 9289673 9289673 1] 345014235
[1 28806446 28806446 1] 346986955
[1 12796158 12796158 1] 347526695
[1 2238284 2238284 1] 347128786
[1 5466128 5466128 1] 347016330
[1 3565422 3565422 1] 346732469

Results: 100.00 171125448

Standard Error: 4.73151e+06
Mean Waiting Time: 1.71125e+08
Statistics for REP_PROB_PERCENT: 0

----------------------------------------
Running client with REP_PROB_PERCENT: 20
**********************************
DTU - OS Challenge - Client v0.20
**********************************
Total requests: 500
Start: 1
Difficulty: 30000000
Repetition probability (%): 20
Request delay (us): 600000
Priority disabled

[1 6930887 6930887 1] 626622
[1 4636916 4636916 1] 448671
[1 4238336 4238336 1] 382421
[1 29760493 29760493 1] 2738261
[1 19641422 19641422 1] 3940569
[1 490028 490028 1] 3384037
[1 22520060 22520060 1] 4831251
[1 17513927 17513927 1] 5829128
[1 10383427 10383427 1] 6173427
[1 13455737 13455737 1] 6809059
[1 10383427 10383427 1] 7157669
[1 16956430 16956430 1] 8105582
[1 21021531 21021531 1] 9416551
[1 23665124 23665124 1] 10956959
[1 18703136 18703136 1] 12057713
[1 1979803 1979803 1] 11637520
[1 5723059 5723059 1] 11557479
[1 15898168 15898168 1] 12398696
[1 19018457 19018457 1] 13497249
[1 5723059 5723059 1] 13410488
[1 3377374 3377374 1] 13117584
[1 24544920 24544920 1] 14742542
[1 6898538 6898538 1] 14769585
[1 23594325 23594325 1] 16313873
[1 19018457 19018457 1] 17446327
[1 4636916 4636916 1] 17270060
[1 14268981 14268981 1] 17971757
[1 29241874 29241874 1] 20030666
[1 12999171 12999171 1] 20613315
[1 15497282 15497282 1] 21422893
[1 1979803 1979803 1] 21002845
[1 27336328 27336328 1] 22885407
[1 19126506 19126506 1] 24022536
[1 12621730 12621730 1] 24568008
[1 27336328 27336328 1] 26469115
[1 24353896 24353896 1] 28082989
[1 21100546 21100546 1] 29392435
[1 4238336 4238336 1] 29178101
[1 25990365 25990365 1] 30983233
[1 10313751 10313751 1] 31321966
[1 26426809 26426809 1] 33137361
[1 29947179 29947179 1] 35266497
[1 19393585 19393585 1] 36426449
[1 27336328 27336328 1] 38364213
[1 4612400 4612400 1] 38186533
[1 4095061 4095061 1] 37961783
[1 13993369 13993369 1] 38645331
[1 4210013 4210013 1] 38430559
[1 9698587 9698587 1] 38717278
[1 6297540 6297540 1] 38694006
[1 13480571 13480571 1] 39317890
[1 25960379 25960379 1] 41084451
[1 2066602 2066602 1] 40673631
[1 27612903 27612903 1] 42632497
[1 19018457 19018457 1] 43779584
[1 260757 260757 1] 43203594
[1 5723059 5723059 1] 43129310
[1 23209442 23209442 1] 44653154
[1 24429690 24429690 1] 46366984
[1 27346620 27346620 1] 48574662
[1 744730 744730 1] 48042464
[1 13108118 13108118 1] 48693814
[1 27905772 27905772 1] 50650694
[1 12890676 12890676 1] 51225046
[1 4210013 4210013 1] 51008238
[1 18777857 18777857 1] 52141692
[1 14872354 14872354 1] 52908385
[1 12276966 12276966 1] 53447737
[1 16956430 16956430 1] 54416098
[1 4612400 4612400 1] 54236285
[1 332872 332872 1] 53667411
[1 10048830 10048830 1] 54001509
[1 16956430 16956430 1] 55012568
[1 13363369 13363369 1] 55654946
[1 27346620 27346620 1] 57573615
[1 11518150 11518150 1] 58024590
[1 19700724 19700724 1] 59232156
[1 14268981 14268981 1] 59938946
[1 19493452 19493452 1] 61127907
[1 20243556 20243556 1] 62379160
[1 2597489 2597489 1] 62014929
[1 8888229 8888229 1] 62226127
[1 18792351 18792351 1] 63369552
[1 29441501 29441501 1] 65466079
[1 26087765 26087765 1] 67277060
[1 5324915 5324915 1] 67166893
[1 2275857 2275857 1] 66774402
[1 27346492 27346492 1] 68721612
[1 1148366 1148366 1] 68228831
[1 20281937 20281937 1] 69569843
[1 16452552 16452552 1] 70495195
[1 11899229 11899229 1] 71003386
[1 3975408 3975408 1] 70823420
[1 6276122 6276122 1] 70817207
[1 794396 794396 1] 70291523
[1 24661238 24661238 1] 71956562
[1 573794 573794 1] 71408468
[1 4210013 4210013 1] 71193960
[1 7231012 7231012 1] 71250305
[1 14639530 14639530 1] 71980587
[1 7322405 7322405 1] 72045635
[1 12255764 12255764 1] 72559652
[1 18703136 18703136 1] 73669819
[1 19641422 19641422 1] 74867475
[1 4238336 4238336 1] 74660013
[1 22670689 22670689 1] 76130595
[1 12067918 12067918 1] 76636981
[1 16956430 16956430 1] 77595308
[1 16987744 16987744 1] 78559030
[1 9512184 9512184 1] 78835318
[1 18295500 18295500 1] 79928300
[1 16206726 16206726 1] 80823140
[1 2755591 2755591 1] 80477207
[1 4612400 4612400 1] 80301895
[1 12469787 12469787 1] 80852244
[1 8338083 8338083 1] 81015068
[1 20388465 20388465 1] 82302527
[1 6939508 6939508 1] 82345691
[1 25228805 25228805 1] 84054391
[1 22278612 22278612 1] 85504964
[1 17127829 17127829 1] 86474278
[1 24887344 24887344 1] 88189921
[1 2035569 2035569 1] 87776725
[1 27755423 27755423 1] 89734610
[1 6898538 6898538 1] 89768802
[1 25960379 25960379 1] 91567609
[1 6473731 6473731 1] 91560535
[1 26811306 26811306 1] 93396349
[1 2755591 2755591 1] 93046735
[1 14248627 14248627 1] 93754825
[1 503466 503466 1] 93202173
[1 19393585 19393585 1] 94412691
[1 8213259 8213259 1] 94579920
[1 24167638 24167638 1] 96225706
[1 21305625 21305625 1] 97590282
[1 24544920 24544920 1] 99247982
[1 13911900 13911900 1] 99949097
[1 20145551 20145551 1] 101238197
[1 19290072 19290072 1] 102444580
[1 17487132 17487132 1] 103449940
[1 7684931 7684931 1] 103560228
[1 21845895 21845895 1] 104965524
[1 7370164 7370164 1] 105034730
[1 23387982 23387982 1] 106577593
[1 1252997 1252997 1] 106092972
[1 2713774 2713774 1] 105743591
[1 6473731 6473731 1] 105745165
[1 17681096 17681096 1] 106791276
[1 17116467 17116467 1] 107774743
[1 6911341 6911341 1] 107829934
[1 23327685 23327685 1] 109409742
[1 16855543 16855543 1] 110376181
[1 7379108 7379108 1] 110462908
[1 18219757 18219757 1] 111547926
[1 7418419 7418419 1] 111629040
[1 23089413 23089413 1] 113172811
[1 25032173 25032173 1] 114900036
[1 29262010 29262010 1] 117022566
[1 28625211 28625211 1] 119067138
[1 7467588 7467588 1] 119164841
[1 12255764 12255764 1] 119698485
[1 6473731 6473731 1] 119702766
[1 20401256 20401256 1] 121011835
[1 7370164 7370164 1] 121106335
[1 21229905 21229905 1] 122489103
[1 15939812 15939812 1] 123377811
[1 16915668 16915668 1] 124357645
[1 27346620 27346620 1] 126316987
[1 4829151 4829151 1] 126173601
[1 15996659 15996659 1] 127072172
[1 27336328 27336328 1] 129022783
[1 9867270 9867270 1] 129328966
[1 19054082 19054082 1] 130528632
[1 15740085 15740085 1] 131404837
[1 26811973 26811973 1] 133308791
[1 73851 73851 1] 132715575
[1 15905386 15905386 1] 133597461
[1 7739300 7739300 1] 133720407
[1 23606043 23606043 1] 135336627
[1 26340714 26340714 1] 137204912
[1 15256191 15256191 1] 138038746
[1 6942591 6942591 1] 138083650
[1 8888229 8888229 1] 138304355
[1 7370164 7370164 1] 138377766
[1 6371156 6371156 1] 138359234
[1 22218005 22218005 1] 139794387
[1 11614770 11614770 1] 140259036
[1 12981777 12981777 1] 140867926
[1 6247256 6247256 1] 140853565
[1 18348143 18348143 1] 141959836
[1 4445885 4445885 1] 141773642
[1 20223206 20223206 1] 143051065
[1 27679568 27679568 1] 145023293
[1 5723059 5723059 1] 144954653
[1 12262755 12262755 1] 145499257
[1 1154260 1154260 1] 145007575
[1 12828203 12828203 1] 145593852
[1 20401256 20401256 1] 146893604
[1 26902022 26902022 1] 148787435
[1 20390869 20390869 1] 150092190
[1 6235190 6235190 1] 150075396
[1 27949909 27949909 1] 152098312
[1 27210499 27210499 1] 154045852
[1 18518809 18518809 1] 155174439
[1 4686249 4686249 1] 155012026
[1 19290072 19290072 1] 156222915
[1 20321649 20321649 1] 157539721
[1 11999755 11999755 1] 158062583
[1 2251747 2251747 1] 157669045
[1 4319530 4319530 1] 157462213
[1 573794 573794 1] 156914428
[1 24549798 24549798 1] 158609147
[1 26086991 26086991 1] 160434312
[1 2713774 2713774 1] 160089134
[1 18012498 18012498 1] 161165014
[1 21294893 21294893 1] 162545704
[1 25519126 25519126 1] 164350018
[1 24613997 24613997 1] 166086985
[1 25209189 25209189 1] 167835603
[1 8703730 8703730 1] 168034057
[1 15032461 15032461 1] 168828737
[1 15740085 15740085 1] 169693966
[1 2026305 2026305 1] 169287364
[1 18388028 18388028 1] 170412069
[1 2266749 2266749 1] 170023223
[1 1308903 1308903 1] 169545609
[1 10697698 10697698 1] 169931512
[1 23571044 23571044 1] 171508318
[1 15132003 15132003 1] 172310641
[1 24806404 24806404 1] 174018238
[1 24887344 24887344 1] 175726617
[1 9908539 9908539 1] 176046550
[1 12895152 12895152 1] 176648361
[1 12282135 12282135 1] 177187660
[1 171693 171693 1] 176602972
[1 7739300 7739300 1] 176715661
[1 4210013 4210013 1] 176501835
[1 15590965 15590965 1] 177337509
[1 10636430 10636430 1] 177729659
[1 2576336 2576336 1] 177371198
[1 9202901 9202901 1] 177628106
[1 19407972 19407972 1] 178849060
[1 12260290 12260290 1] 179398785
[1 21717989 21717989 1] 180814640
[1 11585796 11585796 1] 181295277
[1 13053145 13053145 1] 181921266
[1 27658391 27658391 1] 183918696
[1 12655341 12655341 1] 184500186
[1 10000570 10000570 1] 184837468
[1 1174233 1174233 1] 184345598
[1 10956043 10956043 1] 184767505
[1 20409118 20409118 1] 186083952
[1 16266762 16266762 1] 187027713
[1 5526310 5526310 1] 186955085
[1 22495426 22495426 1] 188479588
[1 9806368 9806368 1] 188784185
[1 24504235 24504235 1] 190444374
[1 16631627 16631627 1] 191379018
[1 7226058 7226058 1] 191443767
[1 10383427 10383427 1] 191806064
[1 25990365 25990365 1] 193607653
[1 503466 503466 1] 193054764
[1 24429690 24429690 1] 194705530
[1 10634995 10634995 1] 195086921
[1 2597489 2597489 1] 194742328
[1 7893530 7893530 1] 194883019
[1 28532291 28532291 1] 196919727
[1 27756971 27756971 1] 198869152
[1 16819081 16819081 1] 199824392
[1 24218594 24218594 1] 201531812
[1 6418628 6418628 1] 201539005
[1 27336328 27336328 1] 203501719
[1 29441501 29441501 1] 205635000
[1 4319530 4319530 1] 205437135
[1 6939508 6939508 1] 205477606
[1 12262755 12262755 1] 206018994
[1 14152275 14152275 1] 206732689
[1 16047642 16047642 1] 207631380
[1 17681096 17681096 1] 208679991
[1 17077889 17077889 1] 209676825
[1 3524567 3524567 1] 209408277
[1 11027285 11027285 1] 209836997
[1 5790418 5790418 1] 209771902
[1 17077889 17077889 1] 210753664
[1 7100238 7100238 1] 210814728
[1 15996659 15996659 1] 211699449
[1 10383427 10383427 1] 212057645
[1 21990784 21990784 1] 213517610
[1 3228459 3228459 1] 213220148
[1 3967638 3967638 1] 212992218
[1 26620484 26620484 1] 214868443
[1 27949909 27949909 1] 216882468
[1 27149315 27149315 1] 218803157
[1 12645730 12645730 1] 219373644
[1 23665124 23665124 1] 220964012
[1 18219757 18219757 1] 222053832
[1 7211389 7211389 1] 222118147
[1 23631234 23631234 1] 223705337
[1 25933682 25933682 1] 225514026
[1 13160359 13160359 1] 226146824
[1 29110700 29110700 1] 228257483
[1 4612400 4612400 1] 228081607
[1 20668364 20668364 1] 229395799
[1 20228795 20228795 1] 230809436
[1 23319848 23319848 1] 232422508
[1 18217463 18217463 1] 233531750
[1 12539391 12539391 1] 234107941
[1 25745792 25745792 1] 235918321
[1 7355116 7355116 1] 236023084
[1 12796158 12796158 1] 236636382
[1 20631492 20631492 1] 238060377
[1 4462952 4462952 1] 237878891
[1 11035022 11035022 1] 238317677
[1 18393741 18393741 1] 239514487
[1 3614031 3614031 1] 239253725
[1 5035326 5035326 1] 239123036
[1 24187517 24187517 1] 240776937
[1 21305625 21305625 1] 242154575
[1 27746140 27746140 1] 244147407
[1 3785405 3785405 1] 243902628
[1 28974581 28974581 1] 246010089
[1 2026305 2026305 1] 245599404
[1 15539863 15539863 1] 246436786
[1 4612400 4612400 1] 246261156
[1 22692686 22692686 1] 247773588
[1 18299905 18299905 1] 248876431
[1 5433484 5433484 1] 248783396
[1 27149315 27149315 1] 250722477
[1 15889745 15889745 1] 251605928
[1 18469912 18469912 1] 252727169
[1 8663951 8663951 1] 252932208
[1 29777561 29777561 1] 255124043
[1 16047642 16047642 1] 256047063
[1 12740050 12740050 1] 256646756
[1 6588712 6588712 1] 256668415
[1 4238336 4238336 1] 256464208
[1 16077376 16077376 1] 257368853
[1 29593615 29593615 1] 259511733
[1 9343769 9343769 1] 259793940
[1 19544919 19544919 1] 261023633
[1 6898538 6898538 1] 261070605
[1 27876983 27876983 1] 263058932
[1 8888229 8888229 1] 263284766
[1 14311575 14311575 1] 264005512
[1 11186594 11186594 1] 264445318
[1 13550254 13550254 1] 265104479
[1 8803075 8803075 1] 265316877
[1 7739300 7739300 1] 265471539
[1 15138378 15138378 1] 266292602
[1 24415776 24415776 1] 267964981
[1 12032920 12032920 1] 268480048
[1 10048830 10048830 1] 268813156
[1 16011018 16011018 1] 269704204
[1 24760236 24760236 1] 271408053
[1 7745692 7745692 1] 271524634
[1 22423944 22423944 1] 273024665
[1 4666329 4666329 1] 272863886
[1 20449292 20449292 1] 274166199
[1 4238336 4238336 1] 273958561
[1 13550254 13550254 1] 274617255
[1 2575056 2575056 1] 274258868
[1 2963859 2963859 1] 273934387
[1 8714905 8714905 1] 274147647
[1 20372662 20372662 1] 275446630
[1 3689686 3689686 1] 275190887
[1 10613074 10613074 1] 275572409
[1 8338083 8338083 1] 275750115
[1 12276966 12276966 1] 276285979
[1 12336504 12336504 1] 276823510
[1 29639007 29639007 1] 279025347
[1 5414640 5414640 1] 278931204
[1 7721121 7721121 1] 279052862
[1 24880227 24880227 1] 280779059
[1 10387678 10387678 1] 281148680
[1 27963982 27963982 1] 283122840
[1 14887561 14887561 1] 283900384
[1 127956 127956 1] 283312322
[1 24433519 24433519 1] 284986712
[1 11035022 11035022 1] 285413115
[1 10245197 10245197 1] 285771076
[1 24627322 24627322 1] 287465234
[1 22994985 22994985 1] 288990859
[1 23794428 23794428 1] 290608723
[1 22152041 22152041 1] 292056347
[1 22970073 22970073 1] 293573607
[1 21245831 21245831 1] 294942714
[1 26370348 26370348 1] 296793591
[1 20982031 20982031 1] 298135266
[1 9653715 9653715 1] 298426983
[1 18057523 18057523 1] 299499084
[1 18626925 18626925 1] 300665544
[1 3189436 3189436 1] 300364328
[1 15829205 15829205 1] 301228515
[1 22630444 22630444 1] 302951080
[1 24945487 24945487 1] 305071793
[1 26684279 26684279 1] 307124429
[1 6250263 6250263 1] 307116607
[1 14989684 14989684 1] 307939352
[1 21539849 21539849 1] 309356613
[1 1208325 1208325 1] 308869926
[1 11449123 11449123 1] 309343297
[1 7927336 7927336 1] 309484147
[1 3937458 3937458 1] 309245605
[1 24102748 24102748 1] 310932443
[1 25311777 25311777 1] 312701928
[1 3725219 3725219 1] 312451320
[1 19290072 19290072 1] 313684409
[1 15209934 15209934 1] 314507063
[1 10313751 10313751 1] 314870041
[1 2862807 2862807 1] 314535186
[1 5748721 5748721 1] 314468680
[1 9121309 9121309 1] 314712526
[1 1742699 1742699 1] 314275885
[1 7076377 7076377 1] 314330891
[1 1252716 1252716 1] 313847843
[1 2825172 2825172 1] 313510024
[1 25771560 25771560 1] 315316259
[1 17077889 17077889 1] 316304579
[1 2597489 2597489 1] 315948029
[1 22278612 22278612 1] 317415130
[1 24429690 24429690 1] 319077346
[1 24429690 24429690 1] 320762838
[1 1489115 1489115 1] 320302535
[1 15405990 15405990 1] 321139686
[1 2028068 2028068 1] 320729714
[1 25575224 25575224 1] 322516569
[1 332232 332232 1] 321947533
[1 2292123 2292123 1] 321562406
[1 11323876 11323876 1] 322043433
[1 20390180 20390180 1] 323351706
[1 25202255 25202255 1] 325097145
[1 20311132 20311132 1] 326390879
[1 12621730 12621730 1] 326967252
[1 3199182 3199182 1] 326668406
[1 10554604 10554604 1] 327061191
[1 2755591 2755591 1] 326716898
[1 23590182 23590182 1] 328306998
[1 29359416 29359416 1] 330432353
[1 21768826 21768826 1] 331875746
[1 27336328 27336328 1] 333815437
[1 15550552 15550552 1] 334666518
[1 14090033 14090033 1] 335374326
[1 21443182 21443182 1] 336778226
[1 12262755 12262755 1] 337336259
[1 3299709 3299709 1] 337045316
[1 27860000 27860000 1] 339059160
[1 9112298 9112298 1] 339310021
[1 19475777 19475777 1] 340517072
[1 19068978 19068978 1] 341682131
[1 27755423 27755423 1] 343643964
[1 16723383 16723383 1] 344592043
[1 9544267 9544267 1] 344887198
[1 10508861 10508861 1] 345267108
[1 17909212 17909212 1] 346338323
[1 23669087 23669087 1] 347945096
[1 8590931 8590931 1] 348141154
[1 794584 794584 1] 347615583
[1 27149315 27149315 1] 349541229
[1 6473731 6473731 1] 349546372
[1 20037526 20037526 1] 350827720
[1 1538840 1538840 1] 350371805
[1 5897491 5897491 1] 350317984
[1 1101361 1101361 1] 349820914
[1 15138378 15138378 1] 350626433
[1 13080929 13080929 1] 351242998
[1 14826622 14826622 1] 352021662
[1 14248627 14248627 1] 352748364
[1 22634226 22634226 1] 354301387
[1 18792351 18792351 1] 355514320
[1 6220854 6220854 1] 355498563
[1 27149315 27149315 1] 357423132
[1 13712351 13712351 1] 358082899
[1 20009098 20009098 1] 359332313
[1 7689127 7689127 1] 359447437
[1 14522072 14522072 1] 360200074
[1 26533150 26533150 1] 362076762
[1 12999171 12999171 1] 362677193
[1 9228399 9228399 1] 362939564
[1 22836611 22836611 1] 364467408
[1 1928578 1928578 1] 364043067
[1 8498977 8498977 1] 364226951
[1 754553 754553 1] 363697417
[1 11126088 11126088 1] 364133945
[1 23360100 23360100 1] 365740418
[1 16448567 16448567 1] 366665716
[1 6377018 6377018 1] 366659841
[1 14392736 14392736 1] 367420635
[1 26491299 26491299 1] 369292524
[1 6453196 6453196 1] 369289933
[1 6055806 6055806 1] 369295509
[1 14423429 14423429 1] 370058835
[1 19552529 19552529 1] 371300365
[1 24760236 24760236 1] 373008265
[1 24322198 24322198 1] 374670065
[1 9289673 9289673 1] 374938058
[1 28806446 28806446 1] 377038196
[1 12796158 12796158 1] 377634842
[1 2238284 2238284 1] 377242090
[1 7370164 7370164 1] 377328137
[1 3565422 3565422 1] 377060135

Results: 100.00 189067686

Standard Error: 4.92489e+06
Mean Waiting Time: 1.89068e+08
Statistics for REP_PROB_PERCENT: 20

----------------------------------------
Running client with REP_PROB_PERCENT: 40
**********************************
DTU - OS Challenge - Client v0.20
**********************************
Total requests: 500
Start: 1
Difficulty: 30000000
Repetition probability (%): 40
Request delay (us): 600000
Priority disabled

[1 6930887 6930887 1] 635482
[1 4636916 4636916 1] 468238
[1 4238336 4238336 1] 385599
[1 29760493 29760493 1] 2799041
[1 19641422 19641422 1] 4050136
[1 490028 490028 1] 3496255
[1 22520060 22520060 1] 5009272
[1 17513927 17513927 1] 6026649
[1 4238336 4238336 1] 5819160
[1 13455737 13455737 1] 6465669
[1 4238336 4238336 1] 6259906
[1 16956430 16956430 1] 7243959
[1 21021531 21021531 1] 8599946
[1 23665124 23665124 1] 10178958
[1 18703136 18703136 1] 11362428
[1 21021531 21021531 1] 12746937
[1 4238336 4238336 1] 12541460
[1 15898168 15898168 1] 13414952
[1 19018457 19018457 1] 14582426
[1 4238336 4238336 1] 14379693
[1 23665124 23665124 1] 15985906
[1 18703136 18703136 1] 17123489
[1 6898538 6898538 1] 17167740
[1 23594325 23594325 1] 18753359
[1 19018457 19018457 1] 19920052
[1 4636916 4636916 1] 19745638
[1 14268981 14268981 1] 20509169
[1 29241874 29241874 1] 22633267
[1 12999171 12999171 1] 23248468
[1 15497282 15497282 1] 24102229
[1 21021531 21021531 1] 25476794
[1 27336328 27336328 1] 27520977
[1 13455737 13455737 1] 28177974
[1 12621730 12621730 1] 28838749
[1 27336328 27336328 1] 30775934
[1 4238336 4238336 1] 30571752
[1 21100546 21100546 1] 31935725
[1 4238336 4238336 1] 31731731
[1 23665124 23665124 1] 33341176
[1 10313751 10313751 1] 33704626
[1 26426809 26426809 1] 35569601
[1 29947179 29947179 1] 37747040
[1 19393585 19393585 1] 38970487
[1 27336328 27336328 1] 40923473
[1 4612400 4612400 1] 40769761
[1 21021531 21021531 1] 42124113
[1 13993369 13993369 1] 42823334
[1 18703136 18703136 1] 43973017
[1 19393585 19393585 1] 45183909
[1 6297540 6297540 1] 45164473
[1 13480571 13480571 1] 45822889
[1 17513927 17513927 1] 46864599
[1 2066602 2066602 1] 46458157
[1 27612903 27612903 1] 48437653
[1 19018457 19018457 1] 49605380
[1 260757 260757 1] 49028953
[1 4238336 4238336 1] 48817989
[1 23209442 23209442 1] 50384092
[1 24429690 24429690 1] 52072364
[1 27346620 27346620 1] 54032935
[1 13455737 13455737 1] 54681596
[1 23665124 23665124 1] 56305546
[1 27905772 27905772 1] 58303178
[1 12890676 12890676 1] 58921697
[1 18703136 18703136 1] 60061227
[1 18777857 18777857 1] 61214869
[1 14872354 14872354 1] 61994224
[1 12276966 12276966 1] 62547652
[1 16956430 16956430 1] 63540959
[1 4612400 4612400 1] 63374070
[1 27336328 27336328 1] 65331055
[1 4612400 4612400 1] 65157530
[1 16956430 16956430 1] 66140446
[1 13363369 13363369 1] 66781881
[1 27346620 27346620 1] 68715344
[1 19018457 19018457 1] 69895301
[1 19700724 19700724 1] 71133808
[1 14268981 14268981 1] 71875051
[1 19493452 19493452 1] 73090761
[1 19493452 19493452 1] 74301267
[1 2597489 2597489 1] 73941188
[1 8888229 8888229 1] 74164556
[1 18792351 18792351 1] 75322416
[1 29441501 29441501 1] 77494773
[1 4238336 4238336 1] 77293102
[1 19493452 19493452 1] 78501894
[1 2275857 2275857 1] 78114094
[1 27346492 27346492 1] 80062124
[1 23665124 23665124 1] 81678485
[1 20281937 20281937 1] 82975582
[1 16956430 16956430 1] 83963787
[1 29241874 29241874 1] 86120529
[1 3975408 3975408 1] 85894848
[1 6276122 6276122 1] 85881514
[1 794396 794396 1] 85355106
[1 13455737 13455737 1] 86008671
[1 4636916 4636916 1] 85840510
[1 18703136 18703136 1] 86972875
[1 7231012 7231012 1] 87062912
[1 16956430 16956430 1] 88054909
[1 7322405 7322405 1] 88139245
[1 12255764 12255764 1] 88690205
[1 18703136 18703136 1] 89827890
[1 19641422 19641422 1] 91060306
[1 4238336 4238336 1] 90853939
[1 19018457 19018457 1] 92023431
[1 12067918 12067918 1] 92569572
[1 16956430 16956430 1] 93560690
[1 10313751 10313751 1] 93916891
[1 9512184 9512184 1] 94206814
[1 18295500 18295500 1] 95310757
[1 16206726 16206726 1] 96224289
[1 2755591 2755591 1] 95880571
[1 4612400 4612400 1] 95711576
[1 12469787 12469787 1] 96295913
[1 8338083 8338083 1] 96478714
[1 20388465 20388465 1] 97790682
[1 6939508 6939508 1] 97837647
[1 25228805 25228805 1] 99590516
[1 22278612 22278612 1] 101061681
[1 10313751 10313751 1] 101421150
[1 24887344 24887344 1] 103161184
[1 2035569 2035569 1] 102750526
[1 23665124 23665124 1] 104362889
[1 6898538 6898538 1] 104413938
[1 17513927 17513927 1] 105461774
[1 6473731 6473731 1] 105467671
[1 26811306 26811306 1] 107354945
[1 2755591 2755591 1] 107008687
[1 14248627 14248627 1] 107727854
[1 21021531 21021531 1] 109131122
[1 19393585 19393585 1] 110339811
[1 8213259 8213259 1] 110501588
[1 2755591 2755591 1] 110159635
[1 21305625 21305625 1] 111530687
[1 18703136 18703136 1] 112649838
[1 13911900 13911900 1] 113350073
[1 20145551 20145551 1] 114624719
[1 19290072 19290072 1] 115829169
[1 17487132 17487132 1] 116857733
[1 7684931 7684931 1] 116973934
[1 27905772 27905772 1] 118991198
[1 7370164 7370164 1] 119094768
[1 23387982 23387982 1] 120686905
[1 1252997 1252997 1] 120204410
[1 2713774 2713774 1] 119863119
[1 6473731 6473731 1] 119870125
[1 17681096 17681096 1] 120940288
[1 794396 794396 1] 120414361
[1 6911341 6911341 1] 120466765
[1 23327685 23327685 1] 122043698
[1 16855543 16855543 1] 123005028
[1 29760493 29760493 1] 125236996
[1 18219757 18219757 1] 126343084
[1 7418419 7418419 1] 126431812
[1 23089413 23089413 1] 127991874
[1 25032173 25032173 1] 129716547
[1 29262010 29262010 1] 131873925
[1 7418419 7418419 1] 131969492
[1 7467588 7467588 1] 132070824
[1 12255764 12255764 1] 132615579
[1 6473731 6473731 1] 132617938
[1 4636916 4636916 1] 132443649
[1 7370164 7370164 1] 132527900
[1 13455737 13455737 1] 133173852
[1 16855543 16855543 1] 134142961
[1 27612903 27612903 1] 136106524
[1 27346620 27346620 1] 138068601
[1 18703136 18703136 1] 139224995
[1 15996659 15996659 1] 140111528
[1 27336328 27336328 1] 142055814
[1 19393585 19393585 1] 143255916
[1 19054082 19054082 1] 144433452
[1 16956430 16956430 1] 145403047
[1 26811973 26811973 1] 147285524
[1 73851 73851 1] 146692148
[1 15996659 15996659 1] 147582024
[1 2755591 2755591 1] 147236667
[1 7231012 7231012 1] 147318940
[1 26340714 26340714 1] 149186427
[1 15256191 15256191 1] 150020465
[1 23327685 23327685 1] 151621558
[1 8888229 8888229 1] 151859031
[1 7370164 7370164 1] 151951663
[1 27346620 27346620 1] 153914560
[1 22218005 22218005 1] 155386411
[1 11614770 11614770 1] 155862317
[1 12981777 12981777 1] 156471565
[1 6247256 6247256 1] 156457869
[1 18348143 18348143 1] 157566145
[1 4445885 4445885 1] 157378854
[1 20223206 20223206 1] 158653531
[1 19493452 19493452 1] 159846362
[1 4238336 4238336 1] 159637327
[1 12262755 12262755 1] 160220404
[1 16956430 16956430 1] 161283540
[1 12828203 12828203 1] 161888789
[1 4636916 4636916 1] 161721726
[1 26902022 26902022 1] 163632752
[1 20390869 20390869 1] 164996249
[1 18348143 18348143 1] 166122051
[1 27949909 27949909 1] 168134525
[1 27210499 27210499 1] 170068050
[1 7231012 7231012 1] 170140391
[1 4686249 4686249 1] 169978481
[1 19290072 19290072 1] 171176672
[1 21021531 21021531 1] 172545352
[1 11999755 11999755 1] 173076844
[1 2251747 2251747 1] 172687816
[1 4319530 4319530 1] 172493025
[1 4636916 4636916 1] 172329921
[1 24549798 24549798 1] 174033889
[1 26086991 26086991 1] 175879523
[1 2713774 2713774 1] 175533731
[1 18012498 18012498 1] 176615010
[1 21294893 21294893 1] 178007856
[1 25519126 25519126 1] 179798492
[1 24613997 24613997 1] 181490030
[1 25209189 25209189 1] 183226192
[1 8703730 8703730 1] 183444188
[1 15256191 15256191 1] 184260463
[1 16956430 16956430 1] 185252321
[1 2026305 2026305 1] 184839118
[1 8338083 8338083 1] 185020910
[1 2266749 2266749 1] 184633102
[1 1308903 1308903 1] 184155601
[1 10697698 10697698 1] 184548238
[1 23571044 23571044 1] 186148923
[1 4238336 4238336 1] 185945426
[1 19393585 19393585 1] 187155355
[1 24887344 24887344 1] 188882019
[1 9908539 9908539 1] 189207148
[1 12895152 12895152 1] 189812699
[1 26086991 26086991 1] 191636689
[1 6473731 6473731 1] 191638604
[1 2755591 2755591 1] 191293944
[1 18703136 18703136 1] 192447887
[1 15590965 15590965 1] 193300097
[1 10636430 10636430 1] 193732934
[1 2576336 2576336 1] 193374827
[1 9202901 9202901 1] 193629179
[1 29241874 29241874 1] 195748498
[1 12260290 12260290 1] 196297799
[1 21717989 21717989 1] 197719291
[1 11585796 11585796 1] 198278046
[1 13053145 13053145 1] 198920361
[1 6898538 6898538 1] 198967300
[1 12655341 12655341 1] 199552398
[1 10000570 10000570 1] 199938408
[1 18703136 18703136 1] 201087054
[1 10956043 10956043 1] 201510626
[1 20409118 20409118 1] 202816752
[1 6911341 6911341 1] 202865061
[1 5526310 5526310 1] 202780819
[1 22495426 22495426 1] 204275467
[1 9806368 9806368 1] 204598018
[1 24504235 24504235 1] 206294965
[1 16631627 16631627 1] 207248869
[1 13053145 13053145 1] 207867166
[1 4238336 4238336 1] 207664441
[1 23665124 23665124 1] 209279600
[1 21021531 21021531 1] 210651437
[1 24429690 24429690 1] 212342464
[1 21021531 21021531 1] 213695646
[1 2597489 2597489 1] 213336274
[1 7893530 7893530 1] 213472726
[1 28532291 28532291 1] 215561188
[1 27756971 27756971 1] 217568006
[1 16819081 16819081 1] 218548011
[1 21021531 21021531 1] 219941676
[1 6418628 6418628 1] 219942972
[1 27336328 27336328 1] 221899253
[1 29441501 29441501 1] 224047237
[1 4319530 4319530 1] 223849482
[1 6939508 6939508 1] 223896474
[1 12262755 12262755 1] 224447702
[1 14152275 14152275 1] 225173510
[1 16047642 16047642 1] 226073490
[1 17681096 17681096 1] 227121075
[1 17077889 17077889 1] 228113390
[1 27612903 27612903 1] 230126113
[1 11027285 11027285 1] 230554362
[1 5790418 5790418 1] 230491508
[1 17077889 17077889 1] 231477588
[1 7100238 7100238 1] 231539864
[1 15996659 15996659 1] 232444144
[1 4238336 4238336 1] 232241159
[1 21990784 21990784 1] 233725330
[1 3228459 3228459 1] 233427984
[1 3967638 3967638 1] 233199564
[1 26620484 26620484 1] 235075777
[1 27949909 27949909 1] 237065151
[1 27149315 27149315 1] 238995418
[1 12645730 12645730 1] 239570149
[1 23665124 23665124 1] 241170773
[1 18219757 18219757 1] 242254867
[1 21021531 21021531 1] 243618331
[1 23631234 23631234 1] 245225914
[1 25933682 25933682 1] 247032893
[1 13160359 13160359 1] 247645338
[1 29110700 29110700 1] 249763291
[1 4612400 4612400 1] 249598085
[1 20668364 20668364 1] 250930144
[1 6898538 6898538 1] 250977431
[1 23319848 23319848 1] 252557475
[1 4238336 4238336 1] 252355516
[1 12539391 12539391 1] 252938401
[1 25745792 25745792 1] 254756572
[1 7355116 7355116 1] 254833837
[1 2755591 2755591 1] 254488729
[1 20631492 20631492 1] 255789362
[1 4462952 4462952 1] 255602650
[1 23665124 23665124 1] 257208916
[1 18703136 18703136 1] 258343836
[1 3614031 3614031 1] 258082960
[1 5035326 5035326 1] 257955510
[1 24187517 24187517 1] 259628380
[1 21305625 21305625 1] 261012428
[1 17077889 17077889 1] 262012251
[1 3785405 3785405 1] 261763155
[1 15256191 15256191 1] 262593086
[1 2026305 2026305 1] 262183402
[1 15539863 15539863 1] 263054358
[1 4612400 4612400 1] 262911020
[1 22692686 22692686 1] 264446712
[1 17077889 17077889 1] 265453029
[1 5433484 5433484 1] 265357722
[1 27149315 27149315 1] 267304622
[1 15889745 15889745 1] 268210286
[1 18469912 18469912 1] 269346892
[1 27612903 27612903 1] 271313372
[1 19290072 19290072 1] 272490184
[1 16047642 16047642 1] 273378253
[1 12740050 12740050 1] 273973633
[1 6588712 6588712 1] 273989086
[1 4238336 4238336 1] 273783309
[1 16077376 16077376 1] 274687389
[1 29593615 29593615 1] 276856318
[1 9343769 9343769 1] 277123538
[1 19544919 19544919 1] 278341321
[1 6898538 6898538 1] 278380240
[1 13455737 13455737 1] 279024278
[1 8888229 8888229 1] 279254645
[1 14311575 14311575 1] 279992620
[1 14248627 14248627 1] 280729179
[1 13550254 13550254 1] 281394863
[1 8803075 8803075 1] 281609135
[1 2755591 2755591 1] 281264132
[1 15138378 15138378 1] 282067975
[1 24415776 24415776 1] 283745184
[1 12032920 12032920 1] 284272892
[1 4612400 4612400 1] 284104959
[1 16011018 16011018 1] 285005942
[1 24760236 24760236 1] 286726717
[1 2755591 2755591 1] 286384822
[1 22423944 22423944 1] 287897915
[1 4666329 4666329 1] 287726033
[1 4238336 4238336 1] 287523436
[1 4238336 4238336 1] 287320749
[1 13550254 13550254 1] 287989857
[1 2575056 2575056 1] 287631429
[1 2963859 2963859 1] 287308997
[1 4636916 4636916 1] 287135836
[1 20372662 20372662 1] 288421649
[1 23631234 23631234 1] 290029994
[1 10613074 10613074 1] 290425205
[1 8338083 8338083 1] 290606289
[1 12276966 12276966 1] 291152044
[1 12336504 12336504 1] 291719128
[1 29639007 29639007 1] 293881284
[1 5414640 5414640 1] 293781616
[1 7721121 7721121 1] 293913320
[1 24880227 24880227 1] 295653959
[1 10387678 10387678 1] 296027729
[1 27963982 27963982 1] 298035244
[1 14887561 14887561 1] 298829150
[1 17487132 17487132 1] 299877785
[1 24433519 24433519 1] 301571599
[1 23665124 23665124 1] 303193719
[1 18295500 18295500 1] 304304203
[1 24627322 24627322 1] 306002781
[1 22994985 22994985 1] 307530163
[1 23794428 23794428 1] 309146750
[1 19018457 19018457 1] 310319394
[1 22970073 22970073 1] 311844473
[1 21245831 21245831 1] 313209289
[1 26370348 26370348 1] 315062319
[1 20982031 20982031 1] 316421342
[1 9653715 9653715 1] 316717755
[1 18057523 18057523 1] 317799769
[1 18626925 18626925 1] 318930097
[1 3189436 3189436 1] 318625550
[1 21021531 21021531 1] 319983768
[1 22630444 22630444 1] 321489591
[1 24945487 24945487 1] 323205105
[1 16956430 16956430 1] 324179355
[1 6250263 6250263 1] 324162215
[1 14989684 14989684 1] 324956732
[1 21539849 21539849 1] 326364131
[1 7418419 7418419 1] 326453987
[1 11449123 11449123 1] 326924706
[1 7927336 7927336 1] 327061451
[1 23089413 23089413 1] 328620636
[1 24102748 24102748 1] 330277652
[1 25311777 25311777 1] 332048617
[1 3725219 3725219 1] 331792985
[1 19290072 19290072 1] 333006976
[1 15209934 15209934 1] 333841101
[1 10313751 10313751 1] 334197648
[1 18703136 18703136 1] 335335251
[1 5748721 5748721 1] 335269036
[1 9121309 9121309 1] 335515117
[1 18295500 18295500 1] 336614198
[1 7076377 7076377 1] 336769567
[1 1252716 1252716 1] 336288228
[1 2825172 2825172 1] 335953135
[1 25771560 25771560 1] 337750770
[1 17077889 17077889 1] 338756187
[1 2597489 2597489 1] 338399505
[1 22278612 22278612 1] 339870708
[1 24429690 24429690 1] 341552284
[1 24429690 24429690 1] 343342378
[1 1489115 1489115 1] 342905390
[1 27612903 27612903 1] 344944870
[1 22423944 22423944 1] 346442567
[1 25575224 25575224 1] 348220740
[1 332232 332232 1] 347651686
[1 29639007 29639007 1] 349826064
[1 11323876 11323876 1] 350274707
[1 20390180 20390180 1] 351582880
[1 25202255 25202255 1] 353310692
[1 20311132 20311132 1] 354609611
[1 12621730 12621730 1] 355188424
[1 3199182 3199182 1] 354889600
[1 10554604 10554604 1] 355346679
[1 2755591 2755591 1] 355004778
[1 23590182 23590182 1] 356611171
[1 29359416 29359416 1] 358902928
[1 21768826 21768826 1] 360358667
[1 27336328 27336328 1] 362306054
[1 15550552 15550552 1] 363178935
[1 14090033 14090033 1] 363891629
[1 23387982 23387982 1] 365472007
[1 12262755 12262755 1] 366011273
[1 3299709 3299709 1] 365716457
[1 27860000 27860000 1] 367717597
[1 9112298 9112298 1] 367961699
[1 19475777 19475777 1] 369217942
[1 19068978 19068978 1] 370422540
[1 23665124 23665124 1] 372060575
[1 16047642 16047642 1] 372964638
[1 19054082 19054082 1] 374226191
[1 10508861 10508861 1] 374610755
[1 17909212 17909212 1] 375696258
[1 23669087 23669087 1] 377426372
[1 8590931 8590931 1] 377633698
[1 794584 794584 1] 377107886
[1 27149315 27149315 1] 379055795
[1 6473731 6473731 1] 379065017
[1 20037526 20037526 1] 380339797
[1 22278612 22278612 1] 381827693
[1 21305625 21305625 1] 383220788
[1 21021531 21021531 1] 384586216
[1 15138378 15138378 1] 385392249
[1 18703136 18703136 1] 386530443
[1 14826622 14826622 1] 387307614
[1 14248627 14248627 1] 388032032
[1 22634226 22634226 1] 389536369
[1 18792351 18792351 1] 390680496
[1 2755591 2755591 1] 390337109
[1 27149315 27149315 1] 392264021
[1 13712351 13712351 1] 392940216
[1 20009098 20009098 1] 394203143
[1 6588712 6588712 1] 394220289
[1 14522072 14522072 1] 394978736
[1 26533150 26533150 1] 396853334
[1 12999171 12999171 1] 397460985
[1 15256191 15256191 1] 398317251
[1 22836611 22836611 1] 399844863
[1 1928578 1928578 1] 399425254
[1 8498977 8498977 1] 399619884
[1 754553 754553 1] 399090387
[1 4238336 4238336 1] 398887467
[1 23360100 23360100 1] 400483334
[1 16448567 16448567 1] 401417733
[1 6377018 6377018 1] 401408494
[1 14392736 14392736 1] 402138818
[1 26491299 26491299 1] 403989756
[1 6453196 6453196 1] 404020753
[1 6055806 6055806 1] 403996504
[1 14423429 14423429 1] 404762111
[1 19552529 19552529 1] 405994479
[1 24760236 24760236 1] 407692206
[1 24322198 24322198 1] 409366628
[1 9289673 9289673 1] 409628519
[1 28806446 28806446 1] 411701554
[1 2755591 2755591 1] 411359975
[1 2238284 2238284 1] 410969229
[1 7370164 7370164 1] 411059832
[1 3565422 3565422 1] 410789225

Results: 100.00 205802249

Standard Error: 5.24541e+06
Mean Waiting Time: 2.05802e+08
Statistics for REP_PROB_PERCENT: 40

----------------------------------------
Running client with REP_PROB_PERCENT: 60
**********************************
DTU - OS Challenge - Client v0.20
**********************************
Total requests: 500
Start: 1
Difficulty: 30000000
Repetition probability (%): 60
Request delay (us): 600000
Priority disabled

[1 6930887 6930887 1] 640081
[1 4636916 4636916 1] 470169
[1 4238336 4238336 1] 391309
[1 29760493 29760493 1] 2789152
[1 4636916 4636916 1] 2628802
[1 490028 490028 1] 2074856
[1 22520060 22520060 1] 3579587
[1 17513927 17513927 1] 4583345
[1 4238336 4238336 1] 4370708
[1 13455737 13455737 1] 5019764
[1 4238336 4238336 1] 4808304
[1 16956430 16956430 1] 5825098
[1 21021531 21021531 1] 7450632
[1 23665124 23665124 1] 9367183
[1 18703136 18703136 1] 10703683
[1 21021531 21021531 1] 12222190
[1 4238336 4238336 1] 12059273
[1 15898168 15898168 1] 13034464
[1 19018457 19018457 1] 14275613
[1 4238336 4238336 1] 14089634
[1 23665124 23665124 1] 15726854
[1 18703136 18703136 1] 16913079
[1 6898538 6898538 1] 16970946
[1 23594325 23594325 1] 18710031
[1 19018457 19018457 1] 19889962
[1 4636916 4636916 1] 19719768
[1 14268981 14268981 1] 20451869
[1 6930887 6930887 1] 20503911
[1 12999171 12999171 1] 21088161
[1 15497282 15497282 1] 21908840
[1 21021531 21021531 1] 23254116
[1 27336328 27336328 1] 25213567
[1 13455737 13455737 1] 25900669
[1 19018457 19018457 1] 27087329
[1 27336328 27336328 1] 29018070
[1 4238336 4238336 1] 28805849
[1 21100546 21100546 1] 30193787
[1 4238336 4238336 1] 29994840
[1 23665124 23665124 1] 31622504
[1 18703136 18703136 1] 32775945
[1 26426809 26426809 1] 34649182
[1 29947179 29947179 1] 36835086
[1 19393585 19393585 1] 38031083
[1 27336328 27336328 1] 39986032
[1 17513927 17513927 1] 41035501
[1 21021531 21021531 1] 42405778
[1 13993369 13993369 1] 43115984
[1 18703136 18703136 1] 44266274
[1 19393585 19393585 1] 45487358
[1 6297540 6297540 1] 45478576
[1 13480571 13480571 1] 46137622
[1 17513927 17513927 1] 47173023
[1 2066602 2066602 1] 46766077
[1 27612903 27612903 1] 48753796
[1 19018457 19018457 1] 49928977
[1 4636916 4636916 1] 49761070
[1 4238336 4238336 1] 49555045
[1 23209442 23209442 1] 51116915
[1 24429690 24429690 1] 52792885
[1 27612903 27612903 1] 54796141
[1 13455737 13455737 1] 55460840
[1 23665124 23665124 1] 57073420
[1 27905772 27905772 1] 59104474
[1 12890676 12890676 1] 59720542
[1 18703136 18703136 1] 60893173
[1 18777857 18777857 1] 62049242
[1 14872354 14872354 1] 62818235
[1 12276966 12276966 1] 63364256
[1 16956430 16956430 1] 64362802
[1 17513927 17513927 1] 65411270
[1 27336328 27336328 1] 67365440
[1 17513927 17513927 1] 68396223
[1 16956430 16956430 1] 69383858
[1 13363369 13363369 1] 70036233
[1 27612903 27612903 1] 72009475
[1 19018457 19018457 1] 73185737
[1 19700724 19700724 1] 74423893
[1 14268981 14268981 1] 75142331
[1 19018457 19018457 1] 76336917
[1 19018457 19018457 1] 77511431
[1 2597489 2597489 1] 77152164
[1 8888229 8888229 1] 77387460
[1 19018457 19018457 1] 78570930
[1 29441501 29441501 1] 80732656
[1 4238336 4238336 1] 80527154
[1 19018457 19018457 1] 81699929
[1 2275857 2275857 1] 81313162
[1 21021531 21021531 1] 82682760
[1 23665124 23665124 1] 84302694
[1 18703136 18703136 1] 85440235
[1 16956430 16956430 1] 86427576
[1 6930887 6930887 1] 86477414
[1 3975408 3975408 1] 86249934
[1 6276122 6276122 1] 86238676
[1 21021531 21021531 1] 87591092
[1 13455737 13455737 1] 88257258
[1 4636916 4636916 1] 88095111
[1 18703136 18703136 1] 89247352
[1 21021531 21021531 1] 90647156
[1 16956430 16956430 1] 91646283
[1 7322405 7322405 1] 91729221
[1 26426809 26426809 1] 93592769
[1 18703136 18703136 1] 94746761
[1 4636916 4636916 1] 94583866
[1 4238336 4238336 1] 94382991
[1 19018457 19018457 1] 95568212
[1 12067918 12067918 1] 96101688
[1 16956430 16956430 1] 97097180
[1 18703136 18703136 1] 98254449
[1 9512184 9512184 1] 98547569
[1 18295500 18295500 1] 99690197
[1 16206726 16206726 1] 100625846
[1 22520060 22520060 1] 102147139
[1 17513927 17513927 1] 103192874
[1 19700724 19700724 1] 104519322
[1 8338083 8338083 1] 104695231
[1 6930887 6930887 1] 104745312
[1 6939508 6939508 1] 104797200
[1 27905772 27905772 1] 106810562
[1 19018457 19018457 1] 107983150
[1 18703136 18703136 1] 109144589
[1 24887344 24887344 1] 110882467
[1 21100546 21100546 1] 112245722
[1 23665124 23665124 1] 113858094
[1 6898538 6898538 1] 113895871
[1 17513927 17513927 1] 114918444
[1 6473731 6473731 1] 114923314
[1 26811306 26811306 1] 116834521
[1 22520060 22520060 1] 118352748
[1 19018457 19018457 1] 119543141
[1 21021531 21021531 1] 120905536
[1 19393585 19393585 1] 122117642
[1 8213259 8213259 1] 122273320
[1 22520060 22520060 1] 123784413
[1 21305625 21305625 1] 125166181
[1 18703136 18703136 1] 126327440
[1 4238336 4238336 1] 126125457
[1 20145551 20145551 1] 127408310
[1 19290072 19290072 1] 128595261
[1 17487132 17487132 1] 129622980
[1 7684931 7684931 1] 129741810
[1 27905772 27905772 1] 131772258
[1 18703136 18703136 1] 132909050
[1 23387982 23387982 1] 134484537
[1 1252997 1252997 1] 134000497
[1 4636916 4636916 1] 133830759
[1 6473731 6473731 1] 133834067
[1 17681096 17681096 1] 134872802
[1 21021531 21021531 1] 136235471
[1 6911341 6911341 1] 136313089
[1 23327685 23327685 1] 137930188
[1 16855543 16855543 1] 138930384
[1 29760493 29760493 1] 141205907
[1 21021531 21021531 1] 142611531
[1 7418419 7418419 1] 142708288
[1 23089413 23089413 1] 144357518
[1 19700724 19700724 1] 145616689
[1 6939508 6939508 1] 145664959
[1 7418419 7418419 1] 145761701
[1 2275857 2275857 1] 145375145
[1 26426809 26426809 1] 147255567
[1 6473731 6473731 1] 147263484
[1 4636916 4636916 1] 147098469
[1 18703136 18703136 1] 148255655
[1 13455737 13455737 1] 148917267
[1 16855543 16855543 1] 149889915
[1 27612903 27612903 1] 151866104
[1 27612903 27612903 1] 153853872
[1 18703136 18703136 1] 154991076
[1 15996659 15996659 1] 155880801
[1 27336328 27336328 1] 157830515
[1 19393585 19393585 1] 159030505
[1 19054082 19054082 1] 160205443
[1 16956430 16956430 1] 161192302
[1 26811973 26811973 1] 163105312
[1 73851 73851 1] 162512153
[1 15996659 15996659 1] 163429126
[1 22520060 22520060 1] 164922208
[1 21021531 21021531 1] 166277627
[1 26340714 26340714 1] 168156387
[1 15256191 15256191 1] 169005938
[1 23327685 23327685 1] 170597648
[1 8888229 8888229 1] 170830508
[1 18703136 18703136 1] 171984236
[1 27612903 27612903 1] 173958552
[1 22218005 22218005 1] 175480964
[1 11614770 11614770 1] 175964354
[1 12981777 12981777 1] 176580172
[1 23089413 23089413 1] 178143082
[1 26426809 26426809 1] 180019391
[1 4445885 4445885 1] 179835162
[1 20223206 20223206 1] 181119400
[1 19018457 19018457 1] 182304411
[1 4238336 4238336 1] 182100265
[1 12262755 12262755 1] 182648691
[1 16956430 16956430 1] 183631527
[1 22520060 22520060 1] 185128666
[1 4636916 4636916 1] 184960081
[1 26902022 26902022 1] 187004543
[1 26426809 26426809 1] 189187909
[1 26426809 26426809 1] 191123020
[1 27949909 27949909 1] 193350688
[1 6473731 6473731 1] 193483754
[1 21021531 21021531 1] 195004326
[1 7684931 7684931 1] 195138022
[1 19290072 19290072 1] 196312366
[1 21021531 21021531 1] 197778487
[1 11999755 11999755 1] 198358857
[1 2251747 2251747 1] 198023259
[1 4319530 4319530 1] 197842863
[1 4636916 4636916 1] 197676867
[1 24549798 24549798 1] 199389340
[1 7418419 7418419 1] 199488914
[1 4636916 4636916 1] 199324888
[1 18012498 18012498 1] 200410889
[1 8213259 8213259 1] 200589089
[1 25519126 25519126 1] 202343514
[1 27612903 27612903 1] 204312818
[1 25209189 25209189 1] 206089372
[1 19700724 19700724 1] 207342785
[1 15256191 15256191 1] 208161639
[1 16956430 16956430 1] 209141458
[1 29760493 29760493 1] 211295473
[1 8338083 8338083 1] 211473727
[1 19700724 19700724 1] 212757720
[1 29760493 29760493 1] 214959380
[1 10697698 10697698 1] 215359153
[1 23571044 23571044 1] 216978472
[1 4238336 4238336 1] 216773170
[1 19393585 19393585 1] 217995043
[1 24887344 24887344 1] 219736087
[1 29760493 29760493 1] 221925680
[1 26811306 26811306 1] 223832974
[1 7418419 7418419 1] 223913811
[1 6473731 6473731 1] 223918789
[1 22520060 22520060 1] 225445866
[1 18703136 18703136 1] 226599477
[1 22520060 22520060 1] 228104319
[1 10636430 10636430 1] 228500979
[1 27905772 27905772 1] 230510375
[1 9202901 9202901 1] 230768336
[1 6930887 6930887 1] 230811259
[1 19018457 19018457 1] 231983101
[1 21717989 21717989 1] 233425005
[1 11585796 11585796 1] 233913658
[1 2275857 2275857 1] 233526773
[1 6898538 6898538 1] 233577187
[1 12655341 12655341 1] 234171544
[1 19018457 19018457 1] 235366935
[1 18703136 18703136 1] 236521567
[1 10956043 10956043 1] 236954683
[1 18703136 18703136 1] 238140624
[1 6911341 6911341 1] 238202982
[1 5526310 5526310 1] 238121626
[1 22495426 22495426 1] 239635844
[1 9806368 9806368 1] 239993166
[1 24504235 24504235 1] 241695290
[1 16631627 16631627 1] 242663510
[1 2275857 2275857 1] 242277108
[1 4238336 4238336 1] 242075567
[1 23665124 23665124 1] 243683233
[1 21021531 21021531 1] 245044456
[1 24429690 24429690 1] 246711367
[1 21021531 21021531 1] 248084653
[1 2597489 2597489 1] 247729237
[1 7893530 7893530 1] 247901616
[1 26426809 26426809 1] 249751130
[1 13363369 13363369 1] 250417419
[1 7418419 7418419 1] 250517425
[1 21021531 21021531 1] 251900700
[1 27612903 27612903 1] 253889138
[1 27336328 27336328 1] 255829407
[1 29441501 29441501 1] 257975427
[1 4319530 4319530 1] 257774562
[1 6939508 6939508 1] 257824600
[1 12262755 12262755 1] 258373728
[1 14152275 14152275 1] 259090643
[1 6898538 6898538 1] 259140646
[1 17681096 17681096 1] 260199008
[1 17077889 17077889 1] 261188417
[1 27612903 27612903 1] 263139872
[1 11027285 11027285 1] 263566605
[1 21021531 21021531 1] 264920103
[1 17077889 17077889 1] 265912069
[1 22520060 22520060 1] 267418372
[1 15996659 15996659 1] 268312454
[1 4238336 4238336 1] 268106987
[1 19018457 19018457 1] 269293601
[1 3228459 3228459 1] 268995876
[1 3967638 3967638 1] 268769032
[1 26620484 26620484 1] 270655633
[1 27949909 27949909 1] 272679299
[1 16956430 16956430 1] 273659046
[1 12645730 12645730 1] 274240037
[1 23665124 23665124 1] 275862039
[1 21021531 21021531 1] 277225232
[1 21021531 21021531 1] 278580188
[1 23631234 23631234 1] 280183350
[1 8338083 8338083 1] 280358906
[1 13160359 13160359 1] 280987730
[1 29110700 29110700 1] 283080749
[1 17513927 17513927 1] 284101377
[1 20668364 20668364 1] 285450371
[1 6898538 6898538 1] 285495541
[1 23319848 23319848 1] 287074096
[1 4238336 4238336 1] 286868800
[1 12539391 12539391 1] 287437089
[1 25745792 25745792 1] 289287631
[1 12981777 12981777 1] 289899208
[1 22520060 22520060 1] 291400047
[1 20631492 20631492 1] 292708979
[1 27336328 27336328 1] 294665091
[1 23665124 23665124 1] 296278561
[1 18703136 18703136 1] 297424520
[1 19393585 19393585 1] 298642622
[1 5035326 5035326 1] 298516200
[1 24187517 24187517 1] 300180073
[1 21305625 21305625 1] 301566913
[1 17077889 17077889 1] 302565174
[1 3785405 3785405 1] 302320775
[1 15256191 15256191 1] 303147550
[1 29760493 29760493 1] 305339211
[1 15539863 15539863 1] 306187822
[1 17513927 17513927 1] 307199088
[1 22692686 22692686 1] 308724965
[1 17077889 17077889 1] 309718492
[1 5433484 5433484 1] 309628955
[1 16956430 16956430 1] 310628467
[1 19393585 19393585 1] 311889455
[1 18469912 18469912 1] 313025590
[1 27612903 27612903 1] 314998587
[1 19290072 19290072 1] 316194632
[1 6898538 6898538 1] 316243562
[1 12740050 12740050 1] 316850745
[1 18777857 18777857 1] 318003720
[1 4238336 4238336 1] 317794563
[1 16077376 16077376 1] 318690741
[1 4238336 4238336 1] 318486130
[1 9343769 9343769 1] 318752308
[1 19544919 19544919 1] 319977473
[1 6898538 6898538 1] 320018513
[1 13455737 13455737 1] 320667226
[1 8888229 8888229 1] 320917732
[1 14311575 14311575 1] 321669138
[1 19018457 19018457 1] 322834993
[1 13550254 13550254 1] 323516269
[1 19018457 19018457 1] 324783806
[1 22520060 22520060 1] 326331302
[1 15138378 15138378 1] 327143467
[1 24415776 24415776 1] 328918107
[1 12032920 12032920 1] 329453472
[1 17513927 17513927 1] 330479220
[1 16011018 16011018 1] 331370930
[1 3228459 3228459 1] 331073928
[1 22520060 22520060 1] 332576962
[1 21021531 21021531 1] 333931296
[1 4666329 4666329 1] 333766389
[1 4238336 4238336 1] 333561654
[1 4238336 4238336 1] 333359970
[1 13550254 13550254 1] 334060643
[1 2575056 2575056 1] 333699973
[1 2963859 2963859 1] 333374318
[1 4636916 4636916 1] 333207554
[1 20372662 20372662 1] 334503142
[1 23631234 23631234 1] 336118995
[1 10613074 10613074 1] 336509258
[1 8338083 8338083 1] 336704971
[1 12276966 12276966 1] 337267780
[1 12336504 12336504 1] 337824069
[1 29639007 29639007 1] 339998192
[1 5414640 5414640 1] 339906469
[1 27949909 27949909 1] 341911946
[1 24880227 24880227 1] 343632493
[1 10387678 10387678 1] 343995484
[1 27963982 27963982 1] 345991610
[1 14887561 14887561 1] 346786003
[1 17487132 17487132 1] 347813943
[1 24433519 24433519 1] 349497105
[1 23665124 23665124 1] 351099481
[1 18295500 18295500 1] 352208116
[1 24627322 24627322 1] 353914691
[1 22994985 22994985 1] 355449326
[1 23794428 23794428 1] 357102593
[1 19018457 19018457 1] 358289384
[1 22970073 22970073 1] 359830419
[1 21245831 21245831 1] 361224670
[1 26370348 26370348 1] 363087972
[1 19393585 19393585 1] 364302463
[1 9653715 9653715 1] 364606842
[1 11614770 11614770 1] 365098071
[1 27963982 27963982 1] 367116536
[1 3189436 3189436 1] 366817102
[1 21021531 21021531 1] 368182206
[1 29760493 29760493 1] 370358544
[1 24945487 24945487 1] 372113191
[1 16956430 16956430 1] 373100570
[1 24887344 24887344 1] 374826800
[1 14989684 14989684 1] 375634886
[1 4238336 4238336 1] 375423160
[1 7418419 7418419 1] 375504783
[1 11449123 11449123 1] 375951457
[1 14152275 14152275 1] 376638525
[1 23089413 23089413 1] 378150005
[1 24102748 24102748 1] 379772945
[1 25311777 25311777 1] 381530678
[1 3725219 3725219 1] 381277307
[1 19290072 19290072 1] 382476787
[1 18703136 18703136 1] 383629960
[1 18703136 18703136 1] 384797473
[1 18703136 18703136 1] 385944836
[1 5748721 5748721 1] 385878141
[1 9121309 9121309 1] 386125622
[1 18295500 18295500 1] 387237950
[1 7076377 7076377 1] 387300557
[1 1252716 1252716 1] 386818087
[1 9121309 9121309 1] 387075830
[1 25771560 25771560 1] 388876082
[1 17077889 17077889 1] 389856002
[1 2597489 2597489 1] 389496070
[1 19018457 19018457 1] 390671246
[1 24429690 24429690 1] 392342843
[1 24429690 24429690 1] 394054640
[1 1489115 1489115 1] 393594434
[1 27612903 27612903 1] 395560053
[1 21021531 21021531 1] 396936447
[1 4238336 4238336 1] 396735354
[1 332232 332232 1] 396167336
[1 29639007 29639007 1] 398351122
[1 11323876 11323876 1] 398803776
[1 15996659 15996659 1] 399694965
[1 25202255 25202255 1] 401431475
[1 6473731 6473731 1] 401436135
[1 19018457 19018457 1] 402585350
[1 3199182 3199182 1] 402283171
[1 10554604 10554604 1] 402663148
[1 22520060 22520060 1] 404153536
[1 23590182 23590182 1] 405737155
[1 29359416 29359416 1] 407857929
[1 21768826 21768826 1] 409281469
[1 27336328 27336328 1] 411221713
[1 15550552 15550552 1] 412063599
[1 14090033 14090033 1] 412783603
[1 23387982 23387982 1] 414369422
[1 12262755 12262755 1] 414909794
[1 25311777 25311777 1] 416670749
[1 27860000 27860000 1] 418684546
[1 9112298 9112298 1] 418942814
[1 19475777 19475777 1] 420171290
[1 6930887 6930887 1] 420216673
[1 23665124 23665124 1] 421846718
[1 6898538 6898538 1] 421895432
[1 19054082 19054082 1] 423072901
[1 10508861 10508861 1] 423455264
[1 17909212 17909212 1] 424525449
[1 23669087 23669087 1] 426119790
[1 8590931 8590931 1] 426318368
[1 794584 794584 1] 425792926
[1 16956430 16956430 1] 426762755
[1 6473731 6473731 1] 426764857
[1 20037526 20037526 1] 428023609
[1 19018457 19018457 1] 429191790
[1 21305625 21305625 1] 430613834
[1 21021531 21021531 1] 432003942
[1 15138378 15138378 1] 432815987
[1 18703136 18703136 1] 433965271
[1 14826622 14826622 1] 434749793
[1 19018457 19018457 1] 435916725
[1 22634226 22634226 1] 437427425
[1 19018457 19018457 1] 438591408
[1 22520060 22520060 1] 440083867
[1 16956430 16956430 1] 441052147
[1 13712351 13712351 1] 441715262
[1 19018457 19018457 1] 442882395
[1 18777857 18777857 1] 444031002
[1 14522072 14522072 1] 444788197
[1 7418419 7418419 1] 444883654
[1 12999171 12999171 1] 445496321
[1 15256191 15256191 1] 446325581
[1 22836611 22836611 1] 447851159
[1 1928578 1928578 1] 447429601
[1 8498977 8498977 1] 447623058
[1 754553 754553 1] 447093991
[1 4238336 4238336 1] 446887166
[1 23360100 23360100 1] 448465825
[1 332232 332232 1] 447896963
[1 18703136 18703136 1] 449038640
[1 22520060 22520060 1] 450544880
[1 26491299 26491299 1] 452425794
[1 6453196 6453196 1] 452432243
[1 6055806 6055806 1] 452404505
[1 14423429 14423429 1] 453184823
[1 4319530 4319530 1] 452991765
[1 3228459 3228459 1] 452695628
[1 24322198 24322198 1] 454387419
[1 19018457 19018457 1] 455572167
[1 28806446 28806446 1] 457649764
[1 22520060 22520060 1] 459166387
[1 2238284 2238284 1] 458776784
[1 18703136 18703136 1] 459902672
[1 3565422 3565422 1] 459629417

Results: 100.00 233592064

Standard Error: 6.05387e+06
Mean Waiting Time: 2.33592e+08
Statistics for REP_PROB_PERCENT: 60

----------------------------------------
Running client with REP_PROB_PERCENT: 80
**********************************
DTU - OS Challenge - Client v0.20
**********************************
Total requests: 500
Start: 1
Difficulty: 30000000
Repetition probability (%): 80
Request delay (us): 600000
Priority disabled

[1 6930887 6930887 1] 636102
[1 6930887 6930887 1] 680026
[1 4238336 4238336 1] 475245
[1 29760493 29760493 1] 2789042
[1 6930887 6930887 1] 2856256
[1 4238336 4238336 1] 2687993
[1 22520060 22520060 1] 4206649
[1 6930887 6930887 1] 4254394
[1 4238336 4238336 1] 4052313
[1 6930887 6930887 1] 4102321
[1 4238336 4238336 1] 3899792
[1 6930887 6930887 1] 3955348
[1 21021531 21021531 1] 5440074
[1 29760493 29760493 1] 7689772
[1 4238336 4238336 1] 7489052
[1 21021531 21021531 1] 8862533
[1 4238336 4238336 1] 8656088
[1 4238336 4238336 1] 8451019
[1 19018457 19018457 1] 9627424
[1 4238336 4238336 1] 9427542
[1 29760493 29760493 1] 11617406
[1 4238336 4238336 1] 11410707
[1 6898538 6898538 1] 11456408
[1 23594325 23594325 1] 13052857
[1 19018457 19018457 1] 14231013
[1 6930887 6930887 1] 14281746
[1 14268981 14268981 1] 15019272
[1 6930887 6930887 1] 15069773
[1 19018457 19018457 1] 16249348
[1 15497282 15497282 1] 17096672
[1 21021531 21021531 1] 18454338
[1 27336328 27336328 1] 20390699
[1 6930887 6930887 1] 20438127
[1 19018457 19018457 1] 21614961
[1 27336328 27336328 1] 23556837
[1 4238336 4238336 1] 23354504
[1 21100546 21100546 1] 24720469
[1 4238336 4238336 1] 24513094
[1 29760493 29760493 1] 26676811
[1 4238336 4238336 1] 26474745
[1 26426809 26426809 1] 28328886
[1 14268981 14268981 1] 29063366
[1 19393585 19393585 1] 30283812
[1 27336328 27336328 1] 32245987
[1 6930887 6930887 1] 32295822
[1 21021531 21021531 1] 33727268
[1 4238336 4238336 1] 33531237
[1 4238336 4238336 1] 33329154
[1 19393585 19393585 1] 34546086
[1 6297540 6297540 1] 34536654
[1 13480571 13480571 1] 35201141
[1 6930887 6930887 1] 35272858
[1 6930887 6930887 1] 35328085
[1 27612903 27612903 1] 37317925
[1 19018457 19018457 1] 38510603
[1 6930887 6930887 1] 38632397
[1 4238336 4238336 1] 38435945
[1 23209442 23209442 1] 40006711
[1 27336328 27336328 1] 42052375
[1 27612903 27612903 1] 44034392
[1 6930887 6930887 1] 44079000
[1 29760493 29760493 1] 46250241
[1 27905772 27905772 1] 48260693
[1 12890676 12890676 1] 48865841
[1 4238336 4238336 1] 48664468
[1 27336328 27336328 1] 50616875
[1 14872354 14872354 1] 51406538
[1 12276966 12276966 1] 51958716
[1 6930887 6930887 1] 52006285
[1 6930887 6930887 1] 52051942
[1 27336328 27336328 1] 54005251
[1 6930887 6930887 1] 54052829
[1 6930887 6930887 1] 54103654
[1 27905772 27905772 1] 56092924
[1 27612903 27612903 1] 58070717
[1 19018457 19018457 1] 59249647
[1 19700724 19700724 1] 60505755
[1 14268981 14268981 1] 61273251
[1 19018457 19018457 1] 62461271
[1 19018457 19018457 1] 63645596
[1 19393585 19393585 1] 64835415
[1 23594325 23594325 1] 66454537
[1 19018457 19018457 1] 67631470
[1 29441501 29441501 1] 69772854
[1 4238336 4238336 1] 69570521
[1 19018457 19018457 1] 70737318
[1 2275857 2275857 1] 70350284
[1 21021531 21021531 1] 71701037
[1 29760493 29760493 1] 73920936
[1 4238336 4238336 1] 73714898
[1 6930887 6930887 1] 73752457
[1 6930887 6930887 1] 73799879
[1 27612903 27612903 1] 75786193
[1 6930887 6930887 1] 75842849
[1 21021531 21021531 1] 77214263
[1 6930887 6930887 1] 77261752
[1 6930887 6930887 1] 77311360
[1 4238336 4238336 1] 77108622
[1 21021531 21021531 1] 78479295
[1 6930887 6930887 1] 78529484
[1 6930887 6930887 1] 78581367
[1 26426809 26426809 1] 80461062
[1 4238336 4238336 1] 80258999
[1 6930887 6930887 1] 80313489
[1 4238336 4238336 1] 80112159
[1 19018457 19018457 1] 81299734
[1 4238336 4238336 1] 81099054
[1 6930887 6930887 1] 81149223
[1 4238336 4238336 1] 80946606
[1 6930887 6930887 1] 80996987
[1 18295500 18295500 1] 82112904
[1 29760493 29760493 1] 84273535
[1 22520060 22520060 1] 85775861
[1 6930887 6930887 1] 85813204
[1 19700724 19700724 1] 87057104
[1 4238336 4238336 1] 86858240
[1 6930887 6930887 1] 86908810
[1 6939508 6939508 1] 86959768
[1 27905772 27905772 1] 88998980
[1 19018457 19018457 1] 90166937
[1 4238336 4238336 1] 89959673
[1 24887344 24887344 1] 91671538
[1 21100546 21100546 1] 93062001
[1 29760493 29760493 1] 95259509
[1 6898538 6898538 1] 95306297
[1 6930887 6930887 1] 95356970
[1 19700724 19700724 1] 96600008
[1 19018457 19018457 1] 97781931
[1 22520060 22520060 1] 99321246
[1 19018457 19018457 1] 100501465
[1 21021531 21021531 1] 101866310
[1 19393585 19393585 1] 103071037
[1 8213259 8213259 1] 103230453
[1 22520060 22520060 1] 104722586
[1 4238336 4238336 1] 104516296
[1 4238336 4238336 1] 104313347
[1 4238336 4238336 1] 104114619
[1 6939508 6939508 1] 104185669
[1 15497282 15497282 1] 105038259
[1 29760493 29760493 1] 107233992
[1 7684931 7684931 1] 107362221
[1 27905772 27905772 1] 109365329
[1 4238336 4238336 1] 109155617
[1 23387982 23387982 1] 110733795
[1 1252997 1252997 1] 110250040
[1 6930887 6930887 1] 110291070
[1 19700724 19700724 1] 111513283
[1 17681096 17681096 1] 112565590
[1 21021531 21021531 1] 113924427
[1 6911341 6911341 1] 113963975
[1 23327685 23327685 1] 115540070
[1 4238336 4238336 1] 115336734
[1 29760493 29760493 1] 117521898
[1 21021531 21021531 1] 118884798
[1 4238336 4238336 1] 118682644
[1 23089413 23089413 1] 120236202
[1 19700724 19700724 1] 121474161
[1 6939508 6939508 1] 121522051
[1 4238336 4238336 1] 121319421
[1 2275857 2275857 1] 120932449
[1 26426809 26426809 1] 122805036
[1 19700724 19700724 1] 124038570
[1 6930887 6930887 1] 124090340
[1 4238336 4238336 1] 123889141
[1 6930887 6930887 1] 123938779
[1 4238336 4238336 1] 123736555
[1 27612903 27612903 1] 125715427
[1 27612903 27612903 1] 127720037
[1 4238336 4238336 1] 127519783
[1 15996659 15996659 1] 128424453
[1 27336328 27336328 1] 130404661
[1 19393585 19393585 1] 131617785
[1 19054082 19054082 1] 132810297
[1 6930887 6930887 1] 132860407
[1 26811973 26811973 1] 134771657
[1 23327685 23327685 1] 136351521
[1 15996659 15996659 1] 137244010
[1 22520060 22520060 1] 138753227
[1 21021531 21021531 1] 140159087
[1 26340714 26340714 1] 142037340
[1 15256191 15256191 1] 142878427
[1 23327685 23327685 1] 144463317
[1 23594325 23594325 1] 146068820
[1 4238336 4238336 1] 145867396
[1 27612903 27612903 1] 147850626
[1 22218005 22218005 1] 149315502
[1 22218005 22218005 1] 150789023
[1 19700724 19700724 1] 152027470
[1 23089413 23089413 1] 153596345
[1 26426809 26426809 1] 155469749
[1 27612903 27612903 1] 157445019
[1 20223206 20223206 1] 158730962
[1 19018457 19018457 1] 159910188
[1 4238336 4238336 1] 159705335
[1 19700724 19700724 1] 160951576
[1 6930887 6930887 1] 160996549
[1 22520060 22520060 1] 162502634
[1 6930887 6930887 1] 162548329
[1 26902022 26902022 1] 164466635
[1 26426809 26426809 1] 166331186
[1 26426809 26426809 1] 168194787
[1 14872354 14872354 1] 168983359
[1 19700724 19700724 1] 170225666
[1 21021531 21021531 1] 171579208
[1 7684931 7684931 1] 171695094
[1 15497282 15497282 1] 172541060
[1 21021531 21021531 1] 173918457
[1 11999755 11999755 1] 174438763
[1 19018457 19018457 1] 175618699
[1 4238336 4238336 1] 175413053
[1 6930887 6930887 1] 175458082
[1 24549798 24549798 1] 177144887
[1 4238336 4238336 1] 176938086
[1 6930887 6930887 1] 176982687
[1 23594325 23594325 1] 178623897
[1 8213259 8213259 1] 178782998
[1 25519126 25519126 1] 180553310
[1 27612903 27612903 1] 182622136
[1 19700724 19700724 1] 183863035
[1 19700724 19700724 1] 185107505
[1 15256191 15256191 1] 185921755
[1 6930887 6930887 1] 185957135
[1 29760493 29760493 1] 188139392
[1 4238336 4238336 1] 187938183
[1 19700724 19700724 1] 189180028
[1 29760493 29760493 1] 191434199
[1 10697698 10697698 1] 191861540
[1 23571044 23571044 1] 193462091
[1 4238336 4238336 1] 193260808
[1 19393585 19393585 1] 194492843
[1 24887344 24887344 1] 196218638
[1 29760493 29760493 1] 198403959
[1 19018457 19018457 1] 199585268
[1 4238336 4238336 1] 199376984
[1 19700724 19700724 1] 200629302
[1 22520060 22520060 1] 202133605
[1 4238336 4238336 1] 201932269
[1 22520060 22520060 1] 203445478
[1 10636430 10636430 1] 203877290
[1 27905772 27905772 1] 205915416
[1 6930887 6930887 1] 205958820
[1 6930887 6930887 1] 206008015
[1 19018457 19018457 1] 207187852
[1 26426809 26426809 1] 209059784
[1 11585796 11585796 1] 209548482
[1 2275857 2275857 1] 209162227
[1 6898538 6898538 1] 209210392
[1 12655341 12655341 1] 209817534
[1 19018457 19018457 1] 210998487
[1 4238336 4238336 1] 210792791
[1 19393585 19393585 1] 211995909
[1 4238336 4238336 1] 211785002
[1 6911341 6911341 1] 211827660
[1 5526310 5526310 1] 211743494
[1 22495426 22495426 1] 213232139
[1 9806368 9806368 1] 213597934
[1 27336328 27336328 1] 215602132
[1 16631627 16631627 1] 216572713
[1 2275857 2275857 1] 216186245
[1 4238336 4238336 1] 215988566
[1 29760493 29760493 1] 218232323
[1 21021531 21021531 1] 219609576
[1 27336328 27336328 1] 221665622
[1 21021531 21021531 1] 223021764
[1 19393585 19393585 1] 224218717
[1 19700724 19700724 1] 225454939
[1 26426809 26426809 1] 227336914
[1 27905772 27905772 1] 229352233
[1 4238336 4238336 1] 229150506
[1 21021531 21021531 1] 230520241
[1 27612903 27612903 1] 232491416
[1 27336328 27336328 1] 234445303
[1 29441501 29441501 1] 236596502
[1 4238336 4238336 1] 236390337
[1 6939508 6939508 1] 236438678
[1 19700724 19700724 1] 237663048
[1 14152275 14152275 1] 238380292
[1 6898538 6898538 1] 238423547
[1 17681096 17681096 1] 239472090
[1 17077889 17077889 1] 240479185
[1 27612903 27612903 1] 242445001
[1 19018457 19018457 1] 243613419
[1 21021531 21021531 1] 244976730
[1 17077889 17077889 1] 245984820
[1 22520060 22520060 1] 247489041
[1 15996659 15996659 1] 248371788
[1 4238336 4238336 1] 248169711
[1 19018457 19018457 1] 249344993
[1 26426809 26426809 1] 251202523
[1 29760493 29760493 1] 253398455
[1 26620484 26620484 1] 255286256
[1 14872354 14872354 1] 256081481
[1 6930887 6930887 1] 256131069
[1 6939508 6939508 1] 256179139
[1 29760493 29760493 1] 258349753
[1 21021531 21021531 1] 259711604
[1 21021531 21021531 1] 261063783
[1 26426809 26426809 1] 262921544
[1 4238336 4238336 1] 262719374
[1 13160359 13160359 1] 263336292
[1 26426809 26426809 1] 265203835
[1 6930887 6930887 1] 265252965
[1 23387982 23387982 1] 266848260
[1 6898538 6898538 1] 266895281
[1 21021531 21021531 1] 268259579
[1 4238336 4238336 1] 268057406
[1 12539391 12539391 1] 268624973
[1 25745792 25745792 1] 270422740
[1 19700724 19700724 1] 271663475
[1 22520060 22520060 1] 273164983
[1 26426809 26426809 1] 275040228
[1 27336328 27336328 1] 276988582
[1 29760493 29760493 1] 279175769
[1 4238336 4238336 1] 278972917
[1 19393585 19393585 1] 280218240
[1 5035326 5035326 1] 280090977
[1 24187517 24187517 1] 281748783
[1 4238336 4238336 1] 281539714
[1 17077889 17077889 1] 282515826
[1 3785405 3785405 1] 282262451
[1 15256191 15256191 1] 283093108
[1 29760493 29760493 1] 285270880
[1 21021531 21021531 1] 286635576
[1 6930887 6930887 1] 286680782
[1 29760493 29760493 1] 288838605
[1 17077889 17077889 1] 289814043
[1 12655341 12655341 1] 290388201
[1 6930887 6930887 1] 290469868
[1 19393585 19393585 1] 291701991
[1 18469912 18469912 1] 292818494
[1 27612903 27612903 1] 294809991
[1 15497282 15497282 1] 295647483
[1 6898538 6898538 1] 295691256
[1 4238336 4238336 1] 295488716
[1 27336328 27336328 1] 297441908
[1 4238336 4238336 1] 297235498
[1 16077376 16077376 1] 298132807
[1 4238336 4238336 1] 297925081
[1 9343769 9343769 1] 298194173
[1 19544919 19544919 1] 299405475
[1 6898538 6898538 1] 299445467
[1 6930887 6930887 1] 299487433
[1 23594325 23594325 1] 301087593
[1 14311575 14311575 1] 301826095
[1 19018457 19018457 1] 302998911
[1 13550254 13550254 1] 303661109
[1 19018457 19018457 1] 304836707
[1 22520060 22520060 1] 306334253
[1 27336328 27336328 1] 308282949
[1 2275857 2275857 1] 307895955
[1 12032920 12032920 1] 308413680
[1 6930887 6930887 1] 308462033
[1 16011018 16011018 1] 309354220
[1 26426809 26426809 1] 311218267
[1 22520060 22520060 1] 312706115
[1 21021531 21021531 1] 314067891
[1 22520060 22520060 1] 315590272
[1 4238336 4238336 1] 315391858
[1 4238336 4238336 1] 315190037
[1 13550254 13550254 1] 315862993
[1 4238336 4238336 1] 315660528
[1 2963859 2963859 1] 315338383
[1 6930887 6930887 1] 315386029
[1 15996659 15996659 1] 316279912
[1 26426809 26426809 1] 318140464
[1 10613074 10613074 1] 318533503
[1 4238336 4238336 1] 318326555
[1 12276966 12276966 1] 318869646
[1 27612903 27612903 1] 320866420
[1 29639007 29639007 1] 323085420
[1 5414640 5414640 1] 322994197
[1 14872354 14872354 1] 323814618
[1 4238336 4238336 1] 323634895
[1 14872354 14872354 1] 324434798
[1 27963982 27963982 1] 326478175
[1 6930887 6930887 1] 326528403
[1 29760493 29760493 1] 328696349
[1 27612903 27612903 1] 330678814
[1 29760493 29760493 1] 332861659
[1 18295500 18295500 1] 333977815
[1 6930887 6930887 1] 334026609
[1 23594325 23594325 1] 335636781
[1 14311575 14311575 1] 336393788
[1 19018457 19018457 1] 337587512
[1 22970073 22970073 1] 339147312
[1 21245831 21245831 1] 340546244
[1 29760493 29760493 1] 342721346
[1 19393585 19393585 1] 343926242
[1 27336328 27336328 1] 345888427
[1 22218005 22218005 1] 347374450
[1 27963982 27963982 1] 349376887
[1 3189436 3189436 1] 349069249
[1 21021531 21021531 1] 350423188
[1 29760493 29760493 1] 352621179
[1 24945487 24945487 1] 354365867
[1 6930887 6930887 1] 354415975
[1 24887344 24887344 1] 356148876
[1 4238336 4238336 1] 355946152
[1 4238336 4238336 1] 355747756
[1 4238336 4238336 1] 355544921
[1 21021531 21021531 1] 356920326
[1 14152275 14152275 1] 357651340
[1 23089413 23089413 1] 359208420
[1 6930887 6930887 1] 359252712
[1 6930887 6930887 1] 359292854
[1 29760493 29760493 1] 361459561
[1 15497282 15497282 1] 362302232
[1 4238336 4238336 1] 362100003
[1 4238336 4238336 1] 361908288
[1 4238336 4238336 1] 361720446
[1 5748721 5748721 1] 361659319
[1 9121309 9121309 1] 361911025
[1 18295500 18295500 1] 363024030
[1 7076377 7076377 1] 363129159
[1 1252716 1252716 1] 362648135
[1 9121309 9121309 1] 362904552
[1 25771560 25771560 1] 364724628
[1 17077889 17077889 1] 365726629
[1 19393585 19393585 1] 366945069
[1 19018457 19018457 1] 368126611
[1 27336328 27336328 1] 370087392
[1 27336328 27336328 1] 372054820
[1 1489115 1489115 1] 371598975
[1 27612903 27612903 1] 373592694
[1 21021531 21021531 1] 374952006
[1 4238336 4238336 1] 374747478
[1 332232 332232 1] 374178309
[1 29639007 29639007 1] 376343075
[1 11323876 11323876 1] 376803690
[1 15996659 15996659 1] 377699836
[1 25202255 25202255 1] 379428934
[1 19700724 19700724 1] 380648173
[1 19018457 19018457 1] 381820388
[1 3199182 3199182 1] 381520020
[1 10554604 10554604 1] 381908896
[1 22520060 22520060 1] 383416928
[1 23590182 23590182 1] 385027621
[1 29359416 29359416 1] 387168210
[1 21768826 21768826 1] 388590761
[1 27336328 27336328 1] 390521445
[1 15550552 15550552 1] 391381272
[1 14090033 14090033 1] 392095800
[1 23387982 23387982 1] 393679138
[1 19700724 19700724 1] 394913147
[1 6930887 6930887 1] 394957176
[1 27860000 27860000 1] 396949433
[1 14152275 14152275 1] 397664836
[1 19475777 19475777 1] 398928570
[1 6930887 6930887 1] 398987586
[1 29760493 29760493 1] 401147804
[1 6898538 6898538 1] 401200314
[1 19054082 19054082 1] 402435897
[1 26426809 26426809 1] 404310692
[1 17909212 17909212 1] 405411819
[1 23669087 23669087 1] 407085992
[1 8590931 8590931 1] 407286117
[1 794584 794584 1] 406761586
[1 6930887 6930887 1] 406805864
[1 19700724 19700724 1] 408037230
[1 20037526 20037526 1] 409309030
[1 19018457 19018457 1] 410486914
[1 4238336 4238336 1] 410280511
[1 21021531 21021531 1] 411635216
[1 27336328 27336328 1] 413577176
[1 4238336 4238336 1] 413392971
[1 14826622 14826622 1] 414187241
[1 19018457 19018457 1] 415354354
[1 22634226 22634226 1] 416869980
[1 19018457 19018457 1] 418044342
[1 22520060 22520060 1] 419552039
[1 6930887 6930887 1] 419603749
[1 13712351 13712351 1] 420275308
[1 19018457 19018457 1] 421453273
[1 27336328 27336328 1] 423429782
[1 27336328 27336328 1] 425416576
[1 4238336 4238336 1] 425213920
[1 19018457 19018457 1] 426396995
[1 15256191 15256191 1] 427203180
[1 22836611 22836611 1] 428735598
[1 1928578 1928578 1] 428316170
[1 8498977 8498977 1] 428509485
[1 754553 754553 1] 427978836
[1 4238336 4238336 1] 427773560
[1 4238336 4238336 1] 427568866
[1 332232 332232 1] 426999562
[1 4238336 4238336 1] 426792075
[1 22520060 22520060 1] 428286901
[1 4238336 4238336 1] 428079636
[1 6453196 6453196 1] 428079170
[1 6930887 6930887 1] 428123802
[1 19018457 19018457 1] 429292911
[1 4238336 4238336 1] 429081070
[1 26426809 26426809 1] 430967791
[1 21021531 21021531 1] 432376644
[1 19018457 19018457 1] 433567770
[1 25202255 25202255 1] 435312226
[1 22520060 22520060 1] 436802066
[1 2238284 2238284 1] 436410005
[1 4238336 4238336 1] 436203967
[1 3565422 3565422 1] 435934550

Results: 100.00 214961520

Standard Error: 5.90178e+06
Mean Waiting Time: 2.14962e+08
Statistics for REP_PROB_PERCENT: 80

----------------------------------------
