Running client with REP_PROB_PERCENT: 0
**********************************
DTU - OS Challenge - Client v0.20
**********************************
Total requests: 500
Start: 1
Difficulty: 30000000
Repetition probability (%): 0
Request delay (us): 600000
Priority disabled

[1 6930887 6930887 1] 549402
[1 4636916 4636916 1] 363486
[1 4238336 4238336 1] 403849
[1 29760493 29760493 1] 2460938
[1 19641422 19641422 1] 3650056
[1 490028 490028 1] 3088794
[1 22520060 22520060 1] 4334067
[1 17513927 17513927 1] 5264869
[1 10383427 10383427 1] 5581238
[1 13455737 13455737 1] 6069573
[1 11595369 11595369 1] 6468526
[1 16956430 16956430 1] 7268367
[1 21021531 21021531 1] 8295894
[1 23665124 23665124 1] 9796440
[1 18703136 18703136 1] 10823250
[1 1979803 1979803 1] 10380646
[1 5723059 5723059 1] 10314367
[1 15898168 15898168 1] 11215097
[1 19018457 19018457 1] 12328649
[1 6478043 6478043 1] 12255422
[1 3377374 3377374 1] 11941599
[1 24544920 24544920 1] 13488958
[1 6898538 6898538 1] 13461572
[1 23594325 23594325 1] 14862141
[1 28664371 28664371 1] 16964807
[1 4803527 4803527 1] 16881139
[1 14268981 14268981 1] 17605498
[1 29241874 29241874 1] 19759163
[1 12999171 12999171 1] 20357585
[1 15497282 15497282 1] 21193334
[1 14420926 14420926 1] 22104468
[1 27336328 27336328 1] 24410887
[1 19126506 19126506 1] 25686871
[1 12621730 12621730 1] 26314092
[1 23925858 23925858 1] 27882251
[1 24353896 24353896 1] 29510589
[1 21100546 21100546 1] 30738309
[1 18233368 18233368 1] 31839391
[1 25990365 25990365 1] 33729321
[1 10313751 10313751 1] 34095449
[1 26426809 26426809 1] 35764752
[1 29947179 29947179 1] 38235467
[1 19393585 19393585 1] 39472316
[1 28502652 28502652 1] 41535156
[1 4612400 4612400 1] 41421094
[1 4095061 4095061 1] 41239460
[1 13993369 13993369 1] 42122013
[1 4210013 4210013 1] 41930001
[1 9698587 9698587 1] 42260523
[1 6297540 6297540 1] 42237730
[1 13480571 13480571 1] 42836027
[1 25960379 25960379 1] 44592705
[1 2066602 2066602 1] 44176633
[1 27612903 27612903 1] 46307552
[1 3570493 3570493 1] 46046546
[1 260757 260757 1] 45470530
[1 5560281 5560281 1] 45370744
[1 23209442 23209442 1] 47195696
[1 24429690 24429690 1] 49364906
[1 27346620 27346620 1] 51767466
[1 744730 744730 1] 51250290
[1 13108118 13108118 1] 52156875
[1 27905772 27905772 1] 54640337
[1 12890676 12890676 1] 55484551
[1 11698928 11698928 1] 56211789
[1 18777857 18777857 1] 57792559
[1 14872354 14872354 1] 58910562
[1 12276966 12276966 1] 59634253
[1 23964684 23964684 1] 61661155
[1 10028625 10028625 1] 62196674
[1 332872 332872 1] 61640228
[1 10048830 10048830 1] 62202364
[1 5530020 5530020 1] 62203925
[1 13363369 13363369 1] 63053520
[1 7486716 7486716 1] 63258257
[1 11518150 11518150 1] 63899822
[1 19700724 19700724 1] 65420371
[1 18002246 18002246 1] 66736441
[1 19493452 19493452 1] 68266256
[1 20243556 20243556 1] 69909263
[1 2597489 2597489 1] 69588015
[1 8888229 8888229 1] 69946307
[1 18792351 18792351 1] 71334958
[1 29441501 29441501 1] 73951978
[1 26087765 26087765 1] 76469580
[1 5324915 5324915 1] 76502392
[1 2275857 2275857 1] 76151138
[1 27346492 27346492 1] 78527195
[1 1148366 1148366 1] 78058193
[1 20281937 20281937 1] 79739598
[1 16452552 16452552 1] 80913904
[1 11899229 11899229 1] 81560417
[1 3975408 3975408 1] 81395636
[1 6276122 6276122 1] 81470516
[1 794396 794396 1] 80952572
[1 24661238 24661238 1] 83132997
[1 573794 573794 1] 82594104
[1 15894429 15894429 1] 83656472
[1 7231012 7231012 1] 83910921
[1 14639530 14639530 1] 84910648
[1 7322405 7322405 1] 85085397
[1 12255764 12255764 1] 85744242
[1 17854539 17854539 1] 87060145
[1 12436841 12436841 1] 87844124
[1 15344819 15344819 1] 89031969
[1 22670689 22670689 1] 91033472
[1 12067918 12067918 1] 91724274
[1 20466997 20466997 1] 93498312
[1 16987744 16987744 1] 94880827
[1 9512184 9512184 1] 95312882
[1 18295500 18295500 1] 96883491
[1 16206726 16206726 1] 98199014
[1 2755591 2755591 1] 97891149
[1 3268140 3268140 1] 97625967
[1 12469787 12469787 1] 98341203
[1 8338083 8338083 1] 98621941
[1 20388465 20388465 1] 100459208
[1 6939508 6939508 1] 100518459
[1 25228805 25228805 1] 102334395
[1 22278612 22278612 1] 103916685
[1 17127829 17127829 1] 104997391
[1 24887344 24887344 1] 106939624
[1 2035569 2035569 1] 106591380
[1 27755423 27755423 1] 108971457
[1 24613811 24613811 1] 111060906
[1 19321802 19321802 1] 112641007
[1 6473731 6473731 1] 112808008
[1 26811306 26811306 1] 115268055
[1 15178737 15178737 1] 116408843
[1 14248627 14248627 1] 117420700
[1 503466 503466 1] 116878315
[1 12473417 12473417 1] 117738625
[1 8213259 8213259 1] 118065830
[1 24167638 24167638 1] 120235941
[1 21305625 21305625 1] 122021278
[1 24544920 24544920 1] 124202815
[1 13911900 13911900 1] 125150596
[1 20145551 20145551 1] 126901040
[1 19290072 19290072 1] 128517741
[1 17487132 17487132 1] 129883017
[1 7684931 7684931 1] 130167587
[1 21845895 21845895 1] 132102774
[1 7370164 7370164 1] 132326698
[1 23387982 23387982 1] 134353776
[1 1252997 1252997 1] 133900824
[1 2713774 2713774 1] 133610050
[1 12739669 12739669 1] 134451000
[1 17681096 17681096 1] 135909752
[1 17116467 17116467 1] 137332319
[1 6911341 6911341 1] 137508335
[1 23327685 23327685 1] 139574060
[1 16855543 16855543 1] 140785023
[1 7379108 7379108 1] 140984888
[1 18219757 18219757 1] 142742206
[1 7418419 7418419 1] 143227413
[1 23089413 23089413 1] 145241191
[1 25032173 25032173 1] 147188181
[1 29262010 29262010 1] 149246939
[1 28625211 28625211 1] 151194514
[1 7467588 7467588 1] 151274786
[1 25319302 25319302 1] 153010169
[1 26667373 26667373 1] 154830327
[1 20401256 20401256 1] 156058317
[1 24044600 24044600 1] 157605410
[1 21229905 21229905 1] 158906667
[1 15939812 15939812 1] 159736802
[1 16915668 16915668 1] 160654803
[1 29346229 29346229 1] 162676658
[1 4829151 4829151 1] 162513943
[1 15996659 15996659 1] 163347223
[1 5789225 5789225 1] 163263541
[1 9867270 9867270 1] 163545615
[1 19054082 19054082 1] 164651256
[1 15740085 15740085 1] 165459194
[1 26811973 26811973 1] 167290049
[1 73851 73851 1] 166696466
[1 15905386 15905386 1] 167589197
[1 7739300 7739300 1] 167713001
[1 23606043 23606043 1] 169227293
[1 26340714 26340714 1] 170983515
[1 15256191 15256191 1] 171778676
[1 6942591 6942591 1] 171808980
[1 10108582 10108582 1] 172116420
[1 21499337 21499337 1] 173448981
[1 6371156 6371156 1] 173441623
[1 22218005 22218005 1] 174896632
[1 11614770 11614770 1] 175328861
[1 12981777 12981777 1] 175895722
[1 6247256 6247256 1] 175852601
[1 18348143 18348143 1] 176893035
[1 4445885 4445885 1] 176694314
[1 20223206 20223206 1] 177893856
[1 27679568 27679568 1] 179772871
[1 21690614 21690614 1] 181116991
[1 12262755 12262755 1] 181694616
[1 1154260 1154260 1] 181196545
[1 12828203 12828203 1] 181739526
[1 24723507 24723507 1] 183334150
[1 26902022 26902022 1] 185124930
[1 20390869 20390869 1] 186370650
[1 6235190 6235190 1] 186359480
[1 27949909 27949909 1] 188239689
[1 27210499 27210499 1] 190047727
[1 18518809 18518809 1] 191095442
[1 4686249 4686249 1] 190917210
[1 19033334 19033334 1] 192008786
[1 20321649 20321649 1] 193210789
[1 11999755 11999755 1] 193672704
[1 2251747 2251747 1] 193273242
[1 4319530 4319530 1] 193058457
[1 573794 573794 1] 192510513
[1 24549798 24549798 1] 194104981
[1 26086991 26086991 1] 195818622
[1 10003034 10003034 1] 196103210
[1 18012498 18012498 1] 197100716
[1 21294893 21294893 1] 198383654
[1 25519126 25519126 1] 200043212
[1 24613997 24613997 1] 201619278
[1 25209189 25209189 1] 203255474
[1 8703730 8703730 1] 203427984
[1 15032461 15032461 1] 204163303
[1 21543922 21543922 1] 205484987
[1 2026305 2026305 1] 205066826
[1 18388028 18388028 1] 206106688
[1 2266749 2266749 1] 205706961
[1 1308903 1308903 1] 205222687
[1 10697698 10697698 1] 205574621
[1 23571044 23571044 1] 207083293
[1 15132003 15132003 1] 207864662
[1 24806404 24806404 1] 209470680
[1 24887344 24887344 1] 211095382
[1 9908539 9908539 1] 211373184
[1 12895152 12895152 1] 211920647
[1 12282135 12282135 1] 212404575
[1 171693 171693 1] 211819607
[1 20516128 20516128 1] 213037678
[1 13755630 13755630 1] 213652527
[1 15590965 15590965 1] 214534553
[1 10636430 10636430 1] 214888978
[1 2576336 2576336 1] 214516625
[1 9202901 9202901 1] 214733201
[1 19407972 19407972 1] 215850052
[1 12260290 12260290 1] 216335162
[1 21717989 21717989 1] 217664754
[1 11585796 11585796 1] 218093736
[1 13053145 13053145 1] 218648426
[1 27658391 27658391 1] 220486613
[1 12655341 12655341 1] 221002330
[1 10000570 10000570 1] 221358801
[1 1174233 1174233 1] 220863255
[1 10956043 10956043 1] 221238684
[1 20409118 20409118 1] 222440694
[1 16266762 16266762 1] 223282630
[1 5526310 5526310 1] 223170396
[1 22495426 22495426 1] 224557543
[1 9806368 9806368 1] 224824298
[1 24504235 24504235 1] 226390194
[1 16631627 16631627 1] 227255049
[1 7226058 7226058 1] 227292376
[1 16673169 16673169 1] 228170813
[1 7390359 7390359 1] 228222915
[1 6947387 6947387 1] 228239805
[1 24429690 24429690 1] 229813998
[1 10634995 10634995 1] 230152326
[1 27056553 27056553 1] 231944194
[1 7893530 7893530 1] 232046300
[1 28532291 28532291 1] 234024293
[1 27756971 27756971 1] 235888999
[1 16819081 16819081 1] 236790332
[1 24218594 24218594 1] 238347503
[1 6418628 6418628 1] 238315802
[1 18561887 18561887 1] 239362258
[1 10788356 10788356 1] 239715535
[1 2720091 2720091 1] 239363352
[1 26059480 26059480 1] 241142033
[1 1858970 1858970 1] 240705952
[1 14152275 14152275 1] 241362012
[1 16047642 16047642 1] 242162058
[1 10925434 10925434 1] 242514158
[1 17077889 17077889 1] 243408643
[1 3524567 3524567 1] 243117977
[1 11027285 11027285 1] 243516533
[1 5790418 5790418 1] 243429041
[1 29372261 29372261 1] 245413271
[1 7100238 7100238 1] 245434418
[1 9473060 9473060 1] 245657482
[1 22648519 22648519 1] 247063286
[1 21990784 21990784 1] 248384392
[1 3228459 3228459 1] 248070578
[1 3967638 3967638 1] 247818579
[1 26620484 26620484 1] 249553145
[1 27770479 27770479 1] 251394580
[1 27149315 27149315 1] 253158767
[1 12645730 12645730 1] 253666835
[1 23665124 23665124 1] 255135046
[1 11089439 11089439 1] 255503180
[1 7211389 7211389 1] 255533757
[1 23631234 23631234 1] 257046755
[1 25933682 25933682 1] 258730459
[1 13160359 13160359 1] 259281173
[1 29110700 29110700 1] 261226954
[1 24101840 24101840 1] 262739023
[1 20668364 20668364 1] 263952998
[1 20228795 20228795 1] 265128244
[1 23319848 23319848 1] 266563964
[1 18217463 18217463 1] 267553246
[1 12539391 12539391 1] 268046359
[1 25745792 25745792 1] 269707528
[1 7355116 7355116 1] 269751052
[1 12796158 12796158 1] 270266853
[1 20631492 20631492 1] 271474730
[1 4462952 4462952 1] 271263172
[1 11035022 11035022 1] 271631958
[1 18393741 18393741 1] 272621874
[1 3614031 3614031 1] 272336283
[1 5035326 5035326 1] 272179993
[1 24187517 24187517 1] 273872385
[1 2033003 2033003 1] 273508247
[1 27746140 27746140 1] 275875983
[1 3785405 3785405 1] 275795627
[1 28974581 28974581 1] 278257554
[1 6039022 6039022 1] 278193470
[1 15539863 15539863 1] 278960093
[1 16235380 16235380 1] 279807407
[1 22692686 22692686 1] 281230307
[1 18299905 18299905 1] 282277816
[1 5433484 5433484 1] 282157821
[1 6199760 6199760 1] 282106909
[1 15889745 15889745 1] 282917961
[1 18469912 18469912 1] 283968010
[1 8663951 8663951 1] 284134576
[1 29777561 29777561 1] 286162770
[1 17675106 17675106 1] 287125161
[1 12740050 12740050 1] 287674642
[1 6588712 6588712 1] 287667682
[1 1519935 1519935 1] 287203788
[1 16077376 16077376 1] 288052062
[1 29593615 29593615 1] 290103218
[1 9343769 9343769 1] 290349131
[1 19544919 19544919 1] 291481389
[1 27376883 27376883 1] 293293483
[1 27876983 27876983 1] 295171606
[1 13124031 13124031 1] 295772445
[1 14311575 14311575 1] 296438409
[1 11186594 11186594 1] 296838160
[1 13550254 13550254 1] 297487637
[1 8803075 8803075 1] 297663785
[1 17734714 17734714 1] 298632179
[1 15138378 15138378 1] 299370407
[1 24415776 24415776 1] 300973091
[1 12032920 12032920 1] 301464995
[1 9806733 9806733 1] 301739463
[1 16011018 16011018 1] 302598084
[1 24760236 24760236 1] 304258258
[1 7745692 7745692 1] 304354685
[1 22423944 22423944 1] 305735462
[1 4666329 4666329 1] 305598462
[1 20449292 20449292 1] 307310635
[1 6894019 6894019 1] 307489828
[1 11836837 11836837 1] 308456256
[1 2575056 2575056 1] 308143494
[1 2963859 2963859 1] 307869918
[1 8714905 8714905 1] 308300424
[1 20372662 20372662 1] 309911199
[1 3689686 3689686 1] 309716135
[1 10613074 10613074 1] 310322774
[1 5756852 5756852 1] 310353555
[1 26349251 26349251 1] 312601744
[1 12336504 12336504 1] 313451605
[1 29639007 29639007 1] 316089430
[1 5414640 5414640 1] 316066928
[1 7721121 7721121 1] 316305479
[1 24880227 24880227 1] 318401141
[1 10387678 10387678 1] 318925147
[1 27963982 27963982 1] 321396579
[1 14887561 14887561 1] 322397765
[1 127956 127956 1] 321811150
[1 24433519 24433519 1] 323861202
[1 21066343 21066343 1] 325388434
[1 10245197 10245197 1] 325677737
[1 24627322 24627322 1] 327220438
[1 22994985 22994985 1] 328620040
[1 23794428 23794428 1] 330086721
[1 22152041 22152041 1] 331425862
[1 22970073 22970073 1] 332910518
[1 21245831 21245831 1] 334171866
[1 26370348 26370348 1] 335901851
[1 20982031 20982031 1] 337135167
[1 9653715 9653715 1] 337374260
[1 18057523 18057523 1] 338351372
[1 18626925 18626925 1] 339374255
[1 3189436 3189436 1] 339057890
[1 15829205 15829205 1] 339840411
[1 22630444 22630444 1] 341228260
[1 24945487 24945487 1] 342828015
[1 26684279 26684279 1] 344577424
[1 6250263 6250263 1] 344518640
[1 14989684 14989684 1] 345223628
[1 21539849 21539849 1] 346523248
[1 1208325 1208325 1] 346030806
[1 11449123 11449123 1] 346428163
[1 7927336 7927336 1] 346516255
[1 3937458 3937458 1] 346259447
[1 24102748 24102748 1] 347785681
[1 25311777 25311777 1] 349415155
[1 3725219 3725219 1] 349143216
[1 27621704 27621704 1] 350976952
[1 15209934 15209934 1] 351714415
[1 17053960 17053960 1] 352724079
[1 2862807 2862807 1] 352402465
[1 5748721 5748721 1] 352377541
[1 9121309 9121309 1] 352645067
[1 1742699 1742699 1] 352198368
[1 7076377 7076377 1] 352221359
[1 1252716 1252716 1] 351730700
[1 2825172 2825172 1] 351375149
[1 25771560 25771560 1] 353038044
[1 15554011 15554011 1] 353807287
[1 22178225 22178225 1] 355149656
[1 25816540 25816540 1] 356982243
[1 24429690 24429690 1] 358563188
[1 13945054 13945054 1] 359212829
[1 1489115 1489115 1] 358744411
[1 15405990 15405990 1] 359505452
[1 2028068 2028068 1] 359088113
[1 25575224 25575224 1] 360744922
[1 332232 332232 1] 360174061
[1 2292123 2292123 1] 359776246
[1 11323876 11323876 1] 360175119
[1 20390180 20390180 1] 361370401
[1 25202255 25202255 1] 362989480
[1 20311132 20311132 1] 364158247
[1 3967858 3967858 1] 363900875
[1 3199182 3199182 1] 363578944
[1 10554604 10554604 1] 363892954
[1 26152434 26152434 1] 365563538
[1 23590182 23590182 1] 367121911
[1 29359416 29359416 1] 369184946
[1 21768826 21768826 1] 370507171
[1 26138723 26138723 1] 372215117
[1 15550552 15550552 1] 372979429
[1 14090033 14090033 1] 373623569
[1 21443182 21443182 1] 374906526
[1 12990416 12990416 1] 375465851
[1 3299709 3299709 1] 375169130
[1 27860000 27860000 1] 377191256
[1 9112298 9112298 1] 377489550
[1 19475777 19475777 1] 378696176
[1 19068978 19068978 1] 379784309
[1 21742588 21742588 1] 381081616
[1 16723383 16723383 1] 381955084
[1 9544267 9544267 1] 382190106
[1 10508861 10508861 1] 382513924
[1 17909212 17909212 1] 383580042
[1 23669087 23669087 1] 385050108
[1 8590931 8590931 1] 385196684
[1 794584 794584 1] 384665241
[1 2651477 2651477 1] 384299937
[1 4095821 4095821 1] 384056121
[1 20037526 20037526 1] 385217672
[1 1538840 1538840 1] 384752464
[1 5897491 5897491 1] 384665220
[1 1101361 1101361 1] 384162366
[1 6247644 6247644 1] 384122535
[1 13080929 13080929 1] 384821289
[1 14826622 14826622 1] 385577135
[1 10917956 10917956 1] 385940633
[1 22634226 22634226 1] 387323534
[1 3274571 3274571 1] 387006550
[1 6220854 6220854 1] 386949796
[1 7107723 7107723 1] 386972208
[1 13712351 13712351 1] 387646991
[1 20009098 20009098 1] 388807889
[1 7689127 7689127 1] 388872665
[1 14522072 14522072 1] 389543282
[1 26533150 26533150 1] 391260834
[1 28140529 28140529 1] 393128922
[1 9228399 9228399 1] 393336419
[1 22836611 22836611 1] 394727110
[1 1928578 1928578 1] 394293552
[1 8498977 8498977 1] 394425758
[1 754553 754553 1] 393892295
[1 11126088 11126088 1] 394265662
[1 23360100 23360100 1] 395697047
[1 16448567 16448567 1] 396525907
[1 6377018 6377018 1] 396478125
[1 14392736 14392736 1] 397130848
[1 26491299 26491299 1] 398934527
[1 6453196 6453196 1] 398904807
[1 6055806 6055806 1] 398831453
[1 14423429 14423429 1] 399489633
[1 19552529 19552529 1] 400605173
[1 5019594 5019594 1] 400445754
[1 24322198 24322198 1] 401960982
[1 9289673 9289673 1] 402174461
[1 28806446 28806446 1] 404075990
[1 12796158 12796158 1] 404592346
[1 2238284 2238284 1] 404186084
[1 5466128 5466128 1] 404061990
[1 3565422 3565422 1] 403771389

Results: 100.00 216355815

Standard Error: 5.37511e+06
Mean Waiting Time: 2.16356e+08
Statistics for REP_PROB_PERCENT: 0

----------------------------------------
Running client with REP_PROB_PERCENT: 20
**********************************
DTU - OS Challenge - Client v0.20
**********************************
Total requests: 500
Start: 1
Difficulty: 30000000
Repetition probability (%): 20
Request delay (us): 600000
Priority disabled

[1 6930887 6930887 1] 686486
[1 4636916 4636916 1] 497986
[1 4238336 4238336 1] 370588
[1 29760493 29760493 1] 2602492
[1 19641422 19641422 1] 3701021
[1 490028 490028 1] 3142923
[1 22520060 22520060 1] 4489150
[1 17513927 17513927 1] 5412410
[1 10383427 10383427 1] 5793921
[1 13455737 13455737 1] 6429407
[1 10383427 10383427 1] 6790612
[1 16956430 16956430 1] 7689376
[1 21021531 21021531 1] 8918241
[1 23665124 23665124 1] 10373344
[1 18703136 18703136 1] 11429969
[1 1979803 1979803 1] 10999481
[1 5723059 5723059 1] 10896092
[1 15898168 15898168 1] 11672801
[1 19018457 19018457 1] 12729092
[1 5723059 5723059 1] 12624214
[1 3377374 3377374 1] 12319851
[1 24544920 24544920 1] 13862978
[1 6898538 6898538 1] 13859073
[1 23594325 23594325 1] 15306752
[1 19018457 19018457 1] 16396646
[1 4636916 4636916 1] 16276533
[1 14268981 14268981 1] 17045336
[1 29241874 29241874 1] 19037251
[1 12999171 12999171 1] 19549373
[1 15497282 15497282 1] 20277369
[1 1979803 1979803 1] 19847010
[1 27336328 27336328 1] 21627109
[1 19126506 19126506 1] 22675235
[1 12621730 12621730 1] 23157891
[1 27336328 27336328 1] 24931593
[1 24353896 24353896 1] 26432648
[1 21100546 21100546 1] 27654426
[1 4238336 4238336 1] 27417139
[1 25990365 25990365 1] 29058383
[1 10313751 10313751 1] 29344302
[1 26426809 26426809 1] 31064134
[1 29947179 29947179 1] 33048406
[1 19393585 19393585 1] 34165118
[1 27336328 27336328 1] 36070732
[1 4612400 4612400 1] 35871030
[1 4095061 4095061 1] 35626336
[1 13993369 13993369 1] 36234146
[1 4210013 4210013 1] 35997482
[1 9698587 9698587 1] 36280896
[1 6297540 6297540 1] 36220958
[1 13480571 13480571 1] 36775635
[1 25960379 25960379 1] 38440836
[1 2066602 2066602 1] 38018117
[1 27612903 27612903 1] 39818354
[1 19018457 19018457 1] 40857410
[1 260757 260757 1] 40280226
[1 5723059 5723059 1] 40173307
[1 23209442 23209442 1] 41559582
[1 24429690 24429690 1] 43069489
[1 27346620 27346620 1] 44860888
[1 744730 744730 1] 44326999
[1 13108118 13108118 1] 44951601
[1 27905772 27905772 1] 46927416
[1 12890676 12890676 1] 47441505
[1 4210013 4210013 1] 47280619
[1 18777857 18777857 1] 48778975
[1 14872354 14872354 1] 49727744
[1 12276966 12276966 1] 50386360
[1 16956430 16956430 1] 51431449
[1 4612400 4612400 1] 51298945
[1 332872 332872 1] 50733426
[1 10048830 10048830 1] 51318499
[1 16956430 16956430 1] 52593492
[1 13363369 13363369 1] 53430619
[1 27346620 27346620 1] 55478473
[1 11518150 11518150 1] 56036154
[1 19700724 19700724 1] 57377220
[1 14268981 14268981 1] 58113281
[1 19493452 19493452 1] 59418403
[1 20243556 20243556 1] 60854548
[1 2597489 2597489 1] 60524946
[1 8888229 8888229 1] 60790272
[1 18792351 18792351 1] 62208928
[1 29441501 29441501 1] 64529201
[1 26087765 26087765 1] 66646938
[1 5324915 5324915 1] 66538838
[1 2275857 2275857 1] 66145437
[1 27346492 27346492 1] 68077024
[1 1148366 1148366 1] 67591475
[1 20281937 20281937 1] 68877507
[1 16452552 16452552 1] 69789286
[1 11899229 11899229 1] 70274176
[1 3975408 3975408 1] 70032770
[1 6276122 6276122 1] 70003377
[1 794396 794396 1] 69474499
[1 24661238 24661238 1] 71111675
[1 573794 573794 1] 70562855
[1 4210013 4210013 1] 70353405
[1 7231012 7231012 1] 70418911
[1 14639530 14639530 1] 71155610
[1 7322405 7322405 1] 71221834
[1 12255764 12255764 1] 71752089
[1 18703136 18703136 1] 72861420
[1 19641422 19641422 1] 74045453
[1 4238336 4238336 1] 73842805
[1 22670689 22670689 1] 75318925
[1 12067918 12067918 1] 75834693
[1 16956430 16956430 1] 76783343
[1 16987744 16987744 1] 77734454
[1 9512184 9512184 1] 78010433
[1 18295500 18295500 1] 79082630
[1 16206726 16206726 1] 79955447
[1 2755591 2755591 1] 79607431
[1 4612400 4612400 1] 79419747
[1 12469787 12469787 1] 79954213
[1 8338083 8338083 1] 80103036
[1 20388465 20388465 1] 81360709
[1 6939508 6939508 1] 81392289
[1 25228805 25228805 1] 83101332
[1 22278612 22278612 1] 84532641
[1 17127829 17127829 1] 85485551
[1 24887344 24887344 1] 87167289
[1 2035569 2035569 1] 86772032
[1 27755423 27755423 1] 88695063
[1 6898538 6898538 1] 88716838
[1 25960379 25960379 1] 90469681
[1 6473731 6473731 1] 90480332
[1 26811306 26811306 1] 92329276
[1 2755591 2755591 1] 91983880
[1 14248627 14248627 1] 92679274
[1 503466 503466 1] 92124079
[1 19393585 19393585 1] 93287635
[1 8213259 8213259 1] 93432999
[1 24167638 24167638 1] 95048982
[1 21305625 21305625 1] 96393906
[1 24544920 24544920 1] 98040666
[1 13911900 13911900 1] 98700240
[1 20145551 20145551 1] 99958422
[1 19290072 19290072 1] 101113499
[1 17487132 17487132 1] 102102321
[1 7684931 7684931 1] 102195625
[1 21845895 21845895 1] 103577780
[1 7370164 7370164 1] 103654180
[1 23387982 23387982 1] 105181806
[1 1252997 1252997 1] 104696044
[1 2713774 2713774 1] 104343181
[1 6473731 6473731 1] 104376918
[1 17681096 17681096 1] 105399507
[1 17116467 17116467 1] 106371099
[1 6911341 6911341 1] 106391360
[1 23327685 23327685 1] 107920350
[1 16855543 16855543 1] 108883836
[1 7379108 7379108 1] 108969811
[1 18219757 18219757 1] 110027265
[1 7418419 7418419 1] 110103872
[1 23089413 23089413 1] 111633228
[1 25032173 25032173 1] 113345967
[1 29262010 29262010 1] 115414150
[1 28625211 28625211 1] 117432126
[1 7467588 7467588 1] 117523871
[1 12255764 12255764 1] 118059682
[1 6473731 6473731 1] 118047311
[1 20401256 20401256 1] 119356336
[1 7370164 7370164 1] 119425402
[1 21229905 21229905 1] 120776848
[1 15939812 15939812 1] 121631490
[1 16915668 16915668 1] 122575963
[1 27346620 27346620 1] 124489418
[1 4829151 4829151 1] 124332233
[1 15996659 15996659 1] 125184239
[1 27336328 27336328 1] 127083844
[1 9867270 9867270 1] 127385170
[1 19054082 19054082 1] 128524288
[1 15740085 15740085 1] 129357882
[1 26811973 26811973 1] 131204255
[1 73851 73851 1] 130610796
[1 15905386 15905386 1] 131516274
[1 7739300 7739300 1] 131624471
[1 23606043 23606043 1] 133205833
[1 26340714 26340714 1] 135082416
[1 15256191 15256191 1] 135891292
[1 6942591 6942591 1] 135920354
[1 8888229 8888229 1] 136139071
[1 7370164 7370164 1] 136212162
[1 6371156 6371156 1] 136201072
[1 22218005 22218005 1] 137651684
[1 11614770 11614770 1] 138134614
[1 12981777 12981777 1] 138727597
[1 6247256 6247256 1] 138705914
[1 18348143 18348143 1] 139808192
[1 4445885 4445885 1] 139619014
[1 20223206 20223206 1] 140895998
[1 27679568 27679568 1] 142838928
[1 5723059 5723059 1] 142769488
[1 12262755 12262755 1] 143320310
[1 1154260 1154260 1] 142826071
[1 12828203 12828203 1] 143399454
[1 20401256 20401256 1] 144677998
[1 26902022 26902022 1] 146612414
[1 20390869 20390869 1] 147927681
[1 6235190 6235190 1] 147897526
[1 27949909 27949909 1] 149905532
[1 27210499 27210499 1] 151813432
[1 18518809 18518809 1] 152914017
[1 4686249 4686249 1] 152744371
[1 19290072 19290072 1] 153918867
[1 20321649 20321649 1] 155204624
[1 11999755 11999755 1] 155726923
[1 2251747 2251747 1] 155332991
[1 4319530 4319530 1] 155131544
[1 573794 573794 1] 154584522
[1 24549798 24549798 1] 156266765
[1 26086991 26086991 1] 158093767
[1 2713774 2713774 1] 157745134
[1 18012498 18012498 1] 158818237
[1 21294893 21294893 1] 160195868
[1 25519126 25519126 1] 161964479
[1 24613997 24613997 1] 163684939
[1 25209189 25209189 1] 165423078
[1 8703730 8703730 1] 165630426
[1 15032461 15032461 1] 166416982
[1 15740085 15740085 1] 167308288
[1 2026305 2026305 1] 166895192
[1 18388028 18388028 1] 168043970
[1 2266749 2266749 1] 167653635
[1 1308903 1308903 1] 167173679
[1 10697698 10697698 1] 167562212
[1 23571044 23571044 1] 169128742
[1 15132003 15132003 1] 169924646
[1 24806404 24806404 1] 171627091
[1 24887344 24887344 1] 173336666
[1 9908539 9908539 1] 173668308
[1 12895152 12895152 1] 174285515
[1 12282135 12282135 1] 174841603
[1 171693 171693 1] 174257194
[1 7739300 7739300 1] 174383188
[1 4210013 4210013 1] 174198030
[1 15590965 15590965 1] 175040442
[1 10636430 10636430 1] 175429386
[1 2576336 2576336 1] 175071133
[1 9202901 9202901 1] 175334624
[1 19407972 19407972 1] 176542136
[1 12260290 12260290 1] 177072943
[1 21717989 21717989 1] 178496671
[1 11585796 11585796 1] 178990097
[1 13053145 13053145 1] 179595818
[1 27658391 27658391 1] 181605318
[1 12655341 12655341 1] 182216222
[1 10000570 10000570 1] 182543476
[1 1174233 1174233 1] 182052254
[1 10956043 10956043 1] 182466242
[1 20409118 20409118 1] 183766947
[1 16266762 16266762 1] 184712271
[1 5526310 5526310 1] 184631332
[1 22495426 22495426 1] 186107359
[1 9806368 9806368 1] 186418096
[1 24504235 24504235 1] 188091972
[1 16631627 16631627 1] 189027017
[1 7226058 7226058 1] 189096417
[1 10383427 10383427 1] 189453840
[1 25990365 25990365 1] 191280515
[1 503466 503466 1] 190727164
[1 24429690 24429690 1] 192401608
[1 10634995 10634995 1] 192811593
[1 2597489 2597489 1] 192462690
[1 7893530 7893530 1] 192604454
[1 28532291 28532291 1] 194665212
[1 27756971 27756971 1] 196687449
[1 16819081 16819081 1] 197633485
[1 24218594 24218594 1] 199293036
[1 6418628 6418628 1] 199339827
[1 27336328 27336328 1] 201305495
[1 29441501 29441501 1] 203470712
[1 4319530 4319530 1] 203272789
[1 6939508 6939508 1] 203319296
[1 12262755 12262755 1] 203872047
[1 14152275 14152275 1] 204597018
[1 16047642 16047642 1] 205515629
[1 17681096 17681096 1] 206571191
[1 17077889 17077889 1] 207560067
[1 3524567 3524567 1] 207286596
[1 11027285 11027285 1] 207709747
[1 5790418 5790418 1] 207660635
[1 17077889 17077889 1] 208656091
[1 7100238 7100238 1] 208722622
[1 15996659 15996659 1] 209610531
[1 10383427 10383427 1] 209978074
[1 21990784 21990784 1] 211422417
[1 3228459 3228459 1] 211123592
[1 3967638 3967638 1] 210897473
[1 26620484 26620484 1] 212805516
[1 27949909 27949909 1] 214885728
[1 27149315 27149315 1] 216831392
[1 12645730 12645730 1] 217411448
[1 23665124 23665124 1] 219013721
[1 18219757 18219757 1] 220134224
[1 7211389 7211389 1] 220216805
[1 23631234 23631234 1] 221828547
[1 25933682 25933682 1] 223649941
[1 13160359 13160359 1] 224277487
[1 29110700 29110700 1] 226399663
[1 4612400 4612400 1] 226231319
[1 20668364 20668364 1] 227578467
[1 20228795 20228795 1] 228893352
[1 23319848 23319848 1] 230515901
[1 18217463 18217463 1] 231646989
[1 12539391 12539391 1] 232223575
[1 25745792 25745792 1] 234059875
[1 7355116 7355116 1] 234178896
[1 12796158 12796158 1] 234795203
[1 20631492 20631492 1] 236178399
[1 4462952 4462952 1] 235998904
[1 11035022 11035022 1] 236432535
[1 18393741 18393741 1] 237557680
[1 3614031 3614031 1] 237295964
[1 5035326 5035326 1] 237165924
[1 24187517 24187517 1] 238847963
[1 21305625 21305625 1] 240253938
[1 27746140 27746140 1] 242285620
[1 3785405 3785405 1] 242043621
[1 28974581 28974581 1] 244174736
[1 2026305 2026305 1] 243765815
[1 15539863 15539863 1] 244684901
[1 4612400 4612400 1] 244519359
[1 22692686 22692686 1] 246109350
[1 18299905 18299905 1] 247258789
[1 5433484 5433484 1] 247174677
[1 27149315 27149315 1] 249119855
[1 15889745 15889745 1] 250007589
[1 18469912 18469912 1] 251140081
[1 8663951 8663951 1] 251382342
[1 29777561 29777561 1] 253565058
[1 16047642 16047642 1] 254475774
[1 12740050 12740050 1] 255074081
[1 6588712 6588712 1] 255087176
[1 4238336 4238336 1] 254884223
[1 16077376 16077376 1] 255797496
[1 29593615 29593615 1] 257989125
[1 9343769 9343769 1] 258267802
[1 19544919 19544919 1] 259514129
[1 6898538 6898538 1] 259582338
[1 27876983 27876983 1] 261594439
[1 8888229 8888229 1] 261830503
[1 14311575 14311575 1] 262572325
[1 11186594 11186594 1] 263035093
[1 13550254 13550254 1] 263740215
[1 8803075 8803075 1] 263959872
[1 7739300 7739300 1] 264086902
[1 15138378 15138378 1] 264920035
[1 24415776 24415776 1] 266645238
[1 12032920 12032920 1] 267196162
[1 10048830 10048830 1] 267544042
[1 16011018 16011018 1] 268465627
[1 24760236 24760236 1] 270237297
[1 7745692 7745692 1] 270376087
[1 22423944 22423944 1] 271897244
[1 4666329 4666329 1] 271738121
[1 20449292 20449292 1] 273072850
[1 4238336 4238336 1] 272874716
[1 13550254 13550254 1] 273560732
[1 2575056 2575056 1] 273208176
[1 2963859 2963859 1] 272891225
[1 8714905 8714905 1] 273113781
[1 20372662 20372662 1] 274535977
[1 3689686 3689686 1] 274287148
[1 10613074 10613074 1] 274698557
[1 8338083 8338083 1] 274898411
[1 12276966 12276966 1] 275466971
[1 12336504 12336504 1] 276046250
[1 29639007 29639007 1] 278288151
[1 5414640 5414640 1] 278200221
[1 7721121 7721121 1] 278342211
[1 24880227 24880227 1] 280108225
[1 10387678 10387678 1] 280501385
[1 27963982 27963982 1] 282561394
[1 14887561 14887561 1] 283374473
[1 127956 127956 1] 282786688
[1 24433519 24433519 1] 284517394
[1 11035022 11035022 1] 284966262
[1 10245197 10245197 1] 285331629
[1 24627322 24627322 1] 287099929
[1 22994985 22994985 1] 288692170
[1 23794428 23794428 1] 290349644
[1 22152041 22152041 1] 291858680
[1 22970073 22970073 1] 293445254
[1 21245831 21245831 1] 294867306
[1 26370348 26370348 1] 296765870
[1 20982031 20982031 1] 298170512
[1 9653715 9653715 1] 298495761
[1 18057523 18057523 1] 299616017
[1 18626925 18626925 1] 300822201
[1 3189436 3189436 1] 300523747
[1 15829205 15829205 1] 301454192
[1 22630444 22630444 1] 303102362
[1 24945487 24945487 1] 304903521
[1 26684279 26684279 1] 306863741
[1 6250263 6250263 1] 306856754
[1 14989684 14989684 1] 307685574
[1 21539849 21539849 1] 309145017
[1 1208325 1208325 1] 308661314
[1 11449123 11449123 1] 309165967
[1 7927336 7927336 1] 309337576
[1 3937458 3937458 1] 309112620
[1 24102748 24102748 1] 310848296
[1 25311777 25311777 1] 312699257
[1 3725219 3725219 1] 312454863
[1 19290072 19290072 1] 313735357
[1 15209934 15209934 1] 314579401
[1 10313751 10313751 1] 314966325
[1 2862807 2862807 1] 314640946
[1 5748721 5748721 1] 314595689
[1 9121309 9121309 1] 314871093
[1 1742699 1742699 1] 314437127
[1 7076377 7076377 1] 314511306
[1 1252716 1252716 1] 314030187
[1 2825172 2825172 1] 313699622
[1 25771560 25771560 1] 315615630
[1 17077889 17077889 1] 316746316
[1 2597489 2597489 1] 316377840
[1 22278612 22278612 1] 317898252
[1 24429690 24429690 1] 319702578
[1 24429690 24429690 1] 321424991
[1 1489115 1489115 1] 320966940
[1 15405990 15405990 1] 321837509
[1 2028068 2028068 1] 321431410
[1 25575224 25575224 1] 323269479
[1 332232 332232 1] 322701038
[1 2292123 2292123 1] 322321015
[1 11323876 11323876 1] 322809292
[1 20390180 20390180 1] 324181972
[1 25202255 25202255 1] 325980961
[1 20311132 20311132 1] 327342440
[1 12621730 12621730 1] 327938988
[1 3199182 3199182 1] 327642299
[1 10554604 10554604 1] 328051874
[1 2755591 2755591 1] 327715367
[1 23590182 23590182 1] 329379597
[1 29359416 29359416 1] 331579914
[1 21768826 21768826 1] 333064051
[1 27336328 27336328 1] 335076390
[1 15550552 15550552 1] 335972704
[1 14090033 14090033 1] 336729391
[1 21443182 21443182 1] 338279157
[1 12262755 12262755 1] 338844197
[1 3299709 3299709 1] 338557675
[1 27860000 27860000 1] 340623581
[1 9112298 9112298 1] 340888614
[1 19475777 19475777 1] 342154128
[1 19068978 19068978 1] 343404342
[1 27755423 27755423 1] 345465618
[1 16723383 16723383 1] 346468823
[1 9544267 9544267 1] 346789065
[1 10508861 10508861 1] 347240974
[1 17909212 17909212 1] 348372647
[1 23669087 23669087 1] 350028640
[1 8590931 8590931 1] 350252185
[1 794584 794584 1] 349728812
[1 27149315 27149315 1] 351745861
[1 6473731 6473731 1] 351766761
[1 20037526 20037526 1] 353108574
[1 1538840 1538840 1] 352655790
[1 5897491 5897491 1] 352621784
[1 1101361 1101361 1] 352126760
[1 15138378 15138378 1] 352973540
[1 13080929 13080929 1] 353623812
[1 14826622 14826622 1] 354447391
[1 14248627 14248627 1] 355229468
[1 22634226 22634226 1] 356822671
[1 18792351 18792351 1] 358035585
[1 6220854 6220854 1] 358039413
[1 27149315 27149315 1] 360070923
[1 13712351 13712351 1] 360788146
[1 20009098 20009098 1] 362121064
[1 7689127 7689127 1] 362265412
[1 14522072 14522072 1] 363067146
[1 26533150 26533150 1] 365027921
[1 12999171 12999171 1] 365674541
[1 9228399 9228399 1] 365955532
[1 22836611 22836611 1] 367539718
[1 1928578 1928578 1] 367124673
[1 8498977 8498977 1] 367341207
[1 754553 754553 1] 366812968
[1 11126088 11126088 1] 367281664
[1 23360100 23360100 1] 368963846
[1 16448567 16448567 1] 369975064
[1 6377018 6377018 1] 369982436
[1 14392736 14392736 1] 370820312
[1 26491299 26491299 1] 372761169
[1 6453196 6453196 1] 372780791
[1 6055806 6055806 1] 372762644
[1 14423429 14423429 1] 373562240
[1 19552529 19552529 1] 374886633
[1 24760236 24760236 1] 376672983
[1 24322198 24322198 1] 378414265
[1 9289673 9289673 1] 378709278
[1 28806446 28806446 1] 380887834
[1 12796158 12796158 1] 381540330
[1 2238284 2238284 1] 381161066
[1 7370164 7370164 1] 381267997
[1 3565422 3565422 1] 381013170

Results: 100.00 188135650

Standard Error: 4.97169e+06
Mean Waiting Time: 1.88136e+08
Statistics for REP_PROB_PERCENT: 20

----------------------------------------
Running client with REP_PROB_PERCENT: 40
**********************************
DTU - OS Challenge - Client v0.20
**********************************
Total requests: 500
Start: 1
Difficulty: 30000000
Repetition probability (%): 40
Request delay (us): 600000
Priority disabled

[1 6930887 6930887 1] 658334
[1 4636916 4636916 1] 503959
[1 4238336 4238336 1] 403426
[1 29760493 29760493 1] 2859603
[1 19641422 19641422 1] 4151061
[1 490028 490028 1] 3597652
[1 22520060 22520060 1] 5226478
[1 17513927 17513927 1] 6324107
[1 4238336 4238336 1] 6138346
[1 13455737 13455737 1] 6854353
[1 4238336 4238336 1] 6663482
[1 16956430 16956430 1] 7699680
[1 21021531 21021531 1] 9130934
[1 23665124 23665124 1] 10926003
[1 18703136 18703136 1] 12126008
[1 21021531 21021531 1] 13563269
[1 4238336 4238336 1] 13375466
[1 15898168 15898168 1] 14317892
[1 19018457 19018457 1] 15553695
[1 4238336 4238336 1] 15364461
[1 23665124 23665124 1] 17085529
[1 18703136 18703136 1] 18302757
[1 6898538 6898538 1] 18367441
[1 23594325 23594325 1] 20062079
[1 19018457 19018457 1] 21343725
[1 4636916 4636916 1] 21191977
[1 14268981 14268981 1] 21990182
[1 29241874 29241874 1] 24265294
[1 12999171 12999171 1] 24935871
[1 15497282 15497282 1] 25828246
[1 21021531 21021531 1] 27253281
[1 27336328 27336328 1] 29296263
[1 13455737 13455737 1] 30002104
[1 12621730 12621730 1] 30620170
[1 27336328 27336328 1] 32646254
[1 4238336 4238336 1] 32450364
[1 21100546 21100546 1] 33889995
[1 4238336 4238336 1] 33696437
[1 23665124 23665124 1] 35380893
[1 10313751 10313751 1] 35773767
[1 26426809 26426809 1] 37721796
[1 29947179 29947179 1] 40020493
[1 19393585 19393585 1] 41291621
[1 27336328 27336328 1] 43344633
[1 4612400 4612400 1] 43189679
[1 21021531 21021531 1] 44618161
[1 13993369 13993369 1] 45370162
[1 18703136 18703136 1] 46580430
[1 19393585 19393585 1] 47867311
[1 6297540 6297540 1] 47881026
[1 13480571 13480571 1] 48576774
[1 17513927 17513927 1] 49669229
[1 2066602 2066602 1] 49268617
[1 27612903 27612903 1] 51346090
[1 19018457 19018457 1] 52581940
[1 260757 260757 1] 52006890
[1 4238336 4238336 1] 51814609
[1 23209442 23209442 1] 53467789
[1 24429690 24429690 1] 55229211
[1 27346620 27346620 1] 57276507
[1 13455737 13455737 1] 57987907
[1 23665124 23665124 1] 59682902
[1 27905772 27905772 1] 61811546
[1 12890676 12890676 1] 62509000
[1 18703136 18703136 1] 63720726
[1 18777857 18777857 1] 64941758
[1 14872354 14872354 1] 65802266
[1 12276966 12276966 1] 66391648
[1 16956430 16956430 1] 67434985
[1 4612400 4612400 1] 67280673
[1 27336328 27336328 1] 69391821
[1 4612400 4612400 1] 69236485
[1 16956430 16956430 1] 70279254
[1 13363369 13363369 1] 70968726
[1 27346620 27346620 1] 73034343
[1 19018457 19018457 1] 74285319
[1 19700724 19700724 1] 75600362
[1 14268981 14268981 1] 76399552
[1 19493452 19493452 1] 77696064
[1 19493452 19493452 1] 78990594
[1 2597489 2597489 1] 78641989
[1 8888229 8888229 1] 78906310
[1 18792351 18792351 1] 80135865
[1 29441501 29441501 1] 82405630
[1 4238336 4238336 1] 82218199
[1 19493452 19493452 1] 83509587
[1 2275857 2275857 1] 83132076
[1 27346492 27346492 1] 85192914
[1 23665124 23665124 1] 86901247
[1 20281937 20281937 1] 88288621
[1 16956430 16956430 1] 89330823
[1 29241874 29241874 1] 91570905
[1 3975408 3975408 1] 91352743
[1 6276122 6276122 1] 91370621
[1 794396 794396 1] 90847887
[1 13455737 13455737 1] 91563917
[1 4636916 4636916 1] 91414754
[1 18703136 18703136 1] 92640406
[1 7231012 7231012 1] 92746107
[1 16956430 16956430 1] 93793262
[1 7322405 7322405 1] 93900730
[1 12255764 12255764 1] 94485055
[1 18703136 18703136 1] 95699053
[1 19641422 19641422 1] 97018772
[1 4238336 4238336 1] 96850995
[1 19018457 19018457 1] 98253495
[1 12067918 12067918 1] 98831603
[1 16956430 16956430 1] 99872383
[1 10313751 10313751 1] 100280086
[1 9512184 9512184 1] 100603473
[1 18295500 18295500 1] 101844486
[1 16206726 16206726 1] 102832446
[1 2755591 2755591 1] 102503570
[1 4612400 4612400 1] 102354955
[1 12469787 12469787 1] 102978764
[1 8338083 8338083 1] 103189217
[1 20388465 20388465 1] 104586488
[1 6939508 6939508 1] 104662028
[1 25228805 25228805 1] 106538051
[1 22278612 22278612 1] 108109135
[1 10313751 10313751 1] 108518809
[1 24887344 24887344 1] 110443683
[1 2035569 2035569 1] 110044278
[1 23665124 23665124 1] 111754554
[1 6898538 6898538 1] 111827378
[1 17513927 17513927 1] 112932632
[1 6473731 6473731 1] 112968596
[1 26811306 26811306 1] 115047001
[1 2755591 2755591 1] 114731785
[1 14248627 14248627 1] 115512768
[1 21021531 21021531 1] 116829474
[1 19393585 19393585 1] 117995290
[1 8213259 8213259 1] 118143835
[1 2755591 2755591 1] 117794980
[1 21305625 21305625 1] 119137921
[1 18703136 18703136 1] 120246713
[1 13911900 13911900 1] 120916131
[1 20145551 20145551 1] 122158580
[1 19290072 19290072 1] 123322489
[1 17487132 17487132 1] 124338030
[1 7684931 7684931 1] 124438477
[1 27905772 27905772 1] 126384158
[1 7370164 7370164 1] 126469659
[1 23387982 23387982 1] 128022294
[1 1252997 1252997 1] 127536242
[1 2713774 2713774 1] 127187369
[1 6473731 6473731 1] 127176996
[1 17681096 17681096 1] 128195445
[1 794396 794396 1] 127672158
[1 6911341 6911341 1] 127725317
[1 23327685 23327685 1] 129256041
[1 16855543 16855543 1] 130232404
[1 29760493 29760493 1] 132391868
[1 18219757 18219757 1] 133447239
[1 7418419 7418419 1] 133522292
[1 23089413 23089413 1] 135052658
[1 25032173 25032173 1] 136771831
[1 29262010 29262010 1] 138852151
[1 7418419 7418419 1] 138927582
[1 7467588 7467588 1] 139006981
[1 12255764 12255764 1] 139524333
[1 6473731 6473731 1] 139515400
[1 4636916 4636916 1] 139340955
[1 7370164 7370164 1] 139432957
[1 13455737 13455737 1] 140064941
[1 16855543 16855543 1] 141001762
[1 27612903 27612903 1] 142923966
[1 27346620 27346620 1] 144860621
[1 18703136 18703136 1] 145969503
[1 15996659 15996659 1] 146836313
[1 27336328 27336328 1] 148751375
[1 19393585 19393585 1] 149930835
[1 19054082 19054082 1] 151090309
[1 16956430 16956430 1] 152035613
[1 26811973 26811973 1] 153901879
[1 73851 73851 1] 153308614
[1 15996659 15996659 1] 154186668
[1 2755591 2755591 1] 153837210
[1 7231012 7231012 1] 153895419
[1 26340714 26340714 1] 155715786
[1 15256191 15256191 1] 156513096
[1 23327685 23327685 1] 158054292
[1 8888229 8888229 1] 158277138
[1 7370164 7370164 1] 158347886
[1 27346620 27346620 1] 160241561
[1 22218005 22218005 1] 161672026
[1 11614770 11614770 1] 162132523
[1 12981777 12981777 1] 162725002
[1 6247256 6247256 1] 162696136
[1 18348143 18348143 1] 163778415
[1 4445885 4445885 1] 163582799
[1 20223206 20223206 1] 164836028
[1 19493452 19493452 1] 166084822
[1 4238336 4238336 1] 165882701
[1 12262755 12262755 1] 166404654
[1 16956430 16956430 1] 167446470
[1 12828203 12828203 1] 168582856
[1 4636916 4636916 1] 168438017
[1 26902022 26902022 1] 170379859
[1 20390869 20390869 1] 171811543
[1 18348143 18348143 1] 172930560
[1 27949909 27949909 1] 174923363
[1 27210499 27210499 1] 176855110
[1 7231012 7231012 1] 176922208
[1 4686249 4686249 1] 176752456
[1 19290072 19290072 1] 178160194
[1 21021531 21021531 1] 179513310
[1 11999755 11999755 1] 180046925
[1 2251747 2251747 1] 179658423
[1 4319530 4319530 1] 179466867
[1 4636916 4636916 1] 179301307
[1 24549798 24549798 1] 181060109
[1 26086991 26086991 1] 182899520
[1 2713774 2713774 1] 182554493
[1 18012498 18012498 1] 183619994
[1 21294893 21294893 1] 184994012
[1 25519126 25519126 1] 186778513
[1 24613997 24613997 1] 188485960
[1 25209189 25209189 1] 190236701
[1 8703730 8703730 1] 190445197
[1 15256191 15256191 1] 191276396
[1 16956430 16956430 1] 192261054
[1 2026305 2026305 1] 191845122
[1 8338083 8338083 1] 192009232
[1 2266749 2266749 1] 191615016
[1 1308903 1308903 1] 191136840
[1 10697698 10697698 1] 191538446
[1 23571044 23571044 1] 193153570
[1 4238336 4238336 1] 192957913
[1 19393585 19393585 1] 194150256
[1 24887344 24887344 1] 195865764
[1 9908539 9908539 1] 196176404
[1 12895152 12895152 1] 196756012
[1 26086991 26086991 1] 198601224
[1 6473731 6473731 1] 198599697
[1 2755591 2755591 1] 198255690
[1 18703136 18703136 1] 199453260
[1 15590965 15590965 1] 200303492
[1 10636430 10636430 1] 200685158
[1 2576336 2576336 1] 200325427
[1 9202901 9202901 1] 200583734
[1 29241874 29241874 1] 202732961
[1 12260290 12260290 1] 203269543
[1 21717989 21717989 1] 204740455
[1 11585796 11585796 1] 205217941
[1 13053145 13053145 1] 205836457
[1 6898538 6898538 1] 205881090
[1 12655341 12655341 1] 206463125
[1 10000570 10000570 1] 206797568
[1 18703136 18703136 1] 207953916
[1 10956043 10956043 1] 208365888
[1 20409118 20409118 1] 209657231
[1 6911341 6911341 1] 209699100
[1 5526310 5526310 1] 209613562
[1 22495426 22495426 1] 211098741
[1 9806368 9806368 1] 211406930
[1 24504235 24504235 1] 213098438
[1 16631627 16631627 1] 214032652
[1 13053145 13053145 1] 214651157
[1 4238336 4238336 1] 214448124
[1 23665124 23665124 1] 216051116
[1 21021531 21021531 1] 217406700
[1 24429690 24429690 1] 219067916
[1 21021531 21021531 1] 220425976
[1 2597489 2597489 1] 220067821
[1 7893530 7893530 1] 220203339
[1 28532291 28532291 1] 222245630
[1 27756971 27756971 1] 224200908
[1 16819081 16819081 1] 225160509
[1 21021531 21021531 1] 226528425
[1 6418628 6418628 1] 226528687
[1 27336328 27336328 1] 228458372
[1 29441501 29441501 1] 230598817
[1 4319530 4319530 1] 230401387
[1 6939508 6939508 1] 230450140
[1 12262755 12262755 1] 230985076
[1 14152275 14152275 1] 231706758
[1 16047642 16047642 1] 232612687
[1 17681096 17681096 1] 233684603
[1 17077889 17077889 1] 234680659
[1 27612903 27612903 1] 236634353
[1 11027285 11027285 1] 237060247
[1 5790418 5790418 1] 237002050
[1 17077889 17077889 1] 237997866
[1 7100238 7100238 1] 238063608
[1 15996659 15996659 1] 239085305
[1 4238336 4238336 1] 238887428
[1 21990784 21990784 1] 240325642
[1 3228459 3228459 1] 240023747
[1 3967638 3967638 1] 239790501
[1 26620484 26620484 1] 241648157
[1 27949909 27949909 1] 243687047
[1 27149315 27149315 1] 245640790
[1 12645730 12645730 1] 246220770
[1 23665124 23665124 1] 247844641
[1 18219757 18219757 1] 249180684
[1 21021531 21021531 1] 250548471
[1 23631234 23631234 1] 252149117
[1 25933682 25933682 1] 254035513
[1 13160359 13160359 1] 254662358
[1 29110700 29110700 1] 256779241
[1 4612400 4612400 1] 256613573
[1 20668364 20668364 1] 258006080
[1 6898538 6898538 1] 258049214
[1 23319848 23319848 1] 259631788
[1 4238336 4238336 1] 259428938
[1 12539391 12539391 1] 260012152
[1 25745792 25745792 1] 261838328
[1 7355116 7355116 1] 261930511
[1 2755591 2755591 1] 261597158
[1 20631492 20631492 1] 262941628
[1 4462952 4462952 1] 262759711
[1 23665124 23665124 1] 264374289
[1 18703136 18703136 1] 265529771
[1 3614031 3614031 1] 265269613
[1 5035326 5035326 1] 265166137
[1 24187517 24187517 1] 266856154
[1 21305625 21305625 1] 268278769
[1 17077889 17077889 1] 269281809
[1 3785405 3785405 1] 269048801
[1 15256191 15256191 1] 269903168
[1 2026305 2026305 1] 269491409
[1 15539863 15539863 1] 270340020
[1 4612400 4612400 1] 270172898
[1 22692686 22692686 1] 271706461
[1 17077889 17077889 1] 272746529
[1 5433484 5433484 1] 272658175
[1 27149315 27149315 1] 274634816
[1 15889745 15889745 1] 275524258
[1 18469912 18469912 1] 276658719
[1 27612903 27612903 1] 278641703
[1 19290072 19290072 1] 279859312
[1 16047642 16047642 1] 280760582
[1 12740050 12740050 1] 281353549
[1 6588712 6588712 1] 281371061
[1 4238336 4238336 1] 281168851
[1 16077376 16077376 1] 282144268
[1 29593615 29593615 1] 284335910
[1 9343769 9343769 1] 284619558
[1 19544919 19544919 1] 285862108
[1 6898538 6898538 1] 285907816
[1 13455737 13455737 1] 286564331
[1 8888229 8888229 1] 286791399
[1 14311575 14311575 1] 287531993
[1 14248627 14248627 1] 288266197
[1 13550254 13550254 1] 288936057
[1 8803075 8803075 1] 289152936
[1 2755591 2755591 1] 288808822
[1 15138378 15138378 1] 289627688
[1 24415776 24415776 1] 291305405
[1 12032920 12032920 1] 291830828
[1 4612400 4612400 1] 291665014
[1 16011018 16011018 1] 292573586
[1 24760236 24760236 1] 294309211
[1 2755591 2755591 1] 293971171
[1 22423944 22423944 1] 295491983
[1 4666329 4666329 1] 295336249
[1 4238336 4238336 1] 295137452
[1 4238336 4238336 1] 294938251
[1 13550254 13550254 1] 295619622
[1 2575056 2575056 1] 295262137
[1 2963859 2963859 1] 294940730
[1 4636916 4636916 1] 294773192
[1 20372662 20372662 1] 296090694
[1 23631234 23631234 1] 297706496
[1 10613074 10613074 1] 298103366
[1 8338083 8338083 1] 298293210
[1 12276966 12276966 1] 298851425
[1 12336504 12336504 1] 299412777
[1 29639007 29639007 1] 301644510
[1 5414640 5414640 1] 301551052
[1 7721121 7721121 1] 301678232
[1 24880227 24880227 1] 303412960
[1 10387678 10387678 1] 303788746
[1 27963982 27963982 1] 305855101
[1 14887561 14887561 1] 306653052
[1 17487132 17487132 1] 307692109
[1 24433519 24433519 1] 309383727
[1 23665124 23665124 1] 311008380
[1 18295500 18295500 1] 312129859
[1 24627322 24627322 1] 313839795
[1 22994985 22994985 1] 315396835
[1 23794428 23794428 1] 317030309
[1 19018457 19018457 1] 318216140
[1 22970073 22970073 1] 319780043
[1 21245831 21245831 1] 321172931
[1 26370348 26370348 1] 323039302
[1 20982031 20982031 1] 324404768
[1 9653715 9653715 1] 324709715
[1 18057523 18057523 1] 325810277
[1 18626925 18626925 1] 326959999
[1 3189436 3189436 1] 326659807
[1 21021531 21021531 1] 328088621
[1 22630444 22630444 1] 329619346
[1 24945487 24945487 1] 331385460
[1 16956430 16956430 1] 332384890
[1 6250263 6250263 1] 332382393
[1 14989684 14989684 1] 333202832
[1 21539849 21539849 1] 334644915
[1 7418419 7418419 1] 334744125
[1 11449123 11449123 1] 335218829
[1 7927336 7927336 1] 335367382
[1 23089413 23089413 1] 336978375
[1 24102748 24102748 1] 338647595
[1 25311777 25311777 1] 340460151
[1 3725219 3725219 1] 340210846
[1 19290072 19290072 1] 341429287
[1 15209934 15209934 1] 342259858
[1 10313751 10313751 1] 342632789
[1 18703136 18703136 1] 343804689
[1 5748721 5748721 1] 343745833
[1 9121309 9121309 1] 344009414
[1 18295500 18295500 1] 345137297
[1 7076377 7076377 1] 345203926
[1 1252716 1252716 1] 344721555
[1 2825172 2825172 1] 344388196
[1 25771560 25771560 1] 346208454
[1 17077889 17077889 1] 347216642
[1 2597489 2597489 1] 346865267
[1 22278612 22278612 1] 348364281
[1 24429690 24429690 1] 350054327
[1 24429690 24429690 1] 351757171
[1 1489115 1489115 1] 351296794
[1 27612903 27612903 1] 353298516
[1 22423944 22423944 1] 354906012
[1 25575224 25575224 1] 356718819
[1 332232 332232 1] 356149961
[1 29639007 29639007 1] 358338697
[1 11323876 11323876 1] 358803366
[1 20390180 20390180 1] 360122997
[1 25202255 25202255 1] 361899452
[1 20311132 20311132 1] 363206474
[1 12621730 12621730 1] 363790234
[1 3199182 3199182 1] 363491221
[1 10554604 10554604 1] 363879975
[1 2755591 2755591 1] 363539133
[1 23590182 23590182 1] 365158972
[1 29359416 29359416 1] 367339186
[1 21768826 21768826 1] 368795236
[1 27336328 27336328 1] 370762239
[1 15550552 15550552 1] 371623762
[1 14090033 14090033 1] 372347637
[1 23387982 23387982 1] 373943272
[1 12262755 12262755 1] 374497649
[1 3299709 3299709 1] 374209950
[1 27860000 27860000 1] 376261358
[1 9112298 9112298 1] 376515277
[1 19475777 19475777 1] 377748188
[1 19068978 19068978 1] 378955581
[1 23665124 23665124 1] 380608946
[1 16047642 16047642 1] 381533049
[1 19054082 19054082 1] 382730104
[1 10508861 10508861 1] 383122513
[1 17909212 17909212 1] 384210930
[1 23669087 23669087 1] 385850276
[1 8590931 8590931 1] 386058235
[1 794584 794584 1] 385533627
[1 27149315 27149315 1] 387490727
[1 6473731 6473731 1] 387503440
[1 20037526 20037526 1] 388798768
[1 22278612 22278612 1] 390302026
[1 21305625 21305625 1] 391706050
[1 21021531 21021531 1] 393096771
[1 15138378 15138378 1] 393922340
[1 18703136 18703136 1] 395078479
[1 14826622 14826622 1] 395872503
[1 14248627 14248627 1] 396604947
[1 22634226 22634226 1] 398136525
[1 18792351 18792351 1] 399320306
[1 2755591 2755591 1] 398979719
[1 27149315 27149315 1] 400961644
[1 13712351 13712351 1] 401653436
[1 20009098 20009098 1] 402936775
[1 6588712 6588712 1] 402958753
[1 14522072 14522072 1] 403730287
[1 26533150 26533150 1] 405637423
[1 12999171 12999171 1] 406261838
[1 15256191 15256191 1] 407104511
[1 22836611 22836611 1] 408665505
[1 1928578 1928578 1] 408246786
[1 8498977 8498977 1] 408449820
[1 754553 754553 1] 407921330
[1 4238336 4238336 1] 407741508
[1 23360100 23360100 1] 409354149
[1 16448567 16448567 1] 410307428
[1 6377018 6377018 1] 410358405
[1 14392736 14392736 1] 411108869
[1 26491299 26491299 1] 412990462
[1 6453196 6453196 1] 412995324
[1 6055806 6055806 1] 412965190
[1 14423429 14423429 1] 413721687
[1 19552529 19552529 1] 415039405
[1 24760236 24760236 1] 416781215
[1 24322198 24322198 1] 418471106
[1 9289673 9289673 1] 418743393
[1 28806446 28806446 1] 420857838
[1 2755591 2755591 1] 420517492
[1 2238284 2238284 1] 420128302
[1 7370164 7370164 1] 420226281
[1 3565422 3565422 1] 419963376

Results: 100.00 212338255

Standard Error: 5.32578e+06
Mean Waiting Time: 2.12338e+08
Statistics for REP_PROB_PERCENT: 40

----------------------------------------
Running client with REP_PROB_PERCENT: 60
**********************************
DTU - OS Challenge - Client v0.20
**********************************
Total requests: 500
Start: 1
Difficulty: 30000000
Repetition probability (%): 60
Request delay (us): 600000
Priority disabled

[1 6930887 6930887 1] 645321
[1 4636916 4636916 1] 483861
[1 4238336 4238336 1] 399823
[1 29760493 29760493 1] 2800654
[1 4636916 4636916 1] 2639997
[1 490028 490028 1] 2086233
[1 22520060 22520060 1] 3621649
[1 17513927 17513927 1] 4678343
[1 4238336 4238336 1] 4479747
[1 13455737 13455737 1] 5151475
[1 4238336 4238336 1] 4959778
[1 16956430 16956430 1] 5962944
[1 21021531 21021531 1] 7335681
[1 23665124 23665124 1] 8963963
[1 18703136 18703136 1] 10133308
[1 21021531 21021531 1] 11528766
[1 4238336 4238336 1] 11327755
[1 15898168 15898168 1] 12225152
[1 19018457 19018457 1] 13409673
[1 4238336 4238336 1] 13210108
[1 23665124 23665124 1] 14845358
[1 18703136 18703136 1] 16010086
[1 6898538 6898538 1] 16059736
[1 23594325 23594325 1] 17681989
[1 19018457 19018457 1] 18878501
[1 4636916 4636916 1] 18715753
[1 14268981 14268981 1] 19458304
[1 6930887 6930887 1] 19515921
[1 12999171 12999171 1] 20141847
[1 15497282 15497282 1] 21003439
[1 21021531 21021531 1] 22418193
[1 27336328 27336328 1] 24391612
[1 13455737 13455737 1] 25056616
[1 19018457 19018457 1] 26256614
[1 27336328 27336328 1] 28256016
[1 4238336 4238336 1] 28054364
[1 21100546 21100546 1] 29448897
[1 4238336 4238336 1] 29253176
[1 23665124 23665124 1] 30897726
[1 18703136 18703136 1] 32071250
[1 26426809 26426809 1] 33962170
[1 29947179 29947179 1] 36172153
[1 19393585 19393585 1] 37464828
[1 27336328 27336328 1] 39447458
[1 17513927 17513927 1] 40496057
[1 21021531 21021531 1] 41885264
[1 13993369 13993369 1] 42606179
[1 18703136 18703136 1] 43770707
[1 19393585 19393585 1] 44997578
[1 6297540 6297540 1] 44988569
[1 13480571 13480571 1] 45652664
[1 17513927 17513927 1] 46703626
[1 2066602 2066602 1] 46297827
[1 27612903 27612903 1] 48298182
[1 19018457 19018457 1] 49496639
[1 4636916 4636916 1] 49335098
[1 4238336 4238336 1] 49134852
[1 23209442 23209442 1] 50751022
[1 24429690 24429690 1] 52469126
[1 27612903 27612903 1] 54489902
[1 13455737 13455737 1] 55161807
[1 23665124 23665124 1] 56806421
[1 27905772 27905772 1] 58873904
[1 12890676 12890676 1] 59501162
[1 18703136 18703136 1] 60673004
[1 18777857 18777857 1] 61874618
[1 14872354 14872354 1] 62673388
[1 12276966 12276966 1] 63227649
[1 16956430 16956430 1] 64221669
[1 17513927 17513927 1] 65272950
[1 27336328 27336328 1] 67279936
[1 17513927 17513927 1] 68333076
[1 16956430 16956430 1] 69326258
[1 13363369 13363369 1] 69982873
[1 27612903 27612903 1] 71995721
[1 19018457 19018457 1] 73197641
[1 19700724 19700724 1] 74460865
[1 14268981 14268981 1] 75209081
[1 19018457 19018457 1] 76401221
[1 19018457 19018457 1] 77592443
[1 2597489 2597489 1] 77237018
[1 8888229 8888229 1] 77474098
[1 19018457 19018457 1] 78688270
[1 29441501 29441501 1] 80858448
[1 4238336 4238336 1] 80654158
[1 19018457 19018457 1] 81841937
[1 2275857 2275857 1] 81455702
[1 21021531 21021531 1] 82842208
[1 23665124 23665124 1] 84490286
[1 18703136 18703136 1] 85657168
[1 16956430 16956430 1] 86652662
[1 6930887 6930887 1] 86705240
[1 3975408 3975408 1] 86480447
[1 6276122 6276122 1] 86475532
[1 21021531 21021531 1] 87862436
[1 13455737 13455737 1] 88536294
[1 4636916 4636916 1] 88372480
[1 18703136 18703136 1] 89553618
[1 21021531 21021531 1] 90982038
[1 16956430 16956430 1] 91977565
[1 7322405 7322405 1] 92068127
[1 26426809 26426809 1] 93949629
[1 18703136 18703136 1] 95097047
[1 4636916 4636916 1] 94946967
[1 4238336 4238336 1] 94745713
[1 19018457 19018457 1] 95938309
[1 12067918 12067918 1] 96501284
[1 16956430 16956430 1] 97517068
[1 18703136 18703136 1] 98675776
[1 9512184 9512184 1] 98986908
[1 18295500 18295500 1] 100116915
[1 16206726 16206726 1] 101067709
[1 22520060 22520060 1] 102598743
[1 17513927 17513927 1] 103649135
[1 19700724 19700724 1] 104907793
[1 8338083 8338083 1] 105091632
[1 6930887 6930887 1] 105141567
[1 6939508 6939508 1] 105198958
[1 27905772 27905772 1] 107237429
[1 19018457 19018457 1] 108427976
[1 18703136 18703136 1] 109599435
[1 24887344 24887344 1] 111347529
[1 21100546 21100546 1] 112729040
[1 23665124 23665124 1] 114428121
[1 6898538 6898538 1] 114484540
[1 17513927 17513927 1] 115548747
[1 6473731 6473731 1] 115561254
[1 26811306 26811306 1] 117493979
[1 22520060 22520060 1] 119224662
[1 19018457 19018457 1] 120792858
[1 21021531 21021531 1] 122707126
[1 19393585 19393585 1] 124303574
[1 8213259 8213259 1] 124590822
[1 22520060 22520060 1] 126548905
[1 21305625 21305625 1] 128427903
[1 18703136 18703136 1] 129938168
[1 4238336 4238336 1] 129810942
[1 20145551 20145551 1] 131437960
[1 19290072 19290072 1] 133028272
[1 17487132 17487132 1] 134286774
[1 7684931 7684931 1] 134504952
[1 27905772 27905772 1] 136952044
[1 18703136 18703136 1] 138313547
[1 23387982 23387982 1] 140213997
[1 1252997 1252997 1] 139750608
[1 4636916 4636916 1] 139740453
[1 6473731 6473731 1] 139907734
[1 17681096 17681096 1] 141277514
[1 21021531 21021531 1] 143007511
[1 6911341 6911341 1] 143338996
[1 23327685 23327685 1] 145495812
[1 16855543 16855543 1] 146768316
[1 29760493 29760493 1] 149410728
[1 21021531 21021531 1] 151205270
[1 7418419 7418419 1] 151410410
[1 23089413 23089413 1] 153293290
[1 19700724 19700724 1] 154800346
[1 6939508 6939508 1] 154937479
[1 7418419 7418419 1] 155191867
[1 2275857 2275857 1] 154823775
[1 26426809 26426809 1] 157022471
[1 6473731 6473731 1] 157133339
[1 4636916 4636916 1] 157014989
[1 18703136 18703136 1] 158388279
[1 13455737 13455737 1] 159220546
[1 16855543 16855543 1] 160395655
[1 27612903 27612903 1] 162692188
[1 27612903 27612903 1] 165298464
[1 18703136 18703136 1] 166593906
[1 15996659 15996659 1] 167519457
[1 27336328 27336328 1] 169546914
[1 19393585 19393585 1] 170781167
[1 19054082 19054082 1] 172009182
[1 16956430 16956430 1] 173006208
[1 26811973 26811973 1] 174930352
[1 73851 73851 1] 174337171
[1 15996659 15996659 1] 175276830
[1 22520060 22520060 1] 176898914
[1 21021531 21021531 1] 178287603
[1 26340714 26340714 1] 180208231
[1 15256191 15256191 1] 181130909
[1 23327685 23327685 1] 182750291
[1 8888229 8888229 1] 182992382
[1 18703136 18703136 1] 184169827
[1 27612903 27612903 1] 186217201
[1 22218005 22218005 1] 187780402
[1 11614770 11614770 1] 188284192
[1 12981777 12981777 1] 188918244
[1 23089413 23089413 1] 190566621
[1 26426809 26426809 1] 192512934
[1 4445885 4445885 1] 192344022
[1 20223206 20223206 1] 193735295
[1 19018457 19018457 1] 194946645
[1 4238336 4238336 1] 194754053
[1 12262755 12262755 1] 195315478
[1 16956430 16956430 1] 196317164
[1 22520060 22520060 1] 197852772
[1 4636916 4636916 1] 197692726
[1 26902022 26902022 1] 199657101
[1 26426809 26426809 1] 201563607
[1 26426809 26426809 1] 203464824
[1 27949909 27949909 1] 205521906
[1 6473731 6473731 1] 205537928
[1 21021531 21021531 1] 206930352
[1 7684931 7684931 1] 207057333
[1 19290072 19290072 1] 208289089
[1 21021531 21021531 1] 209735500
[1 11999755 11999755 1] 210283547
[1 2251747 2251747 1] 209895181
[1 4319530 4319530 1] 209708715
[1 4636916 4636916 1] 209560571
[1 24549798 24549798 1] 211288523
[1 7418419 7418419 1] 211389614
[1 4636916 4636916 1] 211235156
[1 18012498 18012498 1] 212369451
[1 8213259 8213259 1] 212542976
[1 25519126 25519126 1] 214395737
[1 27612903 27612903 1] 216493335
[1 25209189 25209189 1] 218352265
[1 19700724 19700724 1] 219626474
[1 15256191 15256191 1] 220470669
[1 16956430 16956430 1] 221476302
[1 29760493 29760493 1] 223688531
[1 8338083 8338083 1] 223877521
[1 19700724 19700724 1] 225140931
[1 29760493 29760493 1] 227441439
[1 10697698 10697698 1] 227850371
[1 23571044 23571044 1] 229480422
[1 4238336 4238336 1] 229280633
[1 19393585 19393585 1] 230513216
[1 24887344 24887344 1] 232288473
[1 29760493 29760493 1] 234506579
[1 26811306 26811306 1] 236435042
[1 7418419 7418419 1] 236536260
[1 6473731 6473731 1] 236548327
[1 22520060 22520060 1] 238075888
[1 18703136 18703136 1] 239242319
[1 22520060 22520060 1] 240765976
[1 10636430 10636430 1] 241168315
[1 27905772 27905772 1] 243193151
[1 9202901 9202901 1] 243459059
[1 6930887 6930887 1] 243514797
[1 19018457 19018457 1] 244714125
[1 21717989 21717989 1] 246169714
[1 11585796 11585796 1] 246669080
[1 2275857 2275857 1] 246283636
[1 6898538 6898538 1] 246334240
[1 12655341 12655341 1] 246939786
[1 19018457 19018457 1] 248139715
[1 18703136 18703136 1] 249313521
[1 10956043 10956043 1] 249750247
[1 18703136 18703136 1] 250942255
[1 6911341 6911341 1] 250994228
[1 5526310 5526310 1] 250915546
[1 22495426 22495426 1] 252497507
[1 9806368 9806368 1] 252862362
[1 24504235 24504235 1] 255231953
[1 16631627 16631627 1] 256409693
[1 2275857 2275857 1] 256052033
[1 4238336 4238336 1] 255937291
[1 23665124 23665124 1] 257785357
[1 21021531 21021531 1] 259347131
[1 24429690 24429690 1] 261485778
[1 21021531 21021531 1] 263209852
[1 2597489 2597489 1] 262868361
[1 7893530 7893530 1] 263057926
[1 26426809 26426809 1] 265469422
[1 13363369 13363369 1] 266362983
[1 7418419 7418419 1] 266528485
[1 21021531 21021531 1] 268054548
[1 27612903 27612903 1] 270325797
[1 27336328 27336328 1] 272539577
[1 29441501 29441501 1] 275003317
[1 4319530 4319530 1] 274842057
[1 6939508 6939508 1] 275016719
[1 12262755 12262755 1] 275818893
[1 14152275 14152275 1] 276629455
[1 6898538 6898538 1] 276758496
[1 17681096 17681096 1] 278066221
[1 17077889 17077889 1] 279193667
[1 27612903 27612903 1] 281412482
[1 11027285 11027285 1] 281880802
[1 21021531 21021531 1] 283541512
[1 17077889 17077889 1] 284744860
[1 22520060 22520060 1] 286576979
[1 15996659 15996659 1] 287845550
[1 4238336 4238336 1] 287761666
[1 19018457 19018457 1] 289184680
[1 3228459 3228459 1] 288904339
[1 3967638 3967638 1] 288707364
[1 26620484 26620484 1] 290830705
[1 27949909 27949909 1] 293117356
[1 16956430 16956430 1] 294248687
[1 12645730 12645730 1] 294875504
[1 23665124 23665124 1] 296798445
[1 21021531 21021531 1] 298479510
[1 21021531 21021531 1] 299960344
[1 23631234 23631234 1] 301764239
[1 8338083 8338083 1] 302003288
[1 13160359 13160359 1] 302730563
[1 29110700 29110700 1] 305085509
[1 17513927 17513927 1] 306240332
[1 20668364 20668364 1] 307984008
[1 6898538 6898538 1] 308073680
[1 23319848 23319848 1] 309945326
[1 4238336 4238336 1] 309787346
[1 12539391 12539391 1] 310450870
[1 25745792 25745792 1] 312312391
[1 12981777 12981777 1] 313052106
[1 22520060 22520060 1] 314741683
[1 20631492 20631492 1] 316337484
[1 27336328 27336328 1] 318691291
[1 23665124 23665124 1] 320515541
[1 18703136 18703136 1] 321845353
[1 19393585 19393585 1] 323150974
[1 5035326 5035326 1] 323058866
[1 24187517 24187517 1] 324908251
[1 21305625 21305625 1] 326470445
[1 17077889 17077889 1] 327568860
[1 3785405 3785405 1] 327351775
[1 15256191 15256191 1] 328215824
[1 29760493 29760493 1] 330647301
[1 15539863 15539863 1] 331636839
[1 17513927 17513927 1] 332797390
[1 22692686 22692686 1] 334433204
[1 17077889 17077889 1] 335588501
[1 5433484 5433484 1] 335526372
[1 16956430 16956430 1] 336646130
[1 19393585 19393585 1] 337936292
[1 18469912 18469912 1] 339158991
[1 27612903 27612903 1] 341383397
[1 19290072 19290072 1] 342741025
[1 6898538 6898538 1] 342860452
[1 12740050 12740050 1] 343635122
[1 18777857 18777857 1] 344998302
[1 4238336 4238336 1] 344823753
[1 16077376 16077376 1] 345850631
[1 4238336 4238336 1] 345679437
[1 9343769 9343769 1] 346043645
[1 19544919 19544919 1] 347422344
[1 6898538 6898538 1] 347521532
[1 13455737 13455737 1] 348268642
[1 8888229 8888229 1] 348574114
[1 14311575 14311575 1] 349464261
[1 19018457 19018457 1] 351017971
[1 13550254 13550254 1] 351943195
[1 19018457 19018457 1] 353590389
[1 22520060 22520060 1] 355470610
[1 15138378 15138378 1] 356490720
[1 24415776 24415776 1] 358642661
[1 12032920 12032920 1] 359340557
[1 17513927 17513927 1] 360621087
[1 16011018 16011018 1] 361747282
[1 3228459 3228459 1] 361493647
[1 22520060 22520060 1] 363332849
[1 21021531 21021531 1] 364990058
[1 4666329 4666329 1] 364892168
[1 4238336 4238336 1] 364757629
[1 4238336 4238336 1] 364607779
[1 13550254 13550254 1] 365461394
[1 2575056 2575056 1] 365168339
[1 2963859 2963859 1] 364896192
[1 4636916 4636916 1] 364797277
[1 20372662 20372662 1] 366527485
[1 23631234 23631234 1] 368542286
[1 10613074 10613074 1] 369289835
[1 8338083 8338083 1] 369716336
[1 12276966 12276966 1] 370729634
[1 12336504 12336504 1] 371517199
[1 29639007 29639007 1] 374098746
[1 5414640 5414640 1] 374076689
[1 27949909 27949909 1] 376639278
[1 24880227 24880227 1] 378711839
[1 10387678 10387678 1] 379245958
[1 27963982 27963982 1] 381494647
[1 14887561 14887561 1] 382396596
[1 17487132 17487132 1] 383551031
[1 24433519 24433519 1] 385415070
[1 23665124 23665124 1] 387195622
[1 18295500 18295500 1] 388432136
[1 24627322 24627322 1] 390301017
[1 22994985 22994985 1] 392008233
[1 23794428 23794428 1] 393827213
[1 19018457 19018457 1] 395177232
[1 22970073 22970073 1] 397129576
[1 21245831 21245831 1] 398940682
[1 26370348 26370348 1] 401252666
[1 19393585 19393585 1] 402803457
[1 9653715 9653715 1] 403272036
[1 11614770 11614770 1] 403957198
[1 27963982 27963982 1] 406672233
[1 3189436 3189436 1] 406414122
[1 21021531 21021531 1] 408085316
[1 29760493 29760493 1] 410799189
[1 24945487 24945487 1] 412820910
[1 16956430 16956430 1] 413921619
[1 24887344 24887344 1] 415811464
[1 14989684 14989684 1] 416699496
[1 4238336 4238336 1] 416535468
[1 7418419 7418419 1] 416764391
[1 11449123 11449123 1] 417323514
[1 14152275 14152275 1] 418129375
[1 23089413 23089413 1] 419846167
[1 24102748 24102748 1] 421716591
[1 25311777 25311777 1] 423652656
[1 3725219 3725219 1] 423425941
[1 19290072 19290072 1] 424744308
[1 18703136 18703136 1] 426018487
[1 18703136 18703136 1] 427345313
[1 18703136 18703136 1] 428624592
[1 5748721 5748721 1] 428597791
[1 9121309 9121309 1] 428910726
[1 18295500 18295500 1] 430159037
[1 7076377 7076377 1] 430276890
[1 1252716 1252716 1] 429802394
[1 9121309 9121309 1] 430138844
[1 25771560 25771560 1] 432147560
[1 17077889 17077889 1] 433268279
[1 2597489 2597489 1] 432928665
[1 19018457 19018457 1] 434233946
[1 24429690 24429690 1] 436109717
[1 24429690 24429690 1] 437967981
[1 1489115 1489115 1] 437518700
[1 27612903 27612903 1] 439687710
[1 21021531 21021531 1] 441213959
[1 4238336 4238336 1] 441053113
[1 332232 332232 1] 440486546
[1 29639007 29639007 1] 442877834
[1 11323876 11323876 1] 443449148
[1 15996659 15996659 1] 444481834
[1 25202255 25202255 1] 446391992
[1 6473731 6473731 1] 446515362
[1 19018457 19018457 1] 447826869
[1 3199182 3199182 1] 447555444
[1 10554604 10554604 1] 448025729
[1 22520060 22520060 1] 449698741
[1 23590182 23590182 1] 451471136
[1 29359416 29359416 1] 453852070
[1 21768826 21768826 1] 455438786
[1 27336328 27336328 1] 457576601
[1 15550552 15550552 1] 458535635
[1 14090033 14090033 1] 459343139
[1 23387982 23387982 1] 461079390
[1 12262755 12262755 1] 461701683
[1 25311777 25311777 1] 463640689
[1 27860000 27860000 1] 465822768
[1 9112298 9112298 1] 466152503
[1 19475777 19475777 1] 467510561
[1 6930887 6930887 1] 467601776
[1 23665124 23665124 1] 469379160
[1 6898538 6898538 1] 469470931
[1 19054082 19054082 1] 470788939
[1 10508861 10508861 1] 471234397
[1 17909212 17909212 1] 472435202
[1 23669087 23669087 1] 474203502
[1 8590931 8590931 1] 474467743
[1 794584 794584 1] 473946605
[1 16956430 16956430 1] 475047009
[1 6473731 6473731 1] 475091768
[1 20037526 20037526 1] 476494043
[1 19018457 19018457 1] 477801184
[1 21305625 21305625 1] 479321973
[1 21021531 21021531 1] 480823116
[1 15138378 15138378 1] 481775049
[1 18703136 18703136 1] 483085497
[1 14826622 14826622 1] 483984935
[1 19018457 19018457 1] 485293155
[1 22634226 22634226 1] 486957866
[1 19018457 19018457 1] 488331645
[1 22520060 22520060 1] 490006750
[1 16956430 16956430 1] 491115408
[1 13712351 13712351 1] 491871769
[1 19018457 19018457 1] 493166163
[1 18777857 18777857 1] 494447592
[1 14522072 14522072 1] 495299552
[1 7418419 7418419 1] 495443852
[1 12999171 12999171 1] 496137124
[1 15256191 15256191 1] 497059330
[1 22836611 22836611 1] 498737278
[1 1928578 1928578 1] 498330626
[1 8498977 8498977 1] 498582983
[1 754553 754553 1] 498056273
[1 4238336 4238336 1] 497878839
[1 23360100 23360100 1] 499628495
[1 332232 332232 1] 499061141
[1 18703136 18703136 1] 500328890
[1 22520060 22520060 1] 501986695
[1 26491299 26491299 1] 504039607
[1 6453196 6453196 1] 504098067
[1 6055806 6055806 1] 504113229
[1 14423429 14423429 1] 504965486
[1 4319530 4319530 1] 504805210
[1 3228459 3228459 1] 504533807
[1 24322198 24322198 1] 506421164
[1 19018457 19018457 1] 507718551
[1 28806446 28806446 1] 510048946
[1 22520060 22520060 1] 511733089
[1 2238284 2238284 1] 511358553
[1 18703136 18703136 1] 512621106
[1 3565422 3565422 1] 512377934

Results: 100.00 253396152

Standard Error: 6.82269e+06
Mean Waiting Time: 2.53396e+08
Statistics for REP_PROB_PERCENT: 60

----------------------------------------
Running client with REP_PROB_PERCENT: 80
**********************************
DTU - OS Challenge - Client v0.20
**********************************
Total requests: 500
Start: 1
Difficulty: 30000000
Repetition probability (%): 80
Request delay (us): 600000
Priority disabled

[1 6930887 6930887 1] 724537
[1 6930887 6930887 1] 828344
[1 4238336 4238336 1] 676744
[1 29760493 29760493 1] 3074917
[1 6930887 6930887 1] 3220757
[1 4238336 4238336 1] 3050699
[1 22520060 22520060 1] 4746113
[1 6930887 6930887 1] 4845510
[1 4238336 4238336 1] 4669765
[1 6930887 6930887 1] 4762518
[1 4238336 4238336 1] 4587074
[1 6930887 6930887 1] 4680604
[1 21021531 21021531 1] 6187432
[1 29760493 29760493 1] 8579782
[1 4238336 4238336 1] 8402075
[1 21021531 21021531 1] 9943268
[1 4238336 4238336 1] 9766663
[1 4238336 4238336 1] 9599342
[1 19018457 19018457 1] 10953853
[1 4238336 4238336 1] 10786501
[1 29760493 29760493 1] 13178737
[1 4238336 4238336 1] 13000749
[1 6898538 6898538 1] 13088246
[1 23594325 23594325 1] 14840097
[1 19018457 19018457 1] 16149494
[1 6930887 6930887 1] 16244548
[1 14268981 14268981 1] 17056529
[1 6930887 6930887 1] 17145174
[1 19018457 19018457 1] 18478841
[1 15497282 15497282 1] 19426299
[1 21021531 21021531 1] 20957143
[1 27336328 27336328 1] 23098588
[1 6930887 6930887 1] 23188397
[1 19018457 19018457 1] 24530825
[1 27336328 27336328 1] 26663194
[1 4238336 4238336 1] 26488828
[1 21100546 21100546 1] 28002428
[1 4238336 4238336 1] 27821956
[1 29760493 29760493 1] 30219277
[1 4238336 4238336 1] 30050278
[1 26426809 26426809 1] 32135157
[1 14268981 14268981 1] 32966309
[1 19393585 19393585 1] 34314610
[1 27336328 27336328 1] 36458394
[1 6930887 6930887 1] 36550001
[1 21021531 21021531 1] 38088393
[1 4238336 4238336 1] 37918194
[1 4238336 4238336 1] 37740183
[1 19393585 19393585 1] 39083536
[1 6297540 6297540 1] 39141822
[1 13480571 13480571 1] 39894923
[1 6930887 6930887 1] 40011974
[1 6930887 6930887 1] 40105470
[1 27612903 27612903 1] 42358911
[1 19018457 19018457 1] 43703541
[1 6930887 6930887 1] 43803169
[1 4238336 4238336 1] 43632266
[1 23209442 23209442 1] 45355176
[1 27336328 27336328 1] 47509558
[1 27612903 27612903 1] 49772125
[1 6930887 6930887 1] 49869171
[1 29760493 29760493 1] 52247453
[1 27905772 27905772 1] 54452577
[1 12890676 12890676 1] 55154355
[1 4238336 4238336 1] 54981087
[1 27336328 27336328 1] 57188968
[1 14872354 14872354 1] 58079647
[1 12276966 12276966 1] 58732226
[1 6930887 6930887 1] 58820999
[1 6930887 6930887 1] 58917460
[1 27336328 27336328 1] 61104552
[1 6930887 6930887 1] 61204604
[1 6930887 6930887 1] 61310734
[1 27905772 27905772 1] 63510671
[1 27612903 27612903 1] 65691624
[1 19018457 19018457 1] 66990860
[1 19700724 19700724 1] 68379629
[1 14268981 14268981 1] 69337599
[1 19018457 19018457 1] 70686188
[1 19018457 19018457 1] 72035455
[1 19393585 19393585 1] 73389767
[1 23594325 23594325 1] 75213157
[1 19018457 19018457 1] 76534197
[1 29441501 29441501 1] 78948544
[1 4238336 4238336 1] 78770132
[1 19018457 19018457 1] 80073179
[1 2275857 2275857 1] 79704130
[1 21021531 21021531 1] 81214261
[1 29760493 29760493 1] 83643795
[1 4238336 4238336 1] 83466462
[1 6930887 6930887 1] 83562781
[1 6930887 6930887 1] 83657589
[1 27612903 27612903 1] 85842710
[1 6930887 6930887 1] 85941893
[1 21021531 21021531 1] 87443721
[1 6930887 6930887 1] 87541958
[1 6930887 6930887 1] 87635061
[1 4238336 4238336 1] 87457703
[1 21021531 21021531 1] 89014395
[1 6930887 6930887 1] 89111642
[1 6930887 6930887 1] 89216810
[1 26426809 26426809 1] 91263876
[1 4238336 4238336 1] 91084270
[1 6930887 6930887 1] 91176941
[1 4238336 4238336 1] 91000608
[1 19018457 19018457 1] 92320563
[1 4238336 4238336 1] 92147926
[1 6930887 6930887 1] 92240333
[1 4238336 4238336 1] 92066947
[1 6930887 6930887 1] 92162670
[1 18295500 18295500 1] 93391538
[1 29760493 29760493 1] 95764419
[1 22520060 22520060 1] 97430895
[1 6930887 6930887 1] 97599084
[1 19700724 19700724 1] 98967379
[1 4238336 4238336 1] 98792194
[1 6930887 6930887 1] 98886464
[1 6939508 6939508 1] 98983484
[1 27905772 27905772 1] 101188395
[1 19018457 19018457 1] 102548767
[1 4238336 4238336 1] 102361949
[1 24887344 24887344 1] 104241947
[1 21100546 21100546 1] 105769548
[1 29760493 29760493 1] 108175720
[1 6898538 6898538 1] 108265405
[1 6930887 6930887 1] 108361670
[1 19700724 19700724 1] 109772813
[1 19018457 19018457 1] 111079679
[1 22520060 22520060 1] 112776501
[1 19018457 19018457 1] 114086589
[1 21021531 21021531 1] 115588128
[1 19393585 19393585 1] 116967150
[1 8213259 8213259 1] 117190030
[1 22520060 22520060 1] 118858160
[1 4238336 4238336 1] 118687324
[1 4238336 4238336 1] 118516121
[1 4238336 4238336 1] 118341273
[1 6939508 6939508 1] 118431261
[1 15497282 15497282 1] 119400685
[1 29760493 29760493 1] 121809063
[1 7684931 7684931 1] 121999228
[1 27905772 27905772 1] 124191580
[1 4238336 4238336 1] 124017515
[1 23387982 23387982 1] 125822298
[1 1252997 1252997 1] 125349602
[1 6930887 6930887 1] 125442785
[1 19700724 19700724 1] 126833433
[1 17681096 17681096 1] 128071461
[1 21021531 21021531 1] 129563434
[1 6911341 6911341 1] 129658328
[1 23327685 23327685 1] 131405316
[1 4238336 4238336 1] 131246448
[1 29760493 29760493 1] 133644213
[1 21021531 21021531 1] 135158229
[1 4238336 4238336 1] 134989050
[1 23089413 23089413 1] 136771299
[1 19700724 19700724 1] 138161421
[1 6939508 6939508 1] 138267543
[1 4238336 4238336 1] 138107315
[1 2275857 2275857 1] 137734107
[1 26426809 26426809 1] 139788698
[1 19700724 19700724 1] 141156266
[1 6930887 6930887 1] 141257514
[1 4238336 4238336 1] 141089863
[1 6930887 6930887 1] 141188450
[1 4238336 4238336 1] 141013099
[1 27612903 27612903 1] 143247342
[1 27612903 27612903 1] 145445588
[1 4238336 4238336 1] 145272689
[1 15996659 15996659 1] 146264071
[1 27336328 27336328 1] 148454671
[1 19393585 19393585 1] 149806265
[1 19054082 19054082 1] 151139657
[1 6930887 6930887 1] 151235294
[1 26811973 26811973 1] 153322080
[1 23327685 23327685 1] 155051337
[1 15996659 15996659 1] 156059126
[1 22520060 22520060 1] 157721632
[1 21021531 21021531 1] 159239913
[1 26340714 26340714 1] 161275117
[1 15256191 15256191 1] 162206203
[1 23327685 23327685 1] 163951964
[1 23594325 23594325 1] 165755855
[1 4238336 4238336 1] 165600435
[1 27612903 27612903 1] 167807575
[1 22218005 22218005 1] 169436967
[1 22218005 22218005 1] 171076648
[1 19700724 19700724 1] 172477039
[1 23089413 23089413 1] 174186353
[1 26426809 26426809 1] 176255856
[1 27612903 27612903 1] 178483088
[1 20223206 20223206 1] 179949759
[1 19018457 19018457 1] 181257341
[1 4238336 4238336 1] 181090099
[1 19700724 19700724 1] 182477570
[1 6930887 6930887 1] 182625677
[1 22520060 22520060 1] 184279353
[1 6930887 6930887 1] 184370992
[1 26902022 26902022 1] 186516588
[1 26426809 26426809 1] 188561570
[1 26426809 26426809 1] 190642303
[1 14872354 14872354 1] 191527595
[1 19700724 19700724 1] 192905767
[1 21021531 21021531 1] 194410037
[1 7684931 7684931 1] 194590148
[1 15497282 15497282 1] 195534934
[1 21021531 21021531 1] 197037676
[1 11999755 11999755 1] 197665751
[1 19018457 19018457 1] 198968666
[1 4238336 4238336 1] 198799916
[1 6930887 6930887 1] 198896154
[1 24549798 24549798 1] 200742003
[1 4238336 4238336 1] 200566793
[1 6930887 6930887 1] 200681898
[1 23594325 23594325 1] 202489712
[1 8213259 8213259 1] 202709603
[1 25519126 25519126 1] 204705556
[1 27612903 27612903 1] 206882058
[1 19700724 19700724 1] 208270942
[1 19700724 19700724 1] 209650519
[1 15256191 15256191 1] 210581056
[1 6930887 6930887 1] 210706876
[1 29760493 29760493 1] 213125141
[1 4238336 4238336 1] 212979069
[1 19700724 19700724 1] 214362832
[1 29760493 29760493 1] 216756487
[1 10697698 10697698 1] 217231234
[1 23571044 23571044 1] 219017189
[1 4238336 4238336 1] 218844883
[1 19393585 19393585 1] 220191400
[1 24887344 24887344 1] 222086932
[1 29760493 29760493 1] 224547397
[1 19018457 19018457 1] 225866797
[1 4238336 4238336 1] 225699585
[1 19700724 19700724 1] 227075573
[1 22520060 22520060 1] 228775715
[1 4238336 4238336 1] 228596087
[1 22520060 22520060 1] 230276211
[1 10636430 10636430 1] 230739496
[1 27905772 27905772 1] 233093559
[1 6930887 6930887 1] 233187208
[1 6930887 6930887 1] 233283313
[1 19018457 19018457 1] 234594111
[1 26426809 26426809 1] 236636161
[1 11585796 11585796 1] 237204740
[1 2275857 2275857 1] 236833401
[1 6898538 6898538 1] 236924111
[1 12655341 12655341 1] 237581432
[1 19018457 19018457 1] 238882353
[1 4238336 4238336 1] 238725189
[1 19393585 19393585 1] 240068461
[1 4238336 4238336 1] 239896056
[1 6911341 6911341 1] 240007453
[1 5526310 5526310 1] 239977360
[1 22495426 22495426 1] 241649967
[1 9806368 9806368 1] 242045963
[1 27336328 27336328 1] 244243082
[1 16631627 16631627 1] 245321232
[1 2275857 2275857 1] 244950331
[1 4238336 4238336 1] 244792309
[1 29760493 29760493 1] 247198899
[1 21021531 21021531 1] 248723944
[1 27336328 27336328 1] 250870260
[1 21021531 21021531 1] 252383869
[1 19393585 19393585 1] 253772443
[1 19700724 19700724 1] 255184151
[1 26426809 26426809 1] 257405505
[1 27905772 27905772 1] 259623783
[1 4238336 4238336 1] 259448393
[1 21021531 21021531 1] 260993911
[1 27612903 27612903 1] 263274276
[1 27336328 27336328 1] 265480544
[1 29441501 29441501 1] 267877358
[1 4238336 4238336 1] 267713952
[1 6939508 6939508 1] 267821624
[1 19700724 19700724 1] 269248849
[1 14152275 14152275 1] 270102925
[1 6898538 6898538 1] 270197217
[1 17681096 17681096 1] 271379374
[1 17077889 17077889 1] 272581174
[1 27612903 27612903 1] 274782616
[1 19018457 19018457 1] 276134010
[1 21021531 21021531 1] 277643754
[1 17077889 17077889 1] 278811603
[1 22520060 22520060 1] 280434325
[1 15996659 15996659 1] 281429624
[1 4238336 4238336 1] 281261457
[1 19018457 19018457 1] 282560212
[1 26426809 26426809 1] 284657721
[1 29760493 29760493 1] 287037327
[1 26620484 26620484 1] 289105040
[1 14872354 14872354 1] 290015441
[1 6930887 6930887 1] 290145149
[1 6939508 6939508 1] 290243159
[1 29760493 29760493 1] 292666320
[1 21021531 21021531 1] 294241132
[1 21021531 21021531 1] 295782910
[1 26426809 26426809 1] 297868303
[1 4238336 4238336 1] 297699544
[1 13160359 13160359 1] 298411921
[1 26426809 26426809 1] 300467381
[1 6930887 6930887 1] 300562099
[1 23387982 23387982 1] 302356600
[1 6898538 6898538 1] 302451381
[1 21021531 21021531 1] 303989516
[1 4238336 4238336 1] 303810668
[1 12539391 12539391 1] 304474226
[1 25745792 25745792 1] 306485510
[1 19700724 19700724 1] 307855654
[1 22520060 22520060 1] 309534330
[1 26426809 26426809 1] 311590683
[1 27336328 27336328 1] 313716499
[1 29760493 29760493 1] 316134638
[1 4238336 4238336 1] 315976734
[1 19393585 19393585 1] 317345306
[1 5035326 5035326 1] 317252392
[1 24187517 24187517 1] 319177801
[1 4238336 4238336 1] 318997696
[1 17077889 17077889 1] 320145431
[1 3785405 3785405 1] 319915079
[1 15256191 15256191 1] 320937083
[1 29760493 29760493 1] 323322000
[1 21021531 21021531 1] 324844713
[1 6930887 6930887 1] 324956933
[1 29760493 29760493 1] 327365711
[1 17077889 17077889 1] 328505719
[1 12655341 12655341 1] 329216968
[1 6930887 6930887 1] 329306071
[1 19393585 19393585 1] 330646759
[1 18469912 18469912 1] 331888497
[1 27612903 27612903 1] 334042882
[1 15497282 15497282 1] 334995206
[1 6898538 6898538 1] 335089671
[1 4238336 4238336 1] 334919157
[1 27336328 27336328 1] 337100735
[1 4238336 4238336 1] 336926998
[1 16077376 16077376 1] 337946048
[1 4238336 4238336 1] 337769414
[1 9343769 9343769 1] 338106538
[1 19544919 19544919 1] 339467808
[1 6898538 6898538 1] 339558265
[1 6930887 6930887 1] 339652608
[1 23594325 23594325 1] 341421013
[1 14311575 14311575 1] 342250858
[1 19018457 19018457 1] 343600928
[1 13550254 13550254 1] 344352475
[1 19018457 19018457 1] 345651937
[1 22520060 22520060 1] 347331769
[1 27336328 27336328 1] 349466735
[1 2275857 2275857 1] 349094221
[1 12032920 12032920 1] 349740657
[1 6930887 6930887 1] 349832445
[1 16011018 16011018 1] 350847464
[1 26426809 26426809 1] 352919702
[1 22520060 22520060 1] 354575453
[1 21021531 21021531 1] 356081695
[1 22520060 22520060 1] 357730999
[1 4238336 4238336 1] 357555207
[1 4238336 4238336 1] 357376734
[1 13550254 13550254 1] 358130351
[1 4238336 4238336 1] 357955244
[1 2963859 2963859 1] 357659439
[1 6930887 6930887 1] 357761749
[1 15996659 15996659 1] 358821988
[1 26426809 26426809 1] 360979113
[1 10613074 10613074 1] 361426250
[1 4238336 4238336 1] 361254818
[1 12276966 12276966 1] 361913393
[1 27612903 27612903 1] 364075145
[1 29639007 29639007 1] 366486972
[1 5414640 5414640 1] 366432260
[1 14872354 14872354 1] 367331598
[1 4238336 4238336 1] 367155254
[1 14872354 14872354 1] 368068058
[1 27963982 27963982 1] 370341421
[1 6930887 6930887 1] 370451435
[1 29760493 29760493 1] 372830415
[1 27612903 27612903 1] 375066624
[1 29760493 29760493 1] 377516221
[1 18295500 18295500 1] 378757961
[1 6930887 6930887 1] 378854527
[1 23594325 23594325 1] 380634110
[1 14311575 14311575 1] 381523700
[1 19018457 19018457 1] 382824456
[1 22970073 22970073 1] 384557911
[1 21245831 21245831 1] 386076892
[1 29760493 29760493 1] 388450482
[1 19393585 19393585 1] 389794159
[1 27336328 27336328 1] 391936989
[1 22218005 22218005 1] 393549761
[1 27963982 27963982 1] 395745488
[1 3189436 3189436 1] 395464352
[1 21021531 21021531 1] 397022822
[1 29760493 29760493 1] 399410943
[1 24945487 24945487 1] 401297539
[1 6930887 6930887 1] 401406647
[1 24887344 24887344 1] 403289445
[1 4238336 4238336 1] 403118666
[1 4238336 4238336 1] 402944633
[1 4238336 4238336 1] 402767025
[1 21021531 21021531 1] 404288778
[1 14152275 14152275 1] 405112548
[1 23089413 23089413 1] 406830968
[1 6930887 6930887 1] 406925751
[1 6930887 6930887 1] 407017926
[1 29760493 29760493 1] 409386328
[1 15497282 15497282 1] 410334261
[1 4238336 4238336 1] 410158397
[1 4238336 4238336 1] 409984140
[1 4238336 4238336 1] 409808057
[1 5748721 5748721 1] 409785532
[1 9121309 9121309 1] 410101393
[1 18295500 18295500 1] 411339186
[1 7076377 7076377 1] 411448574
[1 1252716 1252716 1] 410975111
[1 9121309 9121309 1] 411285990
[1 25771560 25771560 1] 413280594
[1 17077889 17077889 1] 414391615
[1 19393585 19393585 1] 415770882
[1 19018457 19018457 1] 417078703
[1 27336328 27336328 1] 419252071
[1 27336328 27336328 1] 421417407
[1 1489115 1489115 1] 420973198
[1 27612903 27612903 1] 423181037
[1 21021531 21021531 1] 424709848
[1 4238336 4238336 1] 424534836
[1 332232 332232 1] 423967412
[1 29639007 29639007 1] 426351306
[1 11323876 11323876 1] 426904845
[1 15996659 15996659 1] 427916138
[1 25202255 25202255 1] 429883002
[1 19700724 19700724 1] 431249288
[1 19018457 19018457 1] 432552181
[1 3199182 3199182 1] 432272822
[1 10554604 10554604 1] 432732125
[1 22520060 22520060 1] 434400912
[1 23590182 23590182 1] 436175795
[1 29359416 29359416 1] 438513211
[1 21768826 21768826 1] 440074032
[1 27336328 27336328 1] 442237852
[1 15550552 15550552 1] 443200448
[1 14090033 14090033 1] 444038882
[1 23387982 23387982 1] 445777033
[1 19700724 19700724 1] 447161325
[1 6930887 6930887 1] 447260858
[1 27860000 27860000 1] 449600790
[1 14152275 14152275 1] 450416688
[1 19475777 19475777 1] 451820973
[1 6930887 6930887 1] 451961741
[1 29760493 29760493 1] 454357656
[1 6898538 6898538 1] 454452419
[1 19054082 19054082 1] 455774534
[1 26426809 26426809 1] 457853644
[1 17909212 17909212 1] 459107003
[1 23669087 23669087 1] 460951241
[1 8590931 8590931 1] 461237949
[1 794584 794584 1] 460719362
[1 6930887 6930887 1] 460841984
[1 19700724 19700724 1] 462231828
[1 20037526 20037526 1] 463664423
[1 19018457 19018457 1] 465038859
[1 4238336 4238336 1] 464860283
[1 21021531 21021531 1] 466391608
[1 27336328 27336328 1] 468544910
[1 4238336 4238336 1] 468371400
[1 14826622 14826622 1] 469384277
[1 19018457 19018457 1] 470706023
[1 22634226 22634226 1] 472406210
[1 19018457 19018457 1] 473710826
[1 22520060 22520060 1] 475378905
[1 6930887 6930887 1] 475473029
[1 13712351 13712351 1] 476249806
[1 19018457 19018457 1] 477609083
[1 27336328 27336328 1] 479779918
[1 27336328 27336328 1] 482089627
[1 4238336 4238336 1] 481906261
[1 19018457 19018457 1] 483216879
[1 15256191 15256191 1] 484167679
[1 22836611 22836611 1] 485848956
[1 1928578 1928578 1] 485442896
[1 8498977 8498977 1] 485703346
[1 754553 754553 1] 485180586
[1 4238336 4238336 1] 485007960
[1 4238336 4238336 1] 484875693
[1 332232 332232 1] 484321139
[1 4238336 4238336 1] 484133522
[1 22520060 22520060 1] 485782631
[1 4238336 4238336 1] 485609629
[1 6453196 6453196 1] 485657734
[1 6930887 6930887 1] 485755403
[1 19018457 19018457 1] 487081326
[1 4238336 4238336 1] 486922005
[1 26426809 26426809 1] 488980666
[1 21021531 21021531 1] 490499298
[1 19018457 19018457 1] 491805046
[1 25202255 25202255 1] 493780652
[1 22520060 22520060 1] 495446182
[1 2238284 2238284 1] 495068092
[1 4238336 4238336 1] 494985688
[1 3565422 3565422 1] 494795449

Results: 100.00 243667687

Standard Error: 6.68676e+06
Mean Waiting Time: 2.43668e+08
Statistics for REP_PROB_PERCENT: 80

----------------------------------------
